Using worker: worker-linux-e7a62211-1.bb.travis-ci.org:travis-linux-15

travis_fold:start:system_infoBuild system information
Build language: node_js
Build image provisioning date and time
Wed Feb  4 18:22:50 UTC 2015
Operating System Details
Distributor ID:Ubuntu
Description:Ubuntu 12.04 LTS
Release:12.04
Codename:precise
Linux Version
2.6.32-042stab090.5
Cookbooks Version
23bb455 https://github.com/travis-ci/travis-cookbooks/tree/23bb455
GCC version
gcc (Ubuntu/Linaro 4.6.3-1ubuntu5) 4.6.3
Copyright (C) 2011 Free Software Foundation, Inc.
This is free software; see the source for copying conditions.  There is NO
warranty; not even for MERCHANTABILITY or FITNESS FOR A PARTICULAR PURPOSE.

LLVM version
clang version 3.4 (tags/RELEASE_34/final)
Target: x86_64-unknown-linux-gnu
Thread model: posix
Pre-installed Ruby versions
ruby-1.9.3-p551
Pre-installed Node.js versions
v0.10.36
Pre-installed Go versions
1.4.1
Redis version
redis-server 2.8.19
riak version
2.0.2
MongoDB version
MongoDB 2.4.12
CouchDB version
couchdb 1.6.1
Neo4j version
1.9.4
Cassandra version
2.0.9
RabbitMQ Version
3.4.3
ElasticSearch version
1.4.0
Installed Sphinx versions
2.0.10
2.1.9
2.2.6
Default Sphinx version
2.2.6
Installed Firefox version
firefox 31.0esr
PhantomJS version
1.9.8
ant -version
Apache Ant(TM) version 1.8.2 compiled on December 3 2011
mvn -version
Apache Maven 3.2.5 (12a6b3acb947671f09b81f49094c53f426d8cea1; 2014-12-14T17:29:23+00:00)
Maven home: /usr/local/maven
Java version: 1.7.0_76, vendor: Oracle Corporation
Java home: /usr/lib/jvm/java-7-oracle/jre
Default locale: en, platform encoding: UTF-8
OS name: "linux", version: "2.6.32-042stab090.5", arch: "amd64", family: "unix"
travis_fold:end:system_infoe:start:0b259120/ether/etherpad-lite.git ether/etherpad-lite
Cloning into 'ether/etherpad-lite'...
remote: Counting objects: 10777, done.ote: Compressing objects:   0% (1/3666)   ote: Compressing objects:   1% (37/3666)   ote: Compressing objects:   2% (74/3666)   ote: Compressing objects:   3% (110/3666)   ote: Compressing objects:   4% (147/3666)   ote: Compressing objects:   5% (184/3666)   ote: Compressing objects:   6% (220/3666)   ote: Compressing objects:   7% (257/3666)   ote: Compressing objects:   8% (294/3666)   ote: Compressing objects:   9% (330/3666)   ote: Compressing objects:  10% (367/3666)   ote: Compressing objects:  11% (404/3666)   ote: Compressing objects:  12% (440/3666)   ote: Compressing objects:  13% (477/3666)   ote: Compressing objects:  14% (514/3666)   ote: Compressing objects:  15% (550/3666)   ote: Compressing objects:  16% (587/3666)   ote: Compressing objects:  17% (624/3666)   ote: Compressing objects:  18% (660/3666)   ote: Compressing objects:  19% (697/3666)   ote: Compressing objects:  20% (734/3666)   ote: Compressing objects:  21% (770/3666)   ote: Compressing objects:  22% (807/3666)   ote: Compressing objects:  23% (844/3666)   ote: Compressing objects:  24% (880/3666)   ote: Compressing objects:  25% (917/3666)   ote: Compressing objects:  26% (954/3666)   ote: Compressing objects:  27% (990/3666)   ote: Compressing objects:  28% (1027/3666)   ote: Compressing objects:  29% (1064/3666)   ote: Compressing objects:  30% (1100/3666)   ote: Compressing objects:  31% (1137/3666)   ote: Compressing objects:  32% (1174/3666)   ote: Compressing objects:  33% (1210/3666)   ote: Compressing objects:  34% (1247/3666)   ote: Compressing objects:  35% (1284/3666)   ote: Compressing objects:  36% (1320/3666)   ote: Compressing objects:  37% (1357/3666)   ote: Compressing objects:  38% (1394/3666)   ote: Compressing objects:  39% (1430/3666)   ote: Compressing objects:  40% (1467/3666)   ote: Compressing objects:  41% (1504/3666)   ote: Compressing objects:  42% (1540/3666)   ote: Compressing objects:  43% (1577/3666)   ote: Compressing objects:  44% (1614/3666)   ote: Compressing objects:  45% (1650/3666)   ote: Compressing objects:  46% (1687/3666)   ote: Compressing objects:  47% (1724/3666)   ote: Compressing objects:  48% (1760/3666)   ote: Compressing objects:  49% (1797/3666)   ote: Compressing objects:  50% (1833/3666)   ote: Compressing objects:  51% (1870/3666)   ote: Compressing objects:  52% (1907/3666)   ote: Compressing objects:  53% (1943/3666)   ote: Compressing objects:  54% (1980/3666)   ote: Compressing objects:  55% (2017/3666)   ote: Compressing objects:  56% (2053/3666)   ote: Compressing objects:  57% (2090/3666)   ote: Compressing objects:  58% (2127/3666)   ote: Compressing objects:  59% (2163/3666)   ote: Compressing objects:  60% (2200/3666)   ote: Compressing objects:  61% (2237/3666)   ote: Compressing objects:  62% (2273/3666)   ote: Compressing objects:  63% (2310/3666)   ote: Compressing objects:  64% (2347/3666)   ote: Compressing objects:  65% (2383/3666)   ote: Compressing objects:  66% (2420/3666)   ote: Compressing objects:  67% (2457/3666)   ote: Compressing objects:  68% (2493/3666)   ote: Compressing objects:  69% (2530/3666)   ote: Compressing objects:  70% (2567/3666)   ote: Compressing objects:  71% (2603/3666)   ote: Compressing objects:  72% (2640/3666)   ote: Compressing objects:  73% (2677/3666)   ote: Compressing objects:  74% (2713/3666)   ote: Compressing objects:  75% (2750/3666)   ote: Compressing objects:  76% (2787/3666)   ote: Compressing objects:  77% (2823/3666)   ote: Compressing objects:  78% (2860/3666)   ote: Compressing objects:  79% (2897/3666)   ote: Compressing objects:  80% (2933/3666)   ote: Compressing objects:  81% (2970/3666)   ote: Compressing objects:  82% (3007/3666)   ote: Compressing objects:  83% (3043/3666)   ote: Compressing objects:  84% (3080/3666)   ote: Compressing objects:  85% (3117/3666)   ote: Compressing objects:  86% (3153/3666)   ote: Compressing objects:  87% (3190/3666)   ote: Compressing objects:  88% (3227/3666)   ote: Compressing objects:  89% (3263/3666)   ote: Compressing objects:  90% (3300/3666)   ote: Compressing objects:  91% (3337/3666)   ote: Compressing objects:  92% (3373/3666)   ote: Compressing objects:  93% (3410/3666)   ote: Compressing objects:  94% (3447/3666)   ote: Compressing objects:  95% (3483/3666)   ote: Compressing objects:  96% (3520/3666)   ote: Compressing objects:  97% (3557/3666)   ote: Compressing objects:  98% (3593/3666)   ote: Compressing objects:  99% (3630/3666)   ote: Compressing objects: 100% (3666/3666)   ote: Compressing objects: 100% (3666/3666), done.ote: Total 10777 (delta 7628), reused 9997 (delta 6975), pack-reused 0e:end:0b259120:start=1429902661329909454,finish=1429902663037523219,duration=1707613765Setting environment variables from .travis.yml
$ export SAUCE_USERNAME=[secure]
$ export SAUCE_ACCESS_KEY=[secure]

travis_time:start:1923770a install 0.10
                                                                           0.3%                                                                           0.3%                                                                           0.3%                                                                           0.3%                                                                           0.6%                                                                           0.6%                                                                           0.6%                                                                           0.8%                                                                           0.8%                                                                           1.1%#                                                                          1.4%#                                                                          1.4%#                                                                          1.4%#                                                                          1.7%#                                                                          2.0%#                                                                          2.0%#                                                                          2.0%#                                                                          2.2%#                                                                          2.5%#                                                                          2.5%#                                                                          2.5%##                                                                         2.8%##                                                                         3.1%##                                                                         3.4%##                                                                         3.4%##                                                                         3.7%##                                                                         3.9%##                                                                         3.9%##                                                                         3.9%###                                                                        4.2%###                                                                        4.5%###                                                                        4.8%###                                                                        4.8%###                                                                        4.8%###                                                                        5.1%###                                                                        5.3%####                                                                       5.6%####                                                                       5.9%####                                                                       5.9%####                                                                       6.2%####                                                                       6.5%####                                                                       6.7%####                                                                       6.7%#####                                                                      7.0%#####                                                                      7.3%#####                                                                      7.6%#####                                                                      7.9%#####                                                                      8.2%#####                                                                      8.2%#####                                                                      8.2%######                                                                     8.4%######                                                                     8.7%######                                                                     9.0%######                                                                     9.0%######                                                                     9.3%######                                                                     9.3%######                                                                     9.6%######                                                                     9.6%######                                                                     9.6%#######                                                                    9.8%#######                                                                   10.1%#######                                                                   10.4%#######                                                                   10.7%#######                                                                   11.0%########                                                                  11.3%########                                                                  11.5%########                                                                  11.8%########                                                                  12.1%########                                                                  12.4%#########                                                                 12.7%#########                                                                 12.9%#########                                                                 13.2%#########                                                                 13.5%#########                                                                 13.8%##########                                                                14.1%##########                                                                14.3%##########                                                                14.6%##########                                                                14.9%##########                                                                15.2%###########                                                               15.5%###########                                                               15.8%###########                                                               16.0%###########                                                               16.3%###########                                                               16.6%############                                                              16.9%############                                                              17.2%############                                                              17.4%############                                                              17.7%############                                                              18.0%#############                                                             18.3%#############                                                             18.6%#############                                                             18.9%#############                                                             19.1%#############                                                             19.4%##############                                                            19.7%##############                                                            19.7%##############                                                            20.0%##############                                                            20.0%##############                                                            20.3%##############                                                            20.3%##############                                                            20.5%##############                                                            20.5%##############                                                            20.8%##############                                                            20.8%###############                                                           21.1%###############                                                           21.4%###############                                                           21.4%###############                                                           21.7%###############                                                           21.9%################                                                          22.2%################                                                          22.2%################                                                          22.5%################                                                          22.8%################                                                          22.8%################                                                          23.1%################                                                          23.4%#################                                                         23.6%#################                                                         23.6%#################                                                         23.9%#################                                                         23.9%#################                                                         24.2%#################                                                         24.2%#################                                                         24.5%#################                                                         24.8%##################                                                        25.0%##################                                                        25.3%##################                                                        25.3%##################                                                        25.6%##################                                                        25.6%##################                                                        25.9%##################                                                        26.2%###################                                                       26.5%###################                                                       26.5%###################                                                       26.7%###################                                                       27.0%###################                                                       27.0%###################                                                       27.3%###################                                                       27.6%###################                                                       27.6%####################                                                      27.9%####################                                                      27.9%####################                                                      28.1%####################                                                      28.1%####################                                                      28.4%####################                                                      28.4%####################                                                      28.4%####################                                                      28.7%####################                                                      29.0%####################                                                      29.0%#####################                                                     29.3%#####################                                                     29.5%#####################                                                     29.8%#####################                                                     29.8%#####################                                                     29.8%#####################                                                     30.1%#####################                                                     30.4%######################                                                    30.7%######################                                                    30.7%######################                                                    31.0%######################                                                    31.0%######################                                                    31.2%######################                                                    31.2%######################                                                    31.2%######################                                                    31.5%######################                                                    31.5%######################                                                    31.8%#######################                                                   32.1%#######################                                                   32.4%#######################                                                   32.6%#######################                                                   32.6%#######################                                                   32.9%#######################                                                   32.9%#######################                                                   33.2%########################                                                  33.5%########################                                                  33.8%########################                                                  33.8%########################                                                  34.1%########################                                                  34.3%########################                                                  34.3%########################                                                  34.6%#########################                                                 34.9%#########################                                                 35.2%#########################                                                 35.2%#########################                                                 35.5%#########################                                                 35.7%#########################                                                 35.7%#########################                                                 35.7%#########################                                                 36.0%##########################                                                36.3%##########################                                                36.6%##########################                                                36.9%##########################                                                37.1%##########################                                                37.4%###########################                                               37.7%###########################                                               38.0%###########################                                               38.3%###########################                                               38.6%###########################                                               38.8%############################                                              39.1%############################                                              39.4%############################                                              39.7%############################                                              40.0%############################                                              40.2%#############################                                             40.5%#############################                                             40.8%#############################                                             41.1%#############################                                             41.4%#############################                                             41.7%##############################                                            41.9%##############################                                            42.2%##############################                                            42.5%##############################                                            42.8%###############################                                           43.1%###############################                                           43.3%###############################                                           43.6%###############################                                           43.9%###############################                                           44.2%################################                                          44.5%################################                                          44.7%################################                                          45.0%################################                                          45.3%################################                                          45.3%################################                                          45.6%################################                                          45.6%#################################                                         45.9%#################################                                         45.9%#################################                                         45.9%#################################                                         46.2%#################################                                         46.2%#################################                                         46.4%#################################                                         46.4%#################################                                         46.7%#################################                                         46.7%#################################                                         47.0%#################################                                         47.0%##################################                                        47.3%##################################                                        47.3%##################################                                        47.6%##################################                                        47.6%##################################                                        47.8%##################################                                        47.8%##################################                                        48.1%##################################                                        48.4%##################################                                        48.4%###################################                                       48.7%###################################                                       48.7%###################################                                       49.0%###################################                                       49.0%###################################                                       49.3%###################################                                       49.3%###################################                                       49.5%###################################                                       49.8%####################################                                      50.1%####################################                                      50.1%####################################                                      50.4%####################################                                      50.4%####################################                                      50.7%####################################                                      50.7%####################################                                      50.9%####################################                                      50.9%####################################                                      51.2%#####################################                                     51.5%#####################################                                     51.8%#####################################                                     51.8%#####################################                                     52.1%#####################################                                     52.1%#####################################                                     52.3%#####################################                                     52.3%#####################################                                     52.6%#####################################                                     52.6%######################################                                    52.9%######################################                                    53.2%######################################                                    53.5%######################################                                    53.5%######################################                                    53.5%######################################                                    53.8%######################################                                    54.0%#######################################                                   54.3%#######################################                                   54.3%#######################################                                   54.6%#######################################                                   54.6%#######################################                                   54.9%#######################################                                   55.2%#######################################                                   55.2%#######################################                                   55.4%#######################################                                   55.4%########################################                                  55.7%########################################                                  55.7%########################################                                  56.0%########################################                                  56.0%########################################                                  56.3%########################################                                  56.3%########################################                                  56.6%########################################                                  56.6%########################################                                  56.8%########################################                                  56.8%#########################################                                 57.1%#########################################                                 57.1%#########################################                                 57.4%#########################################                                 57.4%#########################################                                 57.7%#########################################                                 57.7%#########################################                                 58.0%#########################################                                 58.0%#########################################                                 58.0%#########################################                                 58.0%#########################################                                 58.3%##########################################                                58.5%##########################################                                58.8%##########################################                                58.8%##########################################                                59.1%##########################################                                59.1%##########################################                                59.4%##########################################                                59.4%##########################################                                59.7%##########################################                                59.7%###########################################                               59.9%###########################################                               59.9%###########################################                               59.9%###########################################                               60.2%###########################################                               60.5%###########################################                               60.8%###########################################                               60.8%###########################################                               61.1%###########################################                               61.1%###########################################                               61.1%############################################                              61.4%############################################                              61.4%############################################                              61.6%############################################                              61.6%############################################                              61.9%############################################                              61.9%############################################                              62.2%############################################                              62.2%############################################                              62.5%############################################                              62.5%#############################################                             62.8%#############################################                             63.0%#############################################                             63.0%#############################################                             63.3%#############################################                             63.3%#############################################                             63.3%#############################################                             63.3%#############################################                             63.6%#############################################                             63.9%##############################################                            64.2%##############################################                            64.2%##############################################                            64.4%##############################################                            64.4%##############################################                            64.7%##############################################                            65.0%##############################################                            65.0%###############################################                           65.3%###############################################                           65.3%###############################################                           65.6%###############################################                           65.6%###############################################                           65.9%###############################################                           65.9%###############################################                           66.1%###############################################                           66.1%###############################################                           66.1%###############################################                           66.1%###############################################                           66.4%################################################                          66.7%################################################                          66.7%################################################                          67.0%################################################                          67.3%################################################                          67.5%################################################                          67.8%#################################################                         68.1%#################################################                         68.4%#################################################                         68.4%#################################################                         68.7%#################################################                         69.0%#################################################                         69.0%#################################################                         69.2%#################################################                         69.2%##################################################                        69.5%##################################################                        69.5%##################################################                        69.8%##################################################                        69.8%##################################################                        70.1%##################################################                        70.1%##################################################                        70.4%##################################################                        70.6%##################################################                        70.6%###################################################                       70.9%###################################################                       70.9%###################################################                       71.2%###################################################                       71.2%###################################################                       71.5%###################################################                       71.5%###################################################                       71.8%###################################################                       71.8%###################################################                       72.0%###################################################                       72.0%####################################################                      72.3%####################################################                      72.3%####################################################                      72.6%####################################################                      72.6%####################################################                      72.9%####################################################                      73.2%####################################################                      73.5%####################################################                      73.5%#####################################################                     73.7%#####################################################                     73.7%#####################################################                     74.0%#####################################################                     74.0%#####################################################                     74.3%#####################################################                     74.3%#####################################################                     74.6%#####################################################                     74.9%######################################################                    75.1%######################################################                    75.1%######################################################                    75.4%######################################################                    75.4%######################################################                    75.7%######################################################                    75.7%######################################################                    76.0%######################################################                    76.0%######################################################                    76.3%#######################################################                   76.6%#######################################################                   76.8%#######################################################                   76.8%#######################################################                   77.1%#######################################################                   77.1%#######################################################                   77.4%#######################################################                   77.4%#######################################################                   77.7%#######################################################                   77.7%#######################################################                   77.7%########################################################                  78.0%########################################################                  78.2%########################################################                  78.2%########################################################                  78.5%########################################################                  78.8%########################################################                  79.1%########################################################                  79.1%#########################################################                 79.4%#########################################################                 79.4%#########################################################                 79.6%#########################################################                 79.6%#########################################################                 79.9%#########################################################                 79.9%#########################################################                 80.2%#########################################################                 80.2%#########################################################                 80.5%#########################################################                 80.5%##########################################################                80.8%##########################################################                80.8%##########################################################                81.1%##########################################################                81.1%##########################################################                81.1%##########################################################                81.3%##########################################################                81.6%##########################################################                81.6%##########################################################                81.9%###########################################################               82.2%###########################################################               82.5%###########################################################               82.7%###########################################################               82.7%###########################################################               83.0%###########################################################               83.0%###########################################################               83.3%###########################################################               83.3%############################################################              83.6%############################################################              83.6%############################################################              83.9%############################################################              83.9%############################################################              84.2%############################################################              84.4%############################################################              84.4%############################################################              84.7%############################################################              84.7%#############################################################             85.0%#############################################################             85.0%#############################################################             85.3%#############################################################             85.6%#############################################################             85.8%##############################################################            86.1%##############################################################            86.1%##############################################################            86.4%##############################################################            86.4%##############################################################            86.7%##############################################################            87.0%##############################################################            87.2%##############################################################            87.2%###############################################################           87.5%###############################################################           87.5%###############################################################           87.8%###############################################################           87.8%###############################################################           88.1%###############################################################           88.1%###############################################################           88.4%###############################################################           88.4%###############################################################           88.7%################################################################          88.9%################################################################          89.2%################################################################          89.5%################################################################          89.8%################################################################          89.8%################################################################          90.1%################################################################          90.1%#################################################################         90.3%#################################################################         90.6%#################################################################         90.9%#################################################################         90.9%#################################################################         91.2%#################################################################         91.2%#################################################################         91.5%#################################################################         91.5%##################################################################        91.8%##################################################################        91.8%##################################################################        92.0%##################################################################        92.0%##################################################################        92.3%##################################################################        92.6%##################################################################        92.9%###################################################################       93.2%###################################################################       93.4%###################################################################       93.4%###################################################################       93.7%###################################################################       94.0%###################################################################       94.0%###################################################################       94.3%###################################################################       94.3%####################################################################      94.6%####################################################################      94.6%####################################################################      94.8%####################################################################      94.8%####################################################################      95.1%####################################################################      95.1%####################################################################      95.1%####################################################################      95.4%####################################################################      95.7%####################################################################      95.7%#####################################################################     96.0%#####################################################################     96.3%#####################################################################     96.5%#####################################################################     96.5%#####################################################################     96.8%#####################################################################     96.8%#####################################################################     97.1%#####################################################################     97.1%######################################################################    97.4%######################################################################    97.7%######################################################################    97.9%######################################################################    97.9%######################################################################    98.2%######################################################################    98.2%######################################################################    98.5%######################################################################    98.5%#######################################################################   98.8%#######################################################################   98.8%#######################################################################   99.1%#######################################################################   99.3%#######################################################################   99.3%#######################################################################   99.6%#######################################################################   99.6%#######################################################################   99.9%######################################################################## 100.0%######################################################################## 100.0%######################################################################## 100.0%
Now using node v0.10.38
travis_time:end:1923770a:start=1429902663134219489,finish=1429902664996479197,duration=1862259708 --version
1.4.28
$ nvm --version
0.23.3
travis_fold:start:install.1e:start:053a7c38plate to settings.json...
Ensure that all dependencies are up to date...  If this is the first time you have run Etherpad please be patient.

> ws@0.5.0 install /home/travis/build/ether/etherpad-lite/src/node_modules/socket.io/node_modules/engine.io/node_modules/ws
> (node-gyp rebuild 2> builderror.log) || (exit 0)

make: Entering directory `/home/travis/build/ether/etherpad-lite/src/node_modules/socket.io/node_modules/engine.io/node_modules/ws/build'
  CXX(target) Release/obj.target/bufferutil/src/bufferutil.o
  SOLINK_MODULE(target) Release/obj.target/bufferutil.node
  SOLINK_MODULE(target) Release/obj.target/bufferutil.node: Finished
  COPY Release/bufferutil.node
  CXX(target) Release/obj.target/validation/src/validation.o
  SOLINK_MODULE(target) Release/obj.target/validation.node
  SOLINK_MODULE(target) Release/obj.target/validation.node: Finished
  COPY Release/validation.node
make: Leaving directory `/home/travis/build/ether/etherpad-lite/src/node_modules/socket.io/node_modules/engine.io/node_modules/ws/build'

> ws@0.4.31 install /home/travis/build/ether/etherpad-lite/src/node_modules/socket.io/node_modules/socket.io-client/node_modules/engine.io-client/node_modules/ws
> (node-gyp rebuild 2> builderror.log) || (exit 0)

make: Entering directory `/home/travis/build/ether/etherpad-lite/src/node_modules/socket.io/node_modules/socket.io-client/node_modules/engine.io-client/node_modules/ws/build'
  CXX(target) Release/obj.target/bufferutil/src/bufferutil.o
  SOLINK_MODULE(target) Release/obj.target/bufferutil.node
  SOLINK_MODULE(target) Release/obj.target/bufferutil.node: Finished
  COPY Release/bufferutil.node
  CXX(target) Release/obj.target/validation/src/validation.o
  SOLINK_MODULE(target) Release/obj.target/validation.node
  SOLINK_MODULE(target) Release/obj.target/validation.node: Finished
  COPY Release/validation.node
make: Leaving directory `/home/travis/build/ether/etherpad-lite/src/node_modules/socket.io/node_modules/socket.io-client/node_modules/engine.io-client/node_modules/ws/build'
channels@0.0.4 node_modules/channels

security@1.0.0 node_modules/security

async-stacktrace@0.0.2 node_modules/async-stacktrace

slide@1.1.6 node_modules/slide

graceful-fs@3.0.6 node_modules/graceful-fs

tinycon@0.0.1 node_modules/tinycon

formidable@1.0.17 node_modules/formidable

async@0.9.0 node_modules/async

underscore@1.8.3 node_modules/underscore

etherpad-require-kernel@1.0.9 node_modules/etherpad-require-kernel

languages4translatewiki@0.1.3 node_modules/languages4translatewiki

cookie-parser@1.3.4 node_modules/cookie-parser
 cookie@0.1.2
 cookie-signature@1.0.6

unorm@1.3.3 node_modules/unorm

semver@4.3.3 node_modules/semver

measured@1.0.0 node_modules/measured
 inherits@2.0.1

express-session@1.11.1 node_modules/express-session
 utils-merge@1.0.0
 cookie-signature@1.0.6
 cookie@0.1.2
 on-headers@1.0.0
 parseurl@1.3.0
 depd@1.0.1
 crc@3.2.1
 uid-safe@1.1.0 (base64-url@1.2.1, native-or-bluebird@1.1.2)
 debug@2.1.3 (ms@0.7.0)

resolve@1.1.6 node_modules/resolve

etherpad-yajsml@0.0.2 node_modules/etherpad-yajsml

ejs@2.3.1 node_modules/ejs

supertest@0.15.0 node_modules/supertest
 methods@1.1.1
 superagent@0.21.0 (extend@1.2.1, methods@1.0.1, cookiejar@2.0.1, component-emitter@1.1.2, reduce-component@1.0.1, qs@1.2.0, mime@1.2.11, debug@2.1.3, form-data@0.1.3, readable-stream@1.0.27-1, formidable@1.0.14)

log4js@0.6.22 node_modules/log4js
 semver@1.1.4
 async@0.2.10
 readable-stream@1.0.33 (isarray@0.0.1, string_decoder@0.10.31, inherits@2.0.1, core-util-is@1.0.1)

clean-css@3.1.9 node_modules/clean-css
 commander@2.6.0
 source-map@0.1.43 (amdefine@0.1.0)

express@4.12.3 node_modules/express
 merge-descriptors@1.0.0
 utils-merge@1.0.0
 cookie-signature@1.0.6
 methods@1.1.1
 cookie@0.1.2
 fresh@0.2.4
 escape-html@1.0.1
 range-parser@1.0.2
 parseurl@1.3.0
 finalhandler@0.3.4
 content-type@1.0.1
 vary@1.0.0
 serve-static@1.9.2
 content-disposition@0.5.0
 path-to-regexp@0.1.3
 depd@1.0.1
 qs@2.4.1
 on-finished@2.2.1 (ee-first@1.1.0)
 debug@2.1.3 (ms@0.7.0)
 etag@1.5.1 (crc@3.2.1)
 proxy-addr@1.0.7 (forwarded@0.1.0, ipaddr.js@0.1.9)
 send@0.12.2 (destroy@1.0.3, ms@0.7.0, mime@1.3.4)
 type-is@1.6.1 (media-typer@0.3.0, mime-types@2.0.10)
 accepts@1.2.5 (negotiator@0.5.1, mime-types@2.0.10)

uglify-js@2.4.19 node_modules/uglify-js
 uglify-to-browserify@1.0.2
 async@0.2.10
 yargs@3.5.4 (decamelize@1.0.0, camelcase@1.0.2, window-size@0.1.0, wordwrap@0.0.2)
 source-map@0.1.34 (amdefine@0.1.0)

mocha@2.2.4 node_modules/mocha
 escape-string-regexp@1.0.2
 supports-color@1.2.1
 diff@1.0.8
 growl@1.8.1
 commander@2.3.0
 debug@2.0.0 (ms@0.6.2)
 mkdirp@0.5.0 (minimist@0.0.8)
 glob@3.2.3 (inherits@2.0.1, graceful-fs@2.0.3, minimatch@0.2.14)
 jade@0.26.3 (commander@0.6.1, mkdirp@0.3.0)

request@2.55.0 node_modules/request
 caseless@0.9.0
 json-stringify-safe@5.0.0
 aws-sign2@0.5.0
 forever-agent@0.6.1
 form-data@0.2.0
 stringstream@0.0.4
 oauth-sign@0.6.0
 tunnel-agent@0.4.0
 isstream@0.1.2
 node-uuid@1.4.3
 combined-stream@0.0.7 (delayed-stream@0.0.5)
 qs@2.4.1
 mime-types@2.0.10 (mime-db@1.8.0)
 http-signature@0.10.1 (assert-plus@0.1.5, asn1@0.1.11, ctype@0.5.3)
 bl@0.9.4 (readable-stream@1.0.33)
 tough-cookie@0.13.0 (punycode@1.3.2)
 hawk@2.3.1 (cryptiles@2.0.4, sntp@1.0.9, boom@2.7.1, hoek@2.12.0)
 har-validator@1.6.1 (commander@2.8.0, chalk@1.0.0, is-my-json-valid@2.10.1, bluebird@2.9.24)

requirejs@2.1.17 node_modules/requirejs

ueberDB@0.2.15 node_modules/ueberDB
 felix-couchdb@1.0.7
 redis@0.12.1
 dirty@0.9.9
 async@0.1.15
 cassandra-driver@2.0.1 (async@0.9.0, long@2.2.3)
 mysql@2.6.1 (require-all@1.0.0, bignumber.js@2.0.5, readable-stream@1.1.13)
 pg@4.3.0 (packet-reader@0.2.0, pg-connection-string@0.1.3, buffer-writer@1.0.0, generic-pool@2.1.1, pg-types@1.7.0, pgpass@0.0.3)

jsonminify@0.2.3 node_modules/jsonminify

swagger-node-express@2.1.3 node_modules/swagger-node-express
 lodash@1.3.1

wd@0.3.11 node_modules/wd
 vargs@0.1.0
 q@1.0.1
 underscore.string@2.3.3
 request@2.46.0 (caseless@0.6.0, json-stringify-safe@5.0.0, aws-sign2@0.5.0, forever-agent@0.5.2, stringstream@0.0.4, tunnel-agent@0.4.0, oauth-sign@0.4.0, qs@1.2.2, node-uuid@1.4.3, mime-types@1.0.2, form-data@0.1.4, http-signature@0.10.1, bl@0.9.4, tough-cookie@0.13.0, hawk@1.1.1)
 lodash@2.4.1
 archiver@0.12.0 (buffer-crc32@0.2.5, lazystream@0.1.0, readable-stream@1.0.33, zip-stream@0.4.1, tar-stream@1.0.2, glob@4.0.6)

cheerio@0.19.0 node_modules/cheerio
 dom-serializer@0.1.0 (domelementtype@1.1.3)
 entities@1.1.1
 css-select@1.0.0 (boolbase@1.0.0, css-what@1.0.0, nth-check@1.0.1, domutils@1.4.3)
 htmlparser2@3.8.2 (domelementtype@1.3.0, domutils@1.5.1, entities@1.0.0, domhandler@2.3.0, readable-stream@1.1.13)
 lodash@3.7.0

socket.io@1.3.5 node_modules/socket.io
 debug@2.1.0 (ms@0.6.2)
 has-binary-data@0.1.3 (isarray@0.0.1)
 socket.io-adapter@0.3.1 (object-keys@1.0.1, debug@1.0.2, socket.io-parser@2.2.2)
 socket.io-parser@2.2.4 (isarray@0.0.1, debug@0.7.4, component-emitter@1.1.2, benchmark@1.0.0, json3@3.2.6)
 engine.io@1.5.1 (base64id@0.1.0, debug@1.0.3, engine.io-parser@1.2.1, ws@0.5.0)
 socket.io-client@1.3.5 (to-array@0.1.3, indexof@0.0.1, debug@0.7.4, component-bind@1.0.0, backo2@1.0.2, object-component@0.0.3, component-emitter@1.1.2, has-binary@0.1.6, parseuri@0.0.2, engine.io-client@1.5.1)

npm@2.7.6 node_modules/npm
Ensure jQuery is downloaded and up to date...
Clearing minified cache...
Ensure custom css/js files are created...
travis_time:end:053a7c38:start=1429902665798926620,finish=1429902691814895049,duration=26015968429e:start:087f5ee6e:end:087f5ee6:start=1429902691823350840,finish=1429902691833390833,duration=10039993e:start:02844c8ae    Time     Time  Current
                                 Dload  Upload   Total   Spent    Left  Speed
  0     0    0     0    0     0      0      0 --:--:-- --:--:-- --:--:--     0  0 29.8M    0 94632    0     0   201k      0  0:02:31 --:--:--  0:02:31  253k  8 29.8M    8 2510k    0     0  1775k      0  0:00:17  0:00:01  0:00:16 1900k 12 29.8M   12 3875k    0     0  1595k      0  0:00:19  0:00:02  0:00:17 1658k 19 29.8M   19 6006k    0     0  1759k      0  0:00:17  0:00:03  0:00:14 1809k 28 29.8M   28 8572k    0     0  1949k      0  0:00:15  0:00:04  0:00:11 1991k 37 29.8M   37 11.0M    0     0  2103k      0  0:00:14  0:00:05  0:00:09 2279k 41 29.8M   41 12.5M    0     0  1992k      0  0:00:15  0:00:06  0:00:09 2053k 49 29.8M   49 14.6M    0     0  2019k      0  0:00:15  0:00:07  0:00:08 2225k 56 29.8M   56 16.8M    0     0  2059k      0  0:00:14  0:00:08  0:00:06 2264k 63 29.8M   63 18.8M    0     0  2050k      0  0:00:14  0:00:09  0:00:05 2139k 68 29.8M   68 20.5M    0     0  2023k      0  0:00:15  0:00:10  0:00:05 1936k 75 29.8M   75 22.6M    0     0  2034k      0  0:00:15  0:00:11  0:00:04 2088k 83 29.8M   83 24.8M    0     0  2054k      0  0:00:14  0:00:12  0:00:02 2105k 91 29.8M   91 27.1M    0     0  2079k      0  0:00:14  0:00:13  0:00:01 2111k 99 29.8M   99 29.5M    0     0  2101k      0  0:00:14  0:00:14 --:--:-- 2196k100 29.8M  100 29.8M    0     0  2105k      0  0:00:14  0:00:14 --:--:-- 2316k
Archive:  /tmp/sauce.zip
  inflating: /tmp/NOTICE.txt         
  inflating: /tmp/license.html       
  inflating: /tmp/Sauce-Connect.jar  
2015-04-24 19:12:02.720:INFO::jetty-7.x.y-SNAPSHOT
2015-04-24 19:12:02.836:INFO::Started SelectChannelConnector@0.0.0.0:47135
2015-04-24 19:12:23.897:INFO::jetty-7.x.y-SNAPSHOT
2015-04-24 19:12:23.913:INFO::Started SelectChannelConnector@0.0.0.0:4445
travis_time:end:02844c8a:start=1429902691843250146,finish=1429902745048831886,duration=53205581740e:start:13d41487npm WARN package.json async-stacktrace@0.0.2 No repository field.
npm WARN package.json channels@0.0.4 No repository field.
npm WARN package.json tinycon@0.0.1 No repository field.
chain api has been deprecated, use promise chain instead.
a function in your .chain() failed: { [Error: [init({"platform":"Windows XP","browserName":"iexplore","version":"9","name":"0ec2592 - iexplore 9, Windows XP","public":true,"build":"0ec2592"})] The environment you requested was unavailable.]
  data: 'Unsupported OS/browser/version/device combo: OS: \'Windows 2003\', Browser: \'iexplore\', Version: \'9.\', Device: \'unspecified\'' }
Remote sauce test '0ec2592 - googlechrome , Linux' started! https://saucelabs.com/jobs/108f0d886c3e4234a4fe1bc1020b9a93
Remote sauce test '0ec2592 - firefox , Linux' started! https://saucelabs.com/jobs/876c5d98e46f469e9a3ce8e1beb757a0
Remote sauce test '0ec2592 - iexplore 10, Windows 2012' started! https://saucelabs.com/jobs/e103c4e469824dc7ab553e48cd4b8b88
[googlechrome] alphabet.js
[googlechrome]   All the alphabet works n stuff
[googlechrome]     -> PASSED : when you enter any char it appears right
[googlechrome] 
[googlechrome] bold.js
[googlechrome]   bold button
[googlechrome]     -> FAILED : "before each" hook Error: the string "Uncaught SecurityError: Failed to read
[googlechrome]      the 'contentDocument' property from 'HTMLIFrameElement': Blocked a frame with origin "http://localh
[googlechrome]     ost:9001" from accessing a cross-origin frame." was thrown, throw an Error :)
[googlechrome]         at Runner.fail (http://localhost:9001/tests/frontend/lib/mocha.js:3786:11)
[googlechrome]         at Runner.uncaught (http://localhost:9001/tests/frontend/lib/mocha.js:4059:8)
[googlechrome]         at uncaught (http://localhost:9001/tests/frontend/lib/mocha.js:4089:10)
[googlechrome]     -> FAILED : makes text bold on click Error: expected false to equal true
[googlechrome]         at Assertion.assert (http://localhost:9001/tests/frontend/lib/expect.js:99:13)
[googlechrome]         at Assertion.be.Assertion.equal (http://localhost:9001/tests/frontend/lib/expect.js:200:10)
[googlechrome]         at Assertion.(anonymous function) [as be] (http://localhost:9001/tests/frontend/lib/expect.js:73
[googlechrome]     :24)
[googlechrome]         at Context.eval (eval at <anonymous> (http://localhost:9001/static/js/jquery.js:603:22), <anonym
[googlechrome]     ous>:29:23)
[googlechrome]         at Test.Runnable.run (http://localhost:9001/tests/frontend/lib/mocha.js:3608:15)
[googlechrome]         at Runner.runTest (http://localhost:9001/tests/frontend/lib/mocha.js:3940:10)
[googlechrome]         at http://localhost:9001/tests/frontend/lib/mocha.js:3986:12
[googlechrome]         at next (http://localhost:9001/tests/frontend/lib/mocha.js:3868:14)
[googlechrome]         at http://localhost:9001/tests/frontend/lib/mocha.js:3877:7
[googlechrome]         at next (http://localhost:9001/tests/frontend/lib/mocha.js:3825:23)
[googlechrome]     -> FAILED : makes text bold on keypress Error: expected false to equal true
[googlechrome]         at Assertion.assert (http://localhost:9001/tests/frontend/lib/expect.js:99:13)
[googlechrome]         at Assertion.be.Assertion.equal (http://localhost:9001/tests/frontend/lib/expect.js:200:10)
[googlechrome]         at Assertion.(anonymous function) [as be] (http://localhost:9001/tests/frontend/lib/expect.js:73
[googlechrome]     :24)
[googlechrome]         at Context.eval (eval at <anonymous> (http://localhost:9001/static/js/jquery.js:603:22), <anonym
[googlechrome]     ous>:65:23)
[googlechrome]         at Test.Runnable.run (http://localhost:9001/tests/frontend/lib/mocha.js:3608:15)
[googlechrome]         at Runner.runTest (http://localhost:9001/tests/frontend/lib/mocha.js:3940:10)
[googlechrome]         at http://localhost:9001/tests/frontend/lib/mocha.js:3986:12
[googlechrome]         at next (http://localhost:9001/tests/frontend/lib/mocha.js:3868:14)
[googlechrome]         at http://localhost:9001/tests/frontend/lib/mocha.js:3877:7
[googlechrome]         at next (http://localhost:9001/tests/frontend/lib/mocha.js:3825:23)
[googlechrome] 
[googlechrome] change_user_name.js
[googlechrome]   change username value
[googlechrome]     -> FAILED : Remembers the user name after a refresh Error: timeout of 60000ms exceeded
[googlechrome]         at http://localhost:9001/tests/frontend/lib/mocha.js:3552:21
[googlechrome]     -> FAILED : Own user name is shown when you enter a chat Error: timeout of 2000ms exceed
[googlechrome]     ed
[googlechrome]         at http://localhost:9001/tests/frontend/lib/mocha.js:3579:14
[googlechrome] 
[googlechrome] chat.js
[googlechrome]   Chat messages and UI
[googlechrome]     -> FAILED : opens chat, sends a message and makes sure it exists on the page Error: time
[googlechrome]     out of 2000ms exceeded
[googlechrome]         at http://localhost:9001/tests/frontend/lib/mocha.js:3579:14
[googlechrome]     -> FAILED : makes sure that an empty message can't be sent Error: timeout of 2000ms exce
[googlechrome]     eded
[googlechrome]         at http://localhost:9001/tests/frontend/lib/mocha.js:3579:14
[googlechrome]     -> PASSED : makes chat stick to right side of the screen
[googlechrome]     -> PASSED : makes chat stick to right side of the screen then makes it one step smalle
[googlechrome]     r
[googlechrome] 
[googlechrome] chat_load_messages.js
[googlechrome]   chat-load-messages
[googlechrome]     -> PASSED : creates a pad
[googlechrome]     -> FAILED : adds a lot of messages Error: timeout of 60000ms exceeded
[googlechrome]         at http://localhost:9001/tests/frontend/lib/mocha.js:3552:21
[googlechrome]     -> FAILED : checks initial message count Error: timeout of 2000ms exceeded
[googlechrome]         at http://localhost:9001/tests/frontend/lib/mocha.js:3579:14
[googlechrome]     -> FAILED : loads more messages Error: timeout of 2000ms exceeded
[googlechrome]         at http://localhost:9001/tests/frontend/lib/mocha.js:3579:14
[googlechrome]     -> FAILED : checks for button vanishing Error: timeout of 2000ms exceeded
[googlechrome]         at http://localhost:9001/tests/frontend/lib/mocha.js:3579:14
[googlechrome] 
[googlechrome] clear_authorship_colors.js
[googlechrome]   clear authorship colors button
[googlechrome]     -> FAILED : makes text clear authorship colors Error: timeout of 2000ms exceeded
[googlechrome]         at http://localhost:9001/tests/frontend/lib/mocha.js:3579:14
[googlechrome] 
[googlechrome] delete.js
[googlechrome]   delete keystroke
[googlechrome]     -> FAILED : makes text delete Error: expected 0 to equal -1
[googlechrome]         at Assertion.assert (http://localhost:9001/tests/frontend/lib/expect.js:99:13)
[googlechrome]         at Assertion.be.Assertion.equal (http://localhost:9001/tests/frontend/lib/expect.js:200:10)
[googlechrome]         at Assertion.(anonymous function) [as be] (http://localhost:9001/tests/frontend/lib/expect.js:73
[googlechrome]     :24)
[googlechrome]         at Context.eval (eval at <anonymous> (http://localhost:9001/static/js/jquery.js:603:22), <anonym
[googlechrome]     ous>:33:33)
[googlechrome]         at Test.Runnable.run (http://localhost:9001/tests/frontend/lib/mocha.js:3608:15)
[googlechrome]         at Runner.runTest (http://localhost:9001/tests/frontend/lib/mocha.js:3940:10)
[googlechrome]         at http://localhost:9001/tests/frontend/lib/mocha.js:3986:12
[googlechrome]         at next (http://localhost:9001/tests/frontend/lib/mocha.js:3868:14)
[googlechrome]         at http://localhost:9001/tests/frontend/lib/mocha.js:3877:7
[googlechrome]         at next (http://localhost:9001/tests/frontend/lib/mocha.js:3825:23)
[googlechrome] 
[googlechrome] embed_value.js
[googlechrome]   embed links
[googlechrome]     read and write
[googlechrome]       the share link
[googlechrome]         -> FAILED : is the actual pad url Error: expected '' to equal 'http://localhost:9001/p/F
[googlechrome]         RONTEND_TEST_W2OJI4Wtk1Dxr7mehb2r'
[googlechrome]             at Assertion.assert (http://localhost:9001/tests/frontend/lib/expect.js:99:13)
[googlechrome]             at Assertion.be.Assertion.equal (http://localhost:9001/tests/frontend/lib/expect.js:200:10)
[googlechrome]             at Assertion.(anonymous function) [as be] (http://localhost:9001/tests/frontend/lib/expect.js:73
[googlechrome]         :24)
[googlechrome]             at Context.eval (eval at <anonymous> (http://localhost:9001/static/js/jquery.js:603:22), <anonym
[googlechrome]         ous>:68:30)
[googlechrome]             at Test.Runnable.run (http://localhost:9001/tests/frontend/lib/mocha.js:3608:15)
[googlechrome]             at Runner.runTest (http://localhost:9001/tests/frontend/lib/mocha.js:3940:10)
[googlechrome]             at http://localhost:9001/tests/frontend/lib/mocha.js:3986:12
[googlechrome]             at next (http://localhost:9001/tests/frontend/lib/mocha.js:3868:14)
[googlechrome]             at http://localhost:9001/tests/frontend/lib/mocha.js:3877:7
[googlechrome]             at next (http://localhost:9001/tests/frontend/lib/mocha.js:3825:23)
[googlechrome]       the embed as iframe code
[googlechrome]         -> FAILED : is an iframe with the the correct url parameters and correct size Error: exp
[googlechrome]         ected undefined to equal '600'
[googlechrome]             at Assertion.assert (http://localhost:9001/tests/frontend/lib/expect.js:99:13)
[googlechrome]             at Assertion.be.Assertion.equal (http://localhost:9001/tests/frontend/lib/expect.js:200:10)
[googlechrome]             at Assertion.(anonymous function) [as be] (http://localhost:9001/tests/frontend/lib/expect.js:73
[googlechrome]         :24)
[googlechrome]             at checkiFrameCode (eval at <anonymous> (http://localhost:9001/static/js/jquery.js:603:22), <ano
[googlechrome]         nymous>:22:22)
[googlechrome]             at Context.eval (eval at <anonymous> (http://localhost:9001/static/js/jquery.js:603:22), <anonym
[googlechrome]         ous>:84:9)
[googlechrome]             at Test.Runnable.run (http://localhost:9001/tests/frontend/lib/mocha.js:3608:15)
[googlechrome]             at Runner.runTest (http://localhost:9001/tests/frontend/lib/mocha.js:3940:10)
[googlechrome]             at http://localhost:9001/tests/frontend/lib/mocha.js:3986:12
[googlechrome]             at next (http://localhost:9001/tests/frontend/lib/mocha.js:3868:14)
[googlechrome]             at http://localhost:9001/tests/frontend/lib/mocha.js:3877:7
[googlechrome]     when read only option is set
[googlechrome]       the share link
[googlechrome]         -> FAILED : shows a read only url Error: expected false to equal true
[googlechrome]             at Assertion.assert (http://localhost:9001/tests/frontend/lib/expect.js:99:13)
[googlechrome]             at Assertion.be.Assertion.equal (http://localhost:9001/tests/frontend/lib/expect.js:200:10)
[googlechrome]             at Assertion.(anonymous function) [as be] (http://localhost:9001/tests/frontend/lib/expect.js:73
[googlechrome]         :24)
[googlechrome]             at Context.eval (eval at <anonymous> (http://localhost:9001/static/js/jquery.js:603:22), <anonym
[googlechrome]         ous>:109:41)
[googlechrome]             at Test.Runnable.run (http://localhost:9001/tests/frontend/lib/mocha.js:3608:15)
[googlechrome]             at Runner.runTest (http://localhost:9001/tests/frontend/lib/mocha.js:3940:10)
[googlechrome]             at http://localhost:9001/tests/frontend/lib/mocha.js:3986:12
[googlechrome]             at next (http://localhost:9001/tests/frontend/lib/mocha.js:3868:14)
[googlechrome]             at http://localhost:9001/tests/frontend/lib/mocha.js:3877:7
[googlechrome]             at next (http://localhost:9001/tests/frontend/lib/mocha.js:3825:23)
[googlechrome]       the embed as iframe code
[googlechrome]         -> FAILED : is an iframe with the the correct url parameters and correct size Error: exp
[googlechrome]         ected false to equal true
[googlechrome]             at Assertion.assert (http://localhost:9001/tests/frontend/lib/expect.js:99:13)
[googlechrome]             at Assertion.be.Assertion.equal (http://localhost:9001/tests/frontend/lib/expect.js:200:10)
[googlechrome]             at Assertion.(anonymous function) [as be] (http://localhost:9001/tests/frontend/lib/expect.js:73
[googlechrome]         :24)
[googlechrome]             at checkiFrameCode (eval at <anonymous> (http://localhost:9001/static/js/jquery.js:603:22), <ano
[googlechrome]         nymous>:42:40)
[googlechrome]             at Context.eval (eval at <anonymous> (http://localhost:9001/static/js/jquery.js:603:22), <anonym
[googlechrome]         ous>:129:9)
[googlechrome]             at Test.Runnable.run (http://localhost:9001/tests/frontend/lib/mocha.js:3608:15)
[googlechrome]             at Runner.runTest (http://localhost:9001/tests/frontend/lib/mocha.js:3940:10)
[googlechrome]             at http://localhost:9001/tests/frontend/lib/mocha.js:3986:12
[googlechrome]             at next (http://localhost:9001/tests/frontend/lib/mocha.js:3868:14)
[googlechrome]             at http://localhost:9001/tests/frontend/lib/mocha.js:3877:7
[googlechrome] 
[googlechrome] enter.js
[googlechrome]   enter keystroke
[googlechrome]     -> FAILED : creates a new line & puts cursor onto a new line Error: timeout of 2000ms ex
[googlechrome]     ceeded
[googlechrome]         at http://localhost:9001/tests/frontend/lib/mocha.js:3579:14
[googlechrome] 
[googlechrome] font_type.js
[googlechrome]   font select
[googlechrome]     -> PASSED : makes text monospace
[googlechrome] 
[googlechrome] helper.js
[googlechrome]   the test helper
[googlechrome]     the newPad method
[googlechrome]       -> PENDING: doesn't leak memory if you creates iframes over and over again
[googlechrome]       -> PASSED : gives me 3 jquery instances of chrome, outer and inner
[googlechrome]     the waitFor method
[googlechrome]       -> PASSED : takes a timeout and waits long enough
[googlechrome]       -> PASSED : takes an interval and checks on every interval
[googlechrome]       returns a deferred object
[googlechrome]         -> PASSED : it calls done after success
[googlechrome]         -> PASSED : calls fail after failure
[googlechrome]         -> PENDING: throws if you don't listen for fails
[googlechrome] 
[googlechrome] importexport.js
[googlechrome]   import functionality
[googlechrome]     -> PENDING: import a pad with newlines from txt
[googlechrome]     -> PENDING: import a pad with newlines from html
[googlechrome]     -> PENDING: import a pad with attributes from html
[googlechrome]     -> PENDING: import a pad with bullets from html
[googlechrome]     -> PENDING: import a pad with bullets and newlines from html
[googlechrome]     -> PENDING: import a pad with bullets and newlines and attributes from html
[googlechrome]     -> PENDING: import a pad with nested bullets from html
[googlechrome]     -> PENDING: import a pad with 8 levels of bullets and newlines and attributes from ht
[googlechrome]     ml
[googlechrome]     -> PENDING: import a pad with ordered lists from html
[googlechrome]     -> PENDING: import a pad with ordered lists and newlines from html
[googlechrome]     -> PENDING: import a pad with nested ordered lists and attributes and newlines from h
[googlechrome]     tml
[googlechrome] 
[googlechrome] importindents.js
[googlechrome]   import indents functionality
[googlechrome]     -> PENDING: import a pad with indents from html
[googlechrome]     -> PENDING: import a pad with indented lists and newlines from html
[googlechrome]     -> PENDING: import a pad with 8 levels of indents and newlines and attributes from ht
[googlechrome]     ml
[googlechrome] 
[googlechrome] indentation.js
[googlechrome]   indentation button
[googlechrome]     -> PASSED : indent text with keypress
[googlechrome]     -> FAILED : indent text with button Error: timeout of 2000ms exceeded
[googlechrome]         at http://localhost:9001/tests/frontend/lib/mocha.js:3579:14
[googlechrome]     -> FAILED : keeps the indent on enter for the new line Error: timeout of 2000ms exceeded
[googlechrome]         at http://localhost:9001/tests/frontend/lib/mocha.js:3579:14
[googlechrome] 
[googlechrome] italic.js
[googlechrome]   italic some text
[googlechrome]     -> FAILED : makes text italic using button Error: expected false to equal true
[googlechrome]         at Assertion.assert (http://localhost:9001/tests/frontend/lib/expect.js:99:13)
[googlechrome]         at Assertion.be.Assertion.equal (http://localhost:9001/tests/frontend/lib/expect.js:200:10)
[googlechrome]         at Assertion.(anonymous function) [as be] (http://localhost:9001/tests/frontend/lib/expect.js:73
[googlechrome]     :24)
[googlechrome]         at Context.eval (eval at <anonymous> (http://localhost:9001/static/js/jquery.js:603:22), <anonym
[googlechrome]     ous>:29:25)
[googlechrome]         at Test.Runnable.run (http://localhost:9001/tests/frontend/lib/mocha.js:3608:15)
[googlechrome]         at Runner.runTest (http://localhost:9001/tests/frontend/lib/mocha.js:3940:10)
[googlechrome]         at http://localhost:9001/tests/frontend/lib/mocha.js:3986:12
[googlechrome]         at next (http://localhost:9001/tests/frontend/lib/mocha.js:3868:14)
[googlechrome]         at http://localhost:9001/tests/frontend/lib/mocha.js:3877:7
[googlechrome]         at next (http://localhost:9001/tests/frontend/lib/mocha.js:3825:23)
[googlechrome]     -> FAILED : makes text italic using keypress Error: expected false to equal true
[googlechrome]         at Assertion.assert (http://localhost:9001/tests/frontend/lib/expect.js:99:13)
[googlechrome]         at Assertion.be.Assertion.equal (http://localhost:9001/tests/frontend/lib/expect.js:200:10)
[googlechrome]         at Assertion.(anonymous function) [as be] (http://localhost:9001/tests/frontend/lib/expect.js:73
[googlechrome]     :24)
[googlechrome]         at Context.eval (eval at <anonymous> (http://localhost:9001/static/js/jquery.js:1:0), <anonymous
[googlechrome]     >:65:25)
[googlechrome]         at Test.Runnable.run (http://localhost:9001/tests/frontend/lib/mocha.js:3608:15)
[googlechrome]         at Runner.runTest (http://localhost:9001/tests/frontend/lib/mocha.js:3940:10)
[googlechrome]         at http://localhost:9001/tests/frontend/lib/mocha.js:3986:12
[googlechrome]         at next (http://localhost:9001/tests/frontend/lib/mocha.js:3868:14)
[googlechrome]         at http://localhost:9001/tests/frontend/lib/mocha.js:3877:7
[googlechrome]         at next (http://localhost:9001/tests/frontend/lib/mocha.js:3825:23)
[googlechrome] 
[googlechrome] language.js
[googlechrome]   Language select and change
[googlechrome]     -> PASSED : makes text german
[googlechrome]     -> FAILED : makes text English Error: timeout of 2000ms exceeded
[googlechrome]         at http://localhost:9001/tests/frontend/lib/mocha.js:3579:14
[googlechrome]     -> PASSED : changes direction when picking an rtl lang
[googlechrome]     -> PASSED : changes direction when picking an ltr lang
[googlechrome] 
[googlechrome] ordered_list.js
[googlechrome]   assign ordered list
[googlechrome]     -> FAILED : insert ordered list text Error: timeout of 2000ms exceeded
[googlechrome]         at http://localhost:9001/tests/frontend/lib/mocha.js:3579:14
[googlechrome]     -> PENDING: issue #1125 keeps the numbered list on enter for the new line - EMULATES 
[googlechrome]     PASTING INTO A PAD
[googlechrome] 
[googlechrome] redo.js
[googlechrome]   undo button then redo button
[googlechrome]     -> FAILED : redo some typing with button Error: expected '' to not equal ''
[googlechrome]         at Assertion.assert (http://localhost:9001/tests/frontend/lib/expect.js:99:13)
[googlechrome]         at Assertion.be.Assertion.equal (http://localhost:9001/tests/frontend/lib/expect.js:200:10)
[googlechrome]         at Assertion.(anonymous function) [as be] (http://localhost:9001/tests/frontend/lib/expect.js:73
[googlechrome]     :24)
[googlechrome]         at Context.eval (eval at <anonymous> (http://localhost:9001/static/js/jquery.js:1:0), <anonymous
[googlechrome]     >:18:34)
[googlechrome]         at Test.Runnable.run (http://localhost:9001/tests/frontend/lib/mocha.js:3608:15)
[googlechrome]         at Runner.runTest (http://localhost:9001/tests/frontend/lib/mocha.js:3940:10)
[googlechrome]         at http://localhost:9001/tests/frontend/lib/mocha.js:3986:12
[googlechrome]         at next (http://localhost:9001/tests/frontend/lib/mocha.js:3868:14)
[googlechrome]         at http://localhost:9001/tests/frontend/lib/mocha.js:3877:7
[googlechrome]         at next (http://localhost:9001/tests/frontend/lib/mocha.js:3825:23)
[googlechrome]     -> FAILED : redo some typing with keypress Error: expected '' to not equal ''
[googlechrome]         at Assertion.assert (http://localhost:9001/tests/frontend/lib/expect.js:99:13)
[googlechrome]         at Assertion.be.Assertion.equal (http://localhost:9001/tests/frontend/lib/expect.js:200:10)
[googlechrome]         at Assertion.(anonymous function) [as be] (http://localhost:9001/tests/frontend/lib/expect.js:73
[googlechrome]     :24)
[googlechrome]         at Context.eval (eval at <anonymous> (http://localhost:9001/static/js/jquery.js:1:0), <anonymous
[googlechrome]     >:48:34)
[googlechrome]         at Test.Runnable.run (http://localhost:9001/tests/frontend/lib/mocha.js:3608:15)
[googlechrome]         at Runner.runTest (http://localhost:9001/tests/frontend/lib/mocha.js:3940:10)
[googlechrome]         at http://localhost:9001/tests/frontend/lib/mocha.js:3986:12
[googlechrome]         at next (http://localhost:9001/tests/frontend/lib/mocha.js:3868:14)
[googlechrome]         at http://localhost:9001/tests/frontend/lib/mocha.js:3877:7
[googlechrome]         at next (http://localhost:9001/tests/frontend/lib/mocha.js:3825:23)
[googlechrome] 
[googlechrome] responsiveness.js
[googlechrome]   Responsiveness of Editor
[googlechrome]     -> PENDING: Fast response to keypress in pad with large amount of contents
[googlechrome] 
[googlechrome] strikethrough.js
[googlechrome]   strikethrough button
[googlechrome]     -> FAILED : makes text strikethrough Error: expected false to equal true
[googlechrome]         at Assertion.assert (http://localhost:9001/tests/frontend/lib/expect.js:99:13)
[googlechrome]         at Assertion.be.Assertion.equal (http://localhost:9001/tests/frontend/lib/expect.js:200:10)
[googlechrome]         at Assertion.(anonymous function) [as be] (http://localhost:9001/tests/frontend/lib/expect.js:73
[googlechrome]     :24)
[googlechrome]         at Context.eval (eval at <anonymous> (http://localhost:9001/static/js/jquery.js:1:0), <anonymous
[googlechrome]     >:29:32)
[googlechrome]         at Test.Runnable.run (http://localhost:9001/tests/frontend/lib/mocha.js:3608:15)
[googlechrome]         at Runner.runTest (http://localhost:9001/tests/frontend/lib/mocha.js:3940:10)
[googlechrome]         at http://localhost:9001/tests/frontend/lib/mocha.js:3986:12
[googlechrome]         at next (http://localhost:9001/tests/frontend/lib/mocha.js:3868:14)
[googlechrome]         at http://localhost:9001/tests/frontend/lib/mocha.js:3877:7
[googlechrome]         at next (http://localhost:9001/tests/frontend/lib/mocha.js:3825:23)
[googlechrome] 
[googlechrome] timeslider.js
[googlechrome]   timeslider button takes you to the timeslider of a pad
[googlechrome]     -> PENDING: timeslider contained in URL
[googlechrome] 
[googlechrome] timeslider_labels.js
[googlechrome]   timeslider
[googlechrome]     -> FAILED : Shows a date and time in the timeslider and make sure it doesn't include NaN
[googlechrome]      Error: timeout of 60000ms exceeded
[googlechrome]         at http://localhost:9001/tests/frontend/lib/mocha.js:3552:21
[googlechrome] 
[googlechrome] timeslider_revisions.js
[googlechrome]   timeslider
[googlechrome]     -> FAILED : loads adds a hundred revisions Error: timeout of 100000ms exceeded
[googlechrome]         at http://localhost:9001/tests/frontend/lib/mocha.js:3552:21
[googlechrome]     -> PENDING: changes the url when clicking on the timeslider
[googlechrome]     -> FAILED : jumps to a revision given in the url Error: timeout of 20000ms exceeded
[googlechrome]         at http://localhost:9001/tests/frontend/lib/mocha.js:3552:21
[googlechrome]     -> FAILED : checks the export url Error: timeout of 11000ms exceeded
[googlechrome]         at http://localhost:9001/tests/frontend/lib/mocha.js:3552:21
[googlechrome] 
[googlechrome] undo.js
[googlechrome]   undo button
[googlechrome]     -> FAILED : undo some typing using a keypress Error: expected '' to not equal ''
[googlechrome]         at Assertion.assert (http://localhost:9001/tests/frontend/lib/expect.js:99:13)
[googlechrome]         at Assertion.be.Assertion.equal (http://localhost:9001/tests/frontend/lib/expect.js:200:10)
[googlechrome]         at Assertion.(anonymous function) [as be] (http://localhost:9001/tests/frontend/lib/expect.js:73
[googlechrome]     :24)
[googlechrome]         at Context.eval (eval at <anonymous> (http://localhost:9001/static/js/jquery.js:1:0), <anonymous
[googlechrome]     >:45:34)
[googlechrome]         at Test.Runnable.run (http://localhost:9001/tests/frontend/lib/mocha.js:3608:15)
[googlechrome]         at Runner.runTest (http://localhost:9001/tests/frontend/lib/mocha.js:3940:10)
[googlechrome]         at http://localhost:9001/tests/frontend/lib/mocha.js:3986:12
[googlechrome]         at next (http://localhost:9001/tests/frontend/lib/mocha.js:3868:14)
[googlechrome]         at http://localhost:9001/tests/frontend/lib/mocha.js:3877:7
[googlechrome]         at next (http://localhost:9001/tests/frontend/lib/mocha.js:3825:23)
[googlechrome] 
[googlechrome] unordered_list.js
[googlechrome]   assign unordered list
[googlechrome]     -> FAILED : insert unordered list text then removes by outdent Error: timeout of 2000ms 
[googlechrome]     exceeded
[googlechrome]         at http://localhost:9001/tests/frontend/lib/mocha.js:3579:14
[googlechrome] 
[googlechrome] urls_become_clickable.js
[googlechrome]   urls
[googlechrome]     -> FAILED : when you enter an url, it becomes clickable Error: timeout of 2000ms exceede
[googlechrome]     d
[googlechrome]         at http://localhost:9001/tests/frontend/lib/mocha.js:3579:14
[googlechrome]     -> FAILED : when you enter a url containing a !, it becomes clickable and contains the w
[googlechrome]     hole URL Error: timeout of 2000ms exceeded
[googlechrome]         at http://localhost:9001/tests/frontend/lib/mocha.js:3579:14
[googlechrome] 
[googlechrome] FINISHED - 14 tests passed, 35 tests failed, duration: 6:41
[googlechrome] 
Remote sauce test '0ec2592 - googlechrome , Linux' finished! https://saucelabs.com/jobs/108f0d886c3e4234a4fe1bc1020b9a93
[firefox] alphabet.js
[firefox]   All the alphabet works n stuff
[firefox]     -> FAILED : "before each" hook the string "Error: Permission denied to access property "
[firefox]     document"" was thrown, throw an Error :)
[firefox]     Runner.prototype.fail@http://localhost:9001/tests/frontend/lib/mocha.js:3786:1
[firefox]     Runner.prototype.uncaught@http://localhost:9001/tests/frontend/lib/mocha.js:4059:3
[firefox]     uncaught@http://localhost:9001/tests/frontend/lib/mocha.js:4089:5
[firefox]     -> PASSED : when you enter any char it appears right
[firefox] 
[firefox] bold.js
[firefox]   bold button
[firefox]     -> FAILED : makes text bold on click expected false to equal true
[firefox]     Assertion.prototype.assert@http://localhost:9001/tests/frontend/lib/expect.js:99:1
[firefox]     Assertion.prototype.equal@http://localhost:9001/tests/frontend/lib/expect.js:200:1
[firefox]     Assertion/this[name]@http://localhost:9001/tests/frontend/lib/expect.js:73:20
[firefox]     @http://localhost:9001/static/js/jquery.js line 603 > eval:29:5
[firefox]     Runnable.prototype.run@http://localhost:9001/tests/frontend/lib/mocha.js:3608:7
[firefox]     Runner.prototype.runTest@http://localhost:9001/tests/frontend/lib/mocha.js:3940:5
[firefox]     next/<@http://localhost:9001/tests/frontend/lib/mocha.js:3986:7
[firefox]     next@http://localhost:9001/tests/frontend/lib/mocha.js:3868:1
[firefox]     next/<@http://localhost:9001/tests/frontend/lib/mocha.js:3877:7
[firefox]     next@http://localhost:9001/tests/frontend/lib/mocha.js:3825:1
[firefox]     next/<@http://localhost:9001/tests/frontend/lib/mocha.js:3840:7
[firefox]     done@http://localhost:9001/tests/frontend/lib/mocha.js:3599:5
[firefox]     Runnable.prototype.run/<@http://localhost:9001/tests/frontend/lib/mocha.js:3611:9
[firefox]     helper.newPad/</</<@http://localhost:9001/tests/frontend/helper.js:96:11
[firefox]     jQuery.Callbacks/fire@http://localhost:9001/static/js/jquery.js line 603 > eval:1037:10
[firefox]     jQuery.Callbacks/self.fireWith@http://localhost:9001/static/js/jquery.js line 603 > eval:1148:7
[firefox]     .Deferred/</deferred[tuple[0]]@http://localhost:9001/static/js/jquery.js line 603 > eval:1237:5
[firefox]     helper.waitFor/intervalCheck<@http://localhost:9001/tests/frontend/helper.js:128:9
[firefox]     -> FAILED : makes text bold on keypress expected false to equal true
[firefox]     Assertion.prototype.assert@http://localhost:9001/tests/frontend/lib/expect.js:99:1
[firefox]     Assertion.prototype.equal@http://localhost:9001/tests/frontend/lib/expect.js:200:1
[firefox]     Assertion/this[name]@http://localhost:9001/tests/frontend/lib/expect.js:73:20
[firefox]     @http://localhost:9001/static/js/jquery.js line 603 > eval:65:5
[firefox]     Runnable.prototype.run@http://localhost:9001/tests/frontend/lib/mocha.js:3608:7
[firefox]     Runner.prototype.runTest@http://localhost:9001/tests/frontend/lib/mocha.js:3940:5
[firefox]     next/<@http://localhost:9001/tests/frontend/lib/mocha.js:3986:7
[firefox]     next@http://localhost:9001/tests/frontend/lib/mocha.js:3868:1
[firefox]     next/<@http://localhost:9001/tests/frontend/lib/mocha.js:3877:7
[firefox]     next@http://localhost:9001/tests/frontend/lib/mocha.js:3825:1
[firefox]     next/<@http://localhost:9001/tests/frontend/lib/mocha.js:3840:7
[firefox]     done@http://localhost:9001/tests/frontend/lib/mocha.js:3599:5
[firefox]     Runnable.prototype.run/<@http://localhost:9001/tests/frontend/lib/mocha.js:3611:9
[firefox]     helper.newPad/</</<@http://localhost:9001/tests/frontend/helper.js:96:11
[firefox]     jQuery.Callbacks/fire@http://localhost:9001/static/js/jquery.js line 603 > eval:1037:10
[firefox]     jQuery.Callbacks/self.fireWith@http://localhost:9001/static/js/jquery.js line 603 > eval:1148:7
[firefox]     .Deferred/</deferred[tuple[0]]@http://localhost:9001/static/js/jquery.js line 603 > eval:1237:5
[firefox]     helper.waitFor/intervalCheck<@http://localhost:9001/tests/frontend/helper.js:128:9
[firefox] 
[firefox] change_user_name.js
[firefox]   change username value
[firefox]     -> FAILED : Remembers the user name after a refresh timeout of 60000ms exceeded
[firefox]     Runnable.prototype.resetTimeout/this.timer<@http://localhost:9001/tests/frontend/lib/mocha.js:3552:2
[firefox]     1
[firefox]     -> FAILED : Own user name is shown when you enter a chat timeout of 2000ms exceeded
[firefox]     Runnable.prototype.run/this.timer<@http://localhost:9001/tests/frontend/lib/mocha.js:3579:14
[firefox] 
[firefox] chat.js
[firefox]   Chat messages and UI
[firefox]     -> FAILED : opens chat, sends a message and makes sure it exists on the page timeout of 
[firefox]     2000ms exceeded
[firefox]     Runnable.prototype.run/this.timer<@http://localhost:9001/tests/frontend/lib/mocha.js:3579:14
[firefox]     -> FAILED : makes sure that an empty message can't be sent timeout of 2000ms exceeded
[firefox]     Runnable.prototype.run/this.timer<@http://localhost:9001/tests/frontend/lib/mocha.js:3579:14
[firefox]     -> PASSED : makes chat stick to right side of the screen
[firefox]     -> PASSED : makes chat stick to right side of the screen then makes it one step smalle
[firefox]     r
[firefox] 
[firefox] chat_load_messages.js
[firefox]   chat-load-messages
[firefox]     -> PASSED : creates a pad
[firefox]     -> FAILED : adds a lot of messages timeout of 60000ms exceeded
[firefox]     Runnable.prototype.resetTimeout/this.timer<@http://localhost:9001/tests/frontend/lib/mocha.js:3552:2
[firefox]     1
[firefox]     -> FAILED : checks initial message count timeout of 2000ms exceeded
[firefox]     Runnable.prototype.run/this.timer<@http://localhost:9001/tests/frontend/lib/mocha.js:3579:14
[firefox]     -> FAILED : loads more messages timeout of 2000ms exceeded
[firefox]     Runnable.prototype.run/this.timer<@http://localhost:9001/tests/frontend/lib/mocha.js:3579:14
[firefox]     -> FAILED : checks for button vanishing timeout of 2000ms exceeded
[firefox]     Runnable.prototype.run/this.timer<@http://localhost:9001/tests/frontend/lib/mocha.js:3579:14
[firefox] 
[firefox] clear_authorship_colors.js
[firefox]   clear authorship colors button
[firefox]     -> FAILED : makes text clear authorship colors timeout of 2000ms exceeded
[firefox]     Runnable.prototype.run/this.timer<@http://localhost:9001/tests/frontend/lib/mocha.js:3579:14
[firefox] 
[firefox] delete.js
[firefox]   delete keystroke
[firefox]     -> FAILED : makes text delete expected 0 to equal -1
[firefox]     Assertion.prototype.assert@http://localhost:9001/tests/frontend/lib/expect.js:99:1
[firefox]     Assertion.prototype.equal@http://localhost:9001/tests/frontend/lib/expect.js:200:1
[firefox]     Assertion/this[name]@http://localhost:9001/tests/frontend/lib/expect.js:73:20
[firefox]     @http://localhost:9001/static/js/jquery.js line 603 > eval:33:5
[firefox]     Runnable.prototype.run@http://localhost:9001/tests/frontend/lib/mocha.js:3608:7
[firefox]     Runner.prototype.runTest@http://localhost:9001/tests/frontend/lib/mocha.js:3940:5
[firefox]     next/<@http://localhost:9001/tests/frontend/lib/mocha.js:3986:7
[firefox]     next@http://localhost:9001/tests/frontend/lib/mocha.js:3868:1
[firefox]     next/<@http://localhost:9001/tests/frontend/lib/mocha.js:3877:7
[firefox]     next@http://localhost:9001/tests/frontend/lib/mocha.js:3825:1
[firefox]     next/<@http://localhost:9001/tests/frontend/lib/mocha.js:3840:7
[firefox]     done@http://localhost:9001/tests/frontend/lib/mocha.js:3599:5
[firefox]     Runnable.prototype.run/<@http://localhost:9001/tests/frontend/lib/mocha.js:3611:9
[firefox]     helper.newPad/</</<@http://localhost:9001/tests/frontend/helper.js:96:11
[firefox]     jQuery.Callbacks/fire@http://localhost:9001/static/js/jquery.js line 603 > eval:1037:10
[firefox]     jQuery.Callbacks/self.fireWith@http://localhost:9001/static/js/jquery.js line 603 > eval:1148:7
[firefox]     .Deferred/</deferred[tuple[0]]@http://localhost:9001/static/js/jquery.js line 603 > eval:1237:5
[firefox]     helper.waitFor/intervalCheck<@http://localhost:9001/tests/frontend/helper.js:128:9
[firefox] 
[firefox] embed_value.js
[firefox]   embed links
[firefox]     read and write
[firefox]       the share link
[firefox]         -> FAILED : is the actual pad url expected '' to equal 'http://localhost:9001/p/FRONTEND
[firefox]         _TEST_dhJApL6m4s1aLgAnBrgo'
[firefox]         Assertion.prototype.assert@http://localhost:9001/tests/frontend/lib/expect.js:99:1
[firefox]         Assertion.prototype.equal@http://localhost:9001/tests/frontend/lib/expect.js:200:1
[firefox]         Assertion/this[name]@http://localhost:9001/tests/frontend/lib/expect.js:73:20
[firefox]         @http://localhost:9001/static/js/jquery.js line 603 > eval:68:9
[firefox]         Runnable.prototype.run@http://localhost:9001/tests/frontend/lib/mocha.js:3608:7
[firefox]         Runner.prototype.runTest@http://localhost:9001/tests/frontend/lib/mocha.js:3940:5
[firefox]         next/<@http://localhost:9001/tests/frontend/lib/mocha.js:3986:7
[firefox]         next@http://localhost:9001/tests/frontend/lib/mocha.js:3868:1
[firefox]         next/<@http://localhost:9001/tests/frontend/lib/mocha.js:3877:7
[firefox]         next@http://localhost:9001/tests/frontend/lib/mocha.js:3825:1
[firefox]         Runner.prototype.hook/<@http://localhost:9001/tests/frontend/lib/mocha.js:3845:5
[firefox]         process.nextTick</<@http://localhost:9001/tests/frontend/lib/mocha.js:4790:28
[firefox]       the embed as iframe code
[firefox]         -> FAILED : is an iframe with the the correct url parameters and correct size expected u
[firefox]         ndefined to equal '600'
[firefox]         Assertion.prototype.assert@http://localhost:9001/tests/frontend/lib/expect.js:99:1
[firefox]         Assertion.prototype.equal@http://localhost:9001/tests/frontend/lib/expect.js:200:1
[firefox]         Assertion/this[name]@http://localhost:9001/tests/frontend/lib/expect.js:73:20
[firefox]         checkiFrameCode@http://localhost:9001/static/js/jquery.js line 603 > eval:22:5
[firefox]         @http://localhost:9001/static/js/jquery.js line 603 > eval:84:9
[firefox]         Runnable.prototype.run@http://localhost:9001/tests/frontend/lib/mocha.js:3608:7
[firefox]         Runner.prototype.runTest@http://localhost:9001/tests/frontend/lib/mocha.js:3940:5
[firefox]         next/<@http://localhost:9001/tests/frontend/lib/mocha.js:3986:7
[firefox]         next@http://localhost:9001/tests/frontend/lib/mocha.js:3868:1
[firefox]         next/<@http://localhost:9001/tests/frontend/lib/mocha.js:3877:7
[firefox]         next@http://localhost:9001/tests/frontend/lib/mocha.js:3825:1
[firefox]         Runner.prototype.hook/<@http://localhost:9001/tests/frontend/lib/mocha.js:3845:5
[firefox]         process.nextTick</<@http://localhost:9001/tests/frontend/lib/mocha.js:4790:28
[firefox]     when read only option is set
[firefox]       the share link
[firefox]         -> FAILED : shows a read only url expected false to equal true
[firefox]         Assertion.prototype.assert@http://localhost:9001/tests/frontend/lib/expect.js:99:1
[firefox]         Assertion.prototype.equal@http://localhost:9001/tests/frontend/lib/expect.js:200:1
[firefox]         Assertion/this[name]@http://localhost:9001/tests/frontend/lib/expect.js:73:20
[firefox]         @http://localhost:9001/static/js/jquery.js line 603 > eval:109:9
[firefox]         Runnable.prototype.run@http://localhost:9001/tests/frontend/lib/mocha.js:3608:7
[firefox]         Runner.prototype.runTest@http://localhost:9001/tests/frontend/lib/mocha.js:3940:5
[firefox]         next/<@http://localhost:9001/tests/frontend/lib/mocha.js:3986:7
[firefox]         next@http://localhost:9001/tests/frontend/lib/mocha.js:3868:1
[firefox]         next/<@http://localhost:9001/tests/frontend/lib/mocha.js:3877:7
[firefox]         next@http://localhost:9001/tests/frontend/lib/mocha.js:3825:1
[firefox]         Runner.prototype.hook/<@http://localhost:9001/tests/frontend/lib/mocha.js:3845:5
[firefox]         process.nextTick</<@http://localhost:9001/tests/frontend/lib/mocha.js:4790:28
[firefox]       the embed as iframe code
[firefox]         -> FAILED : is an iframe with the the correct url parameters and correct size expected f
[firefox]         alse to equal true
[firefox]         Assertion.prototype.assert@http://localhost:9001/tests/frontend/lib/expect.js:99:1
[firefox]         Assertion.prototype.equal@http://localhost:9001/tests/frontend/lib/expect.js:200:1
[firefox]         Assertion/this[name]@http://localhost:9001/tests/frontend/lib/expect.js:73:20
[firefox]         checkiFrameCode@http://localhost:9001/static/js/jquery.js line 603 > eval:42:7
[firefox]         @http://localhost:9001/static/js/jquery.js line 603 > eval:129:9
[firefox]         Runnable.prototype.run@http://localhost:9001/tests/frontend/lib/mocha.js:3608:7
[firefox]         Runner.prototype.runTest@http://localhost:9001/tests/frontend/lib/mocha.js:3940:5
[firefox]         next/<@http://localhost:9001/tests/frontend/lib/mocha.js:3986:7
[firefox]         next@http://localhost:9001/tests/frontend/lib/mocha.js:3868:1
[firefox]         next/<@http://localhost:9001/tests/frontend/lib/mocha.js:3877:7
[firefox]         next@http://localhost:9001/tests/frontend/lib/mocha.js:3825:1
[firefox]         Runner.prototype.hook/<@http://localhost:9001/tests/frontend/lib/mocha.js:3845:5
[firefox]         process.nextTick</<@http://localhost:9001/tests/frontend/lib/mocha.js:4790:28
[firefox] 
[firefox] enter.js
[firefox]   enter keystroke
[firefox]     -> PASSED : creates a new line & puts cursor onto a new line
[firefox] 
[firefox] font_type.js
[firefox]   font select
[firefox]     -> PASSED : makes text monospace
[firefox] 
[firefox] helper.js
[firefox]   the test helper
[firefox]     the newPad method
[firefox]       -> PENDING: doesn't leak memory if you creates iframes over and over again
[firefox]       -> PASSED : gives me 3 jquery instances of chrome, outer and inner
[firefox]     the waitFor method
[firefox]       -> PASSED : takes a timeout and waits long enough
[firefox]       -> PASSED : takes an interval and checks on every interval
[firefox]       returns a deferred object
[firefox]         -> PASSED : it calls done after success
[firefox]         -> PASSED : calls fail after failure
[firefox]         -> PENDING: throws if you don't listen for fails
[firefox] 
[firefox] importexport.js
[firefox]   import functionality
[firefox]     -> PENDING: import a pad with newlines from txt
[firefox]     -> PENDING: import a pad with newlines from html
[firefox]     -> PENDING: import a pad with attributes from html
[firefox]     -> PENDING: import a pad with bullets from html
[firefox]     -> PENDING: import a pad with bullets and newlines from html
[firefox]     -> PENDING: import a pad with bullets and newlines and attributes from html
[firefox]     -> PENDING: import a pad with nested bullets from html
[firefox]     -> PENDING: import a pad with 8 levels of bullets and newlines and attributes from ht
[firefox]     ml
[firefox]     -> PENDING: import a pad with ordered lists from html
[firefox]     -> PENDING: import a pad with ordered lists and newlines from html
[firefox]     -> PENDING: import a pad with nested ordered lists and attributes and newlines from h
[firefox]     tml
[firefox] 
[firefox] importindents.js
[firefox]   import indents functionality
[firefox]     -> PENDING: import a pad with indents from html
[firefox]     -> PENDING: import a pad with indented lists and newlines from html
[firefox]     -> PENDING: import a pad with 8 levels of indents and newlines and attributes from ht
[firefox]     ml
[firefox] 
[firefox] indentation.js
[firefox]   indentation button
[firefox]     -> PASSED : indent text with keypress
[firefox]     -> FAILED : indent text with button timeout of 2000ms exceeded
[firefox]     Runnable.prototype.run/this.timer<@http://localhost:9001/tests/frontend/lib/mocha.js:3579:14
[firefox]     -> FAILED : keeps the indent on enter for the new line timeout of 2000ms exceeded
[firefox]     Runnable.prototype.run/this.timer<@http://localhost:9001/tests/frontend/lib/mocha.js:3579:14
[firefox] 
[firefox] italic.js
[firefox]   italic some text
[firefox]     -> FAILED : makes text italic using button expected false to equal true
[firefox]     Assertion.prototype.assert@http://localhost:9001/tests/frontend/lib/expect.js:99:1
[firefox]     Assertion.prototype.equal@http://localhost:9001/tests/frontend/lib/expect.js:200:1
[firefox]     Assertion/this[name]@http://localhost:9001/tests/frontend/lib/expect.js:73:20
[firefox]     @http://localhost:9001/static/js/jquery.js line 603 > eval:29:5
[firefox]     Runnable.prototype.run@http://localhost:9001/tests/frontend/lib/mocha.js:3608:7
[firefox]     Runner.prototype.runTest@http://localhost:9001/tests/frontend/lib/mocha.js:3940:5
[firefox]     next/<@http://localhost:9001/tests/frontend/lib/mocha.js:3986:7
[firefox]     next@http://localhost:9001/tests/frontend/lib/mocha.js:3868:1
[firefox]     next/<@http://localhost:9001/tests/frontend/lib/mocha.js:3877:7
[firefox]     next@http://localhost:9001/tests/frontend/lib/mocha.js:3825:1
[firefox]     next/<@http://localhost:9001/tests/frontend/lib/mocha.js:3840:7
[firefox]     done@http://localhost:9001/tests/frontend/lib/mocha.js:3599:5
[firefox]     Runnable.prototype.run/<@http://localhost:9001/tests/frontend/lib/mocha.js:3611:9
[firefox]     helper.newPad/</</<@http://localhost:9001/tests/frontend/helper.js:96:11
[firefox]     jQuery.Callbacks/fire@http://localhost:9001/static/js/jquery.js line 603 > eval:1037:10
[firefox]     jQuery.Callbacks/self.fireWith@http://localhost:9001/static/js/jquery.js line 603 > eval:1148:7
[firefox]     .Deferred/</deferred[tuple[0]]@http://localhost:9001/static/js/jquery.js line 603 > eval:1237:5
[firefox]     helper.waitFor/intervalCheck<@http://localhost:9001/tests/frontend/helper.js:128:9
[firefox]     -> FAILED : makes text italic using keypress expected false to equal true
[firefox]     Assertion.prototype.assert@http://localhost:9001/tests/frontend/lib/expect.js:99:1
[firefox]     Assertion.prototype.equal@http://localhost:9001/tests/frontend/lib/expect.js:200:1
[firefox]     Assertion/this[name]@http://localhost:9001/tests/frontend/lib/expect.js:73:20
[firefox]     @http://localhost:9001/static/js/jquery.js line 603 > eval:65:5
[firefox]     Runnable.prototype.run@http://localhost:9001/tests/frontend/lib/mocha.js:3608:7
[firefox]     Runner.prototype.runTest@http://localhost:9001/tests/frontend/lib/mocha.js:3940:5
[firefox]     next/<@http://localhost:9001/tests/frontend/lib/mocha.js:3986:7
[firefox]     next@http://localhost:9001/tests/frontend/lib/mocha.js:3868:1
[firefox]     next/<@http://localhost:9001/tests/frontend/lib/mocha.js:3877:7
[firefox]     next@http://localhost:9001/tests/frontend/lib/mocha.js:3825:1
[firefox]     next/<@http://localhost:9001/tests/frontend/lib/mocha.js:3840:7
[firefox]     done@http://localhost:9001/tests/frontend/lib/mocha.js:3599:5
[firefox]     Runnable.prototype.run/<@http://localhost:9001/tests/frontend/lib/mocha.js:3611:9
[firefox]     helper.newPad/</</<@http://localhost:9001/tests/frontend/helper.js:96:11
[firefox]     jQuery.Callbacks/fire@http://localhost:9001/static/js/jquery.js line 603 > eval:1037:10
[firefox]     jQuery.Callbacks/self.fireWith@http://localhost:9001/static/js/jquery.js line 603 > eval:1148:7
[firefox]     .Deferred/</deferred[tuple[0]]@http://localhost:9001/static/js/jquery.js line 603 > eval:1237:5
[firefox]     helper.waitFor/intervalCheck<@http://localhost:9001/tests/frontend/helper.js:128:9
[firefox] 
[firefox] language.js
[firefox]   Language select and change
[firefox]     -> PASSED : makes text german
[firefox]     -> PASSED : makes text English
[firefox]     -> PASSED : changes direction when picking an rtl lang
[firefox]     -> PASSED : changes direction when picking an ltr lang
[firefox] 
[firefox] ordered_list.js
[firefox]   assign ordered list
[firefox]     -> FAILED : insert ordered list text timeout of 2000ms exceeded
[firefox]     Runnable.prototype.run/this.timer<@http://localhost:9001/tests/frontend/lib/mocha.js:3579:14
[firefox]     -> PENDING: issue #1125 keeps the numbered list on enter for the new line - EMULATES 
[firefox]     PASTING INTO A PAD
[firefox] 
[firefox] redo.js
[firefox]   undo button then redo button
[firefox]     -> FAILED : redo some typing with button expected '' to not equal ''
[firefox]     Assertion.prototype.assert@http://localhost:9001/tests/frontend/lib/expect.js:99:1
[firefox]     Assertion.prototype.equal@http://localhost:9001/tests/frontend/lib/expect.js:200:1
[firefox]     Assertion/this[name]@http://localhost:9001/tests/frontend/lib/expect.js:73:20
[firefox]     @http://localhost:9001/static/js/jquery.js line 603 > eval:18:5
[firefox]     Runnable.prototype.run@http://localhost:9001/tests/frontend/lib/mocha.js:3608:7
[firefox]     Runner.prototype.runTest@http://localhost:9001/tests/frontend/lib/mocha.js:3940:5
[firefox]     next/<@http://localhost:9001/tests/frontend/lib/mocha.js:3986:7
[firefox]     next@http://localhost:9001/tests/frontend/lib/mocha.js:3868:1
[firefox]     next/<@http://localhost:9001/tests/frontend/lib/mocha.js:3877:7
[firefox]     next@http://localhost:9001/tests/frontend/lib/mocha.js:3825:1
[firefox]     next/<@http://localhost:9001/tests/frontend/lib/mocha.js:3840:7
[firefox]     done@http://localhost:9001/tests/frontend/lib/mocha.js:3599:5
[firefox]     Runnable.prototype.run/<@http://localhost:9001/tests/frontend/lib/mocha.js:3611:9
[firefox]     helper.newPad/</</<@http://localhost:9001/tests/frontend/helper.js:96:11
[firefox]     jQuery.Callbacks/fire@http://localhost:9001/static/js/jquery.js line 603 > eval:1037:10
[firefox]     jQuery.Callbacks/self.fireWith@http://localhost:9001/static/js/jquery.js line 603 > eval:1148:7
[firefox]     .Deferred/</deferred[tuple[0]]@http://localhost:9001/static/js/jquery.js line 603 > eval:1237:5
[firefox]     helper.waitFor/intervalCheck<@http://localhost:9001/tests/frontend/helper.js:128:9
[firefox]     -> FAILED : redo some typing with keypress expected '' to not equal ''
[firefox]     Assertion.prototype.assert@http://localhost:9001/tests/frontend/lib/expect.js:99:1
[firefox]     Assertion.prototype.equal@http://localhost:9001/tests/frontend/lib/expect.js:200:1
[firefox]     Assertion/this[name]@http://localhost:9001/tests/frontend/lib/expect.js:73:20
[firefox]     @http://localhost:9001/static/js/jquery.js line 603 > eval:48:5
[firefox]     Runnable.prototype.run@http://localhost:9001/tests/frontend/lib/mocha.js:3608:7
[firefox]     Runner.prototype.runTest@http://localhost:9001/tests/frontend/lib/mocha.js:3940:5
[firefox]     next/<@http://localhost:9001/tests/frontend/lib/mocha.js:3986:7
[firefox]     next@http://localhost:9001/tests/frontend/lib/mocha.js:3868:1
[firefox]     next/<@http://localhost:9001/tests/frontend/lib/mocha.js:3877:7
[firefox]     next@http://localhost:9001/tests/frontend/lib/mocha.js:3825:1
[firefox]     next/<@http://localhost:9001/tests/frontend/lib/mocha.js:3840:7
[firefox]     done@http://localhost:9001/tests/frontend/lib/mocha.js:3599:5
[firefox]     Runnable.prototype.run/<@http://localhost:9001/tests/frontend/lib/mocha.js:3611:9
[firefox]     helper.newPad/</</<@http://localhost:9001/tests/frontend/helper.js:96:11
[firefox]     jQuery.Callbacks/fire@http://localhost:9001/static/js/jquery.js line 603 > eval:1037:10
[firefox]     jQuery.Callbacks/self.fireWith@http://localhost:9001/static/js/jquery.js line 603 > eval:1148:7
[firefox]     .Deferred/</deferred[tuple[0]]@http://localhost:9001/static/js/jquery.js line 603 > eval:1237:5
[firefox]     helper.waitFor/intervalCheck<@http://localhost:9001/tests/frontend/helper.js:128:9
[firefox] 
[firefox] responsiveness.js
[firefox]   Responsiveness of Editor
[firefox]     -> PENDING: Fast response to keypress in pad with large amount of contents
[firefox] 
[firefox] strikethrough.js
[firefox]   strikethrough button
[firefox]     -> FAILED : makes text strikethrough expected false to equal true
[firefox]     Assertion.prototype.assert@http://localhost:9001/tests/frontend/lib/expect.js:99:1
[firefox]     Assertion.prototype.equal@http://localhost:9001/tests/frontend/lib/expect.js:200:1
[firefox]     Assertion/this[name]@http://localhost:9001/tests/frontend/lib/expect.js:73:20
[firefox]     @http://localhost:9001/static/js/jquery.js line 603 > eval:29:5
[firefox]     Runnable.prototype.run@http://localhost:9001/tests/frontend/lib/mocha.js:3608:7
[firefox]     Runner.prototype.runTest@http://localhost:9001/tests/frontend/lib/mocha.js:3940:5
[firefox]     next/<@http://localhost:9001/tests/frontend/lib/mocha.js:3986:7
[firefox]     next@http://localhost:9001/tests/frontend/lib/mocha.js:3868:1
[firefox]     next/<@http://localhost:9001/tests/frontend/lib/mocha.js:3877:7
[firefox]     next@http://localhost:9001/tests/frontend/lib/mocha.js:3825:1
[firefox]     next/<@http://localhost:9001/tests/frontend/lib/mocha.js:3840:7
[firefox]     done@http://localhost:9001/tests/frontend/lib/mocha.js:3599:5
[firefox]     Runnable.prototype.run/<@http://localhost:9001/tests/frontend/lib/mocha.js:3611:9
[firefox]     helper.newPad/</</<@http://localhost:9001/tests/frontend/helper.js:96:11
[firefox]     jQuery.Callbacks/fire@http://localhost:9001/static/js/jquery.js line 603 > eval:1037:10
[firefox]     jQuery.Callbacks/self.fireWith@http://localhost:9001/static/js/jquery.js line 603 > eval:1148:7
[firefox]     .Deferred/</deferred[tuple[0]]@http://localhost:9001/static/js/jquery.js line 603 > eval:1237:5
[firefox]     helper.waitFor/intervalCheck<@http://localhost:9001/tests/frontend/helper.js:128:9
[firefox] 
[firefox] timeslider.js
[firefox]   timeslider button takes you to the timeslider of a pad
[firefox]     -> PENDING: timeslider contained in URL
[firefox] 
[firefox] timeslider_labels.js
[firefox]   timeslider
[firefox]     -> FAILED : Shows a date and time in the timeslider and make sure it doesn't include NaN
[firefox]      timeout of 60000ms exceeded
[firefox]     Runnable.prototype.resetTimeout/this.timer<@http://localhost:9001/tests/frontend/lib/mocha.js:3552:2
[firefox]     1
[firefox] 
[firefox] timeslider_revisions.js
[firefox]   timeslider
[firefox]     -> FAILED : loads adds a hundred revisions timeout of 100000ms exceeded
[firefox]     Runnable.prototype.resetTimeout/this.timer<@http://localhost:9001/tests/frontend/lib/mocha.js:3552:2
[firefox]     1
[firefox]     -> PENDING: changes the url when clicking on the timeslider
[firefox]     -> FAILED : jumps to a revision given in the url timeout of 20000ms exceeded
[firefox]     Runnable.prototype.resetTimeout/this.timer<@http://localhost:9001/tests/frontend/lib/mocha.js:3552:2
[firefox]     1
[firefox]     -> FAILED : checks the export url timeout of 11000ms exceeded
[firefox]     Runnable.prototype.resetTimeout/this.timer<@http://localhost:9001/tests/frontend/lib/mocha.js:3552:2
[firefox]     1
[firefox] 
[firefox] undo.js
[firefox]   undo button
[firefox]     -> FAILED : undo some typing using a keypress expected '' to not equal ''
[firefox]     Assertion.prototype.assert@http://localhost:9001/tests/frontend/lib/expect.js:99:1
[firefox]     Assertion.prototype.equal@http://localhost:9001/tests/frontend/lib/expect.js:200:1
[firefox]     Assertion/this[name]@http://localhost:9001/tests/frontend/lib/expect.js:73:20
[firefox]     @http://localhost:9001/static/js/jquery.js line 603 > eval:45:5
[firefox]     Runnable.prototype.run@http://localhost:9001/tests/frontend/lib/mocha.js:3608:7
[firefox]     Runner.prototype.runTest@http://localhost:9001/tests/frontend/lib/mocha.js:3940:5
[firefox]     next/<@http://localhost:9001/tests/frontend/lib/mocha.js:3986:7
[firefox]     next@http://localhost:9001/tests/frontend/lib/mocha.js:3868:1
[firefox]     next/<@http://localhost:9001/tests/frontend/lib/mocha.js:3877:7
[firefox]     next@http://localhost:9001/tests/frontend/lib/mocha.js:3825:1
[firefox]     next/<@http://localhost:9001/tests/frontend/lib/mocha.js:3840:7
[firefox]     done@http://localhost:9001/tests/frontend/lib/mocha.js:3599:5
[firefox]     Runnable.prototype.run/<@http://localhost:9001/tests/frontend/lib/mocha.js:3611:9
[firefox]     helper.newPad/</</<@http://localhost:9001/tests/frontend/helper.js:96:11
[firefox]     jQuery.Callbacks/fire@http://localhost:9001/static/js/jquery.js line 603 > eval:1037:10
[firefox]     jQuery.Callbacks/self.fireWith@http://localhost:9001/static/js/jquery.js line 603 > eval:1148:7
[firefox]     .Deferred/</deferred[tuple[0]]@http://localhost:9001/static/js/jquery.js line 603 > eval:1237:5
[firefox]     helper.waitFor/intervalCheck<@http://localhost:9001/tests/frontend/helper.js:128:9
[firefox] 
[firefox] unordered_list.js
[firefox]   assign unordered list
[firefox]     -> FAILED : insert unordered list text then removes by outdent timeout of 2000ms exceede
[firefox]     d
[firefox]     Runnable.prototype.run/this.timer<@http://localhost:9001/tests/frontend/lib/mocha.js:3579:14
[firefox] 
[firefox] urls_become_clickable.js
[firefox]   urls
[firefox]     -> PASSED : when you enter an url, it becomes clickable
[firefox]     -> PASSED : when you enter a url containing a !, it becomes clickable and contains the
[firefox]      whole URL
[firefox] 
[firefox] FINISHED - 18 tests passed, 31 tests failed, duration: 7:2
[firefox] 
Remote sauce test '0ec2592 - firefox , Linux' finished! https://saucelabs.com/jobs/876c5d98e46f469e9a3ce8e1beb757a0
[iexplore 10] alphabet.js
[iexplore 10]   All the alphabet works n stuff
[iexplore 10]     -> PASSED : when you enter any char it appears right
[iexplore 10] 
[iexplore 10] bold.js
[iexplore 10]   bold button
[iexplore 10]     -> FAILED : makes text bold on click Error: expected false to equal true
[iexplore 10]        at assert (http://localhost:9001/tests/frontend/lib/expect.js:99:7)
[iexplore 10]        at equal (http://localhost:9001/tests/frontend/lib/expect.js:200:5)
[iexplore 10]        at Anonymous function (http://localhost:9001/tests/frontend/lib/expect.js:73:13)
[iexplore 10]        at Anonymous function (Unknown script code:29:5)
[iexplore 10]        at run (http://localhost:9001/tests/frontend/lib/mocha.js:3608:7)
[iexplore 10]        at runTest (http://localhost:9001/tests/frontend/lib/mocha.js:3940:5)
[iexplore 10]        at Anonymous function (http://localhost:9001/tests/frontend/lib/mocha.js:3986:7)
[iexplore 10]        at next (http://localhost:9001/tests/frontend/lib/mocha.js:3868:7)
[iexplore 10]        at Anonymous function (http://localhost:9001/tests/frontend/lib/mocha.js:3877:7)
[iexplore 10]        at next (http://localhost:9001/tests/frontend/lib/mocha.js:3825:16)
[iexplore 10]     -> FAILED : makes text bold on keypress Error: expected false to equal true
[iexplore 10]        at assert (http://localhost:9001/tests/frontend/lib/expect.js:99:7)
[iexplore 10]        at equal (http://localhost:9001/tests/frontend/lib/expect.js:200:5)
[iexplore 10]        at Anonymous function (http://localhost:9001/tests/frontend/lib/expect.js:73:13)
[iexplore 10]        at Anonymous function (Unknown script code:65:5)
[iexplore 10]        at run (http://localhost:9001/tests/frontend/lib/mocha.js:3608:7)
[iexplore 10]        at runTest (http://localhost:9001/tests/frontend/lib/mocha.js:3940:5)
[iexplore 10]        at Anonymous function (http://localhost:9001/tests/frontend/lib/mocha.js:3986:7)
[iexplore 10]        at next (http://localhost:9001/tests/frontend/lib/mocha.js:3868:7)
[iexplore 10]        at Anonymous function (http://localhost:9001/tests/frontend/lib/mocha.js:3877:7)
[iexplore 10]        at next (http://localhost:9001/tests/frontend/lib/mocha.js:3825:16)
[iexplore 10] 
[iexplore 10] change_user_name.js
[iexplore 10]   change username value
[iexplore 10]     -> FAILED : Remembers the user name after a refresh Error: the string "expected '' to eq
[iexplore 10]     ual 'John McLear'" was thrown, throw an Error :)
[iexplore 10]     -> FAILED : Own user name is shown when you enter a chat Error: the string "wait for con
[iexplore 10]     dition never became true function(){
[iexplore 10]           return chrome$("#chattext").children("p").length !== 0; // wait until the chat message shows u
[iexplore 10]     p
[iexplore 10]         }" was thrown, throw an Error :)
[iexplore 10] 
[iexplore 10] chat.js
[iexplore 10]   Chat messages and UI
[iexplore 10]     -> FAILED : opens chat, sends a message and makes sure it exists on the page Error: the 
[iexplore 10]     string "wait for condition never became true function(){
[iexplore 10]           return chrome$("#chattext").children("p").length !== 0; // wait until the chat message shows u
[iexplore 10]     p
[iexplore 10]         }" was thrown, throw an Error :)
[iexplore 10]     -> FAILED : makes sure that an empty message can't be sent Error: the string "wait for c
[iexplore 10]     ondition never became true function(){
[iexplore 10]           return chrome$("#chattext").children("p").length !== 0; // wait until the chat message shows u
[iexplore 10]     p
[iexplore 10]         }" was thrown, throw an Error :)
[iexplore 10]     -> PASSED : makes chat stick to right side of the screen
[iexplore 10]     -> PASSED : makes chat stick to right side of the screen then makes it one step smalle
[iexplore 10]     r
[iexplore 10] 
[iexplore 10] chat_load_messages.js
[iexplore 10]   chat-load-messages
[iexplore 10]     -> PASSED : creates a pad
[iexplore 10]     -> FAILED : adds a lot of messages Error: timeout of 60000ms exceeded
[iexplore 10]     -> FAILED : checks initial message count Error: the string "expected 0 to equal 140" was
[iexplore 10]      thrown, throw an Error :)
[iexplore 10]     -> FAILED : loads more messages Error: the string "expected 0 to equal 101" was thrown, 
[iexplore 10]     throw an Error :)
[iexplore 10]     -> FAILED : checks for button vanishing Error: the string "expected 0 to equal 122" was 
[iexplore 10]     thrown, throw an Error :)
[iexplore 10] 
[iexplore 10] clear_authorship_colors.js
[iexplore 10]   clear authorship colors button
[iexplore 10]     -> FAILED : "before each" hook Error: the string "expected 'block' to equal 'none'" was 
[iexplore 10]     thrown, throw an Error :)
[iexplore 10]     -> FAILED : makes text clear authorship colors Error: timeout of 2000ms exceeded
[iexplore 10] 
[iexplore 10] delete.js
[iexplore 10]   delete keystroke
[iexplore 10]     -> FAILED : makes text delete Error: expected 0 to equal -1
[iexplore 10]        at assert (http://localhost:9001/tests/frontend/lib/expect.js:99:7)
[iexplore 10]        at equal (http://localhost:9001/tests/frontend/lib/expect.js:200:5)
[iexplore 10]        at Anonymous function (http://localhost:9001/tests/frontend/lib/expect.js:73:13)
[iexplore 10]        at Anonymous function (Unknown script code:33:5)
[iexplore 10]        at run (http://localhost:9001/tests/frontend/lib/mocha.js:3608:7)
[iexplore 10]        at runTest (http://localhost:9001/tests/frontend/lib/mocha.js:3940:5)
[iexplore 10]        at Anonymous function (http://localhost:9001/tests/frontend/lib/mocha.js:3986:7)
[iexplore 10]        at next (http://localhost:9001/tests/frontend/lib/mocha.js:3868:7)
[iexplore 10]        at Anonymous function (http://localhost:9001/tests/frontend/lib/mocha.js:3877:7)
[iexplore 10]        at next (http://localhost:9001/tests/frontend/lib/mocha.js:3825:16)
[iexplore 10] 
[iexplore 10] embed_value.js
[iexplore 10]   embed links
[iexplore 10]     read and write
[iexplore 10]       the share link
[iexplore 10]         -> FAILED : is the actual pad url Error: expected '' to equal 'http://localhost:9001/p/F
[iexplore 10]         RONTEND_TEST_9t9mOTn2GaiDYXCNT5id'
[iexplore 10]            at assert (http://localhost:9001/tests/frontend/lib/expect.js:99:7)
[iexplore 10]            at equal (http://localhost:9001/tests/frontend/lib/expect.js:200:5)
[iexplore 10]            at Anonymous function (http://localhost:9001/tests/frontend/lib/expect.js:73:13)
[iexplore 10]            at Anonymous function (Unknown script code:68:9)
[iexplore 10]            at run (http://localhost:9001/tests/frontend/lib/mocha.js:3608:7)
[iexplore 10]            at runTest (http://localhost:9001/tests/frontend/lib/mocha.js:3940:5)
[iexplore 10]            at Anonymous function (http://localhost:9001/tests/frontend/lib/mocha.js:3986:7)
[iexplore 10]            at next (http://localhost:9001/tests/frontend/lib/mocha.js:3868:7)
[iexplore 10]            at Anonymous function (http://localhost:9001/tests/frontend/lib/mocha.js:3877:7)
[iexplore 10]            at next (http://localhost:9001/tests/frontend/lib/mocha.js:3825:16)
[iexplore 10]       the embed as iframe code
[iexplore 10]         -> FAILED : is an iframe with the the correct url parameters and correct size Error: exp
[iexplore 10]         ected undefined to equal '600'
[iexplore 10]            at assert (http://localhost:9001/tests/frontend/lib/expect.js:99:7)
[iexplore 10]            at equal (http://localhost:9001/tests/frontend/lib/expect.js:200:5)
[iexplore 10]            at Anonymous function (http://localhost:9001/tests/frontend/lib/expect.js:73:13)
[iexplore 10]            at checkiFrameCode (Unknown script code:22:5)
[iexplore 10]            at Anonymous function (Unknown script code:84:9)
[iexplore 10]            at run (http://localhost:9001/tests/frontend/lib/mocha.js:3608:7)
[iexplore 10]            at runTest (http://localhost:9001/tests/frontend/lib/mocha.js:3940:5)
[iexplore 10]            at Anonymous function (http://localhost:9001/tests/frontend/lib/mocha.js:3986:7)
[iexplore 10]            at next (http://localhost:9001/tests/frontend/lib/mocha.js:3868:7)
[iexplore 10]            at Anonymous function (http://localhost:9001/tests/frontend/lib/mocha.js:3877:7)
[iexplore 10]     when read only option is set
[iexplore 10]       the share link
[iexplore 10]         -> FAILED : shows a read only url Error: expected false to equal true
[iexplore 10]            at assert (http://localhost:9001/tests/frontend/lib/expect.js:99:7)
[iexplore 10]            at equal (http://localhost:9001/tests/frontend/lib/expect.js:200:5)
[iexplore 10]            at Anonymous function (http://localhost:9001/tests/frontend/lib/expect.js:73:13)
[iexplore 10]            at Anonymous function (Unknown script code:109:9)
[iexplore 10]            at run (http://localhost:9001/tests/frontend/lib/mocha.js:3608:7)
[iexplore 10]            at runTest (http://localhost:9001/tests/frontend/lib/mocha.js:3940:5)
[iexplore 10]            at Anonymous function (http://localhost:9001/tests/frontend/lib/mocha.js:3986:7)
[iexplore 10]            at next (http://localhost:9001/tests/frontend/lib/mocha.js:3868:7)
[iexplore 10]            at Anonymous function (http://localhost:9001/tests/frontend/lib/mocha.js:3877:7)
[iexplore 10]            at next (http://localhost:9001/tests/frontend/lib/mocha.js:3825:16)
[iexplore 10]       the embed as iframe code
[iexplore 10]         -> FAILED : is an iframe with the the correct url parameters and correct size Error: exp
[iexplore 10]         ected false to equal true
[iexplore 10]            at assert (http://localhost:9001/tests/frontend/lib/expect.js:99:7)
[iexplore 10]            at equal (http://localhost:9001/tests/frontend/lib/expect.js:200:5)
[iexplore 10]            at Anonymous function (http://localhost:9001/tests/frontend/lib/expect.js:73:13)
[iexplore 10]            at checkiFrameCode (Unknown script code:42:7)
[iexplore 10]            at Anonymous function (Unknown script code:129:9)
[iexplore 10]            at run (http://localhost:9001/tests/frontend/lib/mocha.js:3608:7)
[iexplore 10]            at runTest (http://localhost:9001/tests/frontend/lib/mocha.js:3940:5)
[iexplore 10]            at Anonymous function (http://localhost:9001/tests/frontend/lib/mocha.js:3986:7)
[iexplore 10]            at next (http://localhost:9001/tests/frontend/lib/mocha.js:3868:7)
[iexplore 10]            at Anonymous function (http://localhost:9001/tests/frontend/lib/mocha.js:3877:7)
[iexplore 10] 
[iexplore 10] enter.js
[iexplore 10]   enter keystroke
[iexplore 10]     -> PASSED : creates a new line & puts cursor onto a new line
[iexplore 10] 
[iexplore 10] font_type.js
[iexplore 10]   font select
[iexplore 10]     -> PASSED : makes text monospace
[iexplore 10] 
[iexplore 10] helper.js
[iexplore 10]   the test helper
[iexplore 10]     the newPad method
[iexplore 10]       -> PENDING: doesn't leak memory if you creates iframes over and over again
[iexplore 10]       -> PASSED : gives me 3 jquery instances of chrome, outer and inner
[iexplore 10]     the waitFor method
[iexplore 10]       -> PASSED : takes a timeout and waits long enough
[iexplore 10]       -> PASSED : takes an interval and checks on every interval
[iexplore 10]       returns a deferred object
[iexplore 10]         -> PASSED : it calls done after success
[iexplore 10]         -> PASSED : calls fail after failure
[iexplore 10]         -> PENDING: throws if you don't listen for fails
[iexplore 10] 
[iexplore 10] importexport.js
[iexplore 10]   import functionality
[iexplore 10]     -> PENDING: import a pad with newlines from txt
[iexplore 10]     -> PENDING: import a pad with newlines from html
[iexplore 10]     -> PENDING: import a pad with attributes from html
[iexplore 10]     -> PENDING: import a pad with bullets from html
[iexplore 10]     -> PENDING: import a pad with bullets and newlines from html
[iexplore 10]     -> PENDING: import a pad with bullets and newlines and attributes from html
[iexplore 10]     -> PENDING: import a pad with nested bullets from html
[iexplore 10]     -> PENDING: import a pad with 8 levels of bullets and newlines and attributes from ht
[iexplore 10]     ml
[iexplore 10]     -> PENDING: import a pad with ordered lists from html
[iexplore 10]     -> PENDING: import a pad with ordered lists and newlines from html
[iexplore 10]     -> PENDING: import a pad with nested ordered lists and attributes and newlines from h
[iexplore 10]     tml
[iexplore 10] 
[iexplore 10] importindents.js
[iexplore 10]   import indents functionality
[iexplore 10]     -> PENDING: import a pad with indents from html
[iexplore 10]     -> PENDING: import a pad with indented lists and newlines from html
[iexplore 10]     -> PENDING: import a pad with 8 levels of indents and newlines and attributes from ht
[iexplore 10]     ml
[iexplore 10] 
[iexplore 10] indentation.js
[iexplore 10]   indentation button
[iexplore 10]     -> PASSED : indent text with keypress
[iexplore 10]     -> FAILED : indent text with button Error: timeout of 2000ms exceeded
[iexplore 10]     -> FAILED : keeps the indent on enter for the new line Error: timeout of 2000ms exceeded
[iexplore 10] 
[iexplore 10] italic.js
[iexplore 10]   italic some text
[iexplore 10]     -> FAILED : makes text italic using button Error: expected false to equal true
[iexplore 10]        at assert (http://localhost:9001/tests/frontend/lib/expect.js:99:7)
[iexplore 10]        at equal (http://localhost:9001/tests/frontend/lib/expect.js:200:5)
[iexplore 10]        at Anonymous function (http://localhost:9001/tests/frontend/lib/expect.js:73:13)
[iexplore 10]        at Anonymous function (Unknown script code:29:5)
[iexplore 10]        at run (http://localhost:9001/tests/frontend/lib/mocha.js:3608:7)
[iexplore 10]        at runTest (http://localhost:9001/tests/frontend/lib/mocha.js:3940:5)
[iexplore 10]        at Anonymous function (http://localhost:9001/tests/frontend/lib/mocha.js:3986:7)
[iexplore 10]        at next (http://localhost:9001/tests/frontend/lib/mocha.js:3868:7)
[iexplore 10]        at Anonymous function (http://localhost:9001/tests/frontend/lib/mocha.js:3877:7)
[iexplore 10]        at next (http://localhost:9001/tests/frontend/lib/mocha.js:3825:16)
[iexplore 10]     -> FAILED : makes text italic using keypress Error: expected false to equal true
[iexplore 10]        at assert (http://localhost:9001/tests/frontend/lib/expect.js:99:7)
[iexplore 10]        at equal (http://localhost:9001/tests/frontend/lib/expect.js:200:5)
[iexplore 10]        at Anonymous function (http://localhost:9001/tests/frontend/lib/expect.js:73:13)
[iexplore 10]        at Anonymous function (Unknown script code:65:5)
[iexplore 10]        at run (http://localhost:9001/tests/frontend/lib/mocha.js:3608:7)
[iexplore 10]        at runTest (http://localhost:9001/tests/frontend/lib/mocha.js:3940:5)
[iexplore 10]        at Anonymous function (http://localhost:9001/tests/frontend/lib/mocha.js:3986:7)
[iexplore 10]        at next (http://localhost:9001/tests/frontend/lib/mocha.js:3868:7)
[iexplore 10]        at Anonymous function (http://localhost:9001/tests/frontend/lib/mocha.js:3877:7)
[iexplore 10]        at next (http://localhost:9001/tests/frontend/lib/mocha.js:3825:16)
[iexplore 10] 
[iexplore 10] language.js
[iexplore 10]   Language select and change
[iexplore 10]     -> PASSED : makes text german
[iexplore 10]     -> PASSED : makes text English
[iexplore 10]     -> PASSED : changes direction when picking an rtl lang
[iexplore 10]     -> PASSED : changes direction when picking an ltr lang
[iexplore 10] 
[iexplore 10] ordered_list.js
[iexplore 10]   assign ordered list
[iexplore 10]     -> FAILED : insert ordered list text Error: timeout of 2000ms exceeded
[iexplore 10]     -> PENDING: issue #1125 keeps the numbered list on enter for the new line - EMULATES 
[iexplore 10]     PASTING INTO A PAD
[iexplore 10] 
[iexplore 10] redo.js
[iexplore 10]   undo button then redo button
[iexplore 10]     -> FAILED : redo some typing with button Error: expected '' to not equal ''
[iexplore 10]        at assert (http://localhost:9001/tests/frontend/lib/expect.js:99:7)
[iexplore 10]        at equal (http://localhost:9001/tests/frontend/lib/expect.js:200:5)
[iexplore 10]        at Anonymous function (http://localhost:9001/tests/frontend/lib/expect.js:73:13)
[iexplore 10]        at Anonymous function (Unknown script code:18:5)
[iexplore 10]        at run (http://localhost:9001/tests/frontend/lib/mocha.js:3608:7)
[iexplore 10]        at runTest (http://localhost:9001/tests/frontend/lib/mocha.js:3940:5)
[iexplore 10]        at Anonymous function (http://localhost:9001/tests/frontend/lib/mocha.js:3986:7)
[iexplore 10]        at next (http://localhost:9001/tests/frontend/lib/mocha.js:3868:7)
[iexplore 10]        at Anonymous function (http://localhost:9001/tests/frontend/lib/mocha.js:3877:7)
[iexplore 10]        at next (http://localhost:9001/tests/frontend/lib/mocha.js:3825:16)
[iexplore 10]     -> FAILED : redo some typing with keypress Error: expected '' to not equal ''
[iexplore 10]        at assert (http://localhost:9001/tests/frontend/lib/expect.js:99:7)
[iexplore 10]        at equal (http://localhost:9001/tests/frontend/lib/expect.js:200:5)
[iexplore 10]        at Anonymous function (http://localhost:9001/tests/frontend/lib/expect.js:73:13)
[iexplore 10]        at Anonymous function (Unknown script code:48:5)
[iexplore 10]        at run (http://localhost:9001/tests/frontend/lib/mocha.js:3608:7)
[iexplore 10]        at runTest (http://localhost:9001/tests/frontend/lib/mocha.js:3940:5)
[iexplore 10]        at Anonymous function (http://localhost:9001/tests/frontend/lib/mocha.js:3986:7)
[iexplore 10]        at next (http://localhost:9001/tests/frontend/lib/mocha.js:3868:7)
[iexplore 10]        at Anonymous function (http://localhost:9001/tests/frontend/lib/mocha.js:3877:7)
[iexplore 10]        at next (http://localhost:9001/tests/frontend/lib/mocha.js:3825:16)
[iexplore 10] 
[iexplore 10] responsiveness.js
[iexplore 10]   Responsiveness of Editor
[iexplore 10]     -> PENDING: Fast response to keypress in pad with large amount of contents
[iexplore 10] 
[iexplore 10] strikethrough.js
[iexplore 10]   strikethrough button
[iexplore 10]     -> FAILED : makes text strikethrough Error: expected false to equal true
[iexplore 10]        at assert (http://localhost:9001/tests/frontend/lib/expect.js:99:7)
[iexplore 10]        at equal (http://localhost:9001/tests/frontend/lib/expect.js:200:5)
[iexplore 10]        at Anonymous function (http://localhost:9001/tests/frontend/lib/expect.js:73:13)
[iexplore 10]        at Anonymous function (Unknown script code:29:5)
[iexplore 10]        at run (http://localhost:9001/tests/frontend/lib/mocha.js:3608:7)
[iexplore 10]        at runTest (http://localhost:9001/tests/frontend/lib/mocha.js:3940:5)
[iexplore 10]        at Anonymous function (http://localhost:9001/tests/frontend/lib/mocha.js:3986:7)
[iexplore 10]        at next (http://localhost:9001/tests/frontend/lib/mocha.js:3868:7)
[iexplore 10]        at Anonymous function (http://localhost:9001/tests/frontend/lib/mocha.js:3877:7)
[iexplore 10]        at next (http://localhost:9001/tests/frontend/lib/mocha.js:3825:16)
[iexplore 10] 
[iexplore 10] timeslider.js
[iexplore 10]   timeslider button takes you to the timeslider of a pad
[iexplore 10]     -> PENDING: timeslider contained in URL
[iexplore 10] 
[iexplore 10] timeslider_labels.js
[iexplore 10]   timeslider
[iexplore 10]     -> FAILED : Shows a date and time in the timeslider and make sure it doesn't include NaN
[iexplore 10]      Error: timeout of 60000ms exceeded
[iexplore 10] 
[iexplore 10] timeslider_revisions.js
[iexplore 10]   timeslider
[iexplore 10]     -> FAILED : loads adds a hundred revisions Error: timeout of 100000ms exceeded
[iexplore 10]     -> PENDING: changes the url when clicking on the timeslider
[iexplore 10]     -> FAILED : jumps to a revision given in the url Error: timeout of 20000ms exceeded
[iexplore 10]     -> FAILED : checks the export url Error: timeout of 11000ms exceeded
[iexplore 10] 
[iexplore 10] undo.js
[iexplore 10]   undo button
[iexplore 10]     -> FAILED : undo some typing using a keypress Error: expected '' to not equal ''
[iexplore 10]        at assert (http://localhost:9001/tests/frontend/lib/expect.js:99:7)
[iexplore 10]        at equal (http://localhost:9001/tests/frontend/lib/expect.js:200:5)
[iexplore 10]        at Anonymous function (http://localhost:9001/tests/frontend/lib/expect.js:73:13)
[iexplore 10]        at Anonymous function (Unknown script code:45:5)
[iexplore 10]        at run (http://localhost:9001/tests/frontend/lib/mocha.js:3608:7)
[iexplore 10]        at runTest (http://localhost:9001/tests/frontend/lib/mocha.js:3940:5)
[iexplore 10]        at Anonymous function (http://localhost:9001/tests/frontend/lib/mocha.js:3986:7)
[iexplore 10]        at next (http://localhost:9001/tests/frontend/lib/mocha.js:3868:7)
[iexplore 10]        at Anonymous function (http://localhost:9001/tests/frontend/lib/mocha.js:3877:7)
[iexplore 10]        at next (http://localhost:9001/tests/frontend/lib/mocha.js:3825:16)
[iexplore 10] 
[iexplore 10] unordered_list.js
[iexplore 10]   assign unordered list
[iexplore 10]     -> FAILED : insert unordered list text then removes by outdent Error: timeout of 2000ms 
[iexplore 10]     exceeded
[iexplore 10] 
[iexplore 10] urls_become_clickable.js
[iexplore 10]   urls
[iexplore 10]     -> PASSED : when you enter an url, it becomes clickable
[iexplore 10]     -> PASSED : when you enter a url containing a !, it becomes clickable and contains the
[iexplore 10]      whole URL
[iexplore 10] 
[iexplore 10] FINISHED - 18 tests passed, 31 tests failed, duration: 5:36
[iexplore 10] 
Remote sauce test '0ec2592 - iexplore 10, Windows 2012' finished! https://saucelabs.com/jobs/e103c4e469824dc7ab553e48cd4b8b88
travis_time:end:13d41487:start=1429902745059351324,finish=1429903323347102978,duration=578287751654The command "tests/frontend/travis/runner.sh" exited with 0.

Done. Your build exited with 0.
