travis_fold:start:worker_infoWorker information
hostname: 96104b03-eb89-4048-ac54-d61be5ac8553@1.worker-org-767b688855-rgbvw.gce-production-3
version: v6.2.8 https://github.com/travis-ci/worker/tree/6d3048d96b26562be21fa1a8b8144f4c4cecd083
instance: travis-job-d689e13d-819e-48a6-8fbd-f0d7947b9dc0 travis-ci-sardonyx-xenial-1553530528-f909ac5 (via amqp)
startup: 6.223263415s
travis_fold:end:worker_infoe:start:1d3e6974e:end:1d3e6974:start=1585748827700371752,finish=1585748827841259536,duration=140887784,event=no_world_writable_dirse:start:15b0bf11e:end:15b0bf11:start=1585748827844115867,finish=1585748827846769470,duration=2653603,event=setup_filtere:start:189a7d5ce:end:189a7d5c:start=1585748827851025096,finish=1585748827859462327,duration=8437231,event=agente:start:065fc064e:end:065fc064:start=1585748827861958194,finish=1585748827863654320,duration=1696126,event=check_unsupportede:start:32bdee3c_infoBuild system information
Build language: node_js
Build dist: xenial
Build id: 669707928
Job id: 669707931
Runtime kernel version: 4.15.0-1028-gcp
travis-build version: f65a8dc88
Build image provisioning date and time
Mon Mar 25 16:43:24 UTC 2019
Operating System Details
Distributor ID:Ubuntu
Description:Ubuntu 16.04.6 LTS
Release:16.04
Codename:xenial
Systemd Version
systemd 229
Cookbooks Version
42e42e4 https://github.com/travis-ci/travis-cookbooks/tree/42e42e4
git version
git version 2.21.0
bash version
GNU bash, version 4.3.48(1)-release (x86_64-pc-linux-gnu)
gcc version
gcc (Ubuntu 5.4.0-6ubuntu1~16.04.11) 5.4.0 20160609
docker version
Client:
 Version:           18.06.0-ce
 API version:       1.38
 Go version:        go1.10.3
 Git commit:        0ffa825
 Built:             Wed Jul 18 19:11:02 2018
 OS/Arch:           linux/amd64
 Experimental:      false

Server:
 Engine:
  Version:          18.06.0-ce
  API version:      1.38 (minimum version 1.12)
  Go version:       go1.10.3
  Git commit:       0ffa825
  Built:            Wed Jul 18 19:09:05 2018
  OS/Arch:          linux/amd64
  Experimental:     false
clang version
clang version 7.0.0 (tags/RELEASE_700/final)
jq version
jq-1.5
bats version
Bats 0.4.0
shellcheck version
0.6.0
shfmt version
v2.6.3
ccache version
3.2.4
cmake version
cmake version 3.12.4
heroku version
heroku/7.22.7 linux-x64 node-v11.10.1
imagemagick version
Version: ImageMagick 6.8.9-9 Q16 x86_64 2018-09-28 http://www.imagemagick.org
md5deep version
4.4
mercurial version
version 4.8
mysql version
mysql  Ver 14.14 Distrib 5.7.25, for Linux (x86_64) using  EditLine wrapper
openssl version
OpenSSL 1.0.2g  1 Mar 2016
packer version
1.3.3
postgresql client version
psql (PostgreSQL) 10.7 (Ubuntu 10.7-1.pgdg16.04+1)
ragel version
Ragel State Machine Compiler version 6.8 Feb 2013
sudo version
1.8.16
gzip version
gzip 1.6
zip version
Zip 3.0
vim version
VIM - Vi IMproved 7.4 (2013 Aug 10, compiled Nov 24 2016 16:44:48)
iptables version
iptables v1.6.0
curl version
curl 7.47.0 (x86_64-pc-linux-gnu) libcurl/7.47.0 GnuTLS/3.4.10 zlib/1.2.8 libidn/1.32 librtmp/2.3
wget version
GNU Wget 1.17.1 built on linux-gnu.
rsync version
rsync  version 3.1.1  protocol version 31
gimme version
v1.5.3
nvm version
0.34.0
perlbrew version
/home/travis/perl5/perlbrew/bin/perlbrew  - App::perlbrew/0.86
phpenv version
rbenv 1.1.2
rvm version
rvm 1.29.7 (latest) by Michal Papis, Piotr Kuczynski, Wayne E. Seguin [https://rvm.io]
default ruby version
ruby 2.5.3p105 (2018-10-18 revision 65156) [x86_64-linux]
CouchDB version
couchdb 1.6.1
ElasticSearch version
5.5.0
Installed Firefox version
firefox 63.0.1
MongoDB version
MongoDB 4.0.7
PhantomJS version
2.1.1
Pre-installed PostgreSQL versions
9.4.21
9.5.16
9.6.12
Redis version
redis-server 5.0.4
Pre-installed Go versions
1.11.1
mvn version
Apache Maven 3.6.0 (97c98ec64a1fdfee7767ce5ffb20918da4f719f3; 2018-10-24T18:41:47Z)
gradle version
Gradle 4.10.2!
lein version
Leiningen 2.9.1 on Java 11.0.2 OpenJDK 64-Bit Server VM
Pre-installed Node.js versions
v10.15.3
v11.0.0
v4.9.1
v6.17.0
v8.12.0
v8.15.1
v8.9
phpenv versions
  system
  5.6
  5.6.40
  7.1
  7.1.27
  7.2
* 7.2.15 (set by /home/travis/.phpenv/version)
  hhvm
  hhvm-stable
composer --version
Composer version 1.8.4 2019-02-11 10:52:10
Pre-installed Ruby versions
ruby-2.3.8
ruby-2.4.5
ruby-2.5.3
travis_fold:end:system_infoe:end:32bdee3c:start=1585748827866325095,finish=1585748827871687679,duration=5362584,event=show_system_infoe:start:0da5fd04e:end:0da5fd04:start=1585748827874474926,finish=1585748827887356494,duration=12881568,event=rm_riak_sourcee:start:06db8582e:end:06db8582:start=1585748827889989976,finish=1585748827894706453,duration=4716477,event=fix_rwky_redise:start:16ae6a08e:end:16ae6a08:start=1585748827931589732,finish=1585748828299249324,duration=367659592,event=wait_for_networke:start:04c2084ae:end:04c2084a:start=1585748828303728406,finish=1585748828506900722,duration=203172316,event=update_apt_keyse:start:204ba8fae:end:204ba8fa:start=1585748828510663121,finish=1585748828558808948,duration=48145827,event=fix_hhvm_sourcee:start:01bb9f1de:end:01bb9f1d:start=1585748828562364325,finish=1585748828565110959,duration=2746634,event=update_mongo_arche:start:071cde50e:end:071cde50:start=1585748828568689958,finish=1585748828608375329,duration=39685371,event=fix_sudo_enabled_trustye:start:05b6707fe:end:05b6707f:start=1585748828612210464,finish=1585748828614150035,duration=1939571,event=update_glibce:start:076965d8e:end:076965d8:start=1585748828617560808,finish=1585748828624595358,duration=7034550,event=clean_up_pathe:start:104aa49ae:end:104aa49a:start=1585748828628117555,finish=1585748828635659347,duration=7541792,event=fix_resolv_confe:start:27cfdef3e:end:27cfdef3:start=1585748828640610293,finish=1585748828649204325,duration=8594032,event=fix_etc_hostse:start:00d14ee9e:end:00d14ee9:start=1585748828654196215,finish=1585748828662114524,duration=7918309,event=fix_mvn_settings_xmle:start:036c724ee:end:036c724e:start=1585748828665206848,finish=1585748828674406554,duration=9199706,event=no_ipv6_localhoste:start:1f166664e:end:1f166664:start=1585748828678476270,finish=1585748828681008896,duration=2532626,event=fix_etc_mavenrce:start:0131bc02e:end:0131bc02:start=1585748828684299701,finish=1585748828687031973,duration=2732272,event=fix_wwdr_certificatee:start:0019b26ae:end:0019b26a:start=1585748828690409452,finish=1585748828711515530,duration=21106078,event=put_localhost_firste:start:1754abb3e:end:1754abb3:start=1585748828716935475,finish=1585748828720711306,duration=3775831,event=home_pathse:start:0995e218e:end:0995e218:start=1585748828726364700,finish=1585748828737552334,duration=11187634,event=disable_initramfse:start:1a748e0ce:end:1a748e0c:start=1585748828741742848,finish=1585748829039367958,duration=297625110,event=disable_ssh_roaminge:start:224820d0e:end:224820d0:start=1585748829043852432,finish=1585748829046611535,duration=2759103,event=debug_toolse:start:12756ca9e:end:12756ca9:start=1585748829051911082,finish=1585748829055303754,duration=3392672,event=uninstall_oclinte:start:05a396a8e:end:05a396a8:start=1585748829061046770,finish=1585748829064025221,duration=2978451,event=rvm_usee:start:01788d63e:end:01788d63:start=1585748829069567141,finish=1585748829077475663,duration=7908522,event=rm_etc_boto_cfge:start:080451f0e:end:080451f0:start=1585748829082700497,finish=1585748829085520779,duration=2820282,event=rm_oraclejdk8_symlinke:start:263984d2e:end:263984d2:start=1585748829089219955,finish=1585748829180815719,duration=91595764,event=enable_i386e:start:0aea5600e:end:0aea5600:start=1585748829184934207,finish=1585748829190640942,duration=5706735,event=update_rubygemse:start:1206e1abe:end:1206e1ab:start=1585748829195342881,finish=1585748829946935047,duration=751592166,event=ensure_path_componentse:start:15bce89ce:end:15bce89c:start=1585748829950926301,finish=1585748829953723312,duration=2797011,event=redefine_curle:start:1747f240e:end:1747f240:start=1585748829959372819,finish=1585748830054251950,duration=94879131,event=nonblock_pipee:start:06796e74e:end:06796e74:start=1585748830058321958,finish=1585748836088419339,duration=6030097381,event=apt_get_updatee:start:22eeb04ae:end:22eeb04a:start=1585748836092454801,finish=1585748836095711691,duration=3256890,event=deprecate_xcode_64e:start:0c1de050e:end:0c1de050:start=1585748836099430331,finish=1585748838515738025,duration=2416307694,event=update_herokue:start:1cbfb955e:end:1cbfb955:start=1585748838519565007,finish=1585748838522026062,duration=2461055,event=shell_session_updatee:start:1a056c38tutue:end:1a056c38:start=1585748838526818399,finish=1585748840725642490,duration=2198824091,event=set_docker_mtue:start:182d83ffe:end:182d83ff:start=1585748840732500771,finish=1585748840790102512,duration=57601741,event=resolvconfe:start:054f5325e:end:054f5325:start=1585748840794767366,finish=1585748840937403265,duration=142635899,event=maven_central_mirrore:start:06e43c9fe:end:06e43c9f:start=1585748840941406329,finish=1585748841032587292,duration=91180963,event=maven_httpse:start:13fd1645e:start:0a03cf50ctl start docker
travis_time:end:0a03cf50:start=1585748841039995064,finish=1585748841051492656,duration=11497592,event=preparee:end:0a03cf50:start=1585748841039995064,finish=1585748844056069626,duration=3016074562,event=servicese:start:06f50988e:end:06f50988:start=1585748844060391718,finish=1585748844062806092,duration=2414374,event=fix_ps4e:start:085c2e6ae:start:004ec244/ether/etherpad-lite.git ether/etherpad-lite
Cloning into 'ether/etherpad-lite'...
travis_time:end:004ec244:start=1585748844070244722,finish=1585748845281713341,duration=1211468619,event=checkoute:start:1788a164erge:
From https://github.com/ether/etherpad-lite
 * branch              refs/pull/3812/merge -> FETCH_HEAD
travis_time:end:1788a164:start=1585748845286698817,finish=1585748847181348620,duration=1894649803,event=checkoute:end:1788a164:start=1585748845286698817,finish=1585748847224436140,duration=1937737323,event=checkoute:start:126154a4Encrypted environment variables have been removed for security reasons.
See https://docs.travis-ci.com/user/pull-requests/#pull-requests-and-security-restrictions
travis_time:end:126154a4:start=1585748847229045205,finish=1585748847237750961,duration=8705756,event=env.installe:start:2e3de914 install lts/*
Downloading and installing node v12.16.1...
Downloading https://nodejs.org/dist/v12.16.1/node-v12.16.1-linux-x64.tar.xz...
Computing checksum with sha256sum
Checksums matched!
Now using node v12.16.1 (npm v6.13.4)
travis_time:end:2e3de914:start=1585748847915863300,finish=1585748850519887902,duration=2604024602,event=setup.installe:start:00127004e:end:00127004:start=1585748851553484813,finish=1585748851735561303,duration=182076490,event=setup_cashere:start:0b67dba4e:end:0b67dba4:start=1585748851741812069,finish=1585748851744746930,duration=2934861,event=setup_cashere:start:200ba010pting to download cache archive
fetching cache--linux-xenial-e3b0c44298fc1c149afbf4c8996fb92427ae41e4649b934ca495991b7852b855--node-lts/*.tgz
fetching cache-linux-xenial-e3b0c44298fc1c149afbf4c8996fb92427ae41e4649b934ca495991b7852b855--node-lts/*.tgz
fetching cache--node-lts/*.tgz
fetching cache--linux-xenial-e3b0c44298fc1c149afbf4c8996fb92427ae41e4649b934ca495991b7852b855--node-lts/*.tgz
found cache
travis_time:end:200ba010:start=1585748851749013306,finish=1585748853888351592,duration=2139338286,event=setup_cashere:start:1c0ac945e:end:1c0ac945:start=1585748854026921145,finish=1585748854029831382,duration=2910237,event=setup_cachee:start:16c599d0e/travis/build/ether/etherpad-lite/node_modules to cache
creating directory /home/travis/build/ether/etherpad-lite/node_modules
travis_time:end:16c599d0:start=1585748854034239781,finish=1585748854906985802,duration=872746021,event=setup_cache --version
6.13.4
$ nvm --version
0.35.3

travis_fold:start:installe:start:1713a710 install && cd -

> wd@1.11.4 install /home/travis/build/ether/etherpad-lite/src/node_modules/wd
> node scripts/build-browser-scripts

npm WARN optional SKIPPING OPTIONAL DEPENDENCY: fsevents@2.1.2 (node_modules/fsevents):
npm WARN notsup SKIPPING OPTIONAL DEPENDENCY: Unsupported platform for fsevents@2.1.2: wanted {"os":"darwin","arch":"any"} (current: {"os":"linux","arch":"x64"})

added 1005 packages from 1155 contributors and audited 13804 packages in 13.921s

23 packages are looking for funding
  run `npm fund` for details

found 7 vulnerabilities (5 low, 2 high)
  run `npm audit fix` to fix them, or `npm audit` for details
/home/travis/build/ether/etherpad-lite
travis_time:end:1713a710:start=1585748855045297223,finish=1585748869714204318,duration=14668907095,event=installe:start:021a8600e:end:021a8600:start=1585748869721642283,finish=1585748869726509102,duration=4866819,event=before_scripte:start:04b320fcon  17.86MB
Step 1/14 : FROM node:10-buster-slim
10-buster-slim: Pulling from library/node
c499e6d256d6: Pulling fs layer
c417e37967d6: Pulling fs layer
787ebcd6cb75: Pulling fs layer
582e4857535d: Pulling fs layer
d4759ced7dfc: Pulling fs layer
582e4857535d: Waiting
d4759ced7dfc: Waiting
c417e37967d6: Verifying Checksum
c417e37967d6: Download complete
787ebcd6cb75: Verifying Checksum
787ebcd6cb75: Download complete
582e4857535d: Verifying Checksum
c499e6d256d6: Verifying Checksum
c499e6d256d6: Download complete
582e4857535d: Download complete
d4759ced7dfc: Verifying Checksum
d4759ced7dfc: Download complete
c499e6d256d6: Pull complete
c417e37967d6: Pull complete
787ebcd6cb75: Pull complete
582e4857535d: Pull complete
d4759ced7dfc: Pull complete
Digest: sha256:e767c915e7abb919ae17c403c7a53a2b42119b232003d8712bb0f29ce6ad27ea
Status: Downloaded newer image for node:10-buster-slim
 ---> 7dc63e9090ed
Step 2/14 : LABEL maintainer="Etherpad team, https://github.com/ether/etherpad-lite"
 ---> Running in f4f6aff4ec79
Removing intermediate container f4f6aff4ec79
 ---> e0b45086aeec
Step 3/14 : ARG ETHERPAD_PLUGINS=
 ---> Running in f11be45cca6b
Removing intermediate container f11be45cca6b
 ---> a5aa75645d1b
Step 4/14 : ENV NODE_ENV=development
 ---> Running in d59bf034987a
Removing intermediate container d59bf034987a
 ---> 370b292854b7
Step 5/14 : RUN useradd --uid 5001 --create-home etherpad
 ---> Running in f6efedb760bb
Removing intermediate container f6efedb760bb
 ---> 0944c09a458b
Step 6/14 : RUN mkdir /opt/etherpad-lite && chown etherpad:etherpad /opt/etherpad-lite
 ---> Running in 590f11807266
Removing intermediate container 590f11807266
 ---> a4c7ce5af98f
Step 7/14 : USER etherpad:etherpad
 ---> Running in 1f6de3bf1239
Removing intermediate container 1f6de3bf1239
 ---> eac699f2f0f3
Step 8/14 : WORKDIR /opt/etherpad-lite
 ---> Running in 02513f425197
Removing intermediate container 02513f425197
 ---> 2cdfb35582f9
Step 9/14 : COPY --chown=etherpad:etherpad ./ ./
 ---> c9689584e046
Step 10/14 : RUN bin/installDeps.sh && rm -rf ~/.npm/_cacache
 ---> Running in 4bc1e5224dc3
Copy the settings template to settings.json...
Ensure that all dependencies are up to date...  If this is the first time you have run Etherpad please be patient.

> wd@1.11.4 install /opt/etherpad-lite/src/node_modules/wd
> node scripts/build-browser-scripts

npm WARN optional SKIPPING OPTIONAL DEPENDENCY: fsevents@2.1.2 (node_modules/fsevents):
npm WARN notsup SKIPPING OPTIONAL DEPENDENCY: Unsupported platform for fsevents@2.1.2: wanted {"os":"darwin","arch":"any"} (current: {"os":"linux","arch":"x64"})

added 1005 packages from 1155 contributors and audited 13804 packages in 15.136s

23 packages are looking for funding
  run `npm fund` for details

found 7 vulnerabilities (5 low, 2 high)
  run `npm audit fix` to fix them, or `npm audit` for details
Clearing minified cache...
Removing intermediate container 4bc1e5224dc3
 ---> c9707a9469bb
Step 11/14 : RUN for PLUGIN_NAME in ${ETHERPAD_PLUGINS}; do npm install "${PLUGIN_NAME}"; done
 ---> Running in 9e6515c52ff0
Removing intermediate container 9e6515c52ff0
 ---> 6130d4ca29c9
Step 12/14 : COPY --chown=etherpad:etherpad ./settings.json.docker /opt/etherpad-lite/settings.json
 ---> fee1925c3a19
Step 13/14 : EXPOSE 9001
 ---> Running in 335654d72dc4
Removing intermediate container 335654d72dc4
 ---> 68ee1d993862
Step 14/14 : CMD ["node", "node_modules/ep_etherpad-lite/node/server.js"]
 ---> Running in b5b0fae3615e
Removing intermediate container b5b0fae3615e
 ---> a35460464214
Successfully built a35460464214
Successfully tagged etherpad:test
travis_time:end:04b320fc:start=1585748869731343931,finish=1585748902198083377,duration=32466739446,event=scriptThe command "docker build -t etherpad:test ." exited with 0.
travis_time:start:1545cbd4e:end:1545cbd4:start=1585748902202060163,finish=1585748905641986291,duration=3439926128,event=scriptThe command "docker run -d -p 9001:9001 etherpad:test && sleep 3" exited with 0.
travis_time:start:003d6170 run test-container

> ep_etherpad-lite@1.8.0 test-container /home/travis/build/ether/etherpad-lite/src
> nyc mocha --timeout 5000 ../tests/container/specs/api



  Connectivity
    âœ“ can connect

  API Versioning
    âœ“ finds the version tag

  Permission
    âœ“ errors with invalid APIKey


  3 passing (39ms)

----------|---------|----------|---------|---------|-------------------
File      | % Stmts | % Branch | % Funcs | % Lines | Uncovered Line #s 
----------|---------|----------|---------|---------|-------------------
All files |       0 |        0 |       0 |       0 |                   
----------|---------|----------|---------|---------|-------------------
travis_time:end:003d6170:start=1585748905650151534,finish=1585748906543285628,duration=893134094,event=scriptThe command "cd src && npm run test-container" exited with 0.
travis_time:start:0817b7c2 run test

> ep_etherpad-lite@1.8.0 test /home/travis/build/ether/etherpad-lite/src
> nyc mocha --timeout 5000 ../tests/backend/specs/api


Error: ENOENT: no such file or directory, open '/home/travis/build/ether/etherpad-lite/tests/backend/../../settings.json'
    at Object.openSync (fs.js:457:3)
    at Object.readFileSync (fs.js:359:35)
    at Object.loadSettings (/home/travis/build/ether/etherpad-lite/tests/backend/loadSettings.js:12:24)
    at Object.<anonymous> (/home/travis/build/ether/etherpad-lite/tests/backend/specs/api/characterEncoding.js:10:59)
    at Module._compile (internal/modules/cjs/loader.js:1158:30)
    at Module.replacementCompile (/home/travis/build/ether/etherpad-lite/src/node_modules/append-transform/index.js:60:13)
    at Module._extensions..js (internal/modules/cjs/loader.js:1178:10)
    at Object.<anonymous> (/home/travis/build/ether/etherpad-lite/src/node_modules/append-transform/index.js:64:4)
    at Module.load (internal/modules/cjs/loader.js:1002:32)
    at Function.Module._load (internal/modules/cjs/loader.js:901:14)
    at Module.require (internal/modules/cjs/loader.js:1044:19)
    at require (internal/modules/cjs/helpers.js:77:18)
    at requireOrImport (/home/travis/build/ether/etherpad-lite/src/node_modules/mocha/lib/esm-utils.js:15:12)
    at Object.exports.loadFilesAsync (/home/travis/build/ether/etherpad-lite/src/node_modules/mocha/lib/esm-utils.js:28:26)
    at Mocha.loadFilesAsync (/home/travis/build/ether/etherpad-lite/src/node_modules/mocha/lib/mocha.js:351:19)
    at singleRun (/home/travis/build/ether/etherpad-lite/src/node_modules/mocha/lib/cli/run-helpers.js:107:15)
    at exports.runMocha (/home/travis/build/ether/etherpad-lite/src/node_modules/mocha/lib/cli/run-helpers.js:144:11)
    at Object.exports.handler (/home/travis/build/ether/etherpad-lite/src/node_modules/mocha/lib/cli/run.js:306:11)
    at Object.runCommand (/home/travis/build/ether/etherpad-lite/src/node_modules/mocha/node_modules/yargs/lib/command.js:242:26)
    at Object.parseArgs [as _parseArgs] (/home/travis/build/ether/etherpad-lite/src/node_modules/mocha/node_modules/yargs/yargs.js:1096:28)
    at Object.parse (/home/travis/build/ether/etherpad-lite/src/node_modules/mocha/node_modules/yargs/yargs.js:575:25)
    at Object.exports.main (/home/travis/build/ether/etherpad-lite/src/node_modules/mocha/lib/cli/cli.js:68:6)
    at Object.<anonymous> (/home/travis/build/ether/etherpad-lite/src/node_modules/mocha/bin/mocha:133:29)
    at Module._compile (internal/modules/cjs/loader.js:1158:30)
    at Module.replacementCompile (/home/travis/build/ether/etherpad-lite/src/node_modules/append-transform/index.js:60:13)
    at Module._extensions..js (internal/modules/cjs/loader.js:1178:10)
    at Object.<anonymous> (/home/travis/build/ether/etherpad-lite/src/node_modules/append-transform/index.js:64:4)
    at Module.load (internal/modules/cjs/loader.js:1002:32)
    at Function.Module._load (internal/modules/cjs/loader.js:901:14)
    at Function.executeUserEntryPoint [as runMain] (internal/modules/run_main.js:74:12)
    at internal/main/run_main_module.js:18:47
----------|---------|----------|---------|---------|-------------------
File      | % Stmts | % Branch | % Funcs | % Lines | Uncovered Line #s 
----------|---------|----------|---------|---------|-------------------
All files |       0 |        0 |       0 |       0 |                   
----------|---------|----------|---------|---------|-------------------
npm ERR! code ELIFECYCLE
npm ERR! errno 1
npm ERR! ep_etherpad-lite@1.8.0 test: `nyc mocha --timeout 5000 ../tests/backend/specs/api`
npm ERR! Exit status 1
npm ERR! 
npm ERR! Failed at the ep_etherpad-lite@1.8.0 test script.
npm ERR! This is probably not a problem with npm. There is likely additional logging output above.

npm ERR! A complete log of this run can be found in:
npm ERR!     /home/travis/.npm/_logs/2020-04-01T13_48_27_366Z-debug.log
travis_time:end:0817b7c2:start=1585748906549303088,finish=1585748907421470442,duration=872167354,event=scriptThe command "npm run test" exited with 1.
travis_fold:start:cache.2e:start:19ece4eae:end:19ece4ea:start=1585748907429393937,finish=1585748907432859441,duration=3465504,event=cachee:start:070f6b24nothing changed
travis_time:end:070f6b24:start=1585748907441961924,finish=1585748908560716135,duration=1118754211,event=cache[0Ktravis_fold:end:cache.2[0K

Done. Your build exited with 1.
