travis_fold:start:worker_infoWorker information
hostname: d64e0998-3129-437a-860c-f6eb16cd4505@1.worker-org-767b688855-64ddf.gce-production-3
version: v6.2.8 https://github.com/travis-ci/worker/tree/6d3048d96b26562be21fa1a8b8144f4c4cecd083
instance: travis-job-aab5a2f1-a979-479f-9217-89f5ff179ab7 travis-ci-sardonyx-xenial-1553530528-f909ac5 (via amqp)
startup: 6.238766201s
travis_fold:end:worker_infoe:start:0a1347a4e:end:0a1347a4:start=1585748902362671420,finish=1585748902502062006,duration=139390586,event=no_world_writable_dirse:start:10379c10e:end:10379c10:start=1585748902504660969,finish=1585748902510600473,duration=5939504,event=setup_filtere:start:14d6bf70e:end:14d6bf70:start=1585748902513797044,finish=1585748902521245458,duration=7448414,event=agente:start:15bb9fbce:end:15bb9fbc:start=1585748902523720333,finish=1585748902525407104,duration=1686771,event=check_unsupportede:start:06f5a0e0_infoBuild system information
Build language: node_js
Build dist: xenial
Build id: 669710631
Job id: 669710634
Runtime kernel version: 4.15.0-1028-gcp
travis-build version: f65a8dc88
Build image provisioning date and time
Mon Mar 25 16:43:24 UTC 2019
Operating System Details
Distributor ID:Ubuntu
Description:Ubuntu 16.04.6 LTS
Release:16.04
Codename:xenial
Systemd Version
systemd 229
Cookbooks Version
42e42e4 https://github.com/travis-ci/travis-cookbooks/tree/42e42e4
git version
git version 2.21.0
bash version
GNU bash, version 4.3.48(1)-release (x86_64-pc-linux-gnu)
gcc version
gcc (Ubuntu 5.4.0-6ubuntu1~16.04.11) 5.4.0 20160609
docker version
Client:
 Version:           18.06.0-ce
 API version:       1.38
 Go version:        go1.10.3
 Git commit:        0ffa825
 Built:             Wed Jul 18 19:11:02 2018
 OS/Arch:           linux/amd64
 Experimental:      false

Server:
 Engine:
  Version:          18.06.0-ce
  API version:      1.38 (minimum version 1.12)
  Go version:       go1.10.3
  Git commit:       0ffa825
  Built:            Wed Jul 18 19:09:05 2018
  OS/Arch:          linux/amd64
  Experimental:     false
clang version
clang version 7.0.0 (tags/RELEASE_700/final)
jq version
jq-1.5
bats version
Bats 0.4.0
shellcheck version
0.6.0
shfmt version
v2.6.3
ccache version
3.2.4
cmake version
cmake version 3.12.4
heroku version
heroku/7.22.7 linux-x64 node-v11.10.1
imagemagick version
Version: ImageMagick 6.8.9-9 Q16 x86_64 2018-09-28 http://www.imagemagick.org
md5deep version
4.4
mercurial version
version 4.8
mysql version
mysql  Ver 14.14 Distrib 5.7.25, for Linux (x86_64) using  EditLine wrapper
openssl version
OpenSSL 1.0.2g  1 Mar 2016
packer version
1.3.3
postgresql client version
psql (PostgreSQL) 10.7 (Ubuntu 10.7-1.pgdg16.04+1)
ragel version
Ragel State Machine Compiler version 6.8 Feb 2013
sudo version
1.8.16
gzip version
gzip 1.6
zip version
Zip 3.0
vim version
VIM - Vi IMproved 7.4 (2013 Aug 10, compiled Nov 24 2016 16:44:48)
iptables version
iptables v1.6.0
curl version
curl 7.47.0 (x86_64-pc-linux-gnu) libcurl/7.47.0 GnuTLS/3.4.10 zlib/1.2.8 libidn/1.32 librtmp/2.3
wget version
GNU Wget 1.17.1 built on linux-gnu.
rsync version
rsync  version 3.1.1  protocol version 31
gimme version
v1.5.3
nvm version
0.34.0
perlbrew version
/home/travis/perl5/perlbrew/bin/perlbrew  - App::perlbrew/0.86
phpenv version
rbenv 1.1.2
rvm version
rvm 1.29.7 (latest) by Michal Papis, Piotr Kuczynski, Wayne E. Seguin [https://rvm.io]
default ruby version
ruby 2.5.3p105 (2018-10-18 revision 65156) [x86_64-linux]
CouchDB version
couchdb 1.6.1
ElasticSearch version
5.5.0
Installed Firefox version
firefox 63.0.1
MongoDB version
MongoDB 4.0.7
PhantomJS version
2.1.1
Pre-installed PostgreSQL versions
9.4.21
9.5.16
9.6.12
Redis version
redis-server 5.0.4
Pre-installed Go versions
1.11.1
mvn version
Apache Maven 3.6.0 (97c98ec64a1fdfee7767ce5ffb20918da4f719f3; 2018-10-24T18:41:47Z)
gradle version
Gradle 4.10.2!
lein version
Leiningen 2.9.1 on Java 11.0.2 OpenJDK 64-Bit Server VM
Pre-installed Node.js versions
v10.15.3
v11.0.0
v4.9.1
v6.17.0
v8.12.0
v8.15.1
v8.9
phpenv versions
  system
  5.6
  5.6.40
  7.1
  7.1.27
  7.2
* 7.2.15 (set by /home/travis/.phpenv/version)
  hhvm
  hhvm-stable
composer --version
Composer version 1.8.4 2019-02-11 10:52:10
Pre-installed Ruby versions
ruby-2.3.8
ruby-2.4.5
ruby-2.5.3
travis_fold:end:system_infoe:end:06f5a0e0:start=1585748902527954562,finish=1585748902532892373,duration=4937811,event=show_system_infoe:start:0542bd24e:end:0542bd24:start=1585748902535678739,finish=1585748902549213870,duration=13535131,event=rm_riak_sourcee:start:256489e7e:end:256489e7:start=1585748902558787500,finish=1585748902570930717,duration=12143217,event=fix_rwky_redise:start:0fd8efbee:end:0fd8efbe:start=1585748902574010277,finish=1585748902959645591,duration=385635314,event=wait_for_networke:start:176033cfe:end:176033cf:start=1585748902963421683,finish=1585748903165379312,duration=201957629,event=update_apt_keyse:start:04a30e1de:end:04a30e1d:start=1585748903169496467,finish=1585748903217847610,duration=48351143,event=fix_hhvm_sourcee:start:1096885ce:end:1096885c:start=1585748903221300321,finish=1585748903223757654,duration=2457333,event=update_mongo_arche:start:0121c098e:end:0121c098:start=1585748903227388864,finish=1585748903264625070,duration=37236206,event=fix_sudo_enabled_trustye:start:132b5670e:end:132b5670:start=1585748903268539987,finish=1585748903270583886,duration=2043899,event=update_glibce:start:15dd1e94e:end:15dd1e94:start=1585748903274102705,finish=1585748903281645359,duration=7542654,event=clean_up_pathe:start:012e7b2ee:end:012e7b2e:start=1585748903284905496,finish=1585748903293949960,duration=9044464,event=fix_resolv_confe:start:2644a522e:end:2644a522:start=1585748903297292650,finish=1585748903306223496,duration=8930846,event=fix_etc_hostse:start:0fe74e44e:end:0fe74e44:start=1585748903310344011,finish=1585748903319070126,duration=8726115,event=fix_mvn_settings_xmle:start:329a9624e:end:329a9624:start=1585748903323003340,finish=1585748903331598923,duration=8595583,event=no_ipv6_localhoste:start:1690061ce:end:1690061c:start=1585748903334726919,finish=1585748903337063577,duration=2336658,event=fix_etc_mavenrce:start:00678e92e:end:00678e92:start=1585748903341810057,finish=1585748903345001242,duration=3191185,event=fix_wwdr_certificatee:start:1afb6acfe:end:1afb6acf:start=1585748903348472802,finish=1585748903368929047,duration=20456245,event=put_localhost_firste:start:0307aabae:end:0307aaba:start=1585748903372916106,finish=1585748903375904011,duration=2987905,event=home_pathse:start:01e45ee6e:end:01e45ee6:start=1585748903379809861,finish=1585748903391299740,duration=11489879,event=disable_initramfse:start:0b652c38e:end:0b652c38:start=1585748903394318268,finish=1585748903716280962,duration=321962694,event=disable_ssh_roaminge:start:0c38d5b8e:end:0c38d5b8:start=1585748903720404936,finish=1585748903722534648,duration=2129712,event=debug_toolse:start:0e44601ce:end:0e44601c:start=1585748903725862137,finish=1585748903728734870,duration=2872733,event=uninstall_oclinte:start:1a27bdace:end:1a27bdac:start=1585748903732256431,finish=1585748903735139658,duration=2883227,event=rvm_usee:start:11a0730be:end:11a0730b:start=1585748903738808841,finish=1585748903746394790,duration=7585949,event=rm_etc_boto_cfge:start:02f47c26e:end:02f47c26:start=1585748903749709225,finish=1585748903752489348,duration=2780123,event=rm_oraclejdk8_symlinke:start:04652402e:end:04652402:start=1585748903755645955,finish=1585748903849401967,duration=93756012,event=enable_i386e:start:0a62f18de:end:0a62f18d:start=1585748903854272580,finish=1585748903860898642,duration=6626062,event=update_rubygemse:start:02ddba40e:end:02ddba40:start=1585748903864329436,finish=1585748904632667497,duration=768338061,event=ensure_path_componentse:start:16252337e:end:16252337:start=1585748904637014733,finish=1585748904639177845,duration=2163112,event=redefine_curle:start:36ece665e:end:36ece665:start=1585748904643375186,finish=1585748904737117427,duration=93742241,event=nonblock_pipee:start:04f14588e:end:04f14588:start=1585748904740922850,finish=1585748910770749727,duration=6029826877,event=apt_get_updatee:start:2a5c7702e:end:2a5c7702:start=1585748910775193059,finish=1585748910777727529,duration=2534470,event=deprecate_xcode_64e:start:13978444e:end:13978444:start=1585748910781546103,finish=1585748913166720743,duration=2385174640,event=update_herokue:start:02129fa1e:end:02129fa1:start=1585748913171296852,finish=1585748913173510154,duration=2213302,event=shell_session_updatee:start:0cb6d95dtutue:end:0cb6d95d:start=1585748913177016877,finish=1585748915351803460,duration=2174786583,event=set_docker_mtue:start:0615cc13e:end:0615cc13:start=1585748915357605154,finish=1585748915416394949,duration=58789795,event=resolvconfe:start:055a6fa9e:end:055a6fa9:start=1585748915423870504,finish=1585748915560888755,duration=137018251,event=maven_central_mirrore:start:03bc176ee:end:03bc176e:start=1585748915565783244,finish=1585748915660334140,duration=94550896,event=maven_httpse:start:2180ea41e:start:0ef99ef2ctl start docker
travis_time:end:0ef99ef2:start=1585748915667472049,finish=1585748915677302947,duration=9830898,event=preparee:end:0ef99ef2:start=1585748915667472049,finish=1585748918681916450,duration=3014444401,event=servicese:start:18cfb760e:end:18cfb760:start=1585748918685840301,finish=1585748918687938454,duration=2098153,event=fix_ps4e:start:19900d16e:start:17e13446/ether/etherpad-lite.git ether/etherpad-lite
Cloning into 'ether/etherpad-lite'...
travis_time:end:17e13446:start=1585748918695529312,finish=1585748919579593911,duration=884064599,event=checkoute:start:002ee9bferge:
From https://github.com/ether/etherpad-lite
 * branch              refs/pull/3812/merge -> FETCH_HEAD
travis_time:end:002ee9bf:start=1585748919584768156,finish=1585748921595161852,duration=2010393696,event=checkoute:end:002ee9bf:start=1585748919584768156,finish=1585748921634313376,duration=2049545220,event=checkoute:start:065dc600Encrypted environment variables have been removed for security reasons.
See https://docs.travis-ci.com/user/pull-requests/#pull-requests-and-security-restrictions
travis_time:end:065dc600:start=1585748921640064070,finish=1585748921652308838,duration=12244768,event=env.installe:start:25df440a install lts/*
Downloading and installing node v12.16.1...
Downloading https://nodejs.org/dist/v12.16.1/node-v12.16.1-linux-x64.tar.xz...
Computing checksum with sha256sum
Checksums matched!
Now using node v12.16.1 (npm v6.13.4)
travis_time:end:25df440a:start=1585748922351827139,finish=1585748924966931560,duration=2615104421,event=setup.installe:start:04537137e:end:04537137:start=1585748926000476547,finish=1585748926208624991,duration=208148444,event=setup_cashere:start:046c01c8e:end:046c01c8:start=1585748926214269173,finish=1585748926216775027,duration=2505854,event=setup_cashere:start:06b27684pting to download cache archive
fetching cache--linux-xenial-e3b0c44298fc1c149afbf4c8996fb92427ae41e4649b934ca495991b7852b855--node-lts/*.tgz
fetching cache-linux-xenial-e3b0c44298fc1c149afbf4c8996fb92427ae41e4649b934ca495991b7852b855--node-lts/*.tgz
fetching cache--node-lts/*.tgz
fetching cache--linux-xenial-e3b0c44298fc1c149afbf4c8996fb92427ae41e4649b934ca495991b7852b855--node-lts/*.tgz
found cache
travis_time:end:06b27684:start=1585748926220114014,finish=1585748929228401853,duration=3008287839,event=setup_cashere:start:0a688c00e:end:0a688c00:start=1585748929371547962,finish=1585748929374843504,duration=3295542,event=setup_cachee:start:01bde46be/travis/build/ether/etherpad-lite/node_modules to cache
creating directory /home/travis/build/ether/etherpad-lite/node_modules
travis_time:end:01bde46b:start=1585748929379008984,finish=1585748930255365235,duration=876356251,event=setup_cache --version
6.13.4
$ nvm --version
0.35.3

travis_fold:start:installe:start:1e4d854b install && cd -

> wd@1.11.4 install /home/travis/build/ether/etherpad-lite/src/node_modules/wd
> node scripts/build-browser-scripts

npm WARN optional SKIPPING OPTIONAL DEPENDENCY: fsevents@2.1.2 (node_modules/fsevents):
npm WARN notsup SKIPPING OPTIONAL DEPENDENCY: Unsupported platform for fsevents@2.1.2: wanted {"os":"darwin","arch":"any"} (current: {"os":"linux","arch":"x64"})

added 1005 packages from 1155 contributors and audited 13804 packages in 14.27s

23 packages are looking for funding
  run `npm fund` for details

found 7 vulnerabilities (5 low, 2 high)
  run `npm audit fix` to fix them, or `npm audit` for details
/home/travis/build/ether/etherpad-lite
travis_time:end:1e4d854b:start=1585748930397646057,finish=1585748945349792006,duration=14952145949,event=installe:start:0f859728e:end:0f859728:start=1585748945354864680,finish=1585748945359461018,duration=4596338,event=before_scripte:start:2842ff44on  17.86MB
Step 1/14 : FROM node:10-buster-slim
10-buster-slim: Pulling from library/node
c499e6d256d6: Pulling fs layer
c417e37967d6: Pulling fs layer
787ebcd6cb75: Pulling fs layer
582e4857535d: Pulling fs layer
d4759ced7dfc: Pulling fs layer
582e4857535d: Waiting
d4759ced7dfc: Waiting
c417e37967d6: Download complete
787ebcd6cb75: Verifying Checksum
787ebcd6cb75: Download complete
582e4857535d: Verifying Checksum
582e4857535d: Download complete
c499e6d256d6: Verifying Checksum
c499e6d256d6: Download complete
d4759ced7dfc: Verifying Checksum
d4759ced7dfc: Download complete
c499e6d256d6: Pull complete
c417e37967d6: Pull complete
787ebcd6cb75: Pull complete
582e4857535d: Pull complete
d4759ced7dfc: Pull complete
Digest: sha256:e767c915e7abb919ae17c403c7a53a2b42119b232003d8712bb0f29ce6ad27ea
Status: Downloaded newer image for node:10-buster-slim
 ---> 7dc63e9090ed
Step 2/14 : LABEL maintainer="Etherpad team, https://github.com/ether/etherpad-lite"
 ---> Running in 0b339303a32f
Removing intermediate container 0b339303a32f
 ---> d75849fc7047
Step 3/14 : ARG ETHERPAD_PLUGINS=
 ---> Running in 83df9776d0a7
Removing intermediate container 83df9776d0a7
 ---> c113fa34c773
Step 4/14 : ENV NODE_ENV=development
 ---> Running in 2366ec075039
Removing intermediate container 2366ec075039
 ---> 1ff530cb3a02
Step 5/14 : RUN useradd --uid 5001 --create-home etherpad
 ---> Running in 2143c91f4bbc
Removing intermediate container 2143c91f4bbc
 ---> 48e6d0732823
Step 6/14 : RUN mkdir /opt/etherpad-lite && chown etherpad:etherpad /opt/etherpad-lite
 ---> Running in 21baeebd141f
Removing intermediate container 21baeebd141f
 ---> 5e5e566d2bd2
Step 7/14 : USER etherpad:etherpad
 ---> Running in 50ae08b8ef4f
Removing intermediate container 50ae08b8ef4f
 ---> 37dfe4ae84d5
Step 8/14 : WORKDIR /opt/etherpad-lite
 ---> Running in 5aad805fd0fe
Removing intermediate container 5aad805fd0fe
 ---> 456b20c92772
Step 9/14 : COPY --chown=etherpad:etherpad ./ ./
 ---> 98261784c275
Step 10/14 : RUN bin/installDeps.sh && rm -rf ~/.npm/_cacache
 ---> Running in de1c5a0465e2
Copy the settings template to settings.json...
Ensure that all dependencies are up to date...  If this is the first time you have run Etherpad please be patient.

> wd@1.11.4 install /opt/etherpad-lite/src/node_modules/wd
> node scripts/build-browser-scripts

npm WARN optional SKIPPING OPTIONAL DEPENDENCY: fsevents@2.1.2 (node_modules/fsevents):
npm WARN notsup SKIPPING OPTIONAL DEPENDENCY: Unsupported platform for fsevents@2.1.2: wanted {"os":"darwin","arch":"any"} (current: {"os":"linux","arch":"x64"})

added 1005 packages from 1155 contributors and audited 13804 packages in 16.205s

23 packages are looking for funding
  run `npm fund` for details

found 7 vulnerabilities (5 low, 2 high)
  run `npm audit fix` to fix them, or `npm audit` for details
Clearing minified cache...
Removing intermediate container de1c5a0465e2
 ---> 1a4c653a3695
Step 11/14 : RUN for PLUGIN_NAME in ${ETHERPAD_PLUGINS}; do npm install "${PLUGIN_NAME}"; done
 ---> Running in 2501c887222a
Removing intermediate container 2501c887222a
 ---> b0d9f3f5f3df
Step 12/14 : COPY --chown=etherpad:etherpad ./settings.json.docker /opt/etherpad-lite/settings.json
 ---> e192f17f7b65
Step 13/14 : EXPOSE 9001
 ---> Running in bc6e3543e8f8
Removing intermediate container bc6e3543e8f8
 ---> adc37738d052
Step 14/14 : CMD ["node", "node_modules/ep_etherpad-lite/node/server.js"]
 ---> Running in d8debf6857e0
Removing intermediate container d8debf6857e0
 ---> 7c5cfead4011
Successfully built 7c5cfead4011
Successfully tagged etherpad:test
travis_time:end:2842ff44:start=1585748945365372929,finish=1585748979403805060,duration=34038432131,event=scriptThe command "docker build -t etherpad:test ." exited with 0.
travis_time:start:1702ca9ee:end:1702ca9e:start=1585748979411398612,finish=1585748982837562375,duration=3426163763,event=scriptThe command "docker run -d -p 9001:9001 etherpad:test && sleep 3" exited with 0.
travis_time:start:0295ac31 run test-container

> ep_etherpad-lite@1.8.0 test-container /home/travis/build/ether/etherpad-lite/src
> nyc mocha --timeout 5000 ../tests/container/specs/api



  Connectivity
    âœ“ can connect

  API Versioning
    âœ“ finds the version tag

  Permission
    âœ“ errors with invalid APIKey


  3 passing (41ms)

----------|---------|----------|---------|---------|-------------------
File      | % Stmts | % Branch | % Funcs | % Lines | Uncovered Line #s 
----------|---------|----------|---------|---------|-------------------
All files |       0 |        0 |       0 |       0 |                   
----------|---------|----------|---------|---------|-------------------
travis_time:end:0295ac31:start=1585748982843824820,finish=1585748983722675923,duration=878851103,event=scriptThe command "cd src && npm run test-container" exited with 0.
travis_time:start:04b8b56c run test

> ep_etherpad-lite@1.8.0 test /home/travis/build/ether/etherpad-lite/src
> nyc mocha --timeout 5000 ../tests/backend/specs/api


Error: ENOENT: no such file or directory, open '/home/travis/build/ether/etherpad-lite/tests/backend/../../settings.json'
    at Object.openSync (fs.js:457:3)
    at Object.readFileSync (fs.js:359:35)
    at Object.loadSettings (/home/travis/build/ether/etherpad-lite/tests/backend/loadSettings.js:12:24)
    at Object.<anonymous> (/home/travis/build/ether/etherpad-lite/tests/backend/specs/api/characterEncoding.js:10:59)
    at Module._compile (internal/modules/cjs/loader.js:1158:30)
    at Module.replacementCompile (/home/travis/build/ether/etherpad-lite/src/node_modules/append-transform/index.js:60:13)
    at Module._extensions..js (internal/modules/cjs/loader.js:1178:10)
    at Object.<anonymous> (/home/travis/build/ether/etherpad-lite/src/node_modules/append-transform/index.js:64:4)
    at Module.load (internal/modules/cjs/loader.js:1002:32)
    at Function.Module._load (internal/modules/cjs/loader.js:901:14)
    at Module.require (internal/modules/cjs/loader.js:1044:19)
    at require (internal/modules/cjs/helpers.js:77:18)
    at requireOrImport (/home/travis/build/ether/etherpad-lite/src/node_modules/mocha/lib/esm-utils.js:15:12)
    at Object.exports.loadFilesAsync (/home/travis/build/ether/etherpad-lite/src/node_modules/mocha/lib/esm-utils.js:28:26)
    at Mocha.loadFilesAsync (/home/travis/build/ether/etherpad-lite/src/node_modules/mocha/lib/mocha.js:351:19)
    at singleRun (/home/travis/build/ether/etherpad-lite/src/node_modules/mocha/lib/cli/run-helpers.js:107:15)
    at exports.runMocha (/home/travis/build/ether/etherpad-lite/src/node_modules/mocha/lib/cli/run-helpers.js:144:11)
    at Object.exports.handler (/home/travis/build/ether/etherpad-lite/src/node_modules/mocha/lib/cli/run.js:306:11)
    at Object.runCommand (/home/travis/build/ether/etherpad-lite/src/node_modules/mocha/node_modules/yargs/lib/command.js:242:26)
    at Object.parseArgs [as _parseArgs] (/home/travis/build/ether/etherpad-lite/src/node_modules/mocha/node_modules/yargs/yargs.js:1096:28)
    at Object.parse (/home/travis/build/ether/etherpad-lite/src/node_modules/mocha/node_modules/yargs/yargs.js:575:25)
    at Object.exports.main (/home/travis/build/ether/etherpad-lite/src/node_modules/mocha/lib/cli/cli.js:68:6)
    at Object.<anonymous> (/home/travis/build/ether/etherpad-lite/src/node_modules/mocha/bin/mocha:133:29)
    at Module._compile (internal/modules/cjs/loader.js:1158:30)
    at Module.replacementCompile (/home/travis/build/ether/etherpad-lite/src/node_modules/append-transform/index.js:60:13)
    at Module._extensions..js (internal/modules/cjs/loader.js:1178:10)
    at Object.<anonymous> (/home/travis/build/ether/etherpad-lite/src/node_modules/append-transform/index.js:64:4)
    at Module.load (internal/modules/cjs/loader.js:1002:32)
    at Function.Module._load (internal/modules/cjs/loader.js:901:14)
    at Function.executeUserEntryPoint [as runMain] (internal/modules/run_main.js:74:12)
    at internal/main/run_main_module.js:18:47
----------|---------|----------|---------|---------|-------------------
File      | % Stmts | % Branch | % Funcs | % Lines | Uncovered Line #s 
----------|---------|----------|---------|---------|-------------------
All files |       0 |        0 |       0 |       0 |                   
----------|---------|----------|---------|---------|-------------------
npm ERR! code ELIFECYCLE
npm ERR! errno 1
npm ERR! ep_etherpad-lite@1.8.0 test: `nyc mocha --timeout 5000 ../tests/backend/specs/api`
npm ERR! Exit status 1
npm ERR! 
npm ERR! Failed at the ep_etherpad-lite@1.8.0 test script.
npm ERR! This is probably not a problem with npm. There is likely additional logging output above.

npm ERR! A complete log of this run can be found in:
npm ERR!     /home/travis/.npm/_logs/2020-04-01T13_49_44_589Z-debug.log
travis_time:end:04b8b56c:start=1585748983727012796,finish=1585748984614379507,duration=887366711,event=scriptThe command "npm run test" exited with 1.
travis_fold:start:cache.2e:start:0487e43fe:end:0487e43f:start=1585748984625454461,finish=1585748984628983103,duration=3528642,event=cachee:start:2169c398nothing changed
travis_time:end:2169c398:start=1585748984634505039,finish=1585748985763650959,duration=1129145920,event=cache[0Ktravis_fold:end:cache.2[0K

Done. Your build exited with 1.
