travis_fold:start:worker_infoWorker information
hostname: e545c4b9-93ec-4774-b04a-661bf4785085@1.worker-org-689d9fcfd5-7n9wr.gce-production-1
version: v6.2.8 https://github.com/travis-ci/worker/tree/6d3048d96b26562be21fa1a8b8144f4c4cecd083
instance: travis-job-8f0069b2-8cfc-4935-a492-fb8b4927df3b travis-ci-sardonyx-xenial-1553530528-f909ac5 (via amqp)
startup: 6.29371668s
travis_fold:end:worker_infoe:start:1300a456e:end:1300a456:start=1585749146646484087,finish=1585749146801542853,duration=155058766,event=no_world_writable_dirse:start:207d488de:end:207d488d:start=1585749146804427341,finish=1585749146807615393,duration=3188052,event=setup_filtere:start:083bcdf3e:end:083bcdf3:start=1585749146813599687,finish=1585749146821129188,duration=7529501,event=agente:start:1bd13571e:end:1bd13571:start=1585749146824026008,finish=1585749146825821363,duration=1795355,event=check_unsupportede:start:1caee630_infoBuild system information
Build language: node_js
Build dist: xenial
Build id: 669713051
Job id: 669713054
Runtime kernel version: 4.15.0-1028-gcp
travis-build version: f65a8dc88
Build image provisioning date and time
Mon Mar 25 16:43:24 UTC 2019
Operating System Details
Distributor ID:Ubuntu
Description:Ubuntu 16.04.6 LTS
Release:16.04
Codename:xenial
Systemd Version
systemd 229
Cookbooks Version
42e42e4 https://github.com/travis-ci/travis-cookbooks/tree/42e42e4
git version
git version 2.21.0
bash version
GNU bash, version 4.3.48(1)-release (x86_64-pc-linux-gnu)
gcc version
gcc (Ubuntu 5.4.0-6ubuntu1~16.04.11) 5.4.0 20160609
docker version
Client:
 Version:           18.06.0-ce
 API version:       1.38
 Go version:        go1.10.3
 Git commit:        0ffa825
 Built:             Wed Jul 18 19:11:02 2018
 OS/Arch:           linux/amd64
 Experimental:      false

Server:
 Engine:
  Version:          18.06.0-ce
  API version:      1.38 (minimum version 1.12)
  Go version:       go1.10.3
  Git commit:       0ffa825
  Built:            Wed Jul 18 19:09:05 2018
  OS/Arch:          linux/amd64
  Experimental:     false
clang version
clang version 7.0.0 (tags/RELEASE_700/final)
jq version
jq-1.5
bats version
Bats 0.4.0
shellcheck version
0.6.0
shfmt version
v2.6.3
ccache version
3.2.4
cmake version
cmake version 3.12.4
heroku version
heroku/7.22.7 linux-x64 node-v11.10.1
imagemagick version
Version: ImageMagick 6.8.9-9 Q16 x86_64 2018-09-28 http://www.imagemagick.org
md5deep version
4.4
mercurial version
version 4.8
mysql version
mysql  Ver 14.14 Distrib 5.7.25, for Linux (x86_64) using  EditLine wrapper
openssl version
OpenSSL 1.0.2g  1 Mar 2016
packer version
1.3.3
postgresql client version
psql (PostgreSQL) 10.7 (Ubuntu 10.7-1.pgdg16.04+1)
ragel version
Ragel State Machine Compiler version 6.8 Feb 2013
sudo version
1.8.16
gzip version
gzip 1.6
zip version
Zip 3.0
vim version
VIM - Vi IMproved 7.4 (2013 Aug 10, compiled Nov 24 2016 16:44:48)
iptables version
iptables v1.6.0
curl version
curl 7.47.0 (x86_64-pc-linux-gnu) libcurl/7.47.0 GnuTLS/3.4.10 zlib/1.2.8 libidn/1.32 librtmp/2.3
wget version
GNU Wget 1.17.1 built on linux-gnu.
rsync version
rsync  version 3.1.1  protocol version 31
gimme version
v1.5.3
nvm version
0.34.0
perlbrew version
/home/travis/perl5/perlbrew/bin/perlbrew  - App::perlbrew/0.86
phpenv version
rbenv 1.1.2
rvm version
rvm 1.29.7 (latest) by Michal Papis, Piotr Kuczynski, Wayne E. Seguin [https://rvm.io]
default ruby version
ruby 2.5.3p105 (2018-10-18 revision 65156) [x86_64-linux]
CouchDB version
couchdb 1.6.1
ElasticSearch version
5.5.0
Installed Firefox version
firefox 63.0.1
MongoDB version
MongoDB 4.0.7
PhantomJS version
2.1.1
Pre-installed PostgreSQL versions
9.4.21
9.5.16
9.6.12
Redis version
redis-server 5.0.4
Pre-installed Go versions
1.11.1
mvn version
Apache Maven 3.6.0 (97c98ec64a1fdfee7767ce5ffb20918da4f719f3; 2018-10-24T18:41:47Z)
gradle version
Gradle 4.10.2!
lein version
Leiningen 2.9.1 on Java 11.0.2 OpenJDK 64-Bit Server VM
Pre-installed Node.js versions
v10.15.3
v11.0.0
v4.9.1
v6.17.0
v8.12.0
v8.15.1
v8.9
phpenv versions
  system
  5.6
  5.6.40
  7.1
  7.1.27
  7.2
* 7.2.15 (set by /home/travis/.phpenv/version)
  hhvm
  hhvm-stable
composer --version
Composer version 1.8.4 2019-02-11 10:52:10
Pre-installed Ruby versions
ruby-2.3.8
ruby-2.4.5
ruby-2.5.3
travis_fold:end:system_infoe:end:1caee630:start=1585749146828707936,finish=1585749146834082035,duration=5374099,event=show_system_infoe:start:2b3b2e20e:end:2b3b2e20:start=1585749146837111803,finish=1585749146850031894,duration=12920091,event=rm_riak_sourcee:start:10016b77e:end:10016b77:start=1585749146853190385,finish=1585749146860447098,duration=7256713,event=fix_rwky_redise:start:0cfea1a0e:end:0cfea1a0:start=1585749146865147660,finish=1585749147332610832,duration=467463172,event=wait_for_networke:start:09577ccee:end:09577cce:start=1585749147337091532,finish=1585749147542138947,duration=205047415,event=update_apt_keyse:start:0d6a3184e:end:0d6a3184:start=1585749147547152622,finish=1585749147603567693,duration=56415071,event=fix_hhvm_sourcee:start:02c088efe:end:02c088ef:start=1585749147608289860,finish=1585749147611563768,duration=3273908,event=update_mongo_arche:start:04bddd24e:end:04bddd24:start=1585749147618911788,finish=1585749147662779209,duration=43867421,event=fix_sudo_enabled_trustye:start:28edbaa0e:end:28edbaa0:start=1585749147670615926,finish=1585749147673651381,duration=3035455,event=update_glibce:start:2b8e9160e:end:2b8e9160:start=1585749147681211720,finish=1585749147690639551,duration=9427831,event=clean_up_pathe:start:1383ef02e:end:1383ef02:start=1585749147698520753,finish=1585749147707383170,duration=8862417,event=fix_resolv_confe:start:070592e0e:end:070592e0:start=1585749147712306403,finish=1585749147721676510,duration=9370107,event=fix_etc_hostse:start:00bf9e4ce:end:00bf9e4c:start=1585749147729521141,finish=1585749147739002939,duration=9481798,event=fix_mvn_settings_xmle:start:019e557ee:end:019e557e:start=1585749147742764920,finish=1585749147753964732,duration=11199812,event=no_ipv6_localhoste:start:31796ac6e:end:31796ac6:start=1585749147762662934,finish=1585749147765154417,duration=2491483,event=fix_etc_mavenrce:start:083d1410e:end:083d1410:start=1585749147769640060,finish=1585749147772782986,duration=3142926,event=fix_wwdr_certificatee:start:03b5b6c9e:end:03b5b6c9:start=1585749147776463468,finish=1585749147800898566,duration=24435098,event=put_localhost_firste:start:097fe280e:end:097fe280:start=1585749147809578063,finish=1585749147814163017,duration=4584954,event=home_pathse:start:06ca336ee:end:06ca336e:start=1585749147822422446,finish=1585749147836767827,duration=14345381,event=disable_initramfse:start:04f40ef1e:end:04f40ef1:start=1585749147840519765,finish=1585749148118649726,duration=278129961,event=disable_ssh_roaminge:start:0fe371e0e:end:0fe371e0:start=1585749148126109748,finish=1585749148129407833,duration=3298085,event=debug_toolse:start:1e91650ce:end:1e91650c:start=1585749148133766774,finish=1585749148136728288,duration=2961514,event=uninstall_oclinte:start:0098d1e8e:end:0098d1e8:start=1585749148141293255,finish=1585749148145134443,duration=3841188,event=rvm_usee:start:12be7418e:end:12be7418:start=1585749148150527651,finish=1585749148158509143,duration=7981492,event=rm_etc_boto_cfge:start:03d85fc0e:end:03d85fc0:start=1585749148166367619,finish=1585749148169611913,duration=3244294,event=rm_oraclejdk8_symlinke:start:014087d0e:end:014087d0:start=1585749148177256723,finish=1585749148295878443,duration=118621720,event=enable_i386e:start:0d0a47fee:end:0d0a47fe:start=1585749148300550811,finish=1585749148308157773,duration=7606962,event=update_rubygemse:start:0a781810e:end:0a781810:start=1585749148314371768,finish=1585749149127941506,duration=813569738,event=ensure_path_componentse:start:01e7ccc8e:end:01e7ccc8:start=1585749149132628916,finish=1585749149135539164,duration=2910248,event=redefine_curle:start:00779881e:end:00779881:start=1585749149140798933,finish=1585749149247309859,duration=106510926,event=nonblock_pipee:start:112367d2e:end:112367d2:start=1585749149253882497,finish=1585749155287166250,duration=6033283753,event=apt_get_updatee:start:05c030b6e:end:05c030b6:start=1585749155291838969,finish=1585749155293888935,duration=2049966,event=deprecate_xcode_64e:start:00519bf6e:end:00519bf6:start=1585749155297825227,finish=1585749157722094278,duration=2424269051,event=update_herokue:start:1ccb67c8e:end:1ccb67c8:start=1585749157728163353,finish=1585749157730999129,duration=2835776,event=shell_session_updatee:start:130ed90ftutue:end:130ed90f:start=1585749157736154562,finish=1585749160028242790,duration=2292088228,event=set_docker_mtue:start:30729b1ce:end:30729b1c:start=1585749160036462261,finish=1585749160096803340,duration=60341079,event=resolvconfe:start:04cdec38e:end:04cdec38:start=1585749160102952547,finish=1585749160239499698,duration=136547151,event=maven_central_mirrore:start:0335115fe:end:0335115f:start=1585749160244623615,finish=1585749160336300246,duration=91676631,event=maven_httpse:start:272c0148e:start:07c5d794ctl start docker
travis_time:end:07c5d794:start=1585749160345072466,finish=1585749160357023825,duration=11951359,event=preparee:end:07c5d794:start=1585749160345072466,finish=1585749163362724252,duration=3017651786,event=servicese:start:10ad6158e:end:10ad6158:start=1585749163367942160,finish=1585749163370138354,duration=2196194,event=fix_ps4e:start:0a6714a4e:start:0df39c5c/ether/[secure].git ether/[secure]
Cloning into 'ether/[secure]'...
travis_time:end:0df39c5c:start=1585749163378065863,finish=1585749164497070488,duration=1119004625,event=checkoute:end:0df39c5c:start=1585749163378065863,finish=1585749164539601194,duration=1161535331,event=checkoute:start:0172115eSetting environment variables from repository settings
$ export SAUCE_USERNAME=[secure]
$ export SAUCE_ACCESS_KEY=[secure]

Setting environment variables from .travis.yml
$ export SAUCE_USERNAME=[secure]
$ export SAUCE_ACCESS_KEY=[secure]

travis_time:end:0172115e:start=1585749164544871575,finish=1585749164554593053,duration=9721478,event=env.installe:start:136e91a6 install lts/*
Downloading and installing node v12.16.1...
Downloading https://nodejs.org/dist/v12.16.1/node-v12.16.1-linux-x64.tar.xz...
Computing checksum with sha256sum
Checksums matched!
Now using node v12.16.1 (npm v6.13.4)
travis_time:end:136e91a6:start=1585749165472862235,finish=1585749168310791883,duration=2837929648,event=setup.installe:start:01546fe9e:end:01546fe9:start=1585749169373596003,finish=1585749169633119343,duration=259523340,event=setup_cashere:start:28b3f180e:end:28b3f180:start=1585749169638664425,finish=1585749169641852589,duration=3188164,event=setup_cashere:start:1c2f9cc6pting to download cache archive
fetching cache--linux-xenial-e3b0c44298fc1c149afbf4c8996fb92427ae41e4649b934ca495991b7852b855--node-lts/*.tgz
fetching cache-linux-xenial-e3b0c44298fc1c149afbf4c8996fb92427ae41e4649b934ca495991b7852b855--node-lts/*.tgz
fetching cache--node-lts/*.tgz
fetching cache--linux-xenial-e3b0c44298fc1c149afbf4c8996fb92427ae41e4649b934ca495991b7852b855--node-lts/*.tgz
found cache
travis_time:end:1c2f9cc6:start=1585749169645992586,finish=1585749171676705106,duration=2030712520,event=setup_cashere:start:0e7dfa82e:end:0e7dfa82:start=1585749171823472291,finish=1585749171826199205,duration=2726914,event=setup_cachee:start:060b3b9ee/travis/build/ether/[secure]/node_modules to cache
creating directory /home/travis/build/ether/[secure]/node_modules
travis_time:end:060b3b9e:start=1585749171835564313,finish=1585749172761622818,duration=926058505,event=setup_cache --version
6.13.4
$ nvm --version
0.35.3

travis_fold:start:installe:start:019e30bc install && cd -

> wd@1.11.4 install /home/travis/build/ether/[secure]/src/node_modules/wd
> node scripts/build-browser-scripts

npm WARN optional SKIPPING OPTIONAL DEPENDENCY: fsevents@2.1.2 (node_modules/fsevents):
npm WARN notsup SKIPPING OPTIONAL DEPENDENCY: Unsupported platform for fsevents@2.1.2: wanted {"os":"darwin","arch":"any"} (current: {"os":"linux","arch":"x64"})

added 1005 packages from 1155 contributors and audited 13804 packages in 14.98s

23 packages are looking for funding
  run `npm fund` for details

found 7 vulnerabilities (5 low, 2 high)
  run `npm audit fix` to fix them, or `npm audit` for details
/home/travis/build/ether/[secure]
travis_time:end:019e30bc:start=1585749172907480767,finish=1585749188574400308,duration=15666919541,event=installe:start:1d910dfee    Time     Time  Current
                                 Dload  Upload   Total   Spent    Left  Speed
  0     0    0     0    0     0      0      0 --:--:-- --:--:-- --:--:--     0  0     0    0     0    0     0      0      0 --:--:--  0:00:01 --:--:--     0  4 9160k    4  414k    0     0   263k      0  0:00:34  0:00:01  0:00:33  263k100 9160k  100 9160k    0     0  4970k      0  0:00:01  0:00:01 --:--:-- 4967k
travis_time:end:1d910dfe:start=1585749188579853910,finish=1585749214676366245,duration=26096512335,event=before_scripte:start:019cdea4on   6.97MB
Step 1/14 : FROM node:10-buster-slim
10-buster-slim: Pulling from library/node
c499e6d256d6: Pulling fs layer
c417e37967d6: Pulling fs layer
787ebcd6cb75: Pulling fs layer
582e4857535d: Pulling fs layer
d4759ced7dfc: Pulling fs layer
582e4857535d: Waiting
d4759ced7dfc: Waiting
c417e37967d6: Verifying Checksum
c417e37967d6: Download complete
c499e6d256d6: Verifying Checksum
c499e6d256d6: Download complete
787ebcd6cb75: Verifying Checksum
787ebcd6cb75: Download complete
582e4857535d: Verifying Checksum
582e4857535d: Download complete
d4759ced7dfc: Verifying Checksum
d4759ced7dfc: Download complete
c499e6d256d6: Pull complete
c417e37967d6: Pull complete
787ebcd6cb75: Pull complete
582e4857535d: Pull complete
d4759ced7dfc: Pull complete
Digest: sha256:e767c915e7abb919ae17c403c7a53a2b42119b232003d8712bb0f29ce6ad27ea
Status: Downloaded newer image for node:10-buster-slim
 ---> 7dc63e9090ed
Step 2/14 : LABEL maintainer="Etherpad team, https://github.com/ether/[secure]"
 ---> Running in f26cc949ecc9
Removing intermediate container f26cc949ecc9
 ---> 585471a73202
Step 3/14 : ARG ETHERPAD_PLUGINS=
 ---> Running in 03c9ded3a120
Removing intermediate container 03c9ded3a120
 ---> aec61fec83fc
Step 4/14 : ENV NODE_ENV=development
 ---> Running in 1f6b82d9c5a4
Removing intermediate container 1f6b82d9c5a4
 ---> 936548603e98
Step 5/14 : RUN useradd --uid 5001 --create-home etherpad
 ---> Running in 24f1eb101454
Removing intermediate container 24f1eb101454
 ---> 1ce66934e8d4
Step 6/14 : RUN mkdir /opt/[secure] && chown etherpad:etherpad /opt/[secure]
 ---> Running in f9797f283eb1
Removing intermediate container f9797f283eb1
 ---> 58e4cd48381a
Step 7/14 : USER etherpad:etherpad
 ---> Running in a0e7f4ba2f94
Removing intermediate container a0e7f4ba2f94
 ---> 2bd905914ea8
Step 8/14 : WORKDIR /opt/[secure]
 ---> Running in bf9535b89c59
Removing intermediate container bf9535b89c59
 ---> 1f2644437f46
Step 9/14 : COPY --chown=etherpad:etherpad ./ ./
 ---> 880bcaaa3b0b
Step 10/14 : RUN bin/installDeps.sh && rm -rf ~/.npm/_cacache
 ---> Running in f43a33662ff2
Copy the settings template to settings.json...
Ensure that all dependencies are up to date...  If this is the first time you have run Etherpad please be patient.

> wd@1.11.4 install /opt/[secure]/src/node_modules/wd
> node scripts/build-browser-scripts

npm WARN optional SKIPPING OPTIONAL DEPENDENCY: fsevents@2.1.2 (node_modules/fsevents):
npm WARN notsup SKIPPING OPTIONAL DEPENDENCY: Unsupported platform for fsevents@2.1.2: wanted {"os":"darwin","arch":"any"} (current: {"os":"linux","arch":"x64"})

added 1005 packages from 1155 contributors and audited 13804 packages in 15.709s

23 packages are looking for funding
  run `npm fund` for details

found 7 vulnerabilities (5 low, 2 high)
  run `npm audit fix` to fix them, or `npm audit` for details
Clearing minified cache...
Removing intermediate container f43a33662ff2
 ---> c9fdc1f109a2
Step 11/14 : RUN for PLUGIN_NAME in ${ETHERPAD_PLUGINS}; do npm install "${PLUGIN_NAME}"; done
 ---> Running in 52b267bece25
Removing intermediate container 52b267bece25
 ---> b27163d164cd
Step 12/14 : COPY --chown=etherpad:etherpad ./settings.json.docker /opt/[secure]/settings.json
 ---> 0bd1bfcc3f92
Step 13/14 : EXPOSE 9001
 ---> Running in 08b514f524e0
Removing intermediate container 08b514f524e0
 ---> 19deee4cdf97
Step 14/14 : CMD ["node", "node_modules/ep_[secure]/node/server.js"]
 ---> Running in daf75b7a840c
Removing intermediate container daf75b7a840c
 ---> 786348c5a6d6
Successfully built 786348c5a6d6
Successfully tagged etherpad:test
travis_time:end:019cdea4:start=1585749214681735138,finish=1585749246785227059,duration=32103491921,event=scriptThe command "docker build -t etherpad:test ." exited with 0.
travis_time:start:0bbfeeffe:end:0bbfeeff:start=1585749246795563466,finish=1585749250240481108,duration=3444917642,event=scriptThe command "docker run -d -p 9001:9001 etherpad:test && sleep 3" exited with 0.
travis_time:start:03fbde04 run test-container

> ep_[secure]@1.8.0 test-container /home/travis/build/ether/[secure]/src
> nyc mocha --timeout 5000 ../tests/container/specs/api



  Connectivity
    âœ“ can connect

  API Versioning
    âœ“ finds the version tag

  Permission
    âœ“ errors with invalid APIKey


  3 passing (44ms)

----------|---------|----------|---------|---------|-------------------
File      | % Stmts | % Branch | % Funcs | % Lines | Uncovered Line #s 
----------|---------|----------|---------|---------|-------------------
All files |       0 |        0 |       0 |       0 |                   
----------|---------|----------|---------|---------|-------------------
travis_time:end:03fbde04:start=1585749250246637186,finish=1585749251167517689,duration=920880503,event=scriptThe command "cd src && npm run test-container" exited with 0.
travis_time:start:0534aafe run test

> ep_[secure]@1.8.0 test /home/travis/build/ether/[secure]/src
> nyc mocha --timeout 5000 ../tests/backend/specs/api


Error: ENOENT: no such file or directory, open '/home/travis/build/ether/[secure]/tests/backend/../../settings.json'
    at Object.openSync (fs.js:457:3)
    at Object.readFileSync (fs.js:359:35)
    at Object.loadSettings (/home/travis/build/ether/[secure]/tests/backend/loadSettings.js:12:24)
    at Object.<anonymous> (/home/travis/build/ether/[secure]/tests/backend/specs/api/characterEncoding.js:10:59)
    at Module._compile (internal/modules/cjs/loader.js:1158:30)
    at Module.replacementCompile (/home/travis/build/ether/[secure]/src/node_modules/append-transform/index.js:60:13)
    at Module._extensions..js (internal/modules/cjs/loader.js:1178:10)
    at Object.<anonymous> (/home/travis/build/ether/[secure]/src/node_modules/append-transform/index.js:64:4)
    at Module.load (internal/modules/cjs/loader.js:1002:32)
    at Function.Module._load (internal/modules/cjs/loader.js:901:14)
    at Module.require (internal/modules/cjs/loader.js:1044:19)
    at require (internal/modules/cjs/helpers.js:77:18)
    at requireOrImport (/home/travis/build/ether/[secure]/src/node_modules/mocha/lib/esm-utils.js:15:12)
    at Object.exports.loadFilesAsync (/home/travis/build/ether/[secure]/src/node_modules/mocha/lib/esm-utils.js:28:26)
    at Mocha.loadFilesAsync (/home/travis/build/ether/[secure]/src/node_modules/mocha/lib/mocha.js:351:19)
    at singleRun (/home/travis/build/ether/[secure]/src/node_modules/mocha/lib/cli/run-helpers.js:107:15)
    at exports.runMocha (/home/travis/build/ether/[secure]/src/node_modules/mocha/lib/cli/run-helpers.js:144:11)
    at Object.exports.handler (/home/travis/build/ether/[secure]/src/node_modules/mocha/lib/cli/run.js:306:11)
    at Object.runCommand (/home/travis/build/ether/[secure]/src/node_modules/mocha/node_modules/yargs/lib/command.js:242:26)
    at Object.parseArgs [as _parseArgs] (/home/travis/build/ether/[secure]/src/node_modules/mocha/node_modules/yargs/yargs.js:1096:28)
    at Object.parse (/home/travis/build/ether/[secure]/src/node_modules/mocha/node_modules/yargs/yargs.js:575:25)
    at Object.exports.main (/home/travis/build/ether/[secure]/src/node_modules/mocha/lib/cli/cli.js:68:6)
    at Object.<anonymous> (/home/travis/build/ether/[secure]/src/node_modules/mocha/bin/mocha:133:29)
    at Module._compile (internal/modules/cjs/loader.js:1158:30)
    at Module.replacementCompile (/home/travis/build/ether/[secure]/src/node_modules/append-transform/index.js:60:13)
    at Module._extensions..js (internal/modules/cjs/loader.js:1178:10)
    at Object.<anonymous> (/home/travis/build/ether/[secure]/src/node_modules/append-transform/index.js:64:4)
    at Module.load (internal/modules/cjs/loader.js:1002:32)
    at Function.Module._load (internal/modules/cjs/loader.js:901:14)
    at Function.executeUserEntryPoint [as runMain] (internal/modules/run_main.js:74:12)
    at internal/main/run_main_module.js:18:47
----------|---------|----------|---------|---------|-------------------
File      | % Stmts | % Branch | % Funcs | % Lines | Uncovered Line #s 
----------|---------|----------|---------|---------|-------------------
All files |       0 |        0 |       0 |       0 |                   
----------|---------|----------|---------|---------|-------------------
npm ERR! code ELIFECYCLE
npm ERR! errno 1
npm ERR! ep_[secure]@1.8.0 test: `nyc mocha --timeout 5000 ../tests/backend/specs/api`
npm ERR! Exit status 1
npm ERR! 
npm ERR! Failed at the ep_[secure]@1.8.0 test script.
npm ERR! This is probably not a problem with npm. There is likely additional logging output above.

npm ERR! A complete log of this run can be found in:
npm ERR!     /home/travis/.npm/_logs/2020-04-01T13_54_12_119Z-debug.log
travis_time:end:0534aafe:start=1585749251176057719,finish=1585749252144085421,duration=968027702,event=scriptThe command "npm run test" exited with 1.
travis_fold:start:cache.2e:start:08905e04e:end:08905e04:start=1585749252160372114,finish=1585749252166162934,duration=5790820,event=cachee:start:03ec51e0nothing changed
travis_time:end:03ec51e0:start=1585749252172494825,finish=1585749253365578468,duration=1193083643,event=cache[0Ktravis_fold:end:cache.2[0K

Done. Your build exited with 1.
