travis_fold:start:worker_infoWorker information
hostname: 394a49a6-5507-487a-81ac-420eab3efa67@1.worker-org-676f4fdd9b-qtnnr.gce-production-2
version: v6.2.8 https://github.com/travis-ci/worker/tree/6d3048d96b26562be21fa1a8b8144f4c4cecd083
instance: travis-job-9375afcc-1f6b-40aa-a4a0-f0a00160e2ae travis-ci-sardonyx-xenial-1553530528-f909ac5 (via amqp)
startup: 6.201313995s
travis_fold:end:worker_infoe:start:0996bbfce:end:0996bbfc:start=1585749859341053857,finish=1585749859470555997,duration=129502140,event=no_world_writable_dirse:start:0771299ce:end:0771299c:start=1585749859473060791,finish=1585749859475636946,duration=2576155,event=setup_filtere:start:299e6078e:end:299e6078:start=1585749859481006907,finish=1585749859488108638,duration=7101731,event=agente:start:02541090e:end:02541090:start=1585749859490337566,finish=1585749859492164371,duration=1826805,event=check_unsupportede:start:03f00fc0_infoBuild system information
Build language: node_js
Build dist: xenial
Build id: 669714261
Job id: 669714264
Runtime kernel version: 4.15.0-1028-gcp
travis-build version: f65a8dc88
Build image provisioning date and time
Mon Mar 25 16:43:24 UTC 2019
Operating System Details
Distributor ID:Ubuntu
Description:Ubuntu 16.04.6 LTS
Release:16.04
Codename:xenial
Systemd Version
systemd 229
Cookbooks Version
42e42e4 https://github.com/travis-ci/travis-cookbooks/tree/42e42e4
git version
git version 2.21.0
bash version
GNU bash, version 4.3.48(1)-release (x86_64-pc-linux-gnu)
gcc version
gcc (Ubuntu 5.4.0-6ubuntu1~16.04.11) 5.4.0 20160609
docker version
Client:
 Version:           18.06.0-ce
 API version:       1.38
 Go version:        go1.10.3
 Git commit:        0ffa825
 Built:             Wed Jul 18 19:11:02 2018
 OS/Arch:           linux/amd64
 Experimental:      false

Server:
 Engine:
  Version:          18.06.0-ce
  API version:      1.38 (minimum version 1.12)
  Go version:       go1.10.3
  Git commit:       0ffa825
  Built:            Wed Jul 18 19:09:05 2018
  OS/Arch:          linux/amd64
  Experimental:     false
clang version
clang version 7.0.0 (tags/RELEASE_700/final)
jq version
jq-1.5
bats version
Bats 0.4.0
shellcheck version
0.6.0
shfmt version
v2.6.3
ccache version
3.2.4
cmake version
cmake version 3.12.4
heroku version
heroku/7.22.7 linux-x64 node-v11.10.1
imagemagick version
Version: ImageMagick 6.8.9-9 Q16 x86_64 2018-09-28 http://www.imagemagick.org
md5deep version
4.4
mercurial version
version 4.8
mysql version
mysql  Ver 14.14 Distrib 5.7.25, for Linux (x86_64) using  EditLine wrapper
openssl version
OpenSSL 1.0.2g  1 Mar 2016
packer version
1.3.3
postgresql client version
psql (PostgreSQL) 10.7 (Ubuntu 10.7-1.pgdg16.04+1)
ragel version
Ragel State Machine Compiler version 6.8 Feb 2013
sudo version
1.8.16
gzip version
gzip 1.6
zip version
Zip 3.0
vim version
VIM - Vi IMproved 7.4 (2013 Aug 10, compiled Nov 24 2016 16:44:48)
iptables version
iptables v1.6.0
curl version
curl 7.47.0 (x86_64-pc-linux-gnu) libcurl/7.47.0 GnuTLS/3.4.10 zlib/1.2.8 libidn/1.32 librtmp/2.3
wget version
GNU Wget 1.17.1 built on linux-gnu.
rsync version
rsync  version 3.1.1  protocol version 31
gimme version
v1.5.3
nvm version
0.34.0
perlbrew version
/home/travis/perl5/perlbrew/bin/perlbrew  - App::perlbrew/0.86
phpenv version
rbenv 1.1.2
rvm version
rvm 1.29.7 (latest) by Michal Papis, Piotr Kuczynski, Wayne E. Seguin [https://rvm.io]
default ruby version
ruby 2.5.3p105 (2018-10-18 revision 65156) [x86_64-linux]
CouchDB version
couchdb 1.6.1
ElasticSearch version
5.5.0
Installed Firefox version
firefox 63.0.1
MongoDB version
MongoDB 4.0.7
PhantomJS version
2.1.1
Pre-installed PostgreSQL versions
9.4.21
9.5.16
9.6.12
Redis version
redis-server 5.0.4
Pre-installed Go versions
1.11.1
mvn version
Apache Maven 3.6.0 (97c98ec64a1fdfee7767ce5ffb20918da4f719f3; 2018-10-24T18:41:47Z)
gradle version
Gradle 4.10.2!
lein version
Leiningen 2.9.1 on Java 11.0.2 OpenJDK 64-Bit Server VM
Pre-installed Node.js versions
v10.15.3
v11.0.0
v4.9.1
v6.17.0
v8.12.0
v8.15.1
v8.9
phpenv versions
  system
  5.6
  5.6.40
  7.1
  7.1.27
  7.2
* 7.2.15 (set by /home/travis/.phpenv/version)
  hhvm
  hhvm-stable
composer --version
Composer version 1.8.4 2019-02-11 10:52:10
Pre-installed Ruby versions
ruby-2.3.8
ruby-2.4.5
ruby-2.5.3
travis_fold:end:system_infoe:end:03f00fc0:start=1585749859494422352,finish=1585749859498832336,duration=4409984,event=show_system_infoe:start:070a2340e:end:070a2340:start=1585749859501441579,finish=1585749859512454682,duration=11013103,event=rm_riak_sourcee:start:079a6166e:end:079a6166:start=1585749859515328485,finish=1585749859521238031,duration=5909546,event=fix_rwky_redise:start:060b6682e:end:060b6682:start=1585749859523950311,finish=1585749859970303972,duration=446353661,event=wait_for_networke:start:0f427b60e:end:0f427b60:start=1585749859973704774,finish=1585749860149641898,duration=175937124,event=update_apt_keyse:start:1afca494e:end:1afca494:start=1585749860153655692,finish=1585749860201474358,duration=47818666,event=fix_hhvm_sourcee:start:02f7f81fe:end:02f7f81f:start=1585749860204760750,finish=1585749860207148145,duration=2387395,event=update_mongo_arche:start:012b19bfe:end:012b19bf:start=1585749860213776406,finish=1585749860251359461,duration=37583055,event=fix_sudo_enabled_trustye:start:0dfab55ae:end:0dfab55a:start=1585749860255749462,finish=1585749860258198233,duration=2448771,event=update_glibce:start:14786727e:end:14786727:start=1585749860261860090,finish=1585749860268795645,duration=6935555,event=clean_up_pathe:start:1a3a8046e:end:1a3a8046:start=1585749860272586777,finish=1585749860279670355,duration=7083578,event=fix_resolv_confe:start:098e8e4de:end:098e8e4d:start=1585749860282916666,finish=1585749860290723187,duration=7806521,event=fix_etc_hostse:start:095e5bb8e:end:095e5bb8:start=1585749860294383081,finish=1585749860301718626,duration=7335545,event=fix_mvn_settings_xmle:start:07c1cd48e:end:07c1cd48:start=1585749860304959380,finish=1585749860313312703,duration=8353323,event=no_ipv6_localhoste:start:32c3aa70e:end:32c3aa70:start=1585749860316436736,finish=1585749860318303348,duration=1866612,event=fix_etc_mavenrce:start:08f5ba04e:end:08f5ba04:start=1585749860321901389,finish=1585749860324650649,duration=2749260,event=fix_wwdr_certificatee:start:02680080e:end:02680080:start=1585749860328871725,finish=1585749860350160690,duration=21288965,event=put_localhost_firste:start:1b783b1de:end:1b783b1d:start=1585749860353449821,finish=1585749860356335280,duration=2885459,event=home_pathse:start:0425f5a0e:end:0425f5a0:start=1585749860360977745,finish=1585749860372780510,duration=11802765,event=disable_initramfse:start:08791e9de:end:08791e9d:start=1585749860377943454,finish=1585749860589461634,duration=211518180,event=disable_ssh_roaminge:start:235f1633e:end:235f1633:start=1585749860593998283,finish=1585749860596962053,duration=2963770,event=debug_toolse:start:19de480ce:end:19de480c:start=1585749860600221358,finish=1585749860602883095,duration=2661737,event=uninstall_oclinte:start:0e8cc62de:end:0e8cc62d:start=1585749860606596493,finish=1585749860609260208,duration=2663715,event=rvm_usee:start:058f2bd0e:end:058f2bd0:start=1585749860612796761,finish=1585749860619467107,duration=6670346,event=rm_etc_boto_cfge:start:0439ccbce:end:0439ccbc:start=1585749860623065401,finish=1585749860625477540,duration=2412139,event=rm_oraclejdk8_symlinke:start:04f0451be:end:04f0451b:start=1585749860628463483,finish=1585749860714123947,duration=85660464,event=enable_i386e:start:124789aee:end:124789ae:start=1585749860718632814,finish=1585749860726117867,duration=7485053,event=update_rubygemse:start:05439731e:end:05439731:start=1585749860731186667,finish=1585749861479096530,duration=747909863,event=ensure_path_componentse:start:01899781e:end:01899781:start=1585749861483060400,finish=1585749861485151720,duration=2091320,event=redefine_curle:start:0559c320e:end:0559c320:start=1585749861488813387,finish=1585749861564313933,duration=75500546,event=nonblock_pipee:start:01276a2ee:end:01276a2e:start=1585749861568790660,finish=1585749867598288042,duration=6029497382,event=apt_get_updatee:start:0ab47ac6e:end:0ab47ac6:start=1585749867602529125,finish=1585749867605099227,duration=2570102,event=deprecate_xcode_64e:start:07597f93e:end:07597f93:start=1585749867610431512,finish=1585749869965144568,duration=2354713056,event=update_herokue:start:0bbabcf8e:end:0bbabcf8:start=1585749869971320663,finish=1585749869973436934,duration=2116271,event=shell_session_updatee:start:080f2936tutue:end:080f2936:start=1585749869977751366,finish=1585749872123537624,duration=2145786258,event=set_docker_mtue:start:18cbfd24e:end:18cbfd24:start=1585749872128084950,finish=1585749872188302208,duration=60217258,event=resolvconfe:start:076ed500e:end:076ed500:start=1585749872193374459,finish=1585749872315591016,duration=122216557,event=maven_central_mirrore:start:31d43173e:end:31d43173:start=1585749872323899991,finish=1585749872410655537,duration=86755546,event=maven_httpse:start:067469a8e:start:109e15d0ctl start docker
travis_time:end:109e15d0:start=1585749872420496085,finish=1585749872430658841,duration=10162756,event=preparee:end:109e15d0:start=1585749872420496085,finish=1585749875435808735,duration=3015312650,event=servicese:start:09f1e8eee:end:09f1e8ee:start=1585749875440558815,finish=1585749875442657574,duration=2098759,event=fix_ps4e:start:13970f28e:start:03f05970/ether/[secure].git ether/[secure]
Cloning into 'ether/[secure]'...
travis_time:end:03f05970:start=1585749875452083337,finish=1585749876355790463,duration=903707126,event=checkoute:start:030502e7erge:
From https://github.com/ether/[secure]
 * branch              refs/pull/3813/merge -> FETCH_HEAD
travis_time:end:030502e7:start=1585749876360534651,finish=1585749878258849823,duration=1898315172,event=checkoute:end:030502e7:start=1585749876360534651,finish=1585749878297595105,duration=1937060454,event=checkoute:start:07efa7a6Setting environment variables from repository settings
$ export SAUCE_USERNAME=[secure]
$ export SAUCE_ACCESS_KEY=[secure]

Setting environment variables from .travis.yml
$ export SAUCE_USERNAME=[secure]
$ export SAUCE_ACCESS_KEY=[secure]

travis_time:end:07efa7a6:start=1585749878304604900,finish=1585749878321995968,duration=17391068,event=env.installe:start:11689f4d install lts/*
Downloading and installing node v12.16.1...
Downloading https://nodejs.org/dist/v12.16.1/node-v12.16.1-linux-x64.tar.xz...
Computing checksum with sha256sum
Checksums matched!
Now using node v12.16.1 (npm v6.13.4)
travis_time:end:11689f4d:start=1585749879057790829,finish=1585749881727139406,duration=2669348577,event=setup.installe:start:008931abe:end:008931ab:start=1585749882722956540,finish=1585749882957730291,duration=234773751,event=setup_cashere:start:07710354e:end:07710354:start=1585749882963585919,finish=1585749882966474178,duration=2888259,event=setup_cashere:start:1804651epting to download cache archive
fetching cache--linux-xenial-e3b0c44298fc1c149afbf4c8996fb92427ae41e4649b934ca495991b7852b855--node-lts/*.tgz
fetching cache-linux-xenial-e3b0c44298fc1c149afbf4c8996fb92427ae41e4649b934ca495991b7852b855--node-lts/*.tgz
fetching cache--node-lts/*.tgz
fetching cache--linux-xenial-e3b0c44298fc1c149afbf4c8996fb92427ae41e4649b934ca495991b7852b855--node-lts/*.tgz
found cache
travis_time:end:1804651e:start=1585749882970364072,finish=1585749886278165074,duration=3307801002,event=setup_cashere:start:05a709b0e:end:05a709b0:start=1585749886416757020,finish=1585749886419382728,duration=2625708,event=setup_cachee:start:0841a460e/travis/build/ether/[secure]/node_modules to cache
creating directory /home/travis/build/ether/[secure]/node_modules
travis_time:end:0841a460:start=1585749886424516871,finish=1585749887290316467,duration=865799596,event=setup_cache --version
6.13.4
$ nvm --version
0.35.3

travis_fold:start:installe:start:0bab1e48 install && cd -

> wd@1.11.4 install /home/travis/build/ether/[secure]/src/node_modules/wd
> node scripts/build-browser-scripts

npm WARN optional SKIPPING OPTIONAL DEPENDENCY: fsevents@2.1.2 (node_modules/fsevents):
npm WARN notsup SKIPPING OPTIONAL DEPENDENCY: Unsupported platform for fsevents@2.1.2: wanted {"os":"darwin","arch":"any"} (current: {"os":"linux","arch":"x64"})

added 1005 packages from 1155 contributors in 14.718s

23 packages are looking for funding
  run `npm fund` for details

/home/travis/build/ether/[secure]
travis_time:end:0bab1e48:start=1585749887426590757,finish=1585749902819640757,duration=15393050000,event=installe:start:07532b75e    Time     Time  Current
                                 Dload  Upload   Total   Spent    Left  Speed
  0     0    0     0    0     0      0      0 --:--:-- --:--:-- --:--:--     0  0     0    0     0    0     0      0      0 --:--:-- --:--:-- --:--:--     0 76 9160k   76 6996k    0     0  5082k      0  0:00:01  0:00:01 --:--:-- 5081k100 9160k  100 9160k    0     0  6607k      0  0:00:01  0:00:01 --:--:-- 6604k
travis_time:end:07532b75:start=1585749902824780934,finish=1585749927455742698,duration=24630961764,event=before_scripte:start:2a3967dcon  17.91MB
Step 1/14 : FROM node:10-buster-slim
10-buster-slim: Pulling from library/node
c499e6d256d6: Pulling fs layer
c417e37967d6: Pulling fs layer
787ebcd6cb75: Pulling fs layer
582e4857535d: Pulling fs layer
d4759ced7dfc: Pulling fs layer
582e4857535d: Waiting
d4759ced7dfc: Waiting
c417e37967d6: Verifying Checksum
c417e37967d6: Download complete
787ebcd6cb75: Verifying Checksum
787ebcd6cb75: Download complete
c499e6d256d6: Download complete
582e4857535d: Verifying Checksum
582e4857535d: Download complete
d4759ced7dfc: Verifying Checksum
d4759ced7dfc: Download complete
c499e6d256d6: Pull complete
c417e37967d6: Pull complete
787ebcd6cb75: Pull complete
582e4857535d: Pull complete
d4759ced7dfc: Pull complete
Digest: sha256:e767c915e7abb919ae17c403c7a53a2b42119b232003d8712bb0f29ce6ad27ea
Status: Downloaded newer image for node:10-buster-slim
 ---> 7dc63e9090ed
Step 2/14 : LABEL maintainer="Etherpad team, https://github.com/ether/[secure]"
 ---> Running in d7b681d4a488
Removing intermediate container d7b681d4a488
 ---> bf32a2b3deef
Step 3/14 : ARG ETHERPAD_PLUGINS=
 ---> Running in 423af78b8f73
Removing intermediate container 423af78b8f73
 ---> 0ff29f39edb9
Step 4/14 : ENV NODE_ENV=development
 ---> Running in ad7e6d5ab84a
Removing intermediate container ad7e6d5ab84a
 ---> 0120713118a5
Step 5/14 : RUN useradd --uid 5001 --create-home etherpad
 ---> Running in efa319f9b570
Removing intermediate container efa319f9b570
 ---> ed6508814cd7
Step 6/14 : RUN mkdir /opt/[secure] && chown etherpad:etherpad /opt/[secure]
 ---> Running in 6c0b976afef4
Removing intermediate container 6c0b976afef4
 ---> d33b26a10f90
Step 7/14 : USER etherpad:etherpad
 ---> Running in 87e553ae3c69
Removing intermediate container 87e553ae3c69
 ---> 28121e053a3a
Step 8/14 : WORKDIR /opt/[secure]
 ---> Running in 1ac43aef9ddb
Removing intermediate container 1ac43aef9ddb
 ---> 0ef3d18c3fd8
Step 9/14 : COPY --chown=etherpad:etherpad ./ ./
 ---> 0ed789807289
Step 10/14 : RUN bin/installDeps.sh && rm -rf ~/.npm/_cacache
 ---> Running in 6ead11bd5af7
Copy the settings template to settings.json...
Ensure that all dependencies are up to date...  If this is the first time you have run Etherpad please be patient.

> wd@1.11.4 install /opt/[secure]/src/node_modules/wd
> node scripts/build-browser-scripts

npm WARN optional SKIPPING OPTIONAL DEPENDENCY: fsevents@2.1.2 (node_modules/fsevents):
npm WARN notsup SKIPPING OPTIONAL DEPENDENCY: Unsupported platform for fsevents@2.1.2: wanted {"os":"darwin","arch":"any"} (current: {"os":"linux","arch":"x64"})

added 1005 packages from 1155 contributors and audited 13804 packages in 15.15s

23 packages are looking for funding
  run `npm fund` for details

found 7 vulnerabilities (5 low, 2 high)
  run `npm audit fix` to fix them, or `npm audit` for details
Clearing minified cache...
Removing intermediate container 6ead11bd5af7
 ---> e2d30b294e85
Step 11/14 : RUN for PLUGIN_NAME in ${ETHERPAD_PLUGINS}; do npm install "${PLUGIN_NAME}"; done
 ---> Running in ad3e01793d14
Removing intermediate container ad3e01793d14
 ---> 2d2de66ce68f
Step 12/14 : COPY --chown=etherpad:etherpad ./settings.json.docker /opt/[secure]/settings.json
 ---> cfcefe682d62
Step 13/14 : EXPOSE 9001
 ---> Running in bc60b2dd3e90
Removing intermediate container bc60b2dd3e90
 ---> c8d1cadb8542
Step 14/14 : CMD ["node", "node_modules/ep_[secure]/node/server.js"]
 ---> Running in ed3800fe535f
Removing intermediate container ed3800fe535f
 ---> b279ba23333f
Successfully built b279ba23333f
Successfully tagged etherpad:test
travis_time:end:2a3967dc:start=1585749927461918691,finish=1585749958889165393,duration=31427246702,event=scriptThe command "docker build -t etherpad:test ." exited with 0.
travis_time:start:2bc029a0e:end:2bc029a0:start=1585749958897297596,finish=1585749962310908263,duration=3413610667,event=scriptThe command "docker run -d -p 9001:9001 etherpad:test && sleep 3" exited with 0.
travis_time:start:1ad588cc run test-container

> ep_[secure]@1.8.0 test-container /home/travis/build/ether/[secure]/src
> nyc mocha --timeout 5000 ../tests/container/specs/api



  Connectivity
    âœ“ can connect

  API Versioning
    âœ“ finds the version tag

  Permission
    âœ“ errors with invalid APIKey


  3 passing (36ms)

----------|---------|----------|---------|---------|-------------------
File      | % Stmts | % Branch | % Funcs | % Lines | Uncovered Line #s 
----------|---------|----------|---------|---------|-------------------
All files |       0 |        0 |       0 |       0 |                   
----------|---------|----------|---------|---------|-------------------
travis_time:end:1ad588cc:start=1585749962316909067,finish=1585749963178384929,duration=861475862,event=scriptThe command "cd src && npm run test-container" exited with 0.
travis_time:start:2c3e6dc1 run test

> ep_[secure]@1.8.0 test /home/travis/build/ether/[secure]/src
> nyc mocha --timeout 5000 ../tests/backend/specs/api


Error: ENOENT: no such file or directory, open '/home/travis/build/ether/[secure]/tests/backend/../../settings.json'
    at Object.openSync (fs.js:457:3)
    at Object.readFileSync (fs.js:359:35)
    at Object.loadSettings (/home/travis/build/ether/[secure]/tests/backend/loadSettings.js:12:24)
    at Object.<anonymous> (/home/travis/build/ether/[secure]/tests/backend/specs/api/characterEncoding.js:10:59)
    at Module._compile (internal/modules/cjs/loader.js:1158:30)
    at Module.replacementCompile (/home/travis/build/ether/[secure]/src/node_modules/append-transform/index.js:60:13)
    at Module._extensions..js (internal/modules/cjs/loader.js:1178:10)
    at Object.<anonymous> (/home/travis/build/ether/[secure]/src/node_modules/append-transform/index.js:64:4)
    at Module.load (internal/modules/cjs/loader.js:1002:32)
    at Function.Module._load (internal/modules/cjs/loader.js:901:14)
    at Module.require (internal/modules/cjs/loader.js:1044:19)
    at require (internal/modules/cjs/helpers.js:77:18)
    at requireOrImport (/home/travis/build/ether/[secure]/src/node_modules/mocha/lib/esm-utils.js:15:12)
    at Object.exports.loadFilesAsync (/home/travis/build/ether/[secure]/src/node_modules/mocha/lib/esm-utils.js:28:26)
    at Mocha.loadFilesAsync (/home/travis/build/ether/[secure]/src/node_modules/mocha/lib/mocha.js:351:19)
    at singleRun (/home/travis/build/ether/[secure]/src/node_modules/mocha/lib/cli/run-helpers.js:107:15)
    at exports.runMocha (/home/travis/build/ether/[secure]/src/node_modules/mocha/lib/cli/run-helpers.js:144:11)
    at Object.exports.handler (/home/travis/build/ether/[secure]/src/node_modules/mocha/lib/cli/run.js:306:11)
    at Object.runCommand (/home/travis/build/ether/[secure]/src/node_modules/mocha/node_modules/yargs/lib/command.js:242:26)
    at Object.parseArgs [as _parseArgs] (/home/travis/build/ether/[secure]/src/node_modules/mocha/node_modules/yargs/yargs.js:1096:28)
    at Object.parse (/home/travis/build/ether/[secure]/src/node_modules/mocha/node_modules/yargs/yargs.js:575:25)
    at Object.exports.main (/home/travis/build/ether/[secure]/src/node_modules/mocha/lib/cli/cli.js:68:6)
    at Object.<anonymous> (/home/travis/build/ether/[secure]/src/node_modules/mocha/bin/mocha:133:29)
    at Module._compile (internal/modules/cjs/loader.js:1158:30)
    at Module.replacementCompile (/home/travis/build/ether/[secure]/src/node_modules/append-transform/index.js:60:13)
    at Module._extensions..js (internal/modules/cjs/loader.js:1178:10)
    at Object.<anonymous> (/home/travis/build/ether/[secure]/src/node_modules/append-transform/index.js:64:4)
    at Module.load (internal/modules/cjs/loader.js:1002:32)
    at Function.Module._load (internal/modules/cjs/loader.js:901:14)
    at Function.executeUserEntryPoint [as runMain] (internal/modules/run_main.js:74:12)
    at internal/main/run_main_module.js:18:47
----------|---------|----------|---------|---------|-------------------
File      | % Stmts | % Branch | % Funcs | % Lines | Uncovered Line #s 
----------|---------|----------|---------|---------|-------------------
All files |       0 |        0 |       0 |       0 |                   
----------|---------|----------|---------|---------|-------------------
npm ERR! code ELIFECYCLE
npm ERR! errno 1
npm ERR! ep_[secure]@1.8.0 test: `nyc mocha --timeout 5000 ../tests/backend/specs/api`
npm ERR! Exit status 1
npm ERR! 
npm ERR! Failed at the ep_[secure]@1.8.0 test script.
npm ERR! This is probably not a problem with npm. There is likely additional logging output above.

npm ERR! A complete log of this run can be found in:
npm ERR!     /home/travis/.npm/_logs/2020-04-01T14_06_04_012Z-debug.log
travis_time:end:2c3e6dc1:start=1585749963183055991,finish=1585749964048802208,duration=865746217,event=scriptThe command "npm run test" exited with 1.
travis_fold:start:cache.2e:start:01bcd84be:end:01bcd84b:start=1585749964064631947,finish=1585749964070045562,duration=5413615,event=cachee:start:1e5c2dc4nothing changed
travis_time:end:1e5c2dc4:start=1585749964075796485,finish=1585749965173579740,duration=1097783255,event=cache[0Ktravis_fold:end:cache.2[0K

Done. Your build exited with 1.
