travis_fold:start:worker_infoWorker information
hostname: a522b379-2976-400b-bac5-a6ed0a9a2c12@1.worker-org-676f4fdd9b-mdwpx.gce-production-2
version: v6.2.8 https://github.com/travis-ci/worker/tree/6d3048d96b26562be21fa1a8b8144f4c4cecd083
instance: travis-job-2cd2fe8b-e6a8-48ab-b909-1b084944e81c travis-ci-sardonyx-xenial-1553530528-f909ac5 (via amqp)
startup: 6.453273333s
travis_fold:end:worker_infoe:start:1f00574de:end:1f00574d:start=1585750465697299546,finish=1585750465843164713,duration=145865167,event=no_world_writable_dirse:start:1ce87bb2e:end:1ce87bb2:start=1585750465845840629,finish=1585750465848732584,duration=2891955,event=setup_filtere:start:064a81dbe:end:064a81db:start=1585750465852970950,finish=1585750465860240889,duration=7269939,event=agente:start:093c1ad7e:end:093c1ad7:start=1585750465862742975,finish=1585750465864582145,duration=1839170,event=check_unsupportede:start:1ed449a2_infoBuild system information
Build language: node_js
Build dist: xenial
Build id: 669715487
Job id: 669715488
Runtime kernel version: 4.15.0-1028-gcp
travis-build version: f65a8dc88
Build image provisioning date and time
Mon Mar 25 16:43:24 UTC 2019
Operating System Details
Distributor ID:Ubuntu
Description:Ubuntu 16.04.6 LTS
Release:16.04
Codename:xenial
Systemd Version
systemd 229
Cookbooks Version
42e42e4 https://github.com/travis-ci/travis-cookbooks/tree/42e42e4
git version
git version 2.21.0
bash version
GNU bash, version 4.3.48(1)-release (x86_64-pc-linux-gnu)
gcc version
gcc (Ubuntu 5.4.0-6ubuntu1~16.04.11) 5.4.0 20160609
docker version
Client:
 Version:           18.06.0-ce
 API version:       1.38
 Go version:        go1.10.3
 Git commit:        0ffa825
 Built:             Wed Jul 18 19:11:02 2018
 OS/Arch:           linux/amd64
 Experimental:      false

Server:
 Engine:
  Version:          18.06.0-ce
  API version:      1.38 (minimum version 1.12)
  Go version:       go1.10.3
  Git commit:       0ffa825
  Built:            Wed Jul 18 19:09:05 2018
  OS/Arch:          linux/amd64
  Experimental:     false
clang version
clang version 7.0.0 (tags/RELEASE_700/final)
jq version
jq-1.5
bats version
Bats 0.4.0
shellcheck version
0.6.0
shfmt version
v2.6.3
ccache version
3.2.4
cmake version
cmake version 3.12.4
heroku version
heroku/7.22.7 linux-x64 node-v11.10.1
imagemagick version
Version: ImageMagick 6.8.9-9 Q16 x86_64 2018-09-28 http://www.imagemagick.org
md5deep version
4.4
mercurial version
version 4.8
mysql version
mysql  Ver 14.14 Distrib 5.7.25, for Linux (x86_64) using  EditLine wrapper
openssl version
OpenSSL 1.0.2g  1 Mar 2016
packer version
1.3.3
postgresql client version
psql (PostgreSQL) 10.7 (Ubuntu 10.7-1.pgdg16.04+1)
ragel version
Ragel State Machine Compiler version 6.8 Feb 2013
sudo version
1.8.16
gzip version
gzip 1.6
zip version
Zip 3.0
vim version
VIM - Vi IMproved 7.4 (2013 Aug 10, compiled Nov 24 2016 16:44:48)
iptables version
iptables v1.6.0
curl version
curl 7.47.0 (x86_64-pc-linux-gnu) libcurl/7.47.0 GnuTLS/3.4.10 zlib/1.2.8 libidn/1.32 librtmp/2.3
wget version
GNU Wget 1.17.1 built on linux-gnu.
rsync version
rsync  version 3.1.1  protocol version 31
gimme version
v1.5.3
nvm version
0.34.0
perlbrew version
/home/travis/perl5/perlbrew/bin/perlbrew  - App::perlbrew/0.86
phpenv version
rbenv 1.1.2
rvm version
rvm 1.29.7 (latest) by Michal Papis, Piotr Kuczynski, Wayne E. Seguin [https://rvm.io]
default ruby version
ruby 2.5.3p105 (2018-10-18 revision 65156) [x86_64-linux]
CouchDB version
couchdb 1.6.1
ElasticSearch version
5.5.0
Installed Firefox version
firefox 63.0.1
MongoDB version
MongoDB 4.0.7
PhantomJS version
2.1.1
Pre-installed PostgreSQL versions
9.4.21
9.5.16
9.6.12
Redis version
redis-server 5.0.4
Pre-installed Go versions
1.11.1
mvn version
Apache Maven 3.6.0 (97c98ec64a1fdfee7767ce5ffb20918da4f719f3; 2018-10-24T18:41:47Z)
gradle version
Gradle 4.10.2!
lein version
Leiningen 2.9.1 on Java 11.0.2 OpenJDK 64-Bit Server VM
Pre-installed Node.js versions
v10.15.3
v11.0.0
v4.9.1
v6.17.0
v8.12.0
v8.15.1
v8.9
phpenv versions
  system
  5.6
  5.6.40
  7.1
  7.1.27
  7.2
* 7.2.15 (set by /home/travis/.phpenv/version)
  hhvm
  hhvm-stable
composer --version
Composer version 1.8.4 2019-02-11 10:52:10
Pre-installed Ruby versions
ruby-2.3.8
ruby-2.4.5
ruby-2.5.3
travis_fold:end:system_infoe:end:1ed449a2:start=1585750465867251782,finish=1585750465873564991,duration=6313209,event=show_system_infoe:start:055b1f30e:end:055b1f30:start=1585750465876229492,finish=1585750465889108308,duration=12878816,event=rm_riak_sourcee:start:06917606e:end:06917606:start=1585750465892682558,finish=1585750465903938062,duration=11255504,event=fix_rwky_redise:start:01420be4e:end:01420be4:start=1585750465921207994,finish=1585750466627328427,duration=706120433,event=wait_for_networke:start:0195e024e:end:0195e024:start=1585750466629995144,finish=1585750466841346993,duration=211351849,event=update_apt_keyse:start:1183bdf8e:end:1183bdf8:start=1585750466843982705,finish=1585750466897718901,duration=53736196,event=fix_hhvm_sourcee:start:04efc237e:end:04efc237:start=1585750466900554862,finish=1585750466902784885,duration=2230023,event=update_mongo_arche:start:0ba5cabce:end:0ba5cabc:start=1585750466905292365,finish=1585750466945977920,duration=40685555,event=fix_sudo_enabled_trustye:start:00028c74e:end:00028c74:start=1585750466948913421,finish=1585750466950885646,duration=1972225,event=update_glibce:start:05086610e:end:05086610:start=1585750466953510082,finish=1585750466961162802,duration=7652720,event=clean_up_pathe:start:1dfac116e:end:1dfac116:start=1585750466963754307,finish=1585750466971379965,duration=7625658,event=fix_resolv_confe:start:253cad68e:end:253cad68:start=1585750466974066572,finish=1585750466982572220,duration=8505648,event=fix_etc_hostse:start:0a933896e:end:0a933896:start=1585750466985408597,finish=1585750466995554695,duration=10146098,event=fix_mvn_settings_xmle:start:004d844ce:end:004d844c:start=1585750466998355243,finish=1585750467007214536,duration=8859293,event=no_ipv6_localhoste:start:046f29cce:end:046f29cc:start=1585750467009826755,finish=1585750467011689111,duration=1862356,event=fix_etc_mavenrce:start:1ca030ace:end:1ca030ac:start=1585750467014139791,finish=1585750467016817025,duration=2677234,event=fix_wwdr_certificatee:start:06311c7fe:end:06311c7f:start=1585750467019355228,finish=1585750467041609747,duration=22254519,event=put_localhost_firste:start:065e3ad0e:end:065e3ad0:start=1585750467044250499,finish=1585750467046786846,duration=2536347,event=home_pathse:start:156e8e98e:end:156e8e98:start=1585750467049315886,finish=1585750467061073802,duration=11757916,event=disable_initramfse:start:0e95f0c8e:end:0e95f0c8:start=1585750467063816079,finish=1585750467366438397,duration=302622318,event=disable_ssh_roaminge:start:1b5e0112e:end:1b5e0112:start=1585750467369229538,finish=1585750467371286190,duration=2056652,event=debug_toolse:start:22a6b4a2e:end:22a6b4a2:start=1585750467374172473,finish=1585750467376927582,duration=2755109,event=uninstall_oclinte:start:0a297813e:end:0a297813:start=1585750467379691680,finish=1585750467382277157,duration=2585477,event=rvm_usee:start:00bfffeee:end:00bfffee:start=1585750467384930376,finish=1585750467392272510,duration=7342134,event=rm_etc_boto_cfge:start:04e2e464e:end:04e2e464:start=1585750467394859191,finish=1585750467397588455,duration=2729264,event=rm_oraclejdk8_symlinke:start:0027a932e:end:0027a932:start=1585750467400350037,finish=1585750467584628261,duration=184278224,event=enable_i386e:start:024a80f8e:end:024a80f8:start=1585750467602144453,finish=1585750467615959895,duration=13815442,event=update_rubygemse:start:1fb7d22ee:end:1fb7d22e:start=1585750467632801369,finish=1585750468543127611,duration=910326242,event=ensure_path_componentse:start:0e051a00e:end:0e051a00:start=1585750468547154810,finish=1585750468549861900,duration=2707090,event=redefine_curle:start:09550d1ce:end:09550d1c:start=1585750468554679613,finish=1585750468662679287,duration=107999674,event=nonblock_pipee:start:009b6c58e:end:009b6c58:start=1585750468667946701,finish=1585750474701668710,duration=6033722009,event=apt_get_updatee:start:19e57039e:end:19e57039:start=1585750474705994193,finish=1585750474708516301,duration=2522108,event=deprecate_xcode_64e:start:34fb81e5e:end:34fb81e5:start=1585750474711830634,finish=1585750477257882706,duration=2546052072,event=update_herokue:start:29330728e:end:29330728:start=1585750477262580856,finish=1585750477265324389,duration=2743533,event=shell_session_updatee:start:201f91bbtutue:end:201f91bb:start=1585750477271742214,finish=1585750479470768957,duration=2199026743,event=set_docker_mtue:start:132090f0e:end:132090f0:start=1585750479478488482,finish=1585750479540612397,duration=62123915,event=resolvconfe:start:2f41eceae:end:2f41ecea:start=1585750479546157769,finish=1585750479691352766,duration=145194997,event=maven_central_mirrore:start:147fdd20e:end:147fdd20:start=1585750479695100971,finish=1585750479788615041,duration=93514070,event=maven_httpse:start:1e1cd48ae:start:15fd4b29ctl start docker
travis_time:end:15fd4b29:start=1585750479797250108,finish=1585750479809392186,duration=12142078,event=preparee:end:15fd4b29:start=1585750479797250108,finish=1585750482815465057,duration=3018214949,event=servicese:start:2cc9bc74e:end:2cc9bc74:start=1585750482819662906,finish=1585750482821913828,duration=2250922,event=fix_ps4e:start:00a36f86e:start:0979220b/ether/[secure].git ether/[secure]
Cloning into 'ether/[secure]'...
travis_time:end:0979220b:start=1585750482829269652,finish=1585750483889316726,duration=1060047074,event=checkoute:end:0979220b:start=1585750482829269652,finish=1585750483933387882,duration=1104118230,event=checkoute:start:15c19704Setting environment variables from repository settings
$ export SAUCE_USERNAME=[secure]
$ export SAUCE_ACCESS_KEY=[secure]

Setting environment variables from .travis.yml
$ export SAUCE_USERNAME=[secure]
$ export SAUCE_ACCESS_KEY=[secure]

travis_time:end:15c19704:start=1585750483937694404,finish=1585750483947235276,duration=9540872,event=env.installe:start:0502aa48 install lts/*
Downloading and installing node v12.16.1...
Downloading https://nodejs.org/dist/v12.16.1/node-v12.16.1-linux-x64.tar.xz...
Computing checksum with sha256sum
Checksums matched!
Now using node v12.16.1 (npm v6.13.4)
travis_time:end:0502aa48:start=1585750484718800146,finish=1585750487397628261,duration=2678828115,event=setup.installe:start:005fbf5ce:end:005fbf5c:start=1585750488502574673,finish=1585750488697231141,duration=194656468,event=setup_cashere:start:05abd54ce:end:05abd54c:start=1585750488703312905,finish=1585750488706020858,duration=2707953,event=setup_cashere:start:008681capting to download cache archive
fetching cache--linux-xenial-e3b0c44298fc1c149afbf4c8996fb92427ae41e4649b934ca495991b7852b855--node-lts/*.tgz
fetching cache-linux-xenial-e3b0c44298fc1c149afbf4c8996fb92427ae41e4649b934ca495991b7852b855--node-lts/*.tgz
fetching cache--node-lts/*.tgz
fetching cache--linux-xenial-e3b0c44298fc1c149afbf4c8996fb92427ae41e4649b934ca495991b7852b855--node-lts/*.tgz
found cache
travis_time:end:008681ca:start=1585750488710108781,finish=1585750490921854423,duration=2211745642,event=setup_cashere:start:0be26c00e:end:0be26c00:start=1585750491068936281,finish=1585750491072034358,duration=3098077,event=setup_cachee:start:1a1c07f4e/travis/build/ether/[secure]/node_modules to cache
creating directory /home/travis/build/ether/[secure]/node_modules
travis_time:end:1a1c07f4:start=1585750491076964966,finish=1585750491998825319,duration=921860353,event=setup_cache --version
6.13.4
$ nvm --version
0.35.3

travis_fold:start:installe:start:2da108aa install && cd -

> wd@1.11.4 install /home/travis/build/ether/[secure]/src/node_modules/wd
> node scripts/build-browser-scripts

npm WARN optional SKIPPING OPTIONAL DEPENDENCY: fsevents@2.1.2 (node_modules/fsevents):
npm WARN notsup SKIPPING OPTIONAL DEPENDENCY: Unsupported platform for fsevents@2.1.2: wanted {"os":"darwin","arch":"any"} (current: {"os":"linux","arch":"x64"})

added 1005 packages from 1155 contributors and audited 13804 packages in 15.059s

23 packages are looking for funding
  run `npm fund` for details

found 7 vulnerabilities (5 low, 2 high)
  run `npm audit fix` to fix them, or `npm audit` for details
/home/travis/build/ether/[secure]
travis_time:end:2da108aa:start=1585750492145276459,finish=1585750507968901295,duration=15823624836,event=installe:start:061a9500e    Time     Time  Current
                                 Dload  Upload   Total   Spent    Left  Speed
  0     0    0     0    0     0      0      0 --:--:-- --:--:-- --:--:--     0  0 9160k    0  3729    0     0   6664      0  0:23:27 --:--:--  0:23:27  6658100 9160k  100 9160k    0     0  6744k      0  0:00:01  0:00:01 --:--:-- 6745k
travis_time:end:061a9500:start=1585750507974608935,finish=1585750532583333280,duration=24608724345,event=before_scripte:start:02773434on  6.965MB
Step 1/14 : FROM node:10-buster-slim
10-buster-slim: Pulling from library/node
c499e6d256d6: Pulling fs layer
c417e37967d6: Pulling fs layer
787ebcd6cb75: Pulling fs layer
582e4857535d: Pulling fs layer
d4759ced7dfc: Pulling fs layer
582e4857535d: Waiting
d4759ced7dfc: Waiting
c417e37967d6: Verifying Checksum
c417e37967d6: Download complete
787ebcd6cb75: Verifying Checksum
787ebcd6cb75: Download complete
c499e6d256d6: Verifying Checksum
c499e6d256d6: Download complete
582e4857535d: Verifying Checksum
582e4857535d: Download complete
d4759ced7dfc: Verifying Checksum
d4759ced7dfc: Download complete
c499e6d256d6: Pull complete
c417e37967d6: Pull complete
787ebcd6cb75: Pull complete
582e4857535d: Pull complete
d4759ced7dfc: Pull complete
Digest: sha256:e767c915e7abb919ae17c403c7a53a2b42119b232003d8712bb0f29ce6ad27ea
Status: Downloaded newer image for node:10-buster-slim
 ---> 7dc63e9090ed
Step 2/14 : LABEL maintainer="Etherpad team, https://github.com/ether/[secure]"
 ---> Running in 75b63c9e5bef
Removing intermediate container 75b63c9e5bef
 ---> 975c3cff5943
Step 3/14 : ARG ETHERPAD_PLUGINS=
 ---> Running in 28d4a04f709c
Removing intermediate container 28d4a04f709c
 ---> 3069bc262105
Step 4/14 : ENV NODE_ENV=development
 ---> Running in af1b992861dd
Removing intermediate container af1b992861dd
 ---> 1ee8342f4b0b
Step 5/14 : RUN useradd --uid 5001 --create-home etherpad
 ---> Running in 716bbdebf483
Removing intermediate container 716bbdebf483
 ---> e63c24dda3e4
Step 6/14 : RUN mkdir /opt/[secure] && chown etherpad:etherpad /opt/[secure]
 ---> Running in a1ea3c9a78e9
Removing intermediate container a1ea3c9a78e9
 ---> c15816dd4a61
Step 7/14 : USER etherpad:etherpad
 ---> Running in 33d31bcc2d38
Removing intermediate container 33d31bcc2d38
 ---> 413336de26f0
Step 8/14 : WORKDIR /opt/[secure]
 ---> Running in b6d6e8214e41
Removing intermediate container b6d6e8214e41
 ---> c35a68f2a1e1
Step 9/14 : COPY --chown=etherpad:etherpad ./ ./
 ---> 683b8bf2e54e
Step 10/14 : RUN bin/installDeps.sh && rm -rf ~/.npm/_cacache
 ---> Running in 1edc8b338c08
Copy the settings template to settings.json...
Ensure that all dependencies are up to date...  If this is the first time you have run Etherpad please be patient.

> wd@1.11.4 install /opt/[secure]/src/node_modules/wd
> node scripts/build-browser-scripts

npm WARN optional SKIPPING OPTIONAL DEPENDENCY: fsevents@2.1.2 (node_modules/fsevents):
npm WARN notsup SKIPPING OPTIONAL DEPENDENCY: Unsupported platform for fsevents@2.1.2: wanted {"os":"darwin","arch":"any"} (current: {"os":"linux","arch":"x64"})

added 1005 packages from 1155 contributors and audited 13804 packages in 16.767s

23 packages are looking for funding
  run `npm fund` for details

found 7 vulnerabilities (5 low, 2 high)
  run `npm audit fix` to fix them, or `npm audit` for details
Clearing minified cache...
Removing intermediate container 1edc8b338c08
 ---> 20c35ff50d39
Step 11/14 : RUN for PLUGIN_NAME in ${ETHERPAD_PLUGINS}; do npm install "${PLUGIN_NAME}"; done
 ---> Running in 9b6d84dd47bb
Removing intermediate container 9b6d84dd47bb
 ---> 97fd57da02a3
Step 12/14 : COPY --chown=etherpad:etherpad ./settings.json.docker /opt/[secure]/settings.json
 ---> 69d7cfd41e47
Step 13/14 : EXPOSE 9001
 ---> Running in 8aeb76a8924e
Removing intermediate container 8aeb76a8924e
 ---> 420eeacc8988
Step 14/14 : CMD ["node", "node_modules/ep_[secure]/node/server.js"]
 ---> Running in 37cc21579621
Removing intermediate container 37cc21579621
 ---> c16d9ee59643
Successfully built c16d9ee59643
Successfully tagged etherpad:test
travis_time:end:02773434:start=1585750532589194626,finish=1585750566068859977,duration=33479665351,event=scriptThe command "docker build -t etherpad:test ." exited with 0.
travis_time:start:1c705739e:end:1c705739:start=1585750566075528978,finish=1585750569516682801,duration=3441153823,event=scriptThe command "docker run -d -p 9001:9001 etherpad:test && sleep 3" exited with 0.
travis_time:start:14aab55d run test-container

> ep_[secure]@1.8.0 test-container /home/travis/build/ether/[secure]/src
> nyc mocha --timeout 5000 ../tests/container/specs/api



  Connectivity
    âœ“ can connect

  API Versioning
    âœ“ finds the version tag

  Permission
    âœ“ errors with invalid APIKey


  3 passing (41ms)

----------|---------|----------|---------|---------|-------------------
File      | % Stmts | % Branch | % Funcs | % Lines | Uncovered Line #s 
----------|---------|----------|---------|---------|-------------------
All files |       0 |        0 |       0 |       0 |                   
----------|---------|----------|---------|---------|-------------------
travis_time:end:14aab55d:start=1585750569523268090,finish=1585750570440500292,duration=917232202,event=scriptThe command "cd src && npm run test-container" exited with 0.
travis_time:start:3ea98aa4 run test

> ep_[secure]@1.8.0 test /home/travis/build/ether/[secure]/src
> nyc mocha --timeout 5000 ../tests/backend/specs/api


Error: ENOENT: no such file or directory, open '/home/travis/build/ether/[secure]/tests/backend/../../settings.json'
    at Object.openSync (fs.js:457:3)
    at Object.readFileSync (fs.js:359:35)
    at Object.loadSettings (/home/travis/build/ether/[secure]/tests/backend/loadSettings.js:12:24)
    at Object.<anonymous> (/home/travis/build/ether/[secure]/tests/backend/specs/api/characterEncoding.js:10:59)
    at Module._compile (internal/modules/cjs/loader.js:1158:30)
    at Module.replacementCompile (/home/travis/build/ether/[secure]/src/node_modules/append-transform/index.js:60:13)
    at Module._extensions..js (internal/modules/cjs/loader.js:1178:10)
    at Object.<anonymous> (/home/travis/build/ether/[secure]/src/node_modules/append-transform/index.js:64:4)
    at Module.load (internal/modules/cjs/loader.js:1002:32)
    at Function.Module._load (internal/modules/cjs/loader.js:901:14)
    at Module.require (internal/modules/cjs/loader.js:1044:19)
    at require (internal/modules/cjs/helpers.js:77:18)
    at requireOrImport (/home/travis/build/ether/[secure]/src/node_modules/mocha/lib/esm-utils.js:15:12)
    at Object.exports.loadFilesAsync (/home/travis/build/ether/[secure]/src/node_modules/mocha/lib/esm-utils.js:28:26)
    at Mocha.loadFilesAsync (/home/travis/build/ether/[secure]/src/node_modules/mocha/lib/mocha.js:351:19)
    at singleRun (/home/travis/build/ether/[secure]/src/node_modules/mocha/lib/cli/run-helpers.js:107:15)
    at exports.runMocha (/home/travis/build/ether/[secure]/src/node_modules/mocha/lib/cli/run-helpers.js:144:11)
    at Object.exports.handler (/home/travis/build/ether/[secure]/src/node_modules/mocha/lib/cli/run.js:306:11)
    at Object.runCommand (/home/travis/build/ether/[secure]/src/node_modules/mocha/node_modules/yargs/lib/command.js:242:26)
    at Object.parseArgs [as _parseArgs] (/home/travis/build/ether/[secure]/src/node_modules/mocha/node_modules/yargs/yargs.js:1096:28)
    at Object.parse (/home/travis/build/ether/[secure]/src/node_modules/mocha/node_modules/yargs/yargs.js:575:25)
    at Object.exports.main (/home/travis/build/ether/[secure]/src/node_modules/mocha/lib/cli/cli.js:68:6)
    at Object.<anonymous> (/home/travis/build/ether/[secure]/src/node_modules/mocha/bin/mocha:133:29)
    at Module._compile (internal/modules/cjs/loader.js:1158:30)
    at Module.replacementCompile (/home/travis/build/ether/[secure]/src/node_modules/append-transform/index.js:60:13)
    at Module._extensions..js (internal/modules/cjs/loader.js:1178:10)
    at Object.<anonymous> (/home/travis/build/ether/[secure]/src/node_modules/append-transform/index.js:64:4)
    at Module.load (internal/modules/cjs/loader.js:1002:32)
    at Function.Module._load (internal/modules/cjs/loader.js:901:14)
    at Function.executeUserEntryPoint [as runMain] (internal/modules/run_main.js:74:12)
    at internal/main/run_main_module.js:18:47
----------|---------|----------|---------|---------|-------------------
File      | % Stmts | % Branch | % Funcs | % Lines | Uncovered Line #s 
----------|---------|----------|---------|---------|-------------------
All files |       0 |        0 |       0 |       0 |                   
----------|---------|----------|---------|---------|-------------------
npm ERR! code ELIFECYCLE
npm ERR! errno 1
npm ERR! ep_[secure]@1.8.0 test: `nyc mocha --timeout 5000 ../tests/backend/specs/api`
npm ERR! Exit status 1
npm ERR! 
npm ERR! Failed at the ep_[secure]@1.8.0 test script.
npm ERR! This is probably not a problem with npm. There is likely additional logging output above.

npm ERR! A complete log of this run can be found in:
npm ERR!     /home/travis/.npm/_logs/2020-04-01T14_16_11_323Z-debug.log
travis_time:end:3ea98aa4:start=1585750570446384931,finish=1585750571345199253,duration=898814322,event=scriptThe command "npm run test" exited with 1.
travis_fold:start:cache.2e:start:1f468aafe:end:1f468aaf:start=1585750571351342072,finish=1585750571354458862,duration=3116790,event=cachee:start:14558c14nothing changed
travis_time:end:14558c14:start=1585750571360031156,finish=1585750572548848027,duration=1188816871,event=cache[0Ktravis_fold:end:cache.2[0K

Done. Your build exited with 1.
