travis_fold:start:worker_infoWorker information
hostname: d9ac4628-6f6c-4570-9c09-bc262f716307@1.worker-org-689d9fcfd5-7rxgt.gce-production-1
version: v6.2.8 https://github.com/travis-ci/worker/tree/6d3048d96b26562be21fa1a8b8144f4c4cecd083
instance: travis-job-8914d7ca-baae-4287-a2c7-17e7599e74a1 travis-ci-sardonyx-xenial-1553530528-f909ac5 (via amqp)
startup: 6.206314081s
travis_fold:end:worker_infoe:start:05a48f62e:end:05a48f62:start=1585750599707195625,finish=1585750599846590501,duration=139394876,event=no_world_writable_dirse:start:05d671fce:end:05d671fc:start=1585750599849205066,finish=1585750599851884310,duration=2679244,event=setup_filtere:start:00d90364e:end:00d90364:start=1585750599857905433,finish=1585750599864969690,duration=7064257,event=agente:start:0db1d200e:end:0db1d200:start=1585750599867499213,finish=1585750599869240227,duration=1741014,event=check_unsupportede:start:29464cd0_infoBuild system information
Build language: node_js
Build dist: xenial
Build id: 669715509
Job id: 669715510
Runtime kernel version: 4.15.0-1028-gcp
travis-build version: f65a8dc88
Build image provisioning date and time
Mon Mar 25 16:43:24 UTC 2019
Operating System Details
Distributor ID:Ubuntu
Description:Ubuntu 16.04.6 LTS
Release:16.04
Codename:xenial
Systemd Version
systemd 229
Cookbooks Version
42e42e4 https://github.com/travis-ci/travis-cookbooks/tree/42e42e4
git version
git version 2.21.0
bash version
GNU bash, version 4.3.48(1)-release (x86_64-pc-linux-gnu)
gcc version
gcc (Ubuntu 5.4.0-6ubuntu1~16.04.11) 5.4.0 20160609
docker version
Client:
 Version:           18.06.0-ce
 API version:       1.38
 Go version:        go1.10.3
 Git commit:        0ffa825
 Built:             Wed Jul 18 19:11:02 2018
 OS/Arch:           linux/amd64
 Experimental:      false

Server:
 Engine:
  Version:          18.06.0-ce
  API version:      1.38 (minimum version 1.12)
  Go version:       go1.10.3
  Git commit:       0ffa825
  Built:            Wed Jul 18 19:09:05 2018
  OS/Arch:          linux/amd64
  Experimental:     false
clang version
clang version 7.0.0 (tags/RELEASE_700/final)
jq version
jq-1.5
bats version
Bats 0.4.0
shellcheck version
0.6.0
shfmt version
v2.6.3
ccache version
3.2.4
cmake version
cmake version 3.12.4
heroku version
heroku/7.22.7 linux-x64 node-v11.10.1
imagemagick version
Version: ImageMagick 6.8.9-9 Q16 x86_64 2018-09-28 http://www.imagemagick.org
md5deep version
4.4
mercurial version
version 4.8
mysql version
mysql  Ver 14.14 Distrib 5.7.25, for Linux (x86_64) using  EditLine wrapper
openssl version
OpenSSL 1.0.2g  1 Mar 2016
packer version
1.3.3
postgresql client version
psql (PostgreSQL) 10.7 (Ubuntu 10.7-1.pgdg16.04+1)
ragel version
Ragel State Machine Compiler version 6.8 Feb 2013
sudo version
1.8.16
gzip version
gzip 1.6
zip version
Zip 3.0
vim version
VIM - Vi IMproved 7.4 (2013 Aug 10, compiled Nov 24 2016 16:44:48)
iptables version
iptables v1.6.0
curl version
curl 7.47.0 (x86_64-pc-linux-gnu) libcurl/7.47.0 GnuTLS/3.4.10 zlib/1.2.8 libidn/1.32 librtmp/2.3
wget version
GNU Wget 1.17.1 built on linux-gnu.
rsync version
rsync  version 3.1.1  protocol version 31
gimme version
v1.5.3
nvm version
0.34.0
perlbrew version
/home/travis/perl5/perlbrew/bin/perlbrew  - App::perlbrew/0.86
phpenv version
rbenv 1.1.2
rvm version
rvm 1.29.7 (latest) by Michal Papis, Piotr Kuczynski, Wayne E. Seguin [https://rvm.io]
default ruby version
ruby 2.5.3p105 (2018-10-18 revision 65156) [x86_64-linux]
CouchDB version
couchdb 1.6.1
ElasticSearch version
5.5.0
Installed Firefox version
firefox 63.0.1
MongoDB version
MongoDB 4.0.7
PhantomJS version
2.1.1
Pre-installed PostgreSQL versions
9.4.21
9.5.16
9.6.12
Redis version
redis-server 5.0.4
Pre-installed Go versions
1.11.1
mvn version
Apache Maven 3.6.0 (97c98ec64a1fdfee7767ce5ffb20918da4f719f3; 2018-10-24T18:41:47Z)
gradle version
Gradle 4.10.2!
lein version
Leiningen 2.9.1 on Java 11.0.2 OpenJDK 64-Bit Server VM
Pre-installed Node.js versions
v10.15.3
v11.0.0
v4.9.1
v6.17.0
v8.12.0
v8.15.1
v8.9
phpenv versions
  system
  5.6
  5.6.40
  7.1
  7.1.27
  7.2
* 7.2.15 (set by /home/travis/.phpenv/version)
  hhvm
  hhvm-stable
composer --version
Composer version 1.8.4 2019-02-11 10:52:10
Pre-installed Ruby versions
ruby-2.3.8
ruby-2.4.5
ruby-2.5.3
travis_fold:end:system_infoe:end:29464cd0:start=1585750599871774173,finish=1585750599876731000,duration=4956827,event=show_system_infoe:start:2eb3c4fce:end:2eb3c4fc:start=1585750599879299037,finish=1585750599890892755,duration=11593718,event=rm_riak_sourcee:start:05f5e990e:end:05f5e990:start=1585750599895571412,finish=1585750599903242679,duration=7671267,event=fix_rwky_redise:start:0487e291e:end:0487e291:start=1585750599914362929,finish=1585750600316221959,duration=401859030,event=wait_for_networke:start:06c6f600e:end:06c6f600:start=1585750600321742851,finish=1585750600514728454,duration=192985603,event=update_apt_keyse:start:189d2000e:end:189d2000:start=1585750600518177869,finish=1585750600570559675,duration=52381806,event=fix_hhvm_sourcee:start:0cfbe560e:end:0cfbe560:start=1585750600574638257,finish=1585750600578161534,duration=3523277,event=update_mongo_arche:start:0d3b21d0e:end:0d3b21d0:start=1585750600581979860,finish=1585750600625419868,duration=43440008,event=fix_sudo_enabled_trustye:start:0823956ae:end:0823956a:start=1585750600629831852,finish=1585750600632421396,duration=2589544,event=update_glibce:start:001bbb56e:end:001bbb56:start=1585750600639528914,finish=1585750600648466578,duration=8937664,event=clean_up_pathe:start:0410f85ce:end:0410f85c:start=1585750600655936088,finish=1585750600663970289,duration=8034201,event=fix_resolv_confe:start:156e121ce:end:156e121c:start=1585750600669233208,finish=1585750600678033122,duration=8799914,event=fix_etc_hostse:start:0b2f93f8e:end:0b2f93f8:start=1585750600683412317,finish=1585750600691839445,duration=8427128,event=fix_mvn_settings_xmle:start:244b337be:end:244b337b:start=1585750600697356391,finish=1585750600707400632,duration=10044241,event=no_ipv6_localhoste:start:0a7780ffe:end:0a7780ff:start=1585750600711766612,finish=1585750600715011817,duration=3245205,event=fix_etc_mavenrce:start:002d7722e:end:002d7722:start=1585750600722357058,finish=1585750600726391444,duration=4034386,event=fix_wwdr_certificatee:start:0002b2d0e:end:0002b2d0:start=1585750600734017556,finish=1585750600758151367,duration=24133811,event=put_localhost_firste:start:3e501a03e:end:3e501a03:start=1585750600766321659,finish=1585750600770806751,duration=4485092,event=home_pathse:start:04199c3ae:end:04199c3a:start=1585750600778708340,finish=1585750600791048454,duration=12340114,event=disable_initramfse:start:130aff5fe:end:130aff5f:start=1585750600797349347,finish=1585750601119974042,duration=322624695,event=disable_ssh_roaminge:start:038829b1e:end:038829b1:start=1585750601124362782,finish=1585750601127341606,duration=2978824,event=debug_toolse:start:0ce28aefe:end:0ce28aef:start=1585750601133480631,finish=1585750601137241828,duration=3761197,event=uninstall_oclinte:start:134664f0e:end:134664f0:start=1585750601145334389,finish=1585750601149180053,duration=3845664,event=rvm_usee:start:0b5ada12e:end:0b5ada12:start=1585750601156118612,finish=1585750601164031770,duration=7913158,event=rm_etc_boto_cfge:start:00961234e:end:00961234:start=1585750601169853520,finish=1585750601173088890,duration=3235370,event=rm_oraclejdk8_symlinke:start:0b1b49fce:end:0b1b49fc:start=1585750601176439677,finish=1585750601272829246,duration=96389569,event=enable_i386e:start:02dfb640e:end:02dfb640:start=1585750601277060782,finish=1585750601282729517,duration=5668735,event=update_rubygemse:start:19af170ce:end:19af170c:start=1585750601288461033,finish=1585750602070629458,duration=782168425,event=ensure_path_componentse:start:0f186df2e:end:0f186df2:start=1585750602074858424,finish=1585750602077384622,duration=2526198,event=redefine_curle:start:0f65d755e:end:0f65d755:start=1585750602082574897,finish=1585750602171797324,duration=89222427,event=nonblock_pipee:start:082eb82ce:end:082eb82c:start=1585750602176143645,finish=1585750608207763886,duration=6031620241,event=apt_get_updatee:start:070196c0e:end:070196c0:start=1585750608211947019,finish=1585750608214395010,duration=2447991,event=deprecate_xcode_64e:start:115d4714e:end:115d4714:start=1585750608217570998,finish=1585750610626576543,duration=2409005545,event=update_herokue:start:1950f7cce:end:1950f7cc:start=1585750610632722506,finish=1585750610635432144,duration=2709638,event=shell_session_updatee:start:00497cf8tutue:end:00497cf8:start=1585750610639441235,finish=1585750612802355728,duration=2162914493,event=set_docker_mtue:start:0346b5a0e:end:0346b5a0:start=1585750612810553673,finish=1585750612872214778,duration=61661105,event=resolvconfe:start:04f5a194e:end:04f5a194:start=1585750612882754765,finish=1585750613026515455,duration=143760690,event=maven_central_mirrore:start:284a6204e:end:284a6204:start=1585750613031119100,finish=1585750613122956888,duration=91837788,event=maven_httpse:start:21841f3be:start:021c522fctl start docker
travis_time:end:021c522f:start=1585750613133361316,finish=1585750613144216867,duration=10855551,event=preparee:end:021c522f:start=1585750613133361316,finish=1585750616149265886,duration=3015904570,event=servicese:start:0528369ce:end:0528369c:start=1585750616153959199,finish=1585750616156069953,duration=2110754,event=fix_ps4e:start:024ac700e:start:044ef5e3/ether/[secure].git ether/[secure]
Cloning into 'ether/[secure]'...
travis_time:end:044ef5e3:start=1585750616163176939,finish=1585750617253497641,duration=1090320702,event=checkoute:start:1a0fc0e8erge:
From https://github.com/ether/[secure]
 * branch              refs/pull/3813/merge -> FETCH_HEAD
travis_time:end:1a0fc0e8:start=1585750617258774402,finish=1585750619398135278,duration=2139360876,event=checkoute:end:1a0fc0e8:start=1585750617258774402,finish=1585750619439522900,duration=2180748498,event=checkoute:start:10fb8829Setting environment variables from repository settings
$ export SAUCE_USERNAME=[secure]
$ export SAUCE_ACCESS_KEY=[secure]

Setting environment variables from .travis.yml
$ export SAUCE_USERNAME=[secure]
$ export SAUCE_ACCESS_KEY=[secure]

travis_time:end:10fb8829:start=1585750619447550389,finish=1585750619465989829,duration=18439440,event=env.installe:start:10e7e2ea install lts/*
Downloading and installing node v12.16.1...
Downloading https://nodejs.org/dist/v12.16.1/node-v12.16.1-linux-x64.tar.xz...
Computing checksum with sha256sum
Checksums matched!
Now using node v12.16.1 (npm v6.13.4)
travis_time:end:10e7e2ea:start=1585750620408036036,finish=1585750623199656729,duration=2791620693,event=setup.installe:start:27a46a30e:end:27a46a30:start=1585750624291274385,finish=1585750624591300966,duration=300026581,event=setup_cashere:start:004775b8e:end:004775b8:start=1585750624597672048,finish=1585750624600359585,duration=2687537,event=setup_cashere:start:0c9eb810pting to download cache archive
fetching cache--linux-xenial-e3b0c44298fc1c149afbf4c8996fb92427ae41e4649b934ca495991b7852b855--node-lts/*.tgz
fetching cache-linux-xenial-e3b0c44298fc1c149afbf4c8996fb92427ae41e4649b934ca495991b7852b855--node-lts/*.tgz
fetching cache--node-lts/*.tgz
fetching cache--linux-xenial-e3b0c44298fc1c149afbf4c8996fb92427ae41e4649b934ca495991b7852b855--node-lts/*.tgz
found cache
travis_time:end:0c9eb810:start=1585750624605547006,finish=1585750626696346669,duration=2090799663,event=setup_cashere:start:010a8fb2e:end:010a8fb2:start=1585750626843254255,finish=1585750626847682291,duration=4428036,event=setup_cachee:start:2654a548e/travis/build/ether/[secure]/node_modules to cache
creating directory /home/travis/build/ether/[secure]/node_modules
travis_time:end:2654a548:start=1585750626854206365,finish=1585750627779487496,duration=925281131,event=setup_cache --version
6.13.4
$ nvm --version
0.35.3

travis_fold:start:installe:start:04465794 install && cd -

> wd@1.11.4 install /home/travis/build/ether/[secure]/src/node_modules/wd
> node scripts/build-browser-scripts

npm WARN optional SKIPPING OPTIONAL DEPENDENCY: fsevents@2.1.2 (node_modules/fsevents):
npm WARN notsup SKIPPING OPTIONAL DEPENDENCY: Unsupported platform for fsevents@2.1.2: wanted {"os":"darwin","arch":"any"} (current: {"os":"linux","arch":"x64"})

added 1005 packages from 1155 contributors in 17.66s

23 packages are looking for funding
  run `npm fund` for details

/home/travis/build/ether/[secure]
travis_time:end:04465794:start=1585750627929916919,finish=1585750646278339567,duration=18348422648,event=installe:start:24754f9ee    Time     Time  Current
                                 Dload  Upload   Total   Spent    Left  Speed
  0     0    0     0    0     0      0      0 --:--:-- --:--:-- --:--:--     0  2 9160k    2  205k    0     0   305k      0  0:00:29 --:--:--  0:00:29  305k100 9160k  100 9160k    0     0  9056k      0  0:00:01  0:00:01 --:--:-- 9061k
travis_time:end:24754f9e:start=1585750646284761400,finish=1585750673553006710,duration=27268245310,event=before_scripte:start:133ac32con  17.91MB
Step 1/14 : FROM node:10-buster-slim
10-buster-slim: Pulling from library/node
c499e6d256d6: Pulling fs layer
c417e37967d6: Pulling fs layer
787ebcd6cb75: Pulling fs layer
582e4857535d: Pulling fs layer
d4759ced7dfc: Pulling fs layer
582e4857535d: Waiting
d4759ced7dfc: Waiting
c417e37967d6: Verifying Checksum
c417e37967d6: Download complete
787ebcd6cb75: Verifying Checksum
787ebcd6cb75: Download complete
c499e6d256d6: Download complete
582e4857535d: Verifying Checksum
582e4857535d: Download complete
d4759ced7dfc: Verifying Checksum
d4759ced7dfc: Download complete
c499e6d256d6: Pull complete
c417e37967d6: Pull complete
787ebcd6cb75: Pull complete
582e4857535d: Pull complete
d4759ced7dfc: Pull complete
Digest: sha256:e767c915e7abb919ae17c403c7a53a2b42119b232003d8712bb0f29ce6ad27ea
Status: Downloaded newer image for node:10-buster-slim
 ---> 7dc63e9090ed
Step 2/14 : LABEL maintainer="Etherpad team, https://github.com/ether/[secure]"
 ---> Running in 52be79b1e9a7
Removing intermediate container 52be79b1e9a7
 ---> db2f8961bfa8
Step 3/14 : ARG ETHERPAD_PLUGINS=
 ---> Running in e25baff364e8
Removing intermediate container e25baff364e8
 ---> 39eed06f749a
Step 4/14 : ENV NODE_ENV=development
 ---> Running in 1b3f460c1c89
Removing intermediate container 1b3f460c1c89
 ---> c5042c7c6c8d
Step 5/14 : RUN useradd --uid 5001 --create-home etherpad
 ---> Running in 5f4394369142
Removing intermediate container 5f4394369142
 ---> 0f17b0d0c45c
Step 6/14 : RUN mkdir /opt/[secure] && chown etherpad:etherpad /opt/[secure]
 ---> Running in 9367451afc30
Removing intermediate container 9367451afc30
 ---> a77a118aef60
Step 7/14 : USER etherpad:etherpad
 ---> Running in b55415ae36d0
Removing intermediate container b55415ae36d0
 ---> b857b0359c31
Step 8/14 : WORKDIR /opt/[secure]
 ---> Running in 74ee40ec5271
Removing intermediate container 74ee40ec5271
 ---> c64e04e3e568
Step 9/14 : COPY --chown=etherpad:etherpad ./ ./
 ---> e55a5b63fb38
Step 10/14 : RUN bin/installDeps.sh && rm -rf ~/.npm/_cacache
 ---> Running in 9229ea43c2b2
Copy the settings template to settings.json...
Ensure that all dependencies are up to date...  If this is the first time you have run Etherpad please be patient.

> wd@1.11.4 install /opt/[secure]/src/node_modules/wd
> node scripts/build-browser-scripts

npm WARN optional SKIPPING OPTIONAL DEPENDENCY: fsevents@2.1.2 (node_modules/fsevents):
npm WARN notsup SKIPPING OPTIONAL DEPENDENCY: Unsupported platform for fsevents@2.1.2: wanted {"os":"darwin","arch":"any"} (current: {"os":"linux","arch":"x64"})

added 1005 packages from 1155 contributors and audited 13804 packages in 16.091s

23 packages are looking for funding
  run `npm fund` for details

found 7 vulnerabilities (5 low, 2 high)
  run `npm audit fix` to fix them, or `npm audit` for details
Clearing minified cache...
Removing intermediate container 9229ea43c2b2
 ---> 1fa95f969fa4
Step 11/14 : RUN for PLUGIN_NAME in ${ETHERPAD_PLUGINS}; do npm install "${PLUGIN_NAME}"; done
 ---> Running in 7cde779fc17b
Removing intermediate container 7cde779fc17b
 ---> b707cdfd26c7
Step 12/14 : COPY --chown=etherpad:etherpad ./settings.json.docker /opt/[secure]/settings.json
 ---> 2aeff910abf4
Step 13/14 : EXPOSE 9001
 ---> Running in 909d3bbfda2a
Removing intermediate container 909d3bbfda2a
 ---> 48a4d07d9e35
Step 14/14 : CMD ["node", "node_modules/ep_[secure]/node/server.js"]
 ---> Running in 08827dbb6cab
Removing intermediate container 08827dbb6cab
 ---> 4e8da9bbc85e
Successfully built 4e8da9bbc85e
Successfully tagged etherpad:test
travis_time:end:133ac32c:start=1585750673557928782,finish=1585750706669793330,duration=33111864548,event=scriptThe command "docker build -t etherpad:test ." exited with 0.
travis_time:start:2b5c0667e:end:2b5c0667:start=1585750706678928916,finish=1585750710122983960,duration=3444055044,event=scriptThe command "docker run -d -p 9001:9001 etherpad:test && sleep 3" exited with 0.
travis_time:start:06b28d5c run test-container

> ep_[secure]@1.8.0 test-container /home/travis/build/ether/[secure]/src
> nyc mocha --timeout 5000 ../tests/container/specs/api



  Connectivity
    âœ“ can connect

  API Versioning
    âœ“ finds the version tag

  Permission
    âœ“ errors with invalid APIKey


  3 passing (38ms)

----------|---------|----------|---------|---------|-------------------
File      | % Stmts | % Branch | % Funcs | % Lines | Uncovered Line #s 
----------|---------|----------|---------|---------|-------------------
All files |       0 |        0 |       0 |       0 |                   
----------|---------|----------|---------|---------|-------------------
travis_time:end:06b28d5c:start=1585750710129014888,finish=1585750711036728882,duration=907713994,event=scriptThe command "cd src && npm run test-container" exited with 0.
travis_time:start:18324ba6 run test

> ep_[secure]@1.8.0 test /home/travis/build/ether/[secure]/src
> nyc mocha --timeout 5000 ../tests/backend/specs/api


Error: ENOENT: no such file or directory, open '/home/travis/build/ether/[secure]/tests/backend/../../settings.json'
    at Object.openSync (fs.js:457:3)
    at Object.readFileSync (fs.js:359:35)
    at Object.loadSettings (/home/travis/build/ether/[secure]/tests/backend/loadSettings.js:12:24)
    at Object.<anonymous> (/home/travis/build/ether/[secure]/tests/backend/specs/api/characterEncoding.js:10:59)
    at Module._compile (internal/modules/cjs/loader.js:1158:30)
    at Module.replacementCompile (/home/travis/build/ether/[secure]/src/node_modules/append-transform/index.js:60:13)
    at Module._extensions..js (internal/modules/cjs/loader.js:1178:10)
    at Object.<anonymous> (/home/travis/build/ether/[secure]/src/node_modules/append-transform/index.js:64:4)
    at Module.load (internal/modules/cjs/loader.js:1002:32)
    at Function.Module._load (internal/modules/cjs/loader.js:901:14)
    at Module.require (internal/modules/cjs/loader.js:1044:19)
    at require (internal/modules/cjs/helpers.js:77:18)
    at requireOrImport (/home/travis/build/ether/[secure]/src/node_modules/mocha/lib/esm-utils.js:15:12)
    at Object.exports.loadFilesAsync (/home/travis/build/ether/[secure]/src/node_modules/mocha/lib/esm-utils.js:28:26)
    at Mocha.loadFilesAsync (/home/travis/build/ether/[secure]/src/node_modules/mocha/lib/mocha.js:351:19)
    at singleRun (/home/travis/build/ether/[secure]/src/node_modules/mocha/lib/cli/run-helpers.js:107:15)
    at exports.runMocha (/home/travis/build/ether/[secure]/src/node_modules/mocha/lib/cli/run-helpers.js:144:11)
    at Object.exports.handler (/home/travis/build/ether/[secure]/src/node_modules/mocha/lib/cli/run.js:306:11)
    at Object.runCommand (/home/travis/build/ether/[secure]/src/node_modules/mocha/node_modules/yargs/lib/command.js:242:26)
    at Object.parseArgs [as _parseArgs] (/home/travis/build/ether/[secure]/src/node_modules/mocha/node_modules/yargs/yargs.js:1096:28)
    at Object.parse (/home/travis/build/ether/[secure]/src/node_modules/mocha/node_modules/yargs/yargs.js:575:25)
    at Object.exports.main (/home/travis/build/ether/[secure]/src/node_modules/mocha/lib/cli/cli.js:68:6)
    at Object.<anonymous> (/home/travis/build/ether/[secure]/src/node_modules/mocha/bin/mocha:133:29)
    at Module._compile (internal/modules/cjs/loader.js:1158:30)
    at Module.replacementCompile (/home/travis/build/ether/[secure]/src/node_modules/append-transform/index.js:60:13)
    at Module._extensions..js (internal/modules/cjs/loader.js:1178:10)
    at Object.<anonymous> (/home/travis/build/ether/[secure]/src/node_modules/append-transform/index.js:64:4)
    at Module.load (internal/modules/cjs/loader.js:1002:32)
    at Function.Module._load (internal/modules/cjs/loader.js:901:14)
    at Function.executeUserEntryPoint [as runMain] (internal/modules/run_main.js:74:12)
    at internal/main/run_main_module.js:18:47
----------|---------|----------|---------|---------|-------------------
File      | % Stmts | % Branch | % Funcs | % Lines | Uncovered Line #s 
----------|---------|----------|---------|---------|-------------------
All files |       0 |        0 |       0 |       0 |                   
----------|---------|----------|---------|---------|-------------------
npm ERR! code ELIFECYCLE
npm ERR! errno 1
npm ERR! ep_[secure]@1.8.0 test: `nyc mocha --timeout 5000 ../tests/backend/specs/api`
npm ERR! Exit status 1
npm ERR! 
npm ERR! Failed at the ep_[secure]@1.8.0 test script.
npm ERR! This is probably not a problem with npm. There is likely additional logging output above.

npm ERR! A complete log of this run can be found in:
npm ERR!     /home/travis/.npm/_logs/2020-04-01T14_18_31_943Z-debug.log
travis_time:end:18324ba6:start=1585750711043103238,finish=1585750711964520609,duration=921417371,event=scriptThe command "npm run test" exited with 1.
travis_fold:start:cache.2e:start:14a6cf28e:end:14a6cf28:start=1585750711973818867,finish=1585750711979410640,duration=5591773,event=cachee:start:1734b5bfnothing changed
travis_time:end:1734b5bf:start=1585750711985848332,finish=1585750713174216868,duration=1188368536,event=cache[0Ktravis_fold:end:cache.2[0K

Done. Your build exited with 1.
