travis_fold:start:worker_infoWorker information
hostname: ca165c0c-daf6-42f2-9a0f-e674c558e071@1.worker-org-5f9bd8864f-hvpxh.gce-production-2
version: v6.2.8 https://github.com/travis-ci/worker/tree/6d3048d96b26562be21fa1a8b8144f4c4cecd083
instance: travis-job-6b952423-2b64-4ee5-acbd-a77193ea5093 travis-ci-sardonyx-xenial-1553530528-f909ac5 (via amqp)
startup: 5.934760109s
travis_fold:end:worker_infoe:start:07ae8bd9e:end:07ae8bd9:start=1585750611476960580,finish=1585750611618103442,duration=141142862,event=no_world_writable_dirse:start:0b9cba4be:end:0b9cba4b:start=1585750611620751342,finish=1585750611623385781,duration=2634439,event=setup_filtere:start:043fa6a9e:end:043fa6a9:start=1585750611627225917,finish=1585750611634783997,duration=7558080,event=agente:start:015e508fe:end:015e508f:start=1585750611637281437,finish=1585750611639047142,duration=1765705,event=check_unsupportede:start:22a6e97a_infoBuild system information
Build language: node_js
Build dist: xenial
Build id: 669720613
Job id: 669720614
Runtime kernel version: 4.15.0-1028-gcp
travis-build version: f65a8dc88
Build image provisioning date and time
Mon Mar 25 16:43:24 UTC 2019
Operating System Details
Distributor ID:Ubuntu
Description:Ubuntu 16.04.6 LTS
Release:16.04
Codename:xenial
Systemd Version
systemd 229
Cookbooks Version
42e42e4 https://github.com/travis-ci/travis-cookbooks/tree/42e42e4
git version
git version 2.21.0
bash version
GNU bash, version 4.3.48(1)-release (x86_64-pc-linux-gnu)
gcc version
gcc (Ubuntu 5.4.0-6ubuntu1~16.04.11) 5.4.0 20160609
docker version
Client:
 Version:           18.06.0-ce
 API version:       1.38
 Go version:        go1.10.3
 Git commit:        0ffa825
 Built:             Wed Jul 18 19:11:02 2018
 OS/Arch:           linux/amd64
 Experimental:      false

Server:
 Engine:
  Version:          18.06.0-ce
  API version:      1.38 (minimum version 1.12)
  Go version:       go1.10.3
  Git commit:       0ffa825
  Built:            Wed Jul 18 19:09:05 2018
  OS/Arch:          linux/amd64
  Experimental:     false
clang version
clang version 7.0.0 (tags/RELEASE_700/final)
jq version
jq-1.5
bats version
Bats 0.4.0
shellcheck version
0.6.0
shfmt version
v2.6.3
ccache version
3.2.4
cmake version
cmake version 3.12.4
heroku version
heroku/7.22.7 linux-x64 node-v11.10.1
imagemagick version
Version: ImageMagick 6.8.9-9 Q16 x86_64 2018-09-28 http://www.imagemagick.org
md5deep version
4.4
mercurial version
version 4.8
mysql version
mysql  Ver 14.14 Distrib 5.7.25, for Linux (x86_64) using  EditLine wrapper
openssl version
OpenSSL 1.0.2g  1 Mar 2016
packer version
1.3.3
postgresql client version
psql (PostgreSQL) 10.7 (Ubuntu 10.7-1.pgdg16.04+1)
ragel version
Ragel State Machine Compiler version 6.8 Feb 2013
sudo version
1.8.16
gzip version
gzip 1.6
zip version
Zip 3.0
vim version
VIM - Vi IMproved 7.4 (2013 Aug 10, compiled Nov 24 2016 16:44:48)
iptables version
iptables v1.6.0
curl version
curl 7.47.0 (x86_64-pc-linux-gnu) libcurl/7.47.0 GnuTLS/3.4.10 zlib/1.2.8 libidn/1.32 librtmp/2.3
wget version
GNU Wget 1.17.1 built on linux-gnu.
rsync version
rsync  version 3.1.1  protocol version 31
gimme version
v1.5.3
nvm version
0.34.0
perlbrew version
/home/travis/perl5/perlbrew/bin/perlbrew  - App::perlbrew/0.86
phpenv version
rbenv 1.1.2
rvm version
rvm 1.29.7 (latest) by Michal Papis, Piotr Kuczynski, Wayne E. Seguin [https://rvm.io]
default ruby version
ruby 2.5.3p105 (2018-10-18 revision 65156) [x86_64-linux]
CouchDB version
couchdb 1.6.1
ElasticSearch version
5.5.0
Installed Firefox version
firefox 63.0.1
MongoDB version
MongoDB 4.0.7
PhantomJS version
2.1.1
Pre-installed PostgreSQL versions
9.4.21
9.5.16
9.6.12
Redis version
redis-server 5.0.4
Pre-installed Go versions
1.11.1
mvn version
Apache Maven 3.6.0 (97c98ec64a1fdfee7767ce5ffb20918da4f719f3; 2018-10-24T18:41:47Z)
gradle version
Gradle 4.10.2!
lein version
Leiningen 2.9.1 on Java 11.0.2 OpenJDK 64-Bit Server VM
Pre-installed Node.js versions
v10.15.3
v11.0.0
v4.9.1
v6.17.0
v8.12.0
v8.15.1
v8.9
phpenv versions
  system
  5.6
  5.6.40
  7.1
  7.1.27
  7.2
* 7.2.15 (set by /home/travis/.phpenv/version)
  hhvm
  hhvm-stable
composer --version
Composer version 1.8.4 2019-02-11 10:52:10
Pre-installed Ruby versions
ruby-2.3.8
ruby-2.4.5
ruby-2.5.3
travis_fold:end:system_infoe:end:22a6e97a:start=1585750611641484399,finish=1585750611645904669,duration=4420270,event=show_system_infoe:start:1f674f08e:end:1f674f08:start=1585750611648304509,finish=1585750611660024537,duration=11720028,event=rm_riak_sourcee:start:0136e8dfe:end:0136e8df:start=1585750611662741672,finish=1585750611667506688,duration=4765016,event=fix_rwky_redise:start:116e960ee:end:116e960e:start=1585750611670031790,finish=1585750612095785582,duration=425753792,event=wait_for_networke:start:0a9c0b98e:end:0a9c0b98:start=1585750612101910120,finish=1585750612294492586,duration=192582466,event=update_apt_keyse:start:031689a8e:end:031689a8:start=1585750612299537998,finish=1585750612350928251,duration=51390253,event=fix_hhvm_sourcee:start:0563a8e6e:end:0563a8e6:start=1585750612354986687,finish=1585750612357517990,duration=2531303,event=update_mongo_arche:start:012ff174e:end:012ff174:start=1585750612361293111,finish=1585750612400603123,duration=39310012,event=fix_sudo_enabled_trustye:start:04a356d4e:end:04a356d4:start=1585750612404877180,finish=1585750612407084579,duration=2207399,event=update_glibce:start:14a0b5e0e:end:14a0b5e0:start=1585750612410888622,finish=1585750612418189451,duration=7300829,event=clean_up_pathe:start:1b7cc4a6e:end:1b7cc4a6:start=1585750612421833296,finish=1585750612429202417,duration=7369121,event=fix_resolv_confe:start:03e695b0e:end:03e695b0:start=1585750612432922848,finish=1585750612440869991,duration=7947143,event=fix_etc_hostse:start:28666d90e:end:28666d90:start=1585750612444555729,finish=1585750612452348835,duration=7793106,event=fix_mvn_settings_xmle:start:061b4f80e:end:061b4f80:start=1585750612455455039,finish=1585750612463562110,duration=8107071,event=no_ipv6_localhoste:start:01584e58e:end:01584e58:start=1585750612466708648,finish=1585750612468658548,duration=1949900,event=fix_etc_mavenrce:start:111bf844e:end:111bf844:start=1585750612472339168,finish=1585750612475436817,duration=3097649,event=fix_wwdr_certificatee:start:11b255fce:end:11b255fc:start=1585750612479333011,finish=1585750612501864492,duration=22531481,event=put_localhost_firste:start:05eb5820e:end:05eb5820:start=1585750612506418668,finish=1585750612509602055,duration=3183387,event=home_pathse:start:1cd15f3ee:end:1cd15f3e:start=1585750612513590018,finish=1585750612524475572,duration=10885554,event=disable_initramfse:start:2ffac3f1e:end:2ffac3f1:start=1585750612528209808,finish=1585750612767565112,duration=239355304,event=disable_ssh_roaminge:start:00a7748ce:end:00a7748c:start=1585750612771279731,finish=1585750612774154093,duration=2874362,event=debug_toolse:start:2315d8dfe:end:2315d8df:start=1585750612777969873,finish=1585750612781811036,duration=3841163,event=uninstall_oclinte:start:0198cc55e:end:0198cc55:start=1585750612785564857,finish=1585750612789281781,duration=3716924,event=rvm_usee:start:16dc7e04e:end:16dc7e04:start=1585750612793064474,finish=1585750612803941340,duration=10876866,event=rm_etc_boto_cfge:start:1b2b068ee:end:1b2b068e:start=1585750612807681982,finish=1585750612814725119,duration=7043137,event=rm_oraclejdk8_symlinke:start:30d62182e:end:30d62182:start=1585750612819506049,finish=1585750612913249074,duration=93743025,event=enable_i386e:start:1aa37fb1e:end:1aa37fb1:start=1585750612917621684,finish=1585750612924708677,duration=7086993,event=update_rubygemse:start:0021a8cce:end:0021a8cc:start=1585750612929055517,finish=1585750613694827741,duration=765772224,event=ensure_path_componentse:start:24f6d230e:end:24f6d230:start=1585750613699457716,finish=1585750613701602620,duration=2144904,event=redefine_curle:start:0ee64e5fe:end:0ee64e5f:start=1585750613706037114,finish=1585750613788546620,duration=82509506,event=nonblock_pipee:start:16a79e94e:end:16a79e94:start=1585750613793345423,finish=1585750619824385218,duration=6031039795,event=apt_get_updatee:start:2af046e6e:end:2af046e6:start=1585750619828874609,finish=1585750619831054162,duration=2179553,event=deprecate_xcode_64e:start:0186d12be:end:0186d12b:start=1585750619835041989,finish=1585750622217295778,duration=2382253789,event=update_herokue:start:17d06d00e:end:17d06d00:start=1585750622223248880,finish=1585750622225375922,duration=2127042,event=shell_session_updatee:start:1542b7actutue:end:1542b7ac:start=1585750622229909380,finish=1585750624388666729,duration=2158757349,event=set_docker_mtue:start:0468a8bfe:end:0468a8bf:start=1585750624394654407,finish=1585750624456117038,duration=61462631,event=resolvconfe:start:11efe054e:end:11efe054:start=1585750624462327097,finish=1585750624592107222,duration=129780125,event=maven_central_mirrore:start:028386d7e:end:028386d7:start=1585750624597469036,finish=1585750624686240134,duration=88771098,event=maven_httpse:start:2a6cead2e:start:0342c6c0ctl start docker
travis_time:end:0342c6c0:start=1585750624694873870,finish=1585750624705785535,duration=10911665,event=preparee:end:0342c6c0:start=1585750624694873870,finish=1585750627710861170,duration=3015987300,event=servicese:start:039f1658e:end:039f1658:start=1585750627714912297,finish=1585750627717053929,duration=2141632,event=fix_ps4e:start:0160146ae:start:31edeaeb/ether/[secure].git ether/[secure]
Cloning into 'ether/[secure]'...
travis_time:end:31edeaeb:start=1585750627725620936,finish=1585750628851515552,duration=1125894616,event=checkoute:end:31edeaeb:start=1585750627725620936,finish=1585750628892942676,duration=1167321740,event=checkoute:start:0d380739Setting environment variables from repository settings
$ export SAUCE_USERNAME=[secure]
$ export SAUCE_ACCESS_KEY=[secure]

Setting environment variables from .travis.yml
$ export SAUCE_USERNAME=[secure]
$ export SAUCE_ACCESS_KEY=[secure]

travis_time:end:0d380739:start=1585750628897277551,finish=1585750628909071994,duration=11794443,event=env.installe:start:01b168eb install lts/*
Downloading and installing node v12.16.1...
Downloading https://nodejs.org/dist/v12.16.1/node-v12.16.1-linux-x64.tar.xz...
Computing checksum with sha256sum
Checksums matched!
Now using node v12.16.1 (npm v6.13.4)
travis_time:end:01b168eb:start=1585750629878783476,finish=1585750632596786157,duration=2718002681,event=setup.installe:start:1833de08e:end:1833de08:start=1585750633610510357,finish=1585750633907031158,duration=296520801,event=setup_cashere:start:003307d5e:end:003307d5:start=1585750633913841224,finish=1585750633918513101,duration=4671877,event=setup_cashere:start:2558b56cpting to download cache archive
fetching cache--linux-xenial-e3b0c44298fc1c149afbf4c8996fb92427ae41e4649b934ca495991b7852b855--node-lts/*.tgz
fetching cache-linux-xenial-e3b0c44298fc1c149afbf4c8996fb92427ae41e4649b934ca495991b7852b855--node-lts/*.tgz
fetching cache--node-lts/*.tgz
fetching cache--linux-xenial-e3b0c44298fc1c149afbf4c8996fb92427ae41e4649b934ca495991b7852b855--node-lts/*.tgz
found cache
travis_time:end:2558b56c:start=1585750633923623885,finish=1585750635787713259,duration=1864089374,event=setup_cashere:start:16c028c4e:end:16c028c4:start=1585750635930964257,finish=1585750635933925462,duration=2961205,event=setup_cachee:start:18ebb8c8e/travis/build/ether/[secure]/node_modules to cache
creating directory /home/travis/build/ether/[secure]/node_modules
travis_time:end:18ebb8c8:start=1585750635939518920,finish=1585750636807673887,duration=868154967,event=setup_cache --version
6.13.4
$ nvm --version
0.35.3

travis_fold:start:installe:start:1b14fde0 install && cd -

> wd@1.11.4 install /home/travis/build/ether/[secure]/src/node_modules/wd
> node scripts/build-browser-scripts

npm WARN optional SKIPPING OPTIONAL DEPENDENCY: fsevents@2.1.2 (node_modules/fsevents):
npm WARN notsup SKIPPING OPTIONAL DEPENDENCY: Unsupported platform for fsevents@2.1.2: wanted {"os":"darwin","arch":"any"} (current: {"os":"linux","arch":"x64"})

added 1005 packages from 1155 contributors and audited 13804 packages in 14.533s

23 packages are looking for funding
  run `npm fund` for details

found 7 vulnerabilities (5 low, 2 high)
  run `npm audit fix` to fix them, or `npm audit` for details
/home/travis/build/ether/[secure]
travis_time:end:1b14fde0:start=1585750636952189918,finish=1585750652167651992,duration=15215462074,event=installe:start:0913311ce    Time     Time  Current
                                 Dload  Upload   Total   Spent    Left  Speed
  0     0    0     0    0     0      0      0 --:--:-- --:--:-- --:--:--     0  0     0    0     0    0     0      0      0 --:--:-- --:--:-- --:--:--     0 14 9160k   14 1357k    0     0  1302k      0  0:00:07  0:00:01  0:00:06 1302k100 9160k  100 9160k    0     0  7523k      0  0:00:01  0:00:01 --:--:-- 7521k
travis_time:end:0913311c:start=1585750652173758601,finish=1585750678649825596,duration=26476066995,event=before_scripte:start:080e7870on  6.965MB
Step 1/14 : FROM node:10-buster-slim
10-buster-slim: Pulling from library/node
c499e6d256d6: Pulling fs layer
c417e37967d6: Pulling fs layer
787ebcd6cb75: Pulling fs layer
582e4857535d: Pulling fs layer
d4759ced7dfc: Pulling fs layer
582e4857535d: Waiting
d4759ced7dfc: Waiting
c417e37967d6: Verifying Checksum
c417e37967d6: Download complete
787ebcd6cb75: Verifying Checksum
787ebcd6cb75: Download complete
c499e6d256d6: Verifying Checksum
c499e6d256d6: Download complete
582e4857535d: Verifying Checksum
582e4857535d: Download complete
d4759ced7dfc: Verifying Checksum
d4759ced7dfc: Download complete
c499e6d256d6: Pull complete
c417e37967d6: Pull complete
787ebcd6cb75: Pull complete
582e4857535d: Pull complete
d4759ced7dfc: Pull complete
Digest: sha256:e767c915e7abb919ae17c403c7a53a2b42119b232003d8712bb0f29ce6ad27ea
Status: Downloaded newer image for node:10-buster-slim
 ---> 7dc63e9090ed
Step 2/14 : LABEL maintainer="Etherpad team, https://github.com/ether/[secure]"
 ---> Running in bccfd844dddb
Removing intermediate container bccfd844dddb
 ---> 779d05695867
Step 3/14 : ARG ETHERPAD_PLUGINS=
 ---> Running in bd6b3ead864c
Removing intermediate container bd6b3ead864c
 ---> a91baf8957b5
Step 4/14 : ENV NODE_ENV=development
 ---> Running in 5a92ff322def
Removing intermediate container 5a92ff322def
 ---> 69a03ac4b47a
Step 5/14 : RUN useradd --uid 5001 --create-home etherpad
 ---> Running in d857fd71364a
Removing intermediate container d857fd71364a
 ---> 8bd6afda7fb7
Step 6/14 : RUN mkdir /opt/[secure] && chown etherpad:etherpad /opt/[secure]
 ---> Running in d567916ec010
Removing intermediate container d567916ec010
 ---> ab5d69f1e5e5
Step 7/14 : USER etherpad:etherpad
 ---> Running in 742ccb5e3505
Removing intermediate container 742ccb5e3505
 ---> 615b804caee9
Step 8/14 : WORKDIR /opt/[secure]
 ---> Running in da82b7f236fd
Removing intermediate container da82b7f236fd
 ---> ebc01f6cfe4f
Step 9/14 : COPY --chown=etherpad:etherpad ./ ./
 ---> 1502138a0da2
Step 10/14 : RUN bin/installDeps.sh && rm -rf ~/.npm/_cacache
 ---> Running in 97d5aa79336c
Copy the settings template to settings.json...
Ensure that all dependencies are up to date...  If this is the first time you have run Etherpad please be patient.

> wd@1.11.4 install /opt/[secure]/src/node_modules/wd
> node scripts/build-browser-scripts

npm WARN optional SKIPPING OPTIONAL DEPENDENCY: fsevents@2.1.2 (node_modules/fsevents):
npm WARN notsup SKIPPING OPTIONAL DEPENDENCY: Unsupported platform for fsevents@2.1.2: wanted {"os":"darwin","arch":"any"} (current: {"os":"linux","arch":"x64"})

added 1005 packages from 1155 contributors and audited 13804 packages in 15.417s

23 packages are looking for funding
  run `npm fund` for details

found 7 vulnerabilities (5 low, 2 high)
  run `npm audit fix` to fix them, or `npm audit` for details
Clearing minified cache...
Removing intermediate container 97d5aa79336c
 ---> 41690c259a95
Step 11/14 : RUN for PLUGIN_NAME in ${ETHERPAD_PLUGINS}; do npm install "${PLUGIN_NAME}"; done
 ---> Running in dab70c1b1250
Removing intermediate container dab70c1b1250
 ---> 4ef2fb0dd1eb
Step 12/14 : COPY --chown=etherpad:etherpad ./settings.json.docker /opt/[secure]/settings.json
 ---> 8fe218e3323b
Step 13/14 : EXPOSE 9001
 ---> Running in d0ea82ba96b1
Removing intermediate container d0ea82ba96b1
 ---> 5c783cfdaf7d
Step 14/14 : CMD ["node", "node_modules/ep_[secure]/node/server.js"]
 ---> Running in 0e7ec664591d
Removing intermediate container 0e7ec664591d
 ---> 720ec269c593
Successfully built 720ec269c593
Successfully tagged etherpad:test
travis_time:end:080e7870:start=1585750678656104231,finish=1585750710559925884,duration=31903821653,event=scriptThe command "docker build -t etherpad:test ." exited with 0.
travis_time:start:192faad0e:end:192faad0:start=1585750710566123561,finish=1585750713995614174,duration=3429490613,event=scriptThe command "docker run -d -p 9001:9001 etherpad:test && sleep 3" exited with 0.
travis_time:start:3014b560 run test-container

> ep_[secure]@1.8.0 test-container /home/travis/build/ether/[secure]/src
> nyc mocha --timeout 5000 ../tests/container/specs/api



  Connectivity
    âœ“ can connect

  API Versioning
    âœ“ finds the version tag

  Permission
    âœ“ errors with invalid APIKey


  3 passing (52ms)

----------|---------|----------|---------|---------|-------------------
File      | % Stmts | % Branch | % Funcs | % Lines | Uncovered Line #s 
----------|---------|----------|---------|---------|-------------------
All files |       0 |        0 |       0 |       0 |                   
----------|---------|----------|---------|---------|-------------------
travis_time:end:3014b560:start=1585750714004955327,finish=1585750714904317362,duration=899362035,event=scriptThe command "cd src && npm run test-container" exited with 0.
travis_time:start:1e9f0159 run test

> ep_[secure]@1.8.0 test /home/travis/build/ether/[secure]/src
> nyc mocha --timeout 5000 ../tests/backend/specs/api


Error: ENOENT: no such file or directory, open '/home/travis/build/ether/[secure]/tests/backend/../../settings.json'
    at Object.openSync (fs.js:457:3)
    at Object.readFileSync (fs.js:359:35)
    at Object.loadSettings (/home/travis/build/ether/[secure]/tests/backend/loadSettings.js:12:24)
    at Object.<anonymous> (/home/travis/build/ether/[secure]/tests/backend/specs/api/characterEncoding.js:10:59)
    at Module._compile (internal/modules/cjs/loader.js:1158:30)
    at Module.replacementCompile (/home/travis/build/ether/[secure]/src/node_modules/append-transform/index.js:60:13)
    at Module._extensions..js (internal/modules/cjs/loader.js:1178:10)
    at Object.<anonymous> (/home/travis/build/ether/[secure]/src/node_modules/append-transform/index.js:64:4)
    at Module.load (internal/modules/cjs/loader.js:1002:32)
    at Function.Module._load (internal/modules/cjs/loader.js:901:14)
    at Module.require (internal/modules/cjs/loader.js:1044:19)
    at require (internal/modules/cjs/helpers.js:77:18)
    at requireOrImport (/home/travis/build/ether/[secure]/src/node_modules/mocha/lib/esm-utils.js:15:12)
    at Object.exports.loadFilesAsync (/home/travis/build/ether/[secure]/src/node_modules/mocha/lib/esm-utils.js:28:26)
    at Mocha.loadFilesAsync (/home/travis/build/ether/[secure]/src/node_modules/mocha/lib/mocha.js:351:19)
    at singleRun (/home/travis/build/ether/[secure]/src/node_modules/mocha/lib/cli/run-helpers.js:107:15)
    at exports.runMocha (/home/travis/build/ether/[secure]/src/node_modules/mocha/lib/cli/run-helpers.js:144:11)
    at Object.exports.handler (/home/travis/build/ether/[secure]/src/node_modules/mocha/lib/cli/run.js:306:11)
    at Object.runCommand (/home/travis/build/ether/[secure]/src/node_modules/mocha/node_modules/yargs/lib/command.js:242:26)
    at Object.parseArgs [as _parseArgs] (/home/travis/build/ether/[secure]/src/node_modules/mocha/node_modules/yargs/yargs.js:1096:28)
    at Object.parse (/home/travis/build/ether/[secure]/src/node_modules/mocha/node_modules/yargs/yargs.js:575:25)
    at Object.exports.main (/home/travis/build/ether/[secure]/src/node_modules/mocha/lib/cli/cli.js:68:6)
    at Object.<anonymous> (/home/travis/build/ether/[secure]/src/node_modules/mocha/bin/mocha:133:29)
    at Module._compile (internal/modules/cjs/loader.js:1158:30)
    at Module.replacementCompile (/home/travis/build/ether/[secure]/src/node_modules/append-transform/index.js:60:13)
    at Module._extensions..js (internal/modules/cjs/loader.js:1178:10)
    at Object.<anonymous> (/home/travis/build/ether/[secure]/src/node_modules/append-transform/index.js:64:4)
    at Module.load (internal/modules/cjs/loader.js:1002:32)
    at Function.Module._load (internal/modules/cjs/loader.js:901:14)
    at Function.executeUserEntryPoint [as runMain] (internal/modules/run_main.js:74:12)
    at internal/main/run_main_module.js:18:47
----------|---------|----------|---------|---------|-------------------
File      | % Stmts | % Branch | % Funcs | % Lines | Uncovered Line #s 
----------|---------|----------|---------|---------|-------------------
All files |       0 |        0 |       0 |       0 |                   
----------|---------|----------|---------|---------|-------------------
npm ERR! code ELIFECYCLE
npm ERR! errno 1
npm ERR! ep_[secure]@1.8.0 test: `nyc mocha --timeout 5000 ../tests/backend/specs/api`
npm ERR! Exit status 1
npm ERR! 
npm ERR! Failed at the ep_[secure]@1.8.0 test script.
npm ERR! This is probably not a problem with npm. There is likely additional logging output above.

npm ERR! A complete log of this run can be found in:
npm ERR!     /home/travis/.npm/_logs/2020-04-01T14_18_35_765Z-debug.log
travis_time:end:1e9f0159:start=1585750714909444227,finish=1585750715794520418,duration=885076191,event=scriptThe command "npm run test" exited with 1.
travis_fold:start:cache.2e:start:194417d1e:end:194417d1:start=1585750715801479158,finish=1585750715805787894,duration=4308736,event=cachee:start:22155f50nothing changed
travis_time:end:22155f50:start=1585750715811842268,finish=1585750716962429019,duration=1150586751,event=cache[0Ktravis_fold:end:cache.2[0K

Done. Your build exited with 1.
