travis_fold:start:worker_infoWorker information
hostname: 5fa8efaf-3061-48ee-adff-0ddc390bc3ae@1.worker-org-5f9bd8864f-znvx4.gce-production-2
version: v6.2.8 https://github.com/travis-ci/worker/tree/6d3048d96b26562be21fa1a8b8144f4c4cecd083
instance: travis-job-32448ef7-d757-458f-91ba-46398fe8061f travis-ci-sardonyx-xenial-1553530528-f909ac5 (via amqp)
startup: 6.244563639s
travis_fold:end:worker_infoe:start:2ba31c30e:end:2ba31c30:start=1585750646564869801,finish=1585750646702873713,duration=138003912,event=no_world_writable_dirse:start:192248ebe:end:192248eb:start=1585750646705769983,finish=1585750646708396424,duration=2626441,event=setup_filtere:start:015799ace:end:015799ac:start=1585750646712336178,finish=1585750646720272232,duration=7936054,event=agente:start:249b68c4e:end:249b68c4:start=1585750646722836020,finish=1585750646724602350,duration=1766330,event=check_unsupportede:start:03a8add9_infoBuild system information
Build language: node_js
Build dist: xenial
Build id: 669720621
Job id: 669720622
Runtime kernel version: 4.15.0-1028-gcp
travis-build version: f65a8dc88
Build image provisioning date and time
Mon Mar 25 16:43:24 UTC 2019
Operating System Details
Distributor ID:Ubuntu
Description:Ubuntu 16.04.6 LTS
Release:16.04
Codename:xenial
Systemd Version
systemd 229
Cookbooks Version
42e42e4 https://github.com/travis-ci/travis-cookbooks/tree/42e42e4
git version
git version 2.21.0
bash version
GNU bash, version 4.3.48(1)-release (x86_64-pc-linux-gnu)
gcc version
gcc (Ubuntu 5.4.0-6ubuntu1~16.04.11) 5.4.0 20160609
docker version
Client:
 Version:           18.06.0-ce
 API version:       1.38
 Go version:        go1.10.3
 Git commit:        0ffa825
 Built:             Wed Jul 18 19:11:02 2018
 OS/Arch:           linux/amd64
 Experimental:      false

Server:
 Engine:
  Version:          18.06.0-ce
  API version:      1.38 (minimum version 1.12)
  Go version:       go1.10.3
  Git commit:       0ffa825
  Built:            Wed Jul 18 19:09:05 2018
  OS/Arch:          linux/amd64
  Experimental:     false
clang version
clang version 7.0.0 (tags/RELEASE_700/final)
jq version
jq-1.5
bats version
Bats 0.4.0
shellcheck version
0.6.0
shfmt version
v2.6.3
ccache version
3.2.4
cmake version
cmake version 3.12.4
heroku version
heroku/7.22.7 linux-x64 node-v11.10.1
imagemagick version
Version: ImageMagick 6.8.9-9 Q16 x86_64 2018-09-28 http://www.imagemagick.org
md5deep version
4.4
mercurial version
version 4.8
mysql version
mysql  Ver 14.14 Distrib 5.7.25, for Linux (x86_64) using  EditLine wrapper
openssl version
OpenSSL 1.0.2g  1 Mar 2016
packer version
1.3.3
postgresql client version
psql (PostgreSQL) 10.7 (Ubuntu 10.7-1.pgdg16.04+1)
ragel version
Ragel State Machine Compiler version 6.8 Feb 2013
sudo version
1.8.16
gzip version
gzip 1.6
zip version
Zip 3.0
vim version
VIM - Vi IMproved 7.4 (2013 Aug 10, compiled Nov 24 2016 16:44:48)
iptables version
iptables v1.6.0
curl version
curl 7.47.0 (x86_64-pc-linux-gnu) libcurl/7.47.0 GnuTLS/3.4.10 zlib/1.2.8 libidn/1.32 librtmp/2.3
wget version
GNU Wget 1.17.1 built on linux-gnu.
rsync version
rsync  version 3.1.1  protocol version 31
gimme version
v1.5.3
nvm version
0.34.0
perlbrew version
/home/travis/perl5/perlbrew/bin/perlbrew  - App::perlbrew/0.86
phpenv version
rbenv 1.1.2
rvm version
rvm 1.29.7 (latest) by Michal Papis, Piotr Kuczynski, Wayne E. Seguin [https://rvm.io]
default ruby version
ruby 2.5.3p105 (2018-10-18 revision 65156) [x86_64-linux]
CouchDB version
couchdb 1.6.1
ElasticSearch version
5.5.0
Installed Firefox version
firefox 63.0.1
MongoDB version
MongoDB 4.0.7
PhantomJS version
2.1.1
Pre-installed PostgreSQL versions
9.4.21
9.5.16
9.6.12
Redis version
redis-server 5.0.4
Pre-installed Go versions
1.11.1
mvn version
Apache Maven 3.6.0 (97c98ec64a1fdfee7767ce5ffb20918da4f719f3; 2018-10-24T18:41:47Z)
gradle version
Gradle 4.10.2!
lein version
Leiningen 2.9.1 on Java 11.0.2 OpenJDK 64-Bit Server VM
Pre-installed Node.js versions
v10.15.3
v11.0.0
v4.9.1
v6.17.0
v8.12.0
v8.15.1
v8.9
phpenv versions
  system
  5.6
  5.6.40
  7.1
  7.1.27
  7.2
* 7.2.15 (set by /home/travis/.phpenv/version)
  hhvm
  hhvm-stable
composer --version
Composer version 1.8.4 2019-02-11 10:52:10
Pre-installed Ruby versions
ruby-2.3.8
ruby-2.4.5
ruby-2.5.3
travis_fold:end:system_infoe:end:03a8add9:start=1585750646726953873,finish=1585750646731597699,duration=4643826,event=show_system_infoe:start:1a5e23a4e:end:1a5e23a4:start=1585750646734005426,finish=1585750646745581709,duration=11576283,event=rm_riak_sourcee:start:06749624e:end:06749624:start=1585750646748427114,finish=1585750646753042907,duration=4615793,event=fix_rwky_redise:start:06fc4094e:end:06fc4094:start=1585750646755641361,finish=1585750647144580826,duration=388939465,event=wait_for_networke:start:0066d0e7e:end:0066d0e7:start=1585750647151723980,finish=1585750647348450175,duration=196726195,event=update_apt_keyse:start:0a87ddaae:end:0a87ddaa:start=1585750647353261004,finish=1585750647404235277,duration=50974273,event=fix_hhvm_sourcee:start:14614324e:end:14614324:start=1585750647409490191,finish=1585750647412116186,duration=2625995,event=update_mongo_arche:start:2c69f204e:end:2c69f204:start=1585750647416491650,finish=1585750647456748138,duration=40256488,event=fix_sudo_enabled_trustye:start:2158bc00e:end:2158bc00:start=1585750647461269499,finish=1585750647463306069,duration=2036570,event=update_glibce:start:08d6f028e:end:08d6f028:start=1585750647467611087,finish=1585750647475268569,duration=7657482,event=clean_up_pathe:start:04b02179e:end:04b02179:start=1585750647479655104,finish=1585750647487072940,duration=7417836,event=fix_resolv_confe:start:10e65201e:end:10e65201:start=1585750647491766863,finish=1585750647499958700,duration=8191837,event=fix_etc_hostse:start:0c12f4ece:end:0c12f4ec:start=1585750647504369980,finish=1585750647512207016,duration=7837036,event=fix_mvn_settings_xmle:start:02e0064ae:end:02e0064a:start=1585750647516128646,finish=1585750647524607288,duration=8478642,event=no_ipv6_localhoste:start:06f56e50e:end:06f56e50:start=1585750647528697309,finish=1585750647530777030,duration=2079721,event=fix_etc_mavenrce:start:14fbf7afe:end:14fbf7af:start=1585750647535775077,finish=1585750647538730700,duration=2955623,event=fix_wwdr_certificatee:start:0baefa18e:end:0baefa18:start=1585750647545200875,finish=1585750647569446620,duration=24245745,event=put_localhost_firste:start:0569fdfae:end:0569fdfa:start=1585750647576584147,finish=1585750647580012351,duration=3428204,event=home_pathse:start:270e294ee:end:270e294e:start=1585750647584680180,finish=1585750647596060462,duration=11380282,event=disable_initramfse:start:1ccb1ad8e:end:1ccb1ad8:start=1585750647599478262,finish=1585750647903652094,duration=304173832,event=disable_ssh_roaminge:start:234f55e6e:end:234f55e6:start=1585750647908167306,finish=1585750647910680207,duration=2512901,event=debug_toolse:start:14146c90e:end:14146c90:start=1585750647915051238,finish=1585750647918627137,duration=3575899,event=uninstall_oclinte:start:01290040e:end:01290040:start=1585750647923434502,finish=1585750647926232545,duration=2798043,event=rvm_usee:start:01041720e:end:01041720:start=1585750647930347333,finish=1585750647938159343,duration=7812010,event=rm_etc_boto_cfge:start:1b9b52b7e:end:1b9b52b7:start=1585750647942176146,finish=1585750647945363519,duration=3187373,event=rm_oraclejdk8_symlinke:start:128e5c02e:end:128e5c02:start=1585750647948641530,finish=1585750648044069753,duration=95428223,event=enable_i386e:start:38bbed96e:end:38bbed96:start=1585750648048360922,finish=1585750648055415411,duration=7054489,event=update_rubygemse:start:03b842d1e:end:03b842d1:start=1585750648060031562,finish=1585750648826831658,duration=766800096,event=ensure_path_componentse:start:10c14f9de:end:10c14f9d:start=1585750648831038788,finish=1585750648833394341,duration=2355553,event=redefine_curle:start:061acfd6e:end:061acfd6:start=1585750648837295081,finish=1585750648925895719,duration=88600638,event=nonblock_pipee:start:0eb341a0e:end:0eb341a0:start=1585750648929343096,finish=1585750654957582051,duration=6028238955,event=apt_get_updatee:start:12d45373e:end:12d45373:start=1585750654964044304,finish=1585750654966328209,duration=2283905,event=deprecate_xcode_64e:start:1ab08342e:end:1ab08342:start=1585750654970478012,finish=1585750657486599895,duration=2516121883,event=update_herokue:start:1bfe49e4e:end:1bfe49e4:start=1585750657490691500,finish=1585750657500881024,duration=10189524,event=shell_session_updatee:start:1d8bc378tutue:end:1d8bc378:start=1585750657508386784,finish=1585750659798722151,duration=2290335367,event=set_docker_mtue:start:1ca2ad00e:end:1ca2ad00:start=1585750659806727095,finish=1585750659866847380,duration=60120285,event=resolvconfe:start:17b5c67ee:end:17b5c67e:start=1585750659872134767,finish=1585750660006061376,duration=133926609,event=maven_central_mirrore:start:001a222ae:end:001a222a:start=1585750660010457726,finish=1585750660105505543,duration=95047817,event=maven_httpse:start:03262340e:start:2edd1665ctl start docker
travis_time:end:2edd1665:start=1585750660113706974,finish=1585750660125514495,duration=11807521,event=preparee:end:2edd1665:start=1585750660113706974,finish=1585750663130464920,duration=3016757946,event=servicese:start:01365429e:end:01365429:start=1585750663135655034,finish=1585750663138425322,duration=2770288,event=fix_ps4e:start:071b17b1e:start:34f44e33/ether/[secure].git ether/[secure]
Cloning into 'ether/[secure]'...
travis_time:end:34f44e33:start=1585750663146938510,finish=1585750664250016917,duration=1103078407,event=checkoute:start:094fd072erge:
From https://github.com/ether/[secure]
 * branch              refs/pull/3813/merge -> FETCH_HEAD
travis_time:end:094fd072:start=1585750664256169484,finish=1585750666354068929,duration=2097899445,event=checkoute:end:094fd072:start=1585750664256169484,finish=1585750666398485610,duration=2142316126,event=checkoute:start:1395ce33Setting environment variables from repository settings
$ export SAUCE_USERNAME=[secure]
$ export SAUCE_ACCESS_KEY=[secure]

Setting environment variables from .travis.yml
$ export SAUCE_USERNAME=[secure]
$ export SAUCE_ACCESS_KEY=[secure]

travis_time:end:1395ce33:start=1585750666403204791,finish=1585750666411971086,duration=8766295,event=env.installe:start:056adb68 install lts/*
Downloading and installing node v12.16.1...
Downloading https://nodejs.org/dist/v12.16.1/node-v12.16.1-linux-x64.tar.xz...
Computing checksum with sha256sum
Checksums matched!
Now using node v12.16.1 (npm v6.13.4)
travis_time:end:056adb68:start=1585750667317747535,finish=1585750670063817193,duration=2746069658,event=setup.installe:start:15b21ca4e:end:15b21ca4:start=1585750671107221855,finish=1585750671382494735,duration=275272880,event=setup_cashere:start:1d7088a4e:end:1d7088a4:start=1585750671388572182,finish=1585750671392053452,duration=3481270,event=setup_cashere:start:06d1fb14pting to download cache archive
fetching cache--linux-xenial-e3b0c44298fc1c149afbf4c8996fb92427ae41e4649b934ca495991b7852b855--node-lts/*.tgz
fetching cache-linux-xenial-e3b0c44298fc1c149afbf4c8996fb92427ae41e4649b934ca495991b7852b855--node-lts/*.tgz
fetching cache--node-lts/*.tgz
fetching cache--linux-xenial-e3b0c44298fc1c149afbf4c8996fb92427ae41e4649b934ca495991b7852b855--node-lts/*.tgz
found cache
travis_time:end:06d1fb14:start=1585750671396787225,finish=1585750673265772940,duration=1868985715,event=setup_cashere:start:2122fc5be:end:2122fc5b:start=1585750673407320791,finish=1585750673411043183,duration=3722392,event=setup_cachee:start:1c5b5be7e/travis/build/ether/[secure]/node_modules to cache
creating directory /home/travis/build/ether/[secure]/node_modules
travis_time:end:1c5b5be7:start=1585750673418677784,finish=1585750674329832115,duration=911154331,event=setup_cache --version
6.13.4
$ nvm --version
0.35.3

travis_fold:start:installe:start:06e930d0 install && cd -

> wd@1.11.4 install /home/travis/build/ether/[secure]/src/node_modules/wd
> node scripts/build-browser-scripts

npm WARN optional SKIPPING OPTIONAL DEPENDENCY: fsevents@2.1.2 (node_modules/fsevents):
npm WARN notsup SKIPPING OPTIONAL DEPENDENCY: Unsupported platform for fsevents@2.1.2: wanted {"os":"darwin","arch":"any"} (current: {"os":"linux","arch":"x64"})

added 1005 packages from 1155 contributors and audited 13804 packages in 14.751s

23 packages are looking for funding
  run `npm fund` for details

found 7 vulnerabilities (5 low, 2 high)
  run `npm audit fix` to fix them, or `npm audit` for details
/home/travis/build/ether/[secure]
travis_time:end:06e930d0:start=1585750674473945751,finish=1585750689935110911,duration=15461165160,event=installe:start:0116a3bae    Time     Time  Current
                                 Dload  Upload   Total   Spent    Left  Speed
  0     0    0     0    0     0      0      0 --:--:-- --:--:-- --:--:--     0  0     0    0     0    0     0      0      0 --:--:-- --:--:-- --:--:--     0100 9160k  100 9160k    0     0  9128k      0  0:00:01  0:00:01 --:--:-- 9133k
travis_time:end:0116a3ba:start=1585750689943923400,finish=1585750721202090067,duration=31258166667,event=before_scripte:start:20dbe945on  17.91MB
Step 1/14 : FROM node:10-buster-slim
10-buster-slim: Pulling from library/node
c499e6d256d6: Pulling fs layer
c417e37967d6: Pulling fs layer
787ebcd6cb75: Pulling fs layer
582e4857535d: Pulling fs layer
d4759ced7dfc: Pulling fs layer
582e4857535d: Waiting
d4759ced7dfc: Waiting
c417e37967d6: Verifying Checksum
c417e37967d6: Download complete
787ebcd6cb75: Verifying Checksum
787ebcd6cb75: Download complete
c499e6d256d6: Verifying Checksum
c499e6d256d6: Download complete
582e4857535d: Verifying Checksum
582e4857535d: Download complete
d4759ced7dfc: Verifying Checksum
d4759ced7dfc: Download complete
c499e6d256d6: Pull complete
c417e37967d6: Pull complete
787ebcd6cb75: Pull complete
582e4857535d: Pull complete
d4759ced7dfc: Pull complete
Digest: sha256:e767c915e7abb919ae17c403c7a53a2b42119b232003d8712bb0f29ce6ad27ea
Status: Downloaded newer image for node:10-buster-slim
 ---> 7dc63e9090ed
Step 2/14 : LABEL maintainer="Etherpad team, https://github.com/ether/[secure]"
 ---> Running in 311be52e7ca2
Removing intermediate container 311be52e7ca2
 ---> c4757c88e843
Step 3/14 : ARG ETHERPAD_PLUGINS=
 ---> Running in a10bba35ec1c
Removing intermediate container a10bba35ec1c
 ---> bf1c32490a61
Step 4/14 : ENV NODE_ENV=development
 ---> Running in d757c7e3abc6
Removing intermediate container d757c7e3abc6
 ---> 214e93aad1a5
Step 5/14 : RUN useradd --uid 5001 --create-home etherpad
 ---> Running in 4b31076d1f5d
Removing intermediate container 4b31076d1f5d
 ---> a5d07f1827c5
Step 6/14 : RUN mkdir /opt/[secure] && chown etherpad:etherpad /opt/[secure]
 ---> Running in af433aa6dca9
Removing intermediate container af433aa6dca9
 ---> f6c198867484
Step 7/14 : USER etherpad:etherpad
 ---> Running in e0757e696d82
Removing intermediate container e0757e696d82
 ---> bc4c3e2cfb41
Step 8/14 : WORKDIR /opt/[secure]
 ---> Running in b234ea8fd298
Removing intermediate container b234ea8fd298
 ---> 09b9d34d715b
Step 9/14 : COPY --chown=etherpad:etherpad ./ ./
 ---> d7e7fd9ab433
Step 10/14 : RUN bin/installDeps.sh && rm -rf ~/.npm/_cacache
 ---> Running in 838d13d6058f
Copy the settings template to settings.json...
Ensure that all dependencies are up to date...  If this is the first time you have run Etherpad please be patient.

> wd@1.11.4 install /opt/[secure]/src/node_modules/wd
> node scripts/build-browser-scripts

npm WARN optional SKIPPING OPTIONAL DEPENDENCY: fsevents@2.1.2 (node_modules/fsevents):
npm WARN notsup SKIPPING OPTIONAL DEPENDENCY: Unsupported platform for fsevents@2.1.2: wanted {"os":"darwin","arch":"any"} (current: {"os":"linux","arch":"x64"})

added 1005 packages from 1155 contributors in 15.646s

23 packages are looking for funding
  run `npm fund` for details

Clearing minified cache...
Removing intermediate container 838d13d6058f
 ---> b11e05965e50
Step 11/14 : RUN for PLUGIN_NAME in ${ETHERPAD_PLUGINS}; do npm install "${PLUGIN_NAME}"; done
 ---> Running in 64f3f0392795
Removing intermediate container 64f3f0392795
 ---> 10b58333847e
Step 12/14 : COPY --chown=etherpad:etherpad ./settings.json.docker /opt/[secure]/settings.json
 ---> d9d23ea8f9f0
Step 13/14 : EXPOSE 9001
 ---> Running in 9751b3fd216a
Removing intermediate container 9751b3fd216a
 ---> e68bffa0e025
Step 14/14 : CMD ["node", "node_modules/ep_[secure]/node/server.js"]
 ---> Running in 2854baba1906
Removing intermediate container 2854baba1906
 ---> 3fd3f12c6caa
Successfully built 3fd3f12c6caa
Successfully tagged etherpad:test
travis_time:end:20dbe945:start=1585750721211825431,finish=1585750753221402759,duration=32009577328,event=scriptThe command "docker build -t etherpad:test ." exited with 0.
travis_time:start:140d69b4e:end:140d69b4:start=1585750753230906993,finish=1585750756650183421,duration=3419276428,event=scriptThe command "docker run -d -p 9001:9001 etherpad:test && sleep 3" exited with 0.
travis_time:start:00fad782 run test-container

> ep_[secure]@1.8.0 test-container /home/travis/build/ether/[secure]/src
> nyc mocha --timeout 5000 ../tests/container/specs/api



  Connectivity
    âœ“ can connect

  API Versioning
    âœ“ finds the version tag

  Permission
    âœ“ errors with invalid APIKey


  3 passing (42ms)

----------|---------|----------|---------|---------|-------------------
File      | % Stmts | % Branch | % Funcs | % Lines | Uncovered Line #s 
----------|---------|----------|---------|---------|-------------------
All files |       0 |        0 |       0 |       0 |                   
----------|---------|----------|---------|---------|-------------------
travis_time:end:00fad782:start=1585750756657051432,finish=1585750757569611190,duration=912559758,event=scriptThe command "cd src && npm run test-container" exited with 0.
travis_time:start:088be8dc run test

> ep_[secure]@1.8.0 test /home/travis/build/ether/[secure]/src
> nyc mocha --timeout 5000 ../tests/backend/specs/api


Error: ENOENT: no such file or directory, open '/home/travis/build/ether/[secure]/tests/backend/../../settings.json'
    at Object.openSync (fs.js:457:3)
    at Object.readFileSync (fs.js:359:35)
    at Object.loadSettings (/home/travis/build/ether/[secure]/tests/backend/loadSettings.js:12:24)
    at Object.<anonymous> (/home/travis/build/ether/[secure]/tests/backend/specs/api/characterEncoding.js:10:59)
    at Module._compile (internal/modules/cjs/loader.js:1158:30)
    at Module.replacementCompile (/home/travis/build/ether/[secure]/src/node_modules/append-transform/index.js:60:13)
    at Module._extensions..js (internal/modules/cjs/loader.js:1178:10)
    at Object.<anonymous> (/home/travis/build/ether/[secure]/src/node_modules/append-transform/index.js:64:4)
    at Module.load (internal/modules/cjs/loader.js:1002:32)
    at Function.Module._load (internal/modules/cjs/loader.js:901:14)
    at Module.require (internal/modules/cjs/loader.js:1044:19)
    at require (internal/modules/cjs/helpers.js:77:18)
    at requireOrImport (/home/travis/build/ether/[secure]/src/node_modules/mocha/lib/esm-utils.js:15:12)
    at Object.exports.loadFilesAsync (/home/travis/build/ether/[secure]/src/node_modules/mocha/lib/esm-utils.js:28:26)
    at Mocha.loadFilesAsync (/home/travis/build/ether/[secure]/src/node_modules/mocha/lib/mocha.js:351:19)
    at singleRun (/home/travis/build/ether/[secure]/src/node_modules/mocha/lib/cli/run-helpers.js:107:15)
    at exports.runMocha (/home/travis/build/ether/[secure]/src/node_modules/mocha/lib/cli/run-helpers.js:144:11)
    at Object.exports.handler (/home/travis/build/ether/[secure]/src/node_modules/mocha/lib/cli/run.js:306:11)
    at Object.runCommand (/home/travis/build/ether/[secure]/src/node_modules/mocha/node_modules/yargs/lib/command.js:242:26)
    at Object.parseArgs [as _parseArgs] (/home/travis/build/ether/[secure]/src/node_modules/mocha/node_modules/yargs/yargs.js:1096:28)
    at Object.parse (/home/travis/build/ether/[secure]/src/node_modules/mocha/node_modules/yargs/yargs.js:575:25)
    at Object.exports.main (/home/travis/build/ether/[secure]/src/node_modules/mocha/lib/cli/cli.js:68:6)
    at Object.<anonymous> (/home/travis/build/ether/[secure]/src/node_modules/mocha/bin/mocha:133:29)
    at Module._compile (internal/modules/cjs/loader.js:1158:30)
    at Module.replacementCompile (/home/travis/build/ether/[secure]/src/node_modules/append-transform/index.js:60:13)
    at Module._extensions..js (internal/modules/cjs/loader.js:1178:10)
    at Object.<anonymous> (/home/travis/build/ether/[secure]/src/node_modules/append-transform/index.js:64:4)
    at Module.load (internal/modules/cjs/loader.js:1002:32)
    at Function.Module._load (internal/modules/cjs/loader.js:901:14)
    at Function.executeUserEntryPoint [as runMain] (internal/modules/run_main.js:74:12)
    at internal/main/run_main_module.js:18:47
----------|---------|----------|---------|---------|-------------------
File      | % Stmts | % Branch | % Funcs | % Lines | Uncovered Line #s 
----------|---------|----------|---------|---------|-------------------
All files |       0 |        0 |       0 |       0 |                   
----------|---------|----------|---------|---------|-------------------
npm ERR! code ELIFECYCLE
npm ERR! errno 1
npm ERR! ep_[secure]@1.8.0 test: `nyc mocha --timeout 5000 ../tests/backend/specs/api`
npm ERR! Exit status 1
npm ERR! 
npm ERR! Failed at the ep_[secure]@1.8.0 test script.
npm ERR! This is probably not a problem with npm. There is likely additional logging output above.

npm ERR! A complete log of this run can be found in:
npm ERR!     /home/travis/.npm/_logs/2020-04-01T14_19_18_451Z-debug.log
travis_time:end:088be8dc:start=1585750757580890881,finish=1585750758474758245,duration=893867364,event=scriptThe command "npm run test" exited with 1.
travis_fold:start:cache.2e:start:008d2070e:end:008d2070:start=1585750758493566085,finish=1585750758506996366,duration=13430281,event=cachee:start:02b1f220nothing changed
travis_time:end:02b1f220:start=1585750758524807322,finish=1585750759700451279,duration=1175643957,event=cache[0Ktravis_fold:end:cache.2[0K

Done. Your build exited with 1.
