travis_fold:start:worker_infoWorker information
hostname: 96104b03-eb89-4048-ac54-d61be5ac8553@1.worker-org-767b688855-rgbvw.gce-production-3
version: v6.2.8 https://github.com/travis-ci/worker/tree/6d3048d96b26562be21fa1a8b8144f4c4cecd083
instance: travis-job-e972a0d9-3770-4bd0-81ef-c3aac52951cd travis-ci-sardonyx-xenial-1553530528-f909ac5 (via amqp)
startup: 6.216680038s
travis_fold:end:worker_infoe:start:20b7f4cfe:end:20b7f4cf:start=1585753373561293991,finish=1585753373725649588,duration=164355597,event=no_world_writable_dirse:start:1ea70e52e:end:1ea70e52:start=1585753373728991435,finish=1585753373732481026,duration=3489591,event=setup_filtere:start:0f4b3617e:end:0f4b3617:start=1585753373736955256,finish=1585753373746641050,duration=9685794,event=agente:start:23e43d70e:end:23e43d70:start=1585753373749503425,finish=1585753373751500441,duration=1997016,event=check_unsupportede:start:3ac475d1_infoBuild system information
Build language: node_js
Build dist: xenial
Build id: 669740645
Job id: 669740646
Runtime kernel version: 4.15.0-1028-gcp
travis-build version: f65a8dc88
Build image provisioning date and time
Mon Mar 25 16:43:24 UTC 2019
Operating System Details
Distributor ID:Ubuntu
Description:Ubuntu 16.04.6 LTS
Release:16.04
Codename:xenial
Systemd Version
systemd 229
Cookbooks Version
42e42e4 https://github.com/travis-ci/travis-cookbooks/tree/42e42e4
git version
git version 2.21.0
bash version
GNU bash, version 4.3.48(1)-release (x86_64-pc-linux-gnu)
gcc version
gcc (Ubuntu 5.4.0-6ubuntu1~16.04.11) 5.4.0 20160609
docker version
Client:
 Version:           18.06.0-ce
 API version:       1.38
 Go version:        go1.10.3
 Git commit:        0ffa825
 Built:             Wed Jul 18 19:11:02 2018
 OS/Arch:           linux/amd64
 Experimental:      false

Server:
 Engine:
  Version:          18.06.0-ce
  API version:      1.38 (minimum version 1.12)
  Go version:       go1.10.3
  Git commit:       0ffa825
  Built:            Wed Jul 18 19:09:05 2018
  OS/Arch:          linux/amd64
  Experimental:     false
clang version
clang version 7.0.0 (tags/RELEASE_700/final)
jq version
jq-1.5
bats version
Bats 0.4.0
shellcheck version
0.6.0
shfmt version
v2.6.3
ccache version
3.2.4
cmake version
cmake version 3.12.4
heroku version
heroku/7.22.7 linux-x64 node-v11.10.1
imagemagick version
Version: ImageMagick 6.8.9-9 Q16 x86_64 2018-09-28 http://www.imagemagick.org
md5deep version
4.4
mercurial version
version 4.8
mysql version
mysql  Ver 14.14 Distrib 5.7.25, for Linux (x86_64) using  EditLine wrapper
openssl version
OpenSSL 1.0.2g  1 Mar 2016
packer version
1.3.3
postgresql client version
psql (PostgreSQL) 10.7 (Ubuntu 10.7-1.pgdg16.04+1)
ragel version
Ragel State Machine Compiler version 6.8 Feb 2013
sudo version
1.8.16
gzip version
gzip 1.6
zip version
Zip 3.0
vim version
VIM - Vi IMproved 7.4 (2013 Aug 10, compiled Nov 24 2016 16:44:48)
iptables version
iptables v1.6.0
curl version
curl 7.47.0 (x86_64-pc-linux-gnu) libcurl/7.47.0 GnuTLS/3.4.10 zlib/1.2.8 libidn/1.32 librtmp/2.3
wget version
GNU Wget 1.17.1 built on linux-gnu.
rsync version
rsync  version 3.1.1  protocol version 31
gimme version
v1.5.3
nvm version
0.34.0
perlbrew version
/home/travis/perl5/perlbrew/bin/perlbrew  - App::perlbrew/0.86
phpenv version
rbenv 1.1.2
rvm version
rvm 1.29.7 (latest) by Michal Papis, Piotr Kuczynski, Wayne E. Seguin [https://rvm.io]
default ruby version
ruby 2.5.3p105 (2018-10-18 revision 65156) [x86_64-linux]
CouchDB version
couchdb 1.6.1
ElasticSearch version
5.5.0
Installed Firefox version
firefox 63.0.1
MongoDB version
MongoDB 4.0.7
PhantomJS version
2.1.1
Pre-installed PostgreSQL versions
9.4.21
9.5.16
9.6.12
Redis version
redis-server 5.0.4
Pre-installed Go versions
1.11.1
mvn version
Apache Maven 3.6.0 (97c98ec64a1fdfee7767ce5ffb20918da4f719f3; 2018-10-24T18:41:47Z)
gradle version
Gradle 4.10.2!
lein version
Leiningen 2.9.1 on Java 11.0.2 OpenJDK 64-Bit Server VM
Pre-installed Node.js versions
v10.15.3
v11.0.0
v4.9.1
v6.17.0
v8.12.0
v8.15.1
v8.9
phpenv versions
  system
  5.6
  5.6.40
  7.1
  7.1.27
  7.2
* 7.2.15 (set by /home/travis/.phpenv/version)
  hhvm
  hhvm-stable
composer --version
Composer version 1.8.4 2019-02-11 10:52:10
Pre-installed Ruby versions
ruby-2.3.8
ruby-2.4.5
ruby-2.5.3
travis_fold:end:system_infoe:end:3ac475d1:start=1585753373754507103,finish=1585753373766581340,duration=12074237,event=show_system_infoe:start:118c3658e:end:118c3658:start=1585753373770543363,finish=1585753373808332001,duration=37788638,event=rm_riak_sourcee:start:0a512acce:end:0a512acc:start=1585753373823899656,finish=1585753373831666512,duration=7766856,event=fix_rwky_redise:start:0a227380e:end:0a227380:start=1585753373835484984,finish=1585753374165785206,duration=330300222,event=wait_for_networke:start:0f4c9f9ee:end:0f4c9f9e:start=1585753374173317892,finish=1585753374400604493,duration=227286601,event=update_apt_keyse:start:3235d4cfe:end:3235d4cf:start=1585753374406735245,finish=1585753374465774815,duration=59039570,event=fix_hhvm_sourcee:start:0aa7da4ee:end:0aa7da4e:start=1585753374470327590,finish=1585753374473236104,duration=2908514,event=update_mongo_arche:start:023bd64fe:end:023bd64f:start=1585753374477506734,finish=1585753374521840267,duration=44333533,event=fix_sudo_enabled_trustye:start:126799a6e:end:126799a6:start=1585753374526633266,finish=1585753374529214988,duration=2581722,event=update_glibce:start:09938032e:end:09938032:start=1585753374533801324,finish=1585753374543027106,duration=9225782,event=clean_up_pathe:start:0c0769d3e:end:0c0769d3:start=1585753374550189433,finish=1585753374559681852,duration=9492419,event=fix_resolv_confe:start:0a42adcce:end:0a42adcc:start=1585753374564497008,finish=1585753374575130811,duration=10633803,event=fix_etc_hostse:start:23662c86e:end:23662c86:start=1585753374582169200,finish=1585753374592181064,duration=10011864,event=fix_mvn_settings_xmle:start:1096296ce:end:1096296c:start=1585753374597358836,finish=1585753374609352812,duration=11993976,event=no_ipv6_localhoste:start:1095502ee:end:1095502e:start=1585753374615764014,finish=1585753374619137649,duration=3373635,event=fix_etc_mavenrce:start:1f07141de:end:1f07141d:start=1585753374624889512,finish=1585753374628549259,duration=3659747,event=fix_wwdr_certificatee:start:0140cf4ce:end:0140cf4c:start=1585753374632702063,finish=1585753374659989192,duration=27287129,event=put_localhost_firste:start:167fd369e:end:167fd369:start=1585753374664033954,finish=1585753374668939356,duration=4905402,event=home_pathse:start:0b9fbf44e:end:0b9fbf44:start=1585753374673198901,finish=1585753374687273889,duration=14074988,event=disable_initramfse:start:07660110e:end:07660110:start=1585753374695497908,finish=1585753375008011579,duration=312513671,event=disable_ssh_roaminge:start:0af05892e:end:0af05892:start=1585753375012695793,finish=1585753375015162056,duration=2466263,event=debug_toolse:start:25b34405e:end:25b34405:start=1585753375019821683,finish=1585753375023288327,duration=3466644,event=uninstall_oclinte:start:0b1bec58e:end:0b1bec58:start=1585753375028463178,finish=1585753375032414331,duration=3951153,event=rvm_usee:start:09fdbb47e:end:09fdbb47:start=1585753375036854480,finish=1585753375045167871,duration=8313391,event=rm_etc_boto_cfge:start:18eabf67e:end:18eabf67:start=1585753375048898595,finish=1585753375052159299,duration=3260704,event=rm_oraclejdk8_symlinke:start:189f2250e:end:189f2250:start=1585753375056932833,finish=1585753375161643590,duration=104710757,event=enable_i386e:start:3017e752e:end:3017e752:start=1585753375166223496,finish=1585753375172795667,duration=6572171,event=update_rubygemse:start:19b7c734e:end:19b7c734:start=1585753375177833586,finish=1585753376010747643,duration=832914057,event=ensure_path_componentse:start:02193676e:end:02193676:start=1585753376016730173,finish=1585753376019410930,duration=2680757,event=redefine_curle:start:0fb41f18e:end:0fb41f18:start=1585753376024260795,finish=1585753376141352644,duration=117091849,event=nonblock_pipee:start:2b92b443e:end:2b92b443:start=1585753376145768195,finish=1585753382180327979,duration=6034559784,event=apt_get_updatee:start:023b6840e:end:023b6840:start=1585753382185669546,finish=1585753382188913730,duration=3244184,event=deprecate_xcode_64e:start:01c29fece:end:01c29fec:start=1585753382192041162,finish=1585753384767544644,duration=2575503482,event=update_herokue:start:02d3ef14e:end:02d3ef14:start=1585753384774193849,finish=1585753384777866900,duration=3673051,event=shell_session_updatee:start:04203312tutue:end:04203312:start=1585753384785506175,finish=1585753387018196029,duration=2232689854,event=set_docker_mtue:start:05aa05a0e:end:05aa05a0:start=1585753387023449245,finish=1585753387090637741,duration=67188496,event=resolvconfe:start:0b497601e:end:0b497601:start=1585753387095344592,finish=1585753387252011430,duration=156666838,event=maven_central_mirrore:start:1ab99cbce:end:1ab99cbc:start=1585753387258175828,finish=1585753387361652018,duration=103476190,event=maven_httpse:start:0d52ab00e:start:02677521ctl start docker
travis_time:end:02677521:start=1585753387371165959,finish=1585753387383807784,duration=12641825,event=preparee:end:02677521:start=1585753387371165959,finish=1585753390389932419,duration=3018766460,event=servicese:start:0c0c2630e:end:0c0c2630:start=1585753390394334900,finish=1585753390396911598,duration=2576698,event=fix_ps4e:start:11117670e:start:01eaf58c/ether/[secure].git ether/[secure]
Cloning into 'ether/[secure]'...
travis_time:end:01eaf58c:start=1585753390407645422,finish=1585753391343366121,duration=935720699,event=checkoute:start:13ec50ecerge:
From https://github.com/ether/[secure]
 * branch              refs/pull/3813/merge -> FETCH_HEAD
travis_time:end:13ec50ec:start=1585753391348025605,finish=1585753393263990370,duration=1915964765,event=checkoute:end:13ec50ec:start=1585753391348025605,finish=1585753393307974908,duration=1959949303,event=checkoute:start:0e67d85cSetting environment variables from repository settings
$ export SAUCE_USERNAME=[secure]
$ export SAUCE_ACCESS_KEY=[secure]

Setting environment variables from .travis.yml
$ export SAUCE_USERNAME=[secure]
$ export SAUCE_ACCESS_KEY=[secure]

travis_time:end:0e67d85c:start=1585753393312400916,finish=1585753393327634594,duration=15233678,event=env.installe:start:097ca3c7 install lts/*
Downloading and installing node v12.16.1...
Downloading https://nodejs.org/dist/v12.16.1/node-v12.16.1-linux-x64.tar.xz...
Computing checksum with sha256sum
Checksums matched!
Now using node v12.16.1 (npm v6.13.4)
travis_time:end:097ca3c7:start=1585753394075898792,finish=1585753396866875655,duration=2790976863,event=setup.installe:start:1760e71ee:end:1760e71e:start=1585753398048724902,finish=1585753398245726811,duration=197001909,event=setup_cashere:start:05f990b6e:end:05f990b6:start=1585753398252019876,finish=1585753398255588786,duration=3568910,event=setup_cashere:start:36ab41f0pting to download cache archive
fetching cache--linux-xenial-e3b0c44298fc1c149afbf4c8996fb92427ae41e4649b934ca495991b7852b855--node-lts/*.tgz
fetching cache-linux-xenial-e3b0c44298fc1c149afbf4c8996fb92427ae41e4649b934ca495991b7852b855--node-lts/*.tgz
fetching cache--node-lts/*.tgz
fetching cache--linux-xenial-e3b0c44298fc1c149afbf4c8996fb92427ae41e4649b934ca495991b7852b855--node-lts/*.tgz
found cache
travis_time:end:36ab41f0:start=1585753398260543607,finish=1585753400495826922,duration=2235283315,event=setup_cashere:start:00338a54e:end:00338a54:start=1585753400649625866,finish=1585753400653834507,duration=4208641,event=setup_cachee:start:2327010ae/travis/build/ether/[secure]/node_modules to cache
creating directory /home/travis/build/ether/[secure]/node_modules
travis_time:end:2327010a:start=1585753400658939137,finish=1585753401656754718,duration=997815581,event=setup_cache --version
6.13.4
$ nvm --version
0.35.3

travis_fold:start:installe:start:026824f8 install && cd -

> wd@1.11.4 install /home/travis/build/ether/[secure]/src/node_modules/wd
> node scripts/build-browser-scripts

npm WARN optional SKIPPING OPTIONAL DEPENDENCY: fsevents@2.1.2 (node_modules/fsevents):
npm WARN notsup SKIPPING OPTIONAL DEPENDENCY: Unsupported platform for fsevents@2.1.2: wanted {"os":"darwin","arch":"any"} (current: {"os":"linux","arch":"x64"})

added 1005 packages from 1155 contributors and audited 13804 packages in 15.565s

23 packages are looking for funding
  run `npm fund` for details

found 7 vulnerabilities (5 low, 2 high)
  run `npm audit fix` to fix them, or `npm audit` for details
/home/travis/build/ether/[secure]
travis_time:end:026824f8:start=1585753401812931041,finish=1585753418107695901,duration=16294764860,event=installe:start:1f4ff2ebe    Time     Time  Current
                                 Dload  Upload   Total   Spent    Left  Speed
  0     0    0     0    0     0      0      0 --:--:-- --:--:-- --:--:--     0  0 9160k    0  3729    0     0   6814      0  0:22:56 --:--:--  0:22:56  6804100 9160k  100 9160k    0     0  6785k      0  0:00:01  0:00:01 --:--:-- 6790k
travis_time:end:1f4ff2eb:start=1585753418115487377,finish=1585753442723571115,duration=24608083738,event=before_scripte:start:0d10d940ing bin/installDeps.sh has already been run
Now I will try for 15 seconds to connect to Etherpad on http://localhost:9001
bash: connect: Connection refused
bash: /dev/tcp/localhost/9001: Connection refused
bash: connect: Connection refused
bash: /dev/tcp/localhost/9001: Connection refused
bash: connect: Connection refused
bash: /dev/tcp/localhost/9001: Connection refused
Successfully connected to Etherpad on http://localhost:9001
Now run the tests?

> ep_[secure]@1.8.0 test /home/travis/build/ether/[secure]/src
> nyc mocha --timeout 5000 ../tests/backend/specs/api



  Connectivity For Character Encoding
    âœ“ can connect

  API Versioning
    âœ“ finds the version tag

  Permission
    âœ“ errors with invalid APIKey

  createPad
    âœ“ creates a new Pad

  setHTML
    âœ“ Sets the HTML of a Pad attempting to weird utf8 encoded content (69ms)

  getHTML
    âœ“ get the HTML of Pad with emojis

  API Versioning
    âœ“ errors if can not connect

  createPad
    âœ“ creates a new Pad

  createAuthor
    âœ“ Creates an author with a name set

  appendChatMessage
    âœ“ Adds a chat message to the pad

  getChatHead
    âœ“ Gets the head of chat

  getChatHistory
    âœ“ Gets Chat History of a Pad

  Connectivity
    âœ“ can connect

  API Versioning
    âœ“ finds the version tag

  Permission
    âœ“ errors with invalid APIKey

  deletePad
    âœ“ deletes a Pad

  createPad
    âœ“ creates a new Pad

  getRevisionsCount
    âœ“ gets revision count of Pad

  getSavedRevisionsCount
    âœ“ gets saved revisions count of Pad

  listSavedRevisions
    âœ“ gets saved revision list of Pad

  getHTML
    âœ“ get the HTML of Pad

  deletePad
    âœ“ deletes a Pad

  getHTML
    âœ“ get the HTML of a Pad -- Should return a failure

  createPad
    âœ“ creates a new Pad with text

  getText
    âœ“ gets the Pad text and expect it to be testText with 
 which is a line break

  setText
    âœ“ creates a new Pad with text

  getText
    âœ“ gets the Pad text

  getRevisionsCount
    âœ“ gets Revision Count of a Pad

  saveRevision
    âœ“ saves Revision

  getSavedRevisionsCount
    âœ“ gets saved revisions count of Pad

  listSavedRevisions
    âœ“ gets saved revision list of Pad

  padUsersCount
    âœ“ gets User Count of a Pad

  getReadOnlyID
    âœ“ Gets the Read Only ID of a Pad

  listAuthorsOfPad
    âœ“ Get Authors of the Pad

  getLastEdited
    âœ“ Get When Pad was left Edited

  setText
    âœ“ creates a new Pad with text

  getLastEdited
    âœ“ Get When Pad was left Edited

  padUsers
    âœ“ gets User Count of a Pad

  deletePad
    âœ“ deletes a Pad

  createPad
    âœ“ creates a new Pad with text

  setText
    âœ“ Sets text on a pad Id

  getText
    âœ“ Gets text on a pad Id

  setText
    âœ“ Sets text on a pad Id including an explicit newline

  getText
    âœ“ Gets text on a pad Id and doesn't have an excess newline

  getLastEdited
    âœ“ Gets when pad was last edited

  movePad
    âœ“ Move a Pad to a different Pad ID

  getText
    âœ“ Gets text on a pad Id

  movePad
    âœ“ Move a Pad to a different Pad ID

  getText
    âœ“ Gets text on a pad Id

  getLastEdited
    âœ“ Gets when pad was last edited

  appendText
    âœ“ Append text to a pad Id

  getText
    âœ“ Gets text on a pad Id

  setHTML
    âœ“ Sets the HTML of a Pad attempting to pass ugly HTML

  setHTML
    âœ“ Sets the HTML of a Pad with complex nested lists of different types

  getHTML
    âœ“ Gets back the HTML of a Pad with complex nested lists of different types

  createPad
    âœ“ errors if pad can be created

  API Versioning
    âœ“ errors if can not connect

  createGroup
    âœ“ creates a new group

  listSessionsOfGroup
    âœ“ Lists the session of a group

  deleteGroup
    âœ“ Deletes a group

  createGroupIfNotExistsFor
    âœ“ Creates a group if one doesnt exist for mapper 0

  createGroup
    âœ“ creates a new group

  createAuthor
    âœ“ Creates an author with a name set

  createAuthor
    âœ“ Creates an author with a name set

  createAuthorIfNotExistsFor
    âœ“ Creates an author if it doesnt exist already and provides mapping

  getAuthorName
    âœ“ Gets the author name

  createSession
    âœ“ Creates a session for an Author

  getSessionInfo
    âœ“ Gets session inf

  listSessionsOfGroup
    âœ“ Gets sessions of a group

  deleteSession
    âœ“ Deletes a session

  getSessionInfo
    âœ“ Gets session info

  listPads
    âœ“ Lists Pads of a Group

  createGroupPad
    âœ“ Creates a Group Pad

  listPads
    âœ“ Lists Pads of a Group

  getPublicStatus
    âœ“ Gets the public status of a pad

  setPublicStatus
    âœ“ Sets the public status of a pad

  getPublicStatus
    âœ“ Gets the public status of a pad

  isPasswordProtected
    âœ“ Gets the public status of a pad

  setPassword
    âœ“ Gets the public status of a pad

  isPasswordProtected
    âœ“ Gets the public status of a pad

  listPadsOfAuthor
    âœ“ Gets the Pads of an Author

  tidyHtml
All relative paths will be interpreted relative to the identified Etherpad base dir: /home/travis/build/ether/[secure]
[2020-04-01 15:04:08.049] [DEBUG] AbsolutePaths - Relative path "settings.json" can be rewritten to "/home/travis/build/ether/[secure]/settings.json"
[2020-04-01 15:04:08.050] [DEBUG] AbsolutePaths - Relative path "credentials.json" can be rewritten to "/home/travis/build/ether/[secure]/credentials.json"
settings loaded from: /home/travis/build/ether/[secure]/settings.json
No credentials file found in /home/travis/build/ether/[secure]/credentials.json. Ignoring.
[2020-04-01 15:04:08.062] [INFO] console - Using skin "colibris" in dir: /home/travis/build/ether/[secure]/src/static/skins/colibris
[2020-04-01 15:04:08.063] [INFO] console - Session key loaded from: /home/travis/build/ether/[secure]/SESSIONKEY.txt
[2020-04-01 15:04:08.063] [WARN] console - DirtyDB is used. This is fine for testing but not recommended for production. File location: /home/travis/build/ether/[secure]/var/dirty.db
    - Tidies HTML
    - can deal with errors


  81 passing (2s)
  2 pending

------------------|---------|----------|---------|---------|----------------------------------------
File              | % Stmts | % Branch | % Funcs | % Lines | Uncovered Line #s                      
------------------|---------|----------|---------|---------|----------------------------------------
All files         |   58.53 |     34.9 |   39.13 |   58.39 |                                        
 AbsolutePaths.js |   75.61 |    63.16 |     100 |   75.61 | 45,47,56,57,100,104,105,115,116,131    
 Cli.js           |   71.43 |       60 |     100 |   69.23 | 34,39,44,49                            
 Settings.js      |   57.73 |    29.82 |   35.71 |   57.73 | ...703,705,706,708,709,720-722,725,740 
 TidyHtml.js      |      20 |        0 |       0 |      20 | ...15-17,20,23,24,27,28,31,34-36,38,39 
 randomstring.js  |      75 |      100 |       0 |      75 | 8                                      
------------------|---------|----------|---------|---------|----------------------------------------
travis_time:end:0d10d940:start=1585753442729826991,finish=1585753478192983648,duration=35463156657,event=scriptThe command "tests/frontend/travis/runnerBackend.sh" exited with 0.
travis_time:start:074d16d1 run test
npm ERR! code ENOENT
npm ERR! syscall open
npm ERR! path /home/travis/build/ether/[secure]/package.json
npm ERR! errno -2
npm ERR! enoent ENOENT: no such file or directory, open '/home/travis/build/ether/[secure]/package.json'
npm ERR! enoent This is related to npm not being able to find a file.
npm ERR! enoent 

npm ERR! A complete log of this run can be found in:
npm ERR!     /home/travis/.npm/_logs/2020-04-01T15_04_38_376Z-debug.log
travis_time:end:074d16d1:start=1585753478202383009,finish=1585753478392816256,duration=190433247,event=scriptThe command "npm run test" exited with 254.
travis_fold:start:cache.2e:start:13c5b175e:end:13c5b175:start=1585753478398174287,finish=1585753478401794408,duration=3620121,event=cachee:start:006d0538nothing changed
travis_time:end:006d0538:start=1585753478406839507,finish=1585753479349322113,duration=942482606,event=cache[0Ktravis_fold:end:cache.2[0K

Done. Your build exited with 1.
