travis_fold:start:worker_infoWorker information
hostname: 04e8db1f-3594-4ec0-8b60-760f617e6066@1.worker-org-694dfb888f-v247f.gce-production-1
version: v6.2.17 https://github.com/travis-ci/worker/tree/bc420764f334fe0d096a417c80426f672f1b7d18
instance: travis-job-5d39351f-848a-4383-ac74-b06cadc70740 travis-ci-sardonyx-xenial-1553530528-f909ac5 (via amqp)
startup: 5.879671677s
travis_fold:end:worker_infoe:start:19f40759e:end:19f40759:start=1595198840215624793,finish=1595198840360530784,duration=144905991,event=no_world_writable_dirse:start:03afc56be:end:03afc56b:start=1595198840363307195,finish=1595198840369600737,duration=6293542,event=setup_filtere:start:014923a8e:end:014923a8:start=1595198840373188556,finish=1595198840380904180,duration=7715624,event=agente:start:01f488eae:end:01f488ea:start=1595198840383582781,finish=1595198840385769222,duration=2186441,event=check_unsupportede:start:01cf8b70_infoBuild system information
Build language: node_js
Build dist: xenial
Build id: 709808373
Job id: 709808374
Runtime kernel version: 4.15.0-1028-gcp
travis-build version: 01e86bea
Build image provisioning date and time
Mon Mar 25 16:43:24 UTC 2019
Operating System Details
Distributor ID:Ubuntu
Description:Ubuntu 16.04.6 LTS
Release:16.04
Codename:xenial
Systemd Version
systemd 229
Cookbooks Version
42e42e4 https://github.com/travis-ci/travis-cookbooks/tree/42e42e4
git version
git version 2.21.0
bash version
GNU bash, version 4.3.48(1)-release (x86_64-pc-linux-gnu)
gcc version
gcc (Ubuntu 5.4.0-6ubuntu1~16.04.11) 5.4.0 20160609
docker version
Client:
 Version:           18.06.0-ce
 API version:       1.38
 Go version:        go1.10.3
 Git commit:        0ffa825
 Built:             Wed Jul 18 19:11:02 2018
 OS/Arch:           linux/amd64
 Experimental:      false

Server:
 Engine:
  Version:          18.06.0-ce
  API version:      1.38 (minimum version 1.12)
  Go version:       go1.10.3
  Git commit:       0ffa825
  Built:            Wed Jul 18 19:09:05 2018
  OS/Arch:          linux/amd64
  Experimental:     false
clang version
clang version 7.0.0 (tags/RELEASE_700/final)
jq version
jq-1.5
bats version
Bats 0.4.0
shellcheck version
0.6.0
shfmt version
v2.6.3
ccache version
3.2.4
cmake version
cmake version 3.12.4
heroku version
heroku/7.22.7 linux-x64 node-v11.10.1
imagemagick version
Version: ImageMagick 6.8.9-9 Q16 x86_64 2018-09-28 http://www.imagemagick.org
md5deep version
4.4
mercurial version
version 4.8
mysql version
mysql  Ver 14.14 Distrib 5.7.25, for Linux (x86_64) using  EditLine wrapper
openssl version
OpenSSL 1.0.2g  1 Mar 2016
packer version
1.3.3
postgresql client version
psql (PostgreSQL) 10.7 (Ubuntu 10.7-1.pgdg16.04+1)
ragel version
Ragel State Machine Compiler version 6.8 Feb 2013
sudo version
1.8.16
gzip version
gzip 1.6
zip version
Zip 3.0
vim version
VIM - Vi IMproved 7.4 (2013 Aug 10, compiled Nov 24 2016 16:44:48)
iptables version
iptables v1.6.0
curl version
curl 7.47.0 (x86_64-pc-linux-gnu) libcurl/7.47.0 GnuTLS/3.4.10 zlib/1.2.8 libidn/1.32 librtmp/2.3
wget version
GNU Wget 1.17.1 built on linux-gnu.
rsync version
rsync  version 3.1.1  protocol version 31
gimme version
v1.5.3
nvm version
0.34.0
perlbrew version
/home/travis/perl5/perlbrew/bin/perlbrew  - App::perlbrew/0.86
phpenv version
rbenv 1.1.2
rvm version
rvm 1.29.7 (latest) by Michal Papis, Piotr Kuczynski, Wayne E. Seguin [https://rvm.io]
default ruby version
ruby 2.5.3p105 (2018-10-18 revision 65156) [x86_64-linux]
CouchDB version
couchdb 1.6.1
ElasticSearch version
5.5.0
Installed Firefox version
firefox 63.0.1
MongoDB version
MongoDB 4.0.7
PhantomJS version
2.1.1
Pre-installed PostgreSQL versions
9.4.21
9.5.16
9.6.12
Redis version
redis-server 5.0.4
Pre-installed Go versions
1.11.1
mvn version
Apache Maven 3.6.0 (97c98ec64a1fdfee7767ce5ffb20918da4f719f3; 2018-10-24T18:41:47Z)
gradle version
Gradle 4.10.2!
lein version
Leiningen 2.9.1 on Java 11.0.2 OpenJDK 64-Bit Server VM
Pre-installed Node.js versions
v10.15.3
v11.0.0
v4.9.1
v6.17.0
v8.12.0
v8.15.1
v8.9
phpenv versions
  system
  5.6
  5.6.40
  7.1
  7.1.27
  7.2
* 7.2.15 (set by /home/travis/.phpenv/version)
  hhvm
  hhvm-stable
composer --version
Composer version 1.8.4 2019-02-11 10:52:10
Pre-installed Ruby versions
ruby-2.3.8
ruby-2.4.5
ruby-2.5.3
travis_fold:end:system_infoe:end:01cf8b70:start=1595198840388665315,finish=1595198840394031709,duration=5366394,event=show_system_infoe:start:0374ebe1e:end:0374ebe1:start=1595198840396630198,finish=1595198840408103973,duration=11473775,event=rm_riak_sourcee:start:11b4f537e:end:11b4f537:start=1595198840419812593,finish=1595198840427428653,duration=7616060,event=fix_rwky_redise:start:0103ddaee:end:0103ddae:start=1595198840432431731,finish=1595198841216782778,duration=784351047,event=wait_for_networke:start:0326cb26e:end:0326cb26:start=1595198841221258251,finish=1595198841420773447,duration=199515196,event=update_apt_keyse:start:141c15c4e:end:141c15c4:start=1595198841425881507,finish=1595198841478923528,duration=53042021,event=fix_hhvm_sourcee:start:1e043b3ae:end:1e043b3a:start=1595198841483444724,finish=1595198841487594132,duration=4149408,event=update_mongo_arche:start:06e16aade:end:06e16aad:start=1595198841491935039,finish=1595198841534844546,duration=42909507,event=fix_sudo_enabled_trustye:start:2a5acffbe:end:2a5acffb:start=1595198841539778798,finish=1595198841542142591,duration=2363793,event=update_glibce:start:015144d4e:end:015144d4:start=1595198841547372413,finish=1595198841555293803,duration=7921390,event=clean_up_pathe:start:15d7b038e:end:15d7b038:start=1595198841560402302,finish=1595198841568117658,duration=7715356,event=fix_resolv_confe:start:0c948861e:end:0c948861:start=1595198841571835135,finish=1595198841580679550,duration=8844415,event=fix_etc_hostse:start:39e70c00e:end:39e70c00:start=1595198841585507835,finish=1595198841596656486,duration=11148651,event=fix_mvn_settings_xmle:start:0f5368e6e:end:0f5368e6:start=1595198841602919456,finish=1595198841613806659,duration=10887203,event=no_ipv6_localhoste:start:05abf19ce:end:05abf19c:start=1595198841617808283,finish=1595198841621053335,duration=3245052,event=fix_etc_mavenrce:start:194cfe62e:end:194cfe62:start=1595198841628038688,finish=1595198841632170303,duration=4131615,event=fix_wwdr_certificatee:start:0d700bcce:end:0d700bcc:start=1595198841636233332,finish=1595198841661316423,duration=25083091,event=put_localhost_firste:start:0441ee5de:end:0441ee5d:start=1595198841665034293,finish=1595198841668169823,duration=3135530,event=home_pathse:start:17b943d6e:end:17b943d6:start=1595198841671858528,finish=1595198841683756048,duration=11897520,event=disable_initramfse:start:2729125ce:end:2729125c:start=1595198841687367217,finish=1595198842020716624,duration=333349407,event=disable_ssh_roaminge:start:1536c000e:end:1536c000:start=1595198842024655779,finish=1595198842027507455,duration=2851676,event=debug_toolse:start:00fd1b92e:end:00fd1b92:start=1595198842030954237,finish=1595198842034167498,duration=3213261,event=uninstall_oclinte:start:06f2dc24e:end:06f2dc24:start=1595198842039108930,finish=1595198842042059103,duration=2950173,event=rvm_usee:start:0b421054e:end:0b421054:start=1595198842046589275,finish=1595198842054416235,duration=7826960,event=rm_etc_boto_cfge:start:05ee249ce:end:05ee249c:start=1595198842058936742,finish=1595198842061708252,duration=2771510,event=rm_oraclejdk8_symlinke:start:1185eb14e:end:1185eb14:start=1595198842068492693,finish=1595198842171915846,duration=103423153,event=enable_i386e:start:18626b47e:end:18626b47:start=1595198842177150075,finish=1595198842183270906,duration=6120831,event=update_rubygemse:start:06ffc57ce:end:06ffc57c:start=1595198842188777902,finish=1595198843082269780,duration=893491878,event=ensure_path_componentse:start:0bcf9ad5e:end:0bcf9ad5:start=1595198843086747663,finish=1595198843089632134,duration=2884471,event=redefine_curle:start:00b78e4ae:end:00b78e4a:start=1595198843094748974,finish=1595198843234692709,duration=139943735,event=nonblock_pipee:start:25c2fc98e:end:25c2fc98:start=1595198843239430840,finish=1595198858289321738,duration=15049890898,event=apt_get_updatee:start:23c7fbfae:end:23c7fbfa:start=1595198858292760968,finish=1595198858295249700,duration=2488732,event=deprecate_xcode_64e:start:0056aedce:end:0056aedc:start=1595198858298515091,finish=1595198860798344918,duration=2499829827,event=update_herokue:start:00033588e:end:00033588:start=1595198860805539745,finish=1595198860809171198,duration=3631453,event=shell_session_updatee:start:2930333atutue:end:2930333a:start=1595198860815039223,finish=1595198864451811505,duration=3636772282,event=set_docker_mtue:start:2c52bf94e:end:2c52bf94:start=1595198864458007097,finish=1595198864518155665,duration=60148568,event=resolvconfe:start:202b96eae:end:202b96ea:start=1595198864526449334,finish=1595198864666819795,duration=140370461,event=maven_central_mirrore:start:08cde733e:end:08cde733:start=1595198864671573363,finish=1595198864758687937,duration=87114574,event=maven_httpse:start:00086053e:start:2b6a08a1ctl start docker
travis_time:end:2b6a08a1:start=1595198864767763072,finish=1595198864778820990,duration=11057918,event=preparee:end:2b6a08a1:start=1595198864767763072,finish=1595198867783874287,duration=3016111215,event=servicese:start:0cee1baae:end:0cee1baa:start=1595198867790323313,finish=1595198867793084974,duration=2761661,event=fix_ps4e:start:0867ae5fe:start:08e6bd72/ether/[secure].git ether/[secure]
Cloning into 'ether/[secure]'...
travis_time:end:08e6bd72:start=1595198867803661679,finish=1595198869013998175,duration=1210336496,event=checkoute:end:08e6bd72:start=1595198867803661679,finish=1595198869034122301,duration=1230460622,event=checkoute:start:0708fe70Setting environment variables from repository settings
$ export SAUCE_USERNAME=[secure]
$ export SAUCE_ACCESS_KEY=[secure]

Setting environment variables from .travis.yml
$ export SAUCE_USERNAME=[secure]
$ export SAUCE_ACCESS_KEY=[secure]

travis_time:end:0708fe70:start=1595198869039823819,finish=1595198869048788351,duration=8964532,event=env.installe:start:05a0e858 install lts/*
Downloading and installing node v12.18.2...
Downloading https://nodejs.org/dist/v12.18.2/node-v12.18.2-linux-x64.tar.xz...
Computing checksum with sha256sum
Checksums matched!
Now using node v12.18.2 (npm v6.14.5)
travis_time:end:05a0e858:start=1595198870071911612,finish=1595198872836478311,duration=2764566699,event=setup.install --version
6.14.5
$ nvm --version
0.35.3

travis_fold:start:before_install.1e:start:02be95e1p/tmpg6b1imk3/secring.gpg' created
gpg: keyring `/tmp/tmpg6b1imk3/pubring.gpg' created
gpg: requesting key 1378B444 from hkp server keyserver.ubuntu.com
gpg: /tmp/tmpg6b1imk3/trustdb.gpg: trustdb created
gpg: key 1378B444: public key "Launchpad PPA for LibreOffice Packaging" imported
gpg: no ultimately trusted keys found
gpg: Total number processed: 1
gpg:               imported: 1  (RSA: 1)
OK
travis_time:end:02be95e1:start=1595198873413537685,finish=1595198875123149583,duration=1709611898,event=before_installe:start:196e8a7d/ubuntu xenial InRelease
Hit:2 http://us-east-1.ec2.archive.ubuntu.com/ubuntu xenial-updates InRelease
Hit:3 http://security.ubuntu.com/ubuntu xenial-security InRelease
Hit:4 http://us-east-1.ec2.archive.ubuntu.com/ubuntu xenial-backports InRelease
Get:5 http://ppa.launchpad.net/libreoffice/ppa/ubuntu xenial InRelease [23.8 kB]
Hit:6 http://apt.postgresql.org/pub/repos/apt xenial-pgdg InRelease
Get:7 http://ppa.launchpad.net/libreoffice/ppa/ubuntu xenial/main amd64 Packages [34.4 kB]
Get:8 http://ppa.launchpad.net/libreoffice/ppa/ubuntu xenial/main i386 Packages [34.4 kB]
Get:9 http://ppa.launchpad.net/libreoffice/ppa/ubuntu xenial/main Translation-en [13.8 kB]
Fetched 106 kB in 1s (79.4 kB/s)
Reading package lists...
travis_time:end:196e8a7d:start=1595198875129703074,finish=1595198881288203059,duration=6158499985,event=before_installe:start:12657e0aation...
The following additional packages will be installed:
  fonts-opensymbol libboost-date-time1.58.0 libboost-locale1.58.0
  libboost-thread1.58.0 libclucene-contribs1v5 libclucene-core1v5
  libcolamd2.9.1 libexttextcat-2.0-0 libexttextcat-data
  libgstreamer-plugins-base1.0-0 libgstreamer1.0-0 libharfbuzz-icu0
  libhunspell-1.3-0 libhyphen0 liblangtag-common liblangtag1 libmythes-1.2-0
  libneon27-gnutls liborc-0.4-0 libpoppler58 libraptor2-0 librasqal3 librdf0
  libreoffice-avmedia-backend-gstreamer libreoffice-base libreoffice-base-core
  libreoffice-base-drivers libreoffice-calc libreoffice-common
  libreoffice-core libreoffice-draw libreoffice-impress libreoffice-math
  libreoffice-report-builder-bin libreoffice-style-colibre
  libreoffice-style-tango libreoffice-writer libsuitesparseconfig4.4.6
  libyajl2 lp-solve python3-uno uno-libs3 ure
Suggested packages:
  libvisual-0.4-plugins gstreamer1.0-tools poppler-data raptor2-utils
  rasqal-utils librdf-storage-postgresql librdf-storage-mysql
  librdf-storage-sqlite librdf-storage-virtuoso redland-utils cups-bsd
  firefox-esr | thunderbird | firefox ghostscript gpa hunspell-dictionary
  hyphen-hyphenation-patterns libreoffice-grammarcheck libreoffice-help
  libreoffice-l10n myspell-dictionary mythes-thesaurus
  openclipart2-libreoffice | openclipart-libreoffice pstoedit unixodbc
  gstreamer1.0-plugins-base gstreamer1.0-plugins-good
  gstreamer1.0-plugins-ugly gstreamer1.0-plugins-bad gstreamer1.0-libav
  libsane libreoffice-officebean libreoffice-report-builder libjtds-java
  libreoffice-sdbc-hsqldb libreoffice-sdbc-mysql | libmyodbc | libmariadb-java
  libreoffice-sdbc-postgresql | odbc-postgresql | libpg-java libsqliteodbc
  | tdsodbc | mdbtools ocl-icd-libopencl1 | mesa-opencl-icd
  | beignet-opencl-icd bluez tango-icon-theme fonts-crosextra-caladea
  fonts-crosextra-carlito libreoffice-java-common
Recommended packages:
  gstreamer1.0-plugins-base hunspell-en-us | hunspell-dictionary
  | myspell-dictionary fonts-crosextra-caladea fonts-crosextra-carlito
  fonts-dejavu fonts-liberation2 fonts-linuxlibertine fonts-noto-core
  fonts-noto-mono fonts-noto-ui-core fonts-sil-gentium-basic libreoffice-gnome
  | libreoffice-kde4 libreoffice-librelogo libreoffice-nlpsolver
  libreoffice-report-builder libreoffice-script-provider-bsh
  libreoffice-script-provider-js libreoffice-script-provider-python
  libreoffice-sdbc-mysql libreoffice-sdbc-postgresql
  libreoffice-wiki-publisher libreoffice-java-common fonts-liberation2
  | ttf-mscorefonts-installer libpaper-utils
The following NEW packages will be installed:
  fonts-opensymbol libboost-date-time1.58.0 libboost-locale1.58.0
  libboost-thread1.58.0 libclucene-contribs1v5 libclucene-core1v5
  libcolamd2.9.1 libexttextcat-2.0-0 libexttextcat-data
  libgstreamer-plugins-base1.0-0 libgstreamer1.0-0 libharfbuzz-icu0
  libhunspell-1.3-0 libhyphen0 liblangtag-common liblangtag1 libmythes-1.2-0
  libneon27-gnutls liborc-0.4-0 libpoppler58 libraptor2-0 librasqal3 librdf0
  libreoffice libreoffice-avmedia-backend-gstreamer libreoffice-base
  libreoffice-base-core libreoffice-base-drivers libreoffice-calc
  libreoffice-common libreoffice-core libreoffice-draw libreoffice-impress
  libreoffice-math libreoffice-report-builder-bin libreoffice-style-colibre
  libreoffice-style-tango libreoffice-writer libsuitesparseconfig4.4.6
  libyajl2 lp-solve python3-uno uno-libs3 ure
0 upgraded, 44 newly installed, 0 to remove and 305 not upgraded.
Need to get 105 MB of archives.
After this operation, 369 MB of additional disk space will be used.
Get:1 http://us-east-1.ec2.archive.ubuntu.com/ubuntu xenial/main amd64 libyajl2 amd64 2.1.0-2 [19.6 kB]
Get:2 http://ppa.launchpad.net/libreoffice/ppa/ubuntu xenial/main amd64 fonts-opensymbol all 2:102.10+LibO6.2.8~rc2-0ubuntu0.16.04.1 [293 kB]
Get:3 http://us-east-1.ec2.archive.ubuntu.com/ubuntu xenial/main amd64 libraptor2-0 amd64 2.0.14-1 [154 kB]
Get:4 http://us-east-1.ec2.archive.ubuntu.com/ubuntu xenial/main amd64 librasqal3 amd64 0.9.32-1 [163 kB]
Get:5 http://us-east-1.ec2.archive.ubuntu.com/ubuntu xenial-updates/main amd64 libboost-date-time1.58.0 amd64 1.58.0+dfsg-5ubuntu3.1 [20.7 kB]
Get:6 http://us-east-1.ec2.archive.ubuntu.com/ubuntu xenial-updates/main amd64 libboost-thread1.58.0 amd64 1.58.0+dfsg-5ubuntu3.1 [47.0 kB]
Get:7 http://us-east-1.ec2.archive.ubuntu.com/ubuntu xenial-updates/universe amd64 libboost-locale1.58.0 amd64 1.58.0+dfsg-5ubuntu3.1 [242 kB]
Get:8 http://us-east-1.ec2.archive.ubuntu.com/ubuntu xenial/main amd64 libclucene-core1v5 amd64 2.3.3.4-4.1 [461 kB]
Get:9 http://us-east-1.ec2.archive.ubuntu.com/ubuntu xenial/main amd64 libclucene-contribs1v5 amd64 2.3.3.4-4.1 [79.3 kB]
Get:10 http://us-east-1.ec2.archive.ubuntu.com/ubuntu xenial/main amd64 libsuitesparseconfig4.4.6 amd64 1:4.4.6-1 [9,322 B]
Get:11 http://us-east-1.ec2.archive.ubuntu.com/ubuntu xenial/main amd64 libcolamd2.9.1 amd64 1:4.4.6-1 [15.7 kB]
Get:12 http://us-east-1.ec2.archive.ubuntu.com/ubuntu xenial/main amd64 libexttextcat-data all 3.4.4-1ubuntu3 [164 kB]
Get:13 http://us-east-1.ec2.archive.ubuntu.com/ubuntu xenial/main amd64 libexttextcat-2.0-0 amd64 3.4.4-1ubuntu3 [13.1 kB]
Get:14 http://us-east-1.ec2.archive.ubuntu.com/ubuntu xenial-updates/main amd64 libgstreamer1.0-0 amd64 1.8.3-1~ubuntu0.1 [769 kB]
Get:15 http://us-east-1.ec2.archive.ubuntu.com/ubuntu xenial/main amd64 liborc-0.4-0 amd64 1:0.4.25-1 [138 kB]
Get:16 http://us-east-1.ec2.archive.ubuntu.com/ubuntu xenial-updates/main amd64 libgstreamer-plugins-base1.0-0 amd64 1.8.3-1ubuntu0.3 [593 kB]
Get:17 http://us-east-1.ec2.archive.ubuntu.com/ubuntu xenial-updates/main amd64 libharfbuzz-icu0 amd64 1.0.1-1ubuntu0.1 [5,198 B]
Get:18 http://us-east-1.ec2.archive.ubuntu.com/ubuntu xenial/main amd64 libhunspell-1.3-0 amd64 1.3.3-4ubuntu1 [108 kB]
Get:19 http://us-east-1.ec2.archive.ubuntu.com/ubuntu xenial/main amd64 libhyphen0 amd64 2.8.8-2ubuntu1 [18.4 kB]
Get:20 http://us-east-1.ec2.archive.ubuntu.com/ubuntu xenial/main amd64 liblangtag-common all 0.5.7-2ubuntu1 [112 kB]
Get:21 http://ppa.launchpad.net/libreoffice/ppa/ubuntu xenial/main amd64 libreoffice-style-colibre all 1:6.2.8~rc2-0ubuntu0.16.04.1 [1,013 kB]
Get:22 http://us-east-1.ec2.archive.ubuntu.com/ubuntu xenial/main amd64 liblangtag1 amd64 0.5.7-2ubuntu1 [45.5 kB]
Get:23 http://us-east-1.ec2.archive.ubuntu.com/ubuntu xenial/main amd64 libmythes-1.2-0 amd64 2:1.2.4-1ubuntu3 [8,366 B]
Get:24 http://us-east-1.ec2.archive.ubuntu.com/ubuntu xenial/main amd64 libneon27-gnutls amd64 0.30.1-3build1 [65.7 kB]
Get:25 http://us-east-1.ec2.archive.ubuntu.com/ubuntu xenial-updates/main amd64 libpoppler58 amd64 0.41.0-0ubuntu1.14 [757 kB]
Get:26 http://us-east-1.ec2.archive.ubuntu.com/ubuntu xenial/main amd64 librdf0 amd64 1.0.17-1build1 [95.6 kB]
Get:27 http://us-east-1.ec2.archive.ubuntu.com/ubuntu xenial/main amd64 lp-solve amd64 5.5.0.13-7build2 [277 kB]
Get:28 http://ppa.launchpad.net/libreoffice/ppa/ubuntu xenial/main amd64 libreoffice-style-tango all 1:6.2.8~rc2-0ubuntu0.16.04.1 [1,208 kB]
Get:29 http://ppa.launchpad.net/libreoffice/ppa/ubuntu xenial/main amd64 uno-libs3 amd64 6.2.8~rc2-0ubuntu0.16.04.1 [902 kB]
Get:30 http://ppa.launchpad.net/libreoffice/ppa/ubuntu xenial/main amd64 ure amd64 6.2.8~rc2-0ubuntu0.16.04.1 [1,738 kB]
Get:31 http://ppa.launchpad.net/libreoffice/ppa/ubuntu xenial/main amd64 libreoffice-common all 1:6.2.8~rc2-0ubuntu0.16.04.1 [33.4 MB]
Get:32 http://ppa.launchpad.net/libreoffice/ppa/ubuntu xenial/main amd64 libreoffice-core amd64 1:6.2.8~rc2-0ubuntu0.16.04.1 [37.7 MB]
Get:33 http://ppa.launchpad.net/libreoffice/ppa/ubuntu xenial/main amd64 libreoffice-base-core amd64 1:6.2.8~rc2-0ubuntu0.16.04.1 [765 kB]
Get:34 http://ppa.launchpad.net/libreoffice/ppa/ubuntu xenial/main amd64 libreoffice-base-drivers amd64 1:6.2.8~rc2-0ubuntu0.16.04.1 [497 kB]
Get:35 http://ppa.launchpad.net/libreoffice/ppa/ubuntu xenial/main amd64 libreoffice-base amd64 1:6.2.8~rc2-0ubuntu0.16.04.1 [1,719 kB]
Get:36 http://ppa.launchpad.net/libreoffice/ppa/ubuntu xenial/main amd64 libreoffice-calc amd64 1:6.2.8~rc2-0ubuntu0.16.04.1 [7,220 kB]
Get:37 http://ppa.launchpad.net/libreoffice/ppa/ubuntu xenial/main amd64 libreoffice-draw amd64 1:6.2.8~rc2-0ubuntu0.16.04.1 [3,392 kB]
Get:38 http://ppa.launchpad.net/libreoffice/ppa/ubuntu xenial/main amd64 libreoffice-impress amd64 1:6.2.8~rc2-0ubuntu0.16.04.1 [971 kB]
Get:39 http://ppa.launchpad.net/libreoffice/ppa/ubuntu xenial/main amd64 libreoffice-math amd64 1:6.2.8~rc2-0ubuntu0.16.04.1 [377 kB]
Get:40 http://ppa.launchpad.net/libreoffice/ppa/ubuntu xenial/main amd64 libreoffice-report-builder-bin amd64 1:6.2.8~rc2-0ubuntu0.16.04.1 [811 kB]
Get:41 http://ppa.launchpad.net/libreoffice/ppa/ubuntu xenial/main amd64 libreoffice-writer amd64 1:6.2.8~rc2-0ubuntu0.16.04.1 [8,749 kB]
Get:42 http://ppa.launchpad.net/libreoffice/ppa/ubuntu xenial/main amd64 libreoffice-avmedia-backend-gstreamer amd64 1:6.2.8~rc2-0ubuntu0.16.04.1 [25.2 kB]
Get:43 http://ppa.launchpad.net/libreoffice/ppa/ubuntu xenial/main amd64 python3-uno amd64 1:6.2.8~rc2-0ubuntu0.16.04.1 [214 kB]
Get:44 http://ppa.launchpad.net/libreoffice/ppa/ubuntu xenial/main amd64 libreoffice amd64 1:6.2.8~rc2-0ubuntu0.16.04.1 [98.0 kB]
Extracting templates from packages: 68%Extracting templates from packages: 100%
Fetched 105 MB in 18s (5,706 kB/s)
Selecting previously unselected package libyajl2:amd64.
(Reading database ... (Reading database ... 5%(Reading database ... 10%(Reading database ... 15%(Reading database ... 20%(Reading database ... 25%(Reading database ... 30%(Reading database ... 35%(Reading database ... 40%(Reading database ... 45%(Reading database ... 50%(Reading database ... 55%(Reading database ... 60%(Reading database ... 65%(Reading database ... 70%(Reading database ... 75%(Reading database ... 80%(Reading database ... 85%(Reading database ... 90%(Reading database ... 95%(Reading database ... 100%(Reading database ... 124189 files and directories currently installed.)
Preparing to unpack .../libyajl2_2.1.0-2_amd64.deb ...
Unpacking libyajl2:amd64 (2.1.0-2) ...
Selecting previously unselected package libraptor2-0:amd64.
Preparing to unpack .../libraptor2-0_2.0.14-1_amd64.deb ...
Unpacking libraptor2-0:amd64 (2.0.14-1) ...
Selecting previously unselected package librasqal3:amd64.
Preparing to unpack .../librasqal3_0.9.32-1_amd64.deb ...
Unpacking librasqal3:amd64 (0.9.32-1) ...
Selecting previously unselected package fonts-opensymbol.
Preparing to unpack .../fonts-opensymbol_2%3a102.10+LibO6.2.8~rc2-0ubuntu0.16.04.1_all.deb ...
Unpacking fonts-opensymbol (2:102.10+LibO6.2.8~rc2-0ubuntu0.16.04.1) ...
Selecting previously unselected package libboost-date-time1.58.0:amd64.
Preparing to unpack .../libboost-date-time1.58.0_1.58.0+dfsg-5ubuntu3.1_amd64.deb ...
Unpacking libboost-date-time1.58.0:amd64 (1.58.0+dfsg-5ubuntu3.1) ...
Selecting previously unselected package libboost-thread1.58.0:amd64.
Preparing to unpack .../libboost-thread1.58.0_1.58.0+dfsg-5ubuntu3.1_amd64.deb ...
Unpacking libboost-thread1.58.0:amd64 (1.58.0+dfsg-5ubuntu3.1) ...
Selecting previously unselected package libboost-locale1.58.0:amd64.
Preparing to unpack .../libboost-locale1.58.0_1.58.0+dfsg-5ubuntu3.1_amd64.deb ...
Unpacking libboost-locale1.58.0:amd64 (1.58.0+dfsg-5ubuntu3.1) ...
Selecting previously unselected package libclucene-core1v5:amd64.
Preparing to unpack .../libclucene-core1v5_2.3.3.4-4.1_amd64.deb ...
Unpacking libclucene-core1v5:amd64 (2.3.3.4-4.1) ...
Selecting previously unselected package libclucene-contribs1v5:amd64.
Preparing to unpack .../libclucene-contribs1v5_2.3.3.4-4.1_amd64.deb ...
Unpacking libclucene-contribs1v5:amd64 (2.3.3.4-4.1) ...
Selecting previously unselected package libsuitesparseconfig4.4.6:amd64.
Preparing to unpack .../libsuitesparseconfig4.4.6_1%3a4.4.6-1_amd64.deb ...
Unpacking libsuitesparseconfig4.4.6:amd64 (1:4.4.6-1) ...
Selecting previously unselected package libcolamd2.9.1:amd64.
Preparing to unpack .../libcolamd2.9.1_1%3a4.4.6-1_amd64.deb ...
Unpacking libcolamd2.9.1:amd64 (1:4.4.6-1) ...
Selecting previously unselected package libexttextcat-data.
Preparing to unpack .../libexttextcat-data_3.4.4-1ubuntu3_all.deb ...
Unpacking libexttextcat-data (3.4.4-1ubuntu3) ...
Selecting previously unselected package libexttextcat-2.0-0:amd64.
Preparing to unpack .../libexttextcat-2.0-0_3.4.4-1ubuntu3_amd64.deb ...
Unpacking libexttextcat-2.0-0:amd64 (3.4.4-1ubuntu3) ...
Selecting previously unselected package libgstreamer1.0-0:amd64.
Preparing to unpack .../libgstreamer1.0-0_1.8.3-1~ubuntu0.1_amd64.deb ...
Unpacking libgstreamer1.0-0:amd64 (1.8.3-1~ubuntu0.1) ...
Selecting previously unselected package liborc-0.4-0:amd64.
Preparing to unpack .../liborc-0.4-0_1%3a0.4.25-1_amd64.deb ...
Unpacking liborc-0.4-0:amd64 (1:0.4.25-1) ...
Selecting previously unselected package libgstreamer-plugins-base1.0-0:amd64.
Preparing to unpack .../libgstreamer-plugins-base1.0-0_1.8.3-1ubuntu0.3_amd64.deb ...
Unpacking libgstreamer-plugins-base1.0-0:amd64 (1.8.3-1ubuntu0.3) ...
Selecting previously unselected package libharfbuzz-icu0:amd64.
Preparing to unpack .../libharfbuzz-icu0_1.0.1-1ubuntu0.1_amd64.deb ...
Unpacking libharfbuzz-icu0:amd64 (1.0.1-1ubuntu0.1) ...
Selecting previously unselected package libhunspell-1.3-0:amd64.
Preparing to unpack .../libhunspell-1.3-0_1.3.3-4ubuntu1_amd64.deb ...
Unpacking libhunspell-1.3-0:amd64 (1.3.3-4ubuntu1) ...
Selecting previously unselected package libhyphen0:amd64.
Preparing to unpack .../libhyphen0_2.8.8-2ubuntu1_amd64.deb ...
Unpacking libhyphen0:amd64 (2.8.8-2ubuntu1) ...
Selecting previously unselected package liblangtag-common.
Preparing to unpack .../liblangtag-common_0.5.7-2ubuntu1_all.deb ...
Unpacking liblangtag-common (0.5.7-2ubuntu1) ...
Selecting previously unselected package liblangtag1:amd64.
Preparing to unpack .../liblangtag1_0.5.7-2ubuntu1_amd64.deb ...
Unpacking liblangtag1:amd64 (0.5.7-2ubuntu1) ...
Selecting previously unselected package libmythes-1.2-0:amd64.
Preparing to unpack .../libmythes-1.2-0_2%3a1.2.4-1ubuntu3_amd64.deb ...
Unpacking libmythes-1.2-0:amd64 (2:1.2.4-1ubuntu3) ...
Selecting previously unselected package libneon27-gnutls:amd64.
Preparing to unpack .../libneon27-gnutls_0.30.1-3build1_amd64.deb ...
Unpacking libneon27-gnutls:amd64 (0.30.1-3build1) ...
Selecting previously unselected package libpoppler58:amd64.
Preparing to unpack .../libpoppler58_0.41.0-0ubuntu1.14_amd64.deb ...
Unpacking libpoppler58:amd64 (0.41.0-0ubuntu1.14) ...
Selecting previously unselected package librdf0:amd64.
Preparing to unpack .../librdf0_1.0.17-1build1_amd64.deb ...
Unpacking librdf0:amd64 (1.0.17-1build1) ...
Selecting previously unselected package libreoffice-style-colibre.
Preparing to unpack .../libreoffice-style-colibre_1%3a6.2.8~rc2-0ubuntu0.16.04.1_all.deb ...
Unpacking libreoffice-style-colibre (1:6.2.8~rc2-0ubuntu0.16.04.1) ...
Selecting previously unselected package libreoffice-style-tango.
Preparing to unpack .../libreoffice-style-tango_1%3a6.2.8~rc2-0ubuntu0.16.04.1_all.deb ...
Unpacking libreoffice-style-tango (1:6.2.8~rc2-0ubuntu0.16.04.1) ...
Selecting previously unselected package uno-libs3.
Preparing to unpack .../uno-libs3_6.2.8~rc2-0ubuntu0.16.04.1_amd64.deb ...
Unpacking uno-libs3 (6.2.8~rc2-0ubuntu0.16.04.1) ...
Selecting previously unselected package ure.
Preparing to unpack .../ure_6.2.8~rc2-0ubuntu0.16.04.1_amd64.deb ...
Unpacking ure (6.2.8~rc2-0ubuntu0.16.04.1) ...
Selecting previously unselected package libreoffice-common.
Preparing to unpack .../libreoffice-common_1%3a6.2.8~rc2-0ubuntu0.16.04.1_all.deb ...
Unpacking libreoffice-common (1:6.2.8~rc2-0ubuntu0.16.04.1) ...
Selecting previously unselected package libreoffice-core.
Preparing to unpack .../libreoffice-core_1%3a6.2.8~rc2-0ubuntu0.16.04.1_amd64.deb ...
Unpacking libreoffice-core (1:6.2.8~rc2-0ubuntu0.16.04.1) ...
Selecting previously unselected package libreoffice-base-core.
Preparing to unpack .../libreoffice-base-core_1%3a6.2.8~rc2-0ubuntu0.16.04.1_amd64.deb ...
Unpacking libreoffice-base-core (1:6.2.8~rc2-0ubuntu0.16.04.1) ...
Selecting previously unselected package libreoffice-base-drivers.
Preparing to unpack .../libreoffice-base-drivers_1%3a6.2.8~rc2-0ubuntu0.16.04.1_amd64.deb ...
Unpacking libreoffice-base-drivers (1:6.2.8~rc2-0ubuntu0.16.04.1) ...
Selecting previously unselected package libreoffice-base.
Preparing to unpack .../libreoffice-base_1%3a6.2.8~rc2-0ubuntu0.16.04.1_amd64.deb ...
Adding 'diversion of /usr/lib/libreoffice/share/basic/dialog.xlc to /usr/lib/libreoffice/share/basic/dialog.xlc.noaccess by libreoffice-base'
Adding 'diversion of /usr/lib/libreoffice/share/basic/script.xlc to /usr/lib/libreoffice/share/basic/script.xlc.noaccess by libreoffice-base'
Unpacking libreoffice-base (1:6.2.8~rc2-0ubuntu0.16.04.1) ...
Selecting previously unselected package lp-solve.
Preparing to unpack .../lp-solve_5.5.0.13-7build2_amd64.deb ...
Unpacking lp-solve (5.5.0.13-7build2) ...
Selecting previously unselected package libreoffice-calc.
Preparing to unpack .../libreoffice-calc_1%3a6.2.8~rc2-0ubuntu0.16.04.1_amd64.deb ...
Unpacking libreoffice-calc (1:6.2.8~rc2-0ubuntu0.16.04.1) ...
Selecting previously unselected package libreoffice-draw.
Preparing to unpack .../libreoffice-draw_1%3a6.2.8~rc2-0ubuntu0.16.04.1_amd64.deb ...
Unpacking libreoffice-draw (1:6.2.8~rc2-0ubuntu0.16.04.1) ...
Selecting previously unselected package libreoffice-impress.
Preparing to unpack .../libreoffice-impress_1%3a6.2.8~rc2-0ubuntu0.16.04.1_amd64.deb ...
Unpacking libreoffice-impress (1:6.2.8~rc2-0ubuntu0.16.04.1) ...
Selecting previously unselected package libreoffice-math.
Preparing to unpack .../libreoffice-math_1%3a6.2.8~rc2-0ubuntu0.16.04.1_amd64.deb ...
Unpacking libreoffice-math (1:6.2.8~rc2-0ubuntu0.16.04.1) ...
Selecting previously unselected package libreoffice-report-builder-bin.
Preparing to unpack .../libreoffice-report-builder-bin_1%3a6.2.8~rc2-0ubuntu0.16.04.1_amd64.deb ...
Unpacking libreoffice-report-builder-bin (1:6.2.8~rc2-0ubuntu0.16.04.1) ...
Selecting previously unselected package libreoffice-writer.
Preparing to unpack .../libreoffice-writer_1%3a6.2.8~rc2-0ubuntu0.16.04.1_amd64.deb ...
Unpacking libreoffice-writer (1:6.2.8~rc2-0ubuntu0.16.04.1) ...
Selecting previously unselected package libreoffice-avmedia-backend-gstreamer.
Preparing to unpack .../libreoffice-avmedia-backend-gstreamer_1%3a6.2.8~rc2-0ubuntu0.16.04.1_amd64.deb ...
Unpacking libreoffice-avmedia-backend-gstreamer (1:6.2.8~rc2-0ubuntu0.16.04.1) ...
Selecting previously unselected package python3-uno.
Preparing to unpack .../python3-uno_1%3a6.2.8~rc2-0ubuntu0.16.04.1_amd64.deb ...
Unpacking python3-uno (1:6.2.8~rc2-0ubuntu0.16.04.1) ...
Selecting previously unselected package libreoffice.
Preparing to unpack .../libreoffice_1%3a6.2.8~rc2-0ubuntu0.16.04.1_amd64.deb ...
Unpacking libreoffice (1:6.2.8~rc2-0ubuntu0.16.04.1) ...
Processing triggers for fontconfig (2.11.94-0ubuntu1.1) ...
Processing triggers for libc-bin (2.23-0ubuntu11) ...
Processing triggers for man-db (2.7.5-1) ...
Processing triggers for mime-support (3.59ubuntu1) ...
Processing triggers for shared-mime-info (1.5-2ubuntu0.2) ...
Processing triggers for hicolor-icon-theme (0.15-0ubuntu1.1) ...
Setting up libyajl2:amd64 (2.1.0-2) ...
Setting up libraptor2-0:amd64 (2.0.14-1) ...
Setting up librasqal3:amd64 (0.9.32-1) ...
Setting up fonts-opensymbol (2:102.10+LibO6.2.8~rc2-0ubuntu0.16.04.1) ...
Setting up libboost-date-time1.58.0:amd64 (1.58.0+dfsg-5ubuntu3.1) ...
Setting up libboost-thread1.58.0:amd64 (1.58.0+dfsg-5ubuntu3.1) ...
Setting up libboost-locale1.58.0:amd64 (1.58.0+dfsg-5ubuntu3.1) ...
Setting up libclucene-core1v5:amd64 (2.3.3.4-4.1) ...
Setting up libclucene-contribs1v5:amd64 (2.3.3.4-4.1) ...
Setting up libsuitesparseconfig4.4.6:amd64 (1:4.4.6-1) ...
Setting up libcolamd2.9.1:amd64 (1:4.4.6-1) ...
Setting up libexttextcat-data (3.4.4-1ubuntu3) ...
Setting up libexttextcat-2.0-0:amd64 (3.4.4-1ubuntu3) ...
Setting up libgstreamer1.0-0:amd64 (1.8.3-1~ubuntu0.1) ...
Setcap worked! gst-ptp-helper is not suid!
Setting up liborc-0.4-0:amd64 (1:0.4.25-1) ...
Setting up libgstreamer-plugins-base1.0-0:amd64 (1.8.3-1ubuntu0.3) ...
Setting up libharfbuzz-icu0:amd64 (1.0.1-1ubuntu0.1) ...
Setting up libhunspell-1.3-0:amd64 (1.3.3-4ubuntu1) ...
Setting up libhyphen0:amd64 (2.8.8-2ubuntu1) ...
Setting up liblangtag-common (0.5.7-2ubuntu1) ...
Setting up liblangtag1:amd64 (0.5.7-2ubuntu1) ...
Setting up libmythes-1.2-0:amd64 (2:1.2.4-1ubuntu3) ...
Setting up libneon27-gnutls:amd64 (0.30.1-3build1) ...
Setting up libpoppler58:amd64 (0.41.0-0ubuntu1.14) ...
Setting up librdf0:amd64 (1.0.17-1build1) ...
Setting up uno-libs3 (6.2.8~rc2-0ubuntu0.16.04.1) ...
Setting up ure (6.2.8~rc2-0ubuntu0.16.04.1) ...
Setting up lp-solve (5.5.0.13-7build2) ...
Setting up libreoffice-style-colibre (1:6.2.8~rc2-0ubuntu0.16.04.1) ...
Setting up libreoffice-style-tango (1:6.2.8~rc2-0ubuntu0.16.04.1) ...
Setting up libreoffice-common (1:6.2.8~rc2-0ubuntu0.16.04.1) ...
Setting up libreoffice-core (1:6.2.8~rc2-0ubuntu0.16.04.1) ...
Setting up libreoffice-base-core (1:6.2.8~rc2-0ubuntu0.16.04.1) ...
Setting up libreoffice-base-drivers (1:6.2.8~rc2-0ubuntu0.16.04.1) ...
Setting up libreoffice-base (1:6.2.8~rc2-0ubuntu0.16.04.1) ...
Setting up libreoffice-calc (1:6.2.8~rc2-0ubuntu0.16.04.1) ...
Setting up libreoffice-draw (1:6.2.8~rc2-0ubuntu0.16.04.1) ...
Setting up libreoffice-impress (1:6.2.8~rc2-0ubuntu0.16.04.1) ...
Setting up libreoffice-math (1:6.2.8~rc2-0ubuntu0.16.04.1) ...
Setting up libreoffice-report-builder-bin (1:6.2.8~rc2-0ubuntu0.16.04.1) ...
Setting up libreoffice-writer (1:6.2.8~rc2-0ubuntu0.16.04.1) ...
Setting up libreoffice-avmedia-backend-gstreamer (1:6.2.8~rc2-0ubuntu0.16.04.1) ...
Setting up python3-uno (1:6.2.8~rc2-0ubuntu0.16.04.1) ...
Setting up libreoffice (1:6.2.8~rc2-0ubuntu0.16.04.1) ...
Processing triggers for libc-bin (2.23-0ubuntu11) ...
travis_time:end:12657e0a:start=1595198881293671779,finish=1595198920770359067,duration=39476687288,event=before_installe:start:0c271e00port
Reading package lists...
Building dependency tree...
Reading state information...
The following NEW packages will be installed:
  libreoffice-pdfimport
0 upgraded, 1 newly installed, 0 to remove and 305 not upgraded.
Need to get 2,824 B of archives.
After this operation, 12.3 kB of additional disk space will be used.
Get:1 http://ppa.launchpad.net/libreoffice/ppa/ubuntu xenial/main amd64 libreoffice-pdfimport all 1:6.2.8~rc2-0ubuntu0.16.04.1 [2,824 B]
Fetched 2,824 B in 0s (13.2 kB/s)
Selecting previously unselected package libreoffice-pdfimport.
(Reading database ... (Reading database ... 5%(Reading database ... 10%(Reading database ... 15%(Reading database ... 20%(Reading database ... 25%(Reading database ... 30%(Reading database ... 35%(Reading database ... 40%(Reading database ... 45%(Reading database ... 50%(Reading database ... 55%(Reading database ... 60%(Reading database ... 65%(Reading database ... 70%(Reading database ... 75%(Reading database ... 80%(Reading database ... 85%(Reading database ... 90%(Reading database ... 95%(Reading database ... 100%(Reading database ... 129616 files and directories currently installed.)
Preparing to unpack .../libreoffice-pdfimport_1%3a6.2.8~rc2-0ubuntu0.16.04.1_all.deb ...
Unpacking libreoffice-pdfimport (1:6.2.8~rc2-0ubuntu0.16.04.1) ...
Setting up libreoffice-pdfimport (1:6.2.8~rc2-0ubuntu0.16.04.1) ...
travis_time:end:0c271e00:start=1595198920779146590,finish=1595198923406370643,duration=2627224053,event=before_installe:start:267d5840e    Time     Time  Current
                                 Dload  Upload   Total   Spent    Left  Speed
  0     0    0     0    0     0      0      0 --:--:-- --:--:-- --:--:--     0  0  9.8M    0  3728    0     0   9297      0  0:18:32 --:--:--  0:18:32  9296100  9.8M  100  9.8M    0     0  11.0M      0 --:--:-- --:--:-- --:--:-- 11.0M
travis_time:end:267d5840:start=1595198923411353659,finish=1595198944574784416,duration=21163430757,event=installe:start:2d926ef5plate to settings.json...
Ensure that all dependencies are up to date...  If this is the first time you have run Etherpad please be patient.

> wd@1.12.1 install /home/travis/build/ether/[secure]/src/node_modules/wd
> node scripts/build-browser-scripts

added 1126 packages in 10.531s
Clearing minified cache...
travis_time:end:2d926ef5:start=1595198944581794125,finish=1595198955664674604,duration=11082880479,event=installe:start:024deb58e:end:024deb58:start=1595198955676783102,finish=1595198955684581873,duration=7798771,event=installe:start:159c71c8ing bin/installDeps.sh has already been run
Now I will try for 15 seconds to connect to Etherpad on http://localhost:9001
bash: connect: Connection refused
bash: /dev/tcp/localhost/9001: Connection refused
bash: connect: Connection refused
bash: /dev/tcp/localhost/9001: Connection refused
bash: connect: Connection refused
bash: /dev/tcp/localhost/9001: Connection refused
bash: connect: Connection refused
bash: /dev/tcp/localhost/9001: Connection refused
bash: connect: Connection refused
bash: /dev/tcp/localhost/9001: Connection refused
bash: connect: Connection refused
bash: /dev/tcp/localhost/9001: Connection refused
Successfully connected to Etherpad on http://localhost:9001
Now starting the remote runner
Remote sauce test 'bf24063 - safari 13.1, OS X 10.15' started! https://saucelabs.com/jobs/a2db4cdb0f9f4b9d9c531e04d92b3308
Remote sauce test 'bf24063 - firefox 52.0, Windows 7' started! https://saucelabs.com/jobs/533012c5338849558d3efec9321983f1
Remote sauce test 'bf24063 - chrome 55.0, Windows 7' started! https://saucelabs.com/jobs/23b33ee767d54f97bf438ed0d73c155e
Remote sauce test 'bf24063 - safari 12.0, OS X 10.14' started! https://saucelabs.com/jobs/47eb82af376946afab15b3d6911becb2
Remote sauce test 'bf24063 - microsoftedge 83.0, Windows 10' started! https://saucelabs.com/jobs/10e15e0c3ba14116a481f3dd1d74b0fa
Remote sauce test 'bf24063 - firefox 78.0, Windows 7' started! https://saucelabs.com/jobs/03358c05c46f4114a6c1af4e096132ad
[chrome Windows 7 55.0] alphabet.js
[chrome Windows 7 55.0]   All the alphabet works n stuff
[chrome Windows 7 55.0]     -> PASSED : when you enter any char it appears right   56 ms
[chrome Windows 7 55.0] 
[chrome Windows 7 55.0] authorship_of_editions.js
[chrome Windows 7 55.0]   author of pad edition
[chrome Windows 7 55.0]     -> PASSED : marks only the new content as changes of the second user on a regular line
[chrome Windows 7 55.0]        1012 ms
[chrome Windows 7 55.0]     -> PASSED : marks only the new content as changes of the second user on a line with or
[chrome Windows 7 55.0]     dered list   980 ms
[chrome Windows 7 55.0]     -> PASSED : marks only the new content as changes of the second user on a line with un
[chrome Windows 7 55.0]     ordered list   1005 ms
[chrome Windows 7 55.0] 
[chrome Windows 7 55.0] bold.js
[chrome Windows 7 55.0]   bold button
[chrome Windows 7 55.0]     -> PASSED : makes text bold on click   16 ms
[chrome Windows 7 55.0]     -> PASSED : makes text bold on keypress   41 ms
[chrome Windows 7 55.0] 
[chrome Windows 7 55.0] change_user_color.js
[chrome Windows 7 55.0]   change user color
[chrome Windows 7 55.0]     -> PASSED : Color picker matches original color and remembers the user color after a r
[chrome Windows 7 55.0]     efresh   2217 ms
[chrome Windows 7 55.0]     -> PASSED : Own user color is shown when you enter a chat   180 ms
[chrome Windows 7 55.0] 
[chrome Windows 7 55.0] change_user_name.js
[chrome Windows 7 55.0]   change username value
[chrome Windows 7 55.0]     -> PASSED : Remembers the user name after a refresh   2133 ms
[chrome Windows 7 55.0]     -> PASSED : Own user name is shown when you enter a chat   158 ms
[chrome Windows 7 55.0] 
[chrome Windows 7 55.0] chat.js
[chrome Windows 7 55.0]   Chat messages and UI
[chrome Windows 7 55.0]     -> PASSED : opens chat, sends a message and makes sure it exists on the page   112 ms
[chrome Windows 7 55.0]     -> PASSED : makes sure that an empty message can't be sent   85 ms
[chrome Windows 7 55.0]     -> PASSED : makes chat stick to right side of the screen   61 ms
[chrome Windows 7 55.0]     -> PASSED : makes chat stick to right side of the screen then makes it one step smalle
[chrome Windows 7 55.0]     r   55 ms
[chrome Windows 7 55.0]     -> PENDING: Checks showChat=false URL Parameter hides chat then when removed it shows
[chrome Windows 7 55.0]      chat
[chrome Windows 7 55.0] 
[chrome Windows 7 55.0] chat_load_messages.js
[chrome Windows 7 55.0]   chat-load-messages
[chrome Windows 7 55.0]     -> PASSED : creates a pad   1102 ms
[chrome Windows 7 55.0]     -> PASSED : adds a lot of messages   1856 ms
[chrome Windows 7 55.0]     -> PASSED : checks initial message count   22 ms
[chrome Windows 7 55.0]     -> PASSED : loads more messages   105 ms
[chrome Windows 7 55.0]     -> PASSED : checks for button vanishing   83 ms
[chrome Windows 7 55.0] 
[chrome Windows 7 55.0] clear_authorship_colors.js
[chrome Windows 7 55.0]   clear authorship colors button
[chrome Windows 7 55.0]     -> PASSED : makes text clear authorship colors   54 ms
[chrome Windows 7 55.0]     -> PASSED : makes text clear authorship colors and checks it can't be undone   54 ms
[chrome Windows 7 55.0] 
[chrome Windows 7 55.0] delete.js
[chrome Windows 7 55.0]   delete keystroke
[chrome Windows 7 55.0]     -> PASSED : makes text delete   4 ms
[chrome Windows 7 55.0] 
[chrome Windows 7 55.0] drag_and_drop.js
[chrome Windows 7 55.0]   drag and drop
[chrome Windows 7 55.0]     when user drags part of one line and drops it far form its original place
[chrome Windows 7 55.0]       and user triggers UNDO
[chrome Windows 7 55.0]         -> PASSED : moves text back to its original place   2 ms
[chrome Windows 7 55.0]     when user drags some lines far form its original place
[chrome Windows 7 55.0]       and user triggers UNDO
[chrome Windows 7 55.0]         -> PASSED : moves text back to its original place   1 ms
[chrome Windows 7 55.0] 
[chrome Windows 7 55.0] embed_value.js
[chrome Windows 7 55.0]   embed links
[chrome Windows 7 55.0]     read and write
[chrome Windows 7 55.0]       the share link
[chrome Windows 7 55.0]         -> PASSED : is the actual pad url   19 ms
[chrome Windows 7 55.0]       the embed as iframe code
[chrome Windows 7 55.0]         -> PASSED : is an iframe with the the correct url parameters and correct size   13 ms
[chrome Windows 7 55.0]     when read only option is set
[chrome Windows 7 55.0]       the share link
[chrome Windows 7 55.0]         -> PASSED : shows a read only url   10 ms
[chrome Windows 7 55.0]       the embed as iframe code
[chrome Windows 7 55.0]         -> PASSED : is an iframe with the the correct url parameters and correct size   13 ms
[chrome Windows 7 55.0] 
[chrome Windows 7 55.0] enter.js
[chrome Windows 7 55.0]   enter keystroke
[chrome Windows 7 55.0]     -> PASSED : creates a new line & puts cursor onto a new line   21 ms
[chrome Windows 7 55.0] 
[chrome Windows 7 55.0] font_type.js
[chrome Windows 7 55.0]   font select
[chrome Windows 7 55.0]     -> PASSED : makes text RobotoMono   25 ms
[chrome Windows 7 55.0] 
[chrome Windows 7 55.0] helper.js
[chrome Windows 7 55.0]   the test helper
[chrome Windows 7 55.0]     the newPad method
[chrome Windows 7 55.0]       -> PENDING: doesn't leak memory if you creates iframes over and over again
[chrome Windows 7 55.0]       -> PASSED : gives me 3 jquery instances of chrome, outer and inner   1093 ms
[chrome Windows 7 55.0]       -> PASSED : clears cookies   3235 ms
[chrome Windows 7 55.0]       -> PASSED : sets pad prefs cookie   1019 ms
[chrome Windows 7 55.0]     the waitFor method
[chrome Windows 7 55.0]       -> PASSED : takes a timeout and waits long enough   1502 ms
[chrome Windows 7 55.0]       -> PASSED : takes an interval and checks on every interval   2008 ms
[chrome Windows 7 55.0]       returns a deferred object
[chrome Windows 7 55.0]         -> PASSED : it calls done after success   16 ms
[chrome Windows 7 55.0]         -> PASSED : calls fail after failure   1900 ms
[chrome Windows 7 55.0]         -> PENDING: throws if you don't listen for fails
[chrome Windows 7 55.0]     the selectLines method
[chrome Windows 7 55.0]       -> PASSED : changes editor selection to be between startOffset of $startLine and endOf
[chrome Windows 7 55.0]       fset of $endLine   2 ms
[chrome Windows 7 55.0]       -> PASSED : ends selection at beginning of $endLine when it is an empty line   2 ms
[chrome Windows 7 55.0]       -> PASSED : ends selection at beginning of $endLine when its offset is zero   2 ms
[chrome Windows 7 55.0]       -> PASSED : selects full line when offset is longer than line content   1 ms
[chrome Windows 7 55.0]       -> PASSED : selects all text between beginning of $startLine and end of $endLine when 
[chrome Windows 7 55.0]       no offset is provided   1 ms
[chrome Windows 7 55.0] 
[chrome Windows 7 55.0] importexport.js
[chrome Windows 7 55.0]   import functionality
[chrome Windows 7 55.0]     -> PENDING: import a pad with newlines from txt
[chrome Windows 7 55.0]     -> PENDING: import a pad with newlines from html
[chrome Windows 7 55.0]     -> PENDING: import a pad with attributes from html
[chrome Windows 7 55.0]     -> PENDING: import a pad with bullets from html
[chrome Windows 7 55.0]     -> PENDING: import a pad with bullets and newlines from html
[chrome Windows 7 55.0]     -> PENDING: import a pad with bullets and newlines and attributes from html
[chrome Windows 7 55.0]     -> PENDING: import a pad with nested bullets from html
[chrome Windows 7 55.0]     -> PENDING: import a pad with 8 levels of bullets and newlines and attributes from ht
[chrome Windows 7 55.0]     ml
[chrome Windows 7 55.0]     -> PENDING: import a pad with ordered lists from html
[chrome Windows 7 55.0]     -> PENDING: import a pad with ordered lists and newlines from html
[chrome Windows 7 55.0]     -> PENDING: import a pad with nested ordered lists and attributes and newlines from h
[chrome Windows 7 55.0]     tml
[chrome Windows 7 55.0] 
[chrome Windows 7 55.0] importindents.js
[chrome Windows 7 55.0]   import indents functionality
[chrome Windows 7 55.0]     -> PENDING: import a pad with indents from html
[chrome Windows 7 55.0]     -> PENDING: import a pad with indented lists and newlines from html
[chrome Windows 7 55.0]     -> PENDING: import a pad with 8 levels of indents and newlines and attributes from ht
[chrome Windows 7 55.0]     ml
[chrome Windows 7 55.0] 
[chrome Windows 7 55.0] indentation.js
[chrome Windows 7 55.0]   indentation button
[chrome Windows 7 55.0]     -> PASSED : indent text with keypress   26 ms
[chrome Windows 7 55.0]     -> PASSED : indent text with button   31 ms
[chrome Windows 7 55.0]     -> PASSED : keeps the indent on enter for the new line   73 ms
[chrome Windows 7 55.0]     -> PASSED : indents text with spaces on enter if previous line ends with ':', '[', '('
[chrome Windows 7 55.0]     , or '{'   89 ms
[chrome Windows 7 55.0]     -> PASSED : appends indentation to the indent of previous line if previous line ends w
[chrome Windows 7 55.0]     ith ':', '[', '(', or '{'   52 ms
[chrome Windows 7 55.0]     -> PASSED : issue #2772 shows '*' when multiple indented lines receive a style and are
[chrome Windows 7 55.0]      outdented   94 ms
[chrome Windows 7 55.0] 
[chrome Windows 7 55.0] italic.js
[chrome Windows 7 55.0]   italic some text
[chrome Windows 7 55.0]     -> PASSED : makes text italic using button   20 ms
[chrome Windows 7 55.0]     -> PASSED : makes text italic using keypress   11 ms
[chrome Windows 7 55.0] 
[chrome Windows 7 55.0] language.js
[chrome Windows 7 55.0]   Language select and change
[chrome Windows 7 55.0]     -> PASSED : makes text german   164 ms
[chrome Windows 7 55.0]     -> PASSED : makes text English   63 ms
[chrome Windows 7 55.0]     -> PASSED : changes direction when picking an rtl lang   192 ms
[chrome Windows 7 55.0]     -> PASSED : changes direction when picking an ltr lang   32 ms
[chrome Windows 7 55.0] 
[chrome Windows 7 55.0] multiple_authors_clear_authorship_colors.js
[chrome Windows 7 55.0]   author of pad edition
[chrome Windows 7 55.0]     -> PASSED : Clears Authorship by second user   44 ms
[chrome Windows 7 55.0] 
[chrome Windows 7 55.0] ordered_list.js
[chrome Windows 7 55.0]   assign ordered list
[chrome Windows 7 55.0]     -> PASSED : inserts ordered list text   30 ms
[chrome Windows 7 55.0]     -> PENDING: issue #1125 keeps the numbered list on enter for the new line - EMULATES 
[chrome Windows 7 55.0]     PASTING INTO A PAD
[chrome Windows 7 55.0]     when user presses Ctrl+Shift+N
[chrome Windows 7 55.0]       and pad shortcut is enabled
[chrome Windows 7 55.0]         -> PASSED : inserts unordered list   36 ms
[chrome Windows 7 55.0]       and pad shortcut is disabled
[chrome Windows 7 55.0]         -> PASSED : does not insert unordered list   1900 ms
[chrome Windows 7 55.0]     when user presses Ctrl+Shift+1
[chrome Windows 7 55.0]       and pad shortcut is enabled
[chrome Windows 7 55.0]         -> PASSED : inserts unordered list   11 ms
[chrome Windows 7 55.0]       and pad shortcut is disabled
[chrome Windows 7 55.0]         -> PASSED : does not insert unordered list   1900 ms
[chrome Windows 7 55.0]   Pressing Tab in an OL increases and decreases indentation
[chrome Windows 7 55.0]     -> PASSED : indent and de-indent list item with keypress   49 ms
[chrome Windows 7 55.0]   Pressing indent/outdent button in an OL increases and decreases indentation and bullet / ol formatti
[chrome Windows 7 55.0]   ng
[chrome Windows 7 55.0]     -> PASSED : indent and de-indent list item with indent button   47 ms
[chrome Windows 7 55.0] 
[chrome Windows 7 55.0] pad_modal.js
[chrome Windows 7 55.0]   Pad modal
[chrome Windows 7 55.0]     when modal is a "force reconnect" message
[chrome Windows 7 55.0]       -> PASSED : disables editor   3 ms
[chrome Windows 7 55.0]       and user clicks on editor
[chrome Windows 7 55.0]         -> PASSED : does not close the modal   1 ms
[chrome Windows 7 55.0]       and user clicks on pad outer
[chrome Windows 7 55.0]         -> PASSED : does not close the modal   2 ms
[chrome Windows 7 55.0]     when modal is not an error message
[chrome Windows 7 55.0]       and user clicks on editor
[chrome Windows 7 55.0]         -> PASSED : closes the modal   2 ms
[chrome Windows 7 55.0]       and user clicks on pad outer
[chrome Windows 7 55.0]         -> PASSED : closes the modal   2 ms
[chrome Windows 7 55.0] 
[chrome Windows 7 55.0] redo.js
[chrome Windows 7 55.0]   undo button then redo button
[chrome Windows 7 55.0]     -> PASSED : redo some typing with button   68 ms
[chrome Windows 7 55.0]     -> PASSED : redo some typing with keypress   40 ms
[chrome Windows 7 55.0] 
[chrome Windows 7 55.0] responsiveness.js
[chrome Windows 7 55.0]   Responsiveness of Editor
[chrome Windows 7 55.0]     -> PENDING: Fast response to keypress in pad with large amount of contents
[chrome Windows 7 55.0] 
[chrome Windows 7 55.0] scroll.js
[chrome Windows 7 55.0]   scroll when focus line is out of viewport
[chrome Windows 7 55.0]     when user presses any arrow keys on a line above the viewport
[chrome Windows 7 55.0]       and scroll percentage config is set to 0.2 on settings.json
[chrome Windows 7 55.0]         -> PASSED : keeps the focus line scrolled 20% from the top of the viewport   9 ms
[chrome Windows 7 55.0]     when user presses any arrow keys on a line below the viewport
[chrome Windows 7 55.0]       and scroll percentage config is set to 0.7 on settings.json
[chrome Windows 7 55.0]         -> FAILED : keeps the focus line scrolled 70% from the bottom of the viewport Error: exp
[chrome Windows 7 55.0]         ected 50 to equal 49
[chrome Windows 7 55.0]             at Assertion.assert (lib/expect.js:99:13)
[chrome Windows 7 55.0]             at Assertion.be.Assertion.equal (lib/expect.js:200:10)
[chrome Windows 7 55.0]             at Assertion.(anonymous function) [as be] (lib/expect.js:73:24)
[chrome Windows 7 55.0]             at Context.<anonymous> (<anonymous>:62:43)
[chrome Windows 7 55.0]     when user presses arrow up on the first line of the viewport
[chrome Windows 7 55.0]       and percentageToScrollWhenUserPressesArrowUp is set to 0.3
[chrome Windows 7 55.0]         -> FAILED : keeps the focus line scrolled 30% of the top of the viewport Error: expected
[chrome Windows 7 55.0]          87 to equal 89
[chrome Windows 7 55.0]             at Assertion.assert (lib/expect.js:99:13)
[chrome Windows 7 55.0]             at Assertion.be.Assertion.equal (lib/expect.js:200:10)
[chrome Windows 7 55.0]             at Assertion.(anonymous function) [as be] (lib/expect.js:73:24)
[chrome Windows 7 55.0]             at Context.<anonymous> (<anonymous>:89:40)
[chrome Windows 7 55.0]     when user edits the last line of viewport
[chrome Windows 7 55.0]       and scroll percentage config is set to 0 on settings.json
[chrome Windows 7 55.0]         -> FAILED : keeps the focus line on the bottom of the viewport Error: expected 11 to equ
[chrome Windows 7 55.0]         al 12
[chrome Windows 7 55.0]             at Assertion.assert (lib/expect.js:99:13)
[chrome Windows 7 55.0]             at Assertion.be.Assertion.equal (lib/expect.js:200:10)
[chrome Windows 7 55.0]             at Assertion.(anonymous function) [as be] (lib/expect.js:73:24)
[chrome Windows 7 55.0]             at Context.<anonymous> (<anonymous>:109:49)
[chrome Windows 7 55.0]       and scrollPercentageWhenFocusLineIsOutOfViewport is set to 0.3
[chrome Windows 7 55.0]         -> FAILED : scrolls 30% of viewport up Error: expected 12 to equal 13
[chrome Windows 7 55.0]             at Assertion.assert (lib/expect.js:99:13)
[chrome Windows 7 55.0]             at Assertion.be.Assertion.equal (lib/expect.js:200:10)
[chrome Windows 7 55.0]             at Assertion.(anonymous function) [as be] (lib/expect.js:73:24)
[chrome Windows 7 55.0]             at Context.<anonymous> (<anonymous>:129:49)
[chrome Windows 7 55.0]       and it is set to a value that overflow the interval [0, 1]
[chrome Windows 7 55.0]         -> FAILED : keeps the default behavior of moving the focus line on the bottom of the vie
[chrome Windows 7 55.0]         wport Error: expected 11 to equal 12
[chrome Windows 7 55.0]             at Assertion.assert (lib/expect.js:99:13)
[chrome Windows 7 55.0]             at Assertion.be.Assertion.equal (lib/expect.js:200:10)
[chrome Windows 7 55.0]             at Assertion.(anonymous function) [as be] (lib/expect.js:73:24)
[chrome Windows 7 55.0]             at Context.<anonymous> (<anonymous>:145:49)
[chrome Windows 7 55.0]     when user edits a line above the viewport
[chrome Windows 7 55.0]       and scroll percentage config is set to 0 on settings.json
[chrome Windows 7 55.0]         -> PASSED : keeps the focus line on the top of the viewport   1 ms
[chrome Windows 7 55.0]       and scrollPercentageWhenFocusLineIsOutOfViewport is set to 0.2
[chrome Windows 7 55.0]         -> PASSED : scrolls 20% of viewport down   5 ms
[chrome Windows 7 55.0]     when user places the caret at the last line visible of viewport
[chrome Windows 7 55.0]       and scroll percentage config is set to 0 on settings.json
[chrome Windows 7 55.0]         -> PASSED : does not scroll   1013 ms
[chrome Windows 7 55.0]       and scroll percentage config is set to 0.5 on settings.json
[chrome Windows 7 55.0]         -> PENDING: scrolls line to 50% of the viewport
[chrome Windows 7 55.0]     when the first line selected is out of the viewport and user presses shift arrow down
[chrome Windows 7 55.0]       -> PASSED : keeps the last line selected on focus   1 ms
[chrome Windows 7 55.0]     integration with plugins which changes the margin of editor
[chrome Windows 7 55.0]       when editor dimensions changes
[chrome Windows 7 55.0]         and user places the caret in the last line visible of the pad
[chrome Windows 7 55.0]           -> PENDING: scrolls the line where caret is
[chrome Windows 7 55.0] 
[chrome Windows 7 55.0] select_formatting_buttons.js
[chrome Windows 7 55.0]   select formatting buttons when selection has style applied
[chrome Windows 7 55.0]     when selection is in a text with italic applied
[chrome Windows 7 55.0]       -> PASSED : selects the italic button   13 ms
[chrome Windows 7 55.0]     when caret is in a position with italic applied
[chrome Windows 7 55.0]       -> PASSED : selects the italic button   18 ms
[chrome Windows 7 55.0]     when selection is in a text with bold applied
[chrome Windows 7 55.0]       -> PASSED : selects the bold button   14 ms
[chrome Windows 7 55.0]     when caret is in a position with bold applied
[chrome Windows 7 55.0]       -> PASSED : selects the bold button   11 ms
[chrome Windows 7 55.0]     when selection is in a text with underline applied
[chrome Windows 7 55.0]       -> PASSED : selects the underline button   13 ms
[chrome Windows 7 55.0]     when caret is in a position with underline applied
[chrome Windows 7 55.0]       -> PASSED : selects the underline button   10 ms
[chrome Windows 7 55.0]     when selection is in a text with strikethrough applied
[chrome Windows 7 55.0]       -> PASSED : selects the strikethrough button   10 ms
[chrome Windows 7 55.0]     when caret is in a position with strikethrough applied
[chrome Windows 7 55.0]       -> PASSED : selects the strikethrough button   11 ms
[chrome Windows 7 55.0]     when user applies a style and the selection does not change
[chrome Windows 7 55.0]       -> PASSED : selects the style button   1 ms
[chrome Windows 7 55.0]     when user presses CMD + I
[chrome Windows 7 55.0]       -> PASSED : selects the italic button   13 ms
[chrome Windows 7 55.0]       and user presses CMD + I again
[chrome Windows 7 55.0]         -> PASSED : deselects the italic button   10 ms
[chrome Windows 7 55.0]     when user presses CMD + B
[chrome Windows 7 55.0]       -> PASSED : selects the bold button   12 ms
[chrome Windows 7 55.0]       and user presses CMD + B again
[chrome Windows 7 55.0]         -> PASSED : deselects the bold button   10 ms
[chrome Windows 7 55.0]     when user presses CMD + U
[chrome Windows 7 55.0]       -> PASSED : selects the underline button   11 ms
[chrome Windows 7 55.0]       and user presses CMD + U again
[chrome Windows 7 55.0]         -> PASSED : deselects the underline button   10 ms
[chrome Windows 7 55.0]     when user presses CMD + 5
[chrome Windows 7 55.0]       -> PASSED : selects the strikethrough button   10 ms
[chrome Windows 7 55.0]       and user presses CMD + 5 again
[chrome Windows 7 55.0]         -> PASSED : deselects the strikethrough button   10 ms
[chrome Windows 7 55.0] 
[chrome Windows 7 55.0] strikethrough.js
[chrome Windows 7 55.0]   strikethrough button
[chrome Windows 7 55.0]     -> PASSED : makes text strikethrough   17 ms
[chrome Windows 7 55.0] 
[chrome Windows 7 55.0] timeslider.js
[chrome Windows 7 55.0]   timeslider button takes you to the timeslider of a pad
[chrome Windows 7 55.0]     -> PENDING: timeslider contained in URL
[chrome Windows 7 55.0] 
[chrome Windows 7 55.0] timeslider_follow.js
[chrome Windows 7 55.0]   timeslider
[chrome Windows 7 55.0]     -> FAILED : follow content as it's added to timeslider Error: Uncaught TypeError: ecb.sc
[chrome Windows 7 55.0]     rollTo is not a function (http://localhost:9001/javascripts/lib/ep_[secure]/static/js/timeslide
[chrome Windows 7 55.0]     r.js?callback=require.define&v=da6dbe2c:6341)
[chrome Windows 7 55.0] 
[chrome Windows 7 55.0] timeslider_labels.js
[chrome Windows 7 55.0]   timeslider
[chrome Windows 7 55.0]     -> PASSED : Shows a date and time in the timeslider and make sure it doesn't include N
[chrome Windows 7 55.0]     aN   4437 ms
[chrome Windows 7 55.0] 
[chrome Windows 7 55.0] timeslider_numeric_padID.js
[chrome Windows 7 55.0]   timeslider
[chrome Windows 7 55.0]     -> PASSED : Makes sure the export URIs are as expected when the padID is numeric   442
[chrome Windows 7 55.0]     5 ms
[chrome Windows 7 55.0] 
[chrome Windows 7 55.0] timeslider_revisions.js
[chrome Windows 7 55.0]   timeslider
[chrome Windows 7 55.0]     -> FAILED : loads adds a hundred revisions Error: Uncaught Error: expected 'aaaaaaaaaaaa
[chrome Windows 7 55.0]     aaaaaaaaaaaaaaaaaaaaaaaaaaaaaaaaaaaaaaaaaaaaaaaaaaaaaaaaaaaaaaaaaaaaaaaaaaaaaaaaaaaaaaaWelcome to Et
[chrome Windows 7 55.0]     herpad!This pad text is synchronized as you type, so that everyone viewing this page sees the same 
[chrome Windows 7 55.0]     text. This allows you to collaborate seamlessly on documents!Get involved with Etherpad at https://
[chrome Windows 7 55.0]     etherpad.orgWarning: DirtyDB is used. This is fine for testing but not recommended for production. 
[chrome Windows 7 55.0]     -- To suppress these warning messages change suppressErrorsInPadText to true in your settings.json'
[chrome Windows 7 55.0]      to sort of not equal 'aaaaaaaaaaaaaaaaaaaaaaaaaaaaaaaaaaaaaaaaaaaaaaaaaaaaaaaaaaaaaaaaaaaaaaaaaaaaa
[chrome Windows 7 55.0]     aaaaaaaaaaaaaaaaaaaaaaWelcome to Etherpad!This pad text is synchronized as you type, so that everyo
[chrome Windows 7 55.0]     ne viewing this page sees the same text. This allows you to collaborate seamlessly on documents!Get
[chrome Windows 7 55.0]      involved with Etherpad at https://etherpad.orgWarning: DirtyDB is used. This is fine for testing b
[chrome Windows 7 55.0]     ut not recommended for production. -- To suppress these warning messages change suppressErrorsInPadT
[chrome Windows 7 55.0]     ext to true in your settings.json' (http://localhost:9001/tests/frontend/lib/expect.js:99)
[chrome Windows 7 55.0]     -> PENDING: changes the url when clicking on the timeslider
[chrome Windows 7 55.0]     -> FAILED : jumps to a revision given in the url Error: Uncaught Error: expected 413 to 
[chrome Windows 7 55.0]     sort of equal 412 (http://localhost:9001/tests/frontend/lib/expect.js:99)
[chrome Windows 7 55.0]     -> PASSED : checks the export url   3262 ms
[chrome Windows 7 55.0] 
[chrome Windows 7 55.0] undo.js
[chrome Windows 7 55.0]   undo button
[chrome Windows 7 55.0]     -> PASSED : undo some typing by clicking undo button   67 ms
[chrome Windows 7 55.0]     -> PASSED : undo some typing using a keypress   24 ms
[chrome Windows 7 55.0] 
[chrome Windows 7 55.0] unordered_list.js
[chrome Windows 7 55.0]   assign unordered list
[chrome Windows 7 55.0]     -> PASSED : insert unordered list text then removes by outdent   86 ms
[chrome Windows 7 55.0]   unassign unordered list
[chrome Windows 7 55.0]     -> PASSED : insert unordered list text then remove by clicking list again   40 ms
[chrome Windows 7 55.0]   keep unordered list on enter key
[chrome Windows 7 55.0]     -> PASSED : Keeps the unordered list on enter for the new line   43 ms
[chrome Windows 7 55.0]   Pressing Tab in an UL increases and decreases indentation
[chrome Windows 7 55.0]     -> PASSED : indent and de-indent list item with keypress   45 ms
[chrome Windows 7 55.0]   Pressing indent/outdent button in an UL increases and decreases indentation and bullet / ol formatti
[chrome Windows 7 55.0]   ng
[chrome Windows 7 55.0]     -> PASSED : indent and de-indent list item with indent button   41 ms
[chrome Windows 7 55.0] 
[chrome Windows 7 55.0] urls_become_clickable.js
[chrome Windows 7 55.0]   urls
[chrome Windows 7 55.0]     -> PASSED : when you enter an url, it becomes clickable   22 ms
[chrome Windows 7 55.0]     -> PASSED : when you enter a url containing a !, it becomes clickable and contains the
[chrome Windows 7 55.0]      whole URL   31 ms
[chrome Windows 7 55.0]     -> PASSED : when you enter a url followed by a ], the ] is not included in the URL   2
[chrome Windows 7 55.0]     9 ms
[chrome Windows 7 55.0] 
[chrome Windows 7 55.0] xxauto_reconnect.js
[chrome Windows 7 55.0]   Automatic pad reload on Force Reconnect message
[chrome Windows 7 55.0]     -> PASSED : displays a count down timer to automatically reconnect   4 ms
[chrome Windows 7 55.0]     and user clicks on Cancel
[chrome Windows 7 55.0]       -> PASSED : does not show Cancel button nor timer anymore   2 ms
[chrome Windows 7 55.0]     and user does not click on Cancel until timer expires
[chrome Windows 7 55.0]       -> PASSED : reloads the pad   2488 ms
[chrome Windows 7 55.0] 
[chrome Windows 7 55.0] FINISHED - 108 tests passed, 8 tests failed, duration: 4:5
[chrome Windows 7 55.0] 
Remote sauce test 'bf24063 - chrome 55.0, Windows 7' finished! https://saucelabs.com/jobs/23b33ee767d54f97bf438ed0d73c155e
[microsoftedge Windows 10 83.0] alphabet.js
[microsoftedge Windows 10 83.0]   All the alphabet works n stuff
[microsoftedge Windows 10 83.0]     -> PASSED : when you enter any char it appears right   57 ms
[microsoftedge Windows 10 83.0] 
[microsoftedge Windows 10 83.0] authorship_of_editions.js
[microsoftedge Windows 10 83.0]   author of pad edition
[microsoftedge Windows 10 83.0]     -> PASSED : marks only the new content as changes of the second user on a regular line
[microsoftedge Windows 10 83.0]        521 ms
[microsoftedge Windows 10 83.0]     -> PASSED : marks only the new content as changes of the second user on a line with or
[microsoftedge Windows 10 83.0]     dered list   993 ms
[microsoftedge Windows 10 83.0]     -> PASSED : marks only the new content as changes of the second user on a line with un
[microsoftedge Windows 10 83.0]     ordered list   993 ms
[microsoftedge Windows 10 83.0] 
[microsoftedge Windows 10 83.0] bold.js
[microsoftedge Windows 10 83.0]   bold button
[microsoftedge Windows 10 83.0]     -> PASSED : makes text bold on click   9 ms
[microsoftedge Windows 10 83.0]     -> PASSED : makes text bold on keypress   6 ms
[microsoftedge Windows 10 83.0] 
[microsoftedge Windows 10 83.0] change_user_color.js
[microsoftedge Windows 10 83.0]   change user color
[microsoftedge Windows 10 83.0]     -> PASSED : Color picker matches original color and remembers the user color after a r
[microsoftedge Windows 10 83.0]     efresh   2235 ms
[microsoftedge Windows 10 83.0]     -> PASSED : Own user color is shown when you enter a chat   265 ms
[microsoftedge Windows 10 83.0] 
[microsoftedge Windows 10 83.0] change_user_name.js
[microsoftedge Windows 10 83.0]   change username value
[microsoftedge Windows 10 83.0]     -> PASSED : Remembers the user name after a refresh   2248 ms
[microsoftedge Windows 10 83.0]     -> PASSED : Own user name is shown when you enter a chat   197 ms
[microsoftedge Windows 10 83.0] 
[microsoftedge Windows 10 83.0] chat.js
[microsoftedge Windows 10 83.0]   Chat messages and UI
[microsoftedge Windows 10 83.0]     -> PASSED : opens chat, sends a message and makes sure it exists on the page   114 ms
[microsoftedge Windows 10 83.0]     -> PASSED : makes sure that an empty message can't be sent   97 ms
[microsoftedge Windows 10 83.0]     -> PASSED : makes chat stick to right side of the screen   63 ms
[microsoftedge Windows 10 83.0]     -> PASSED : makes chat stick to right side of the screen then makes it one step smalle
[microsoftedge Windows 10 83.0]     r   46 ms
[microsoftedge Windows 10 83.0]     -> PENDING: Checks showChat=false URL Parameter hides chat then when removed it shows
[microsoftedge Windows 10 83.0]      chat
[microsoftedge Windows 10 83.0] 
[microsoftedge Windows 10 83.0] chat_load_messages.js
[microsoftedge Windows 10 83.0]   chat-load-messages
[microsoftedge Windows 10 83.0]     -> PASSED : creates a pad   1331 ms
[microsoftedge Windows 10 83.0]     -> PASSED : adds a lot of messages   1780 ms
[microsoftedge Windows 10 83.0]     -> PASSED : checks initial message count   70 ms
[microsoftedge Windows 10 83.0]     -> PASSED : loads more messages   174 ms
[microsoftedge Windows 10 83.0]     -> PASSED : checks for button vanishing   129 ms
[microsoftedge Windows 10 83.0] 
[microsoftedge Windows 10 83.0] clear_authorship_colors.js
[microsoftedge Windows 10 83.0]   clear authorship colors button
[microsoftedge Windows 10 83.0]     -> PASSED : makes text clear authorship colors   532 ms
[microsoftedge Windows 10 83.0]     -> PASSED : makes text clear authorship colors and checks it can't be undone   529 ms
[microsoftedge Windows 10 83.0] 
[microsoftedge Windows 10 83.0] delete.js
[microsoftedge Windows 10 83.0]   delete keystroke
[microsoftedge Windows 10 83.0]     -> PASSED : makes text delete   3 ms
[microsoftedge Windows 10 83.0] 
[microsoftedge Windows 10 83.0] drag_and_drop.js
[microsoftedge Windows 10 83.0]   drag and drop
[microsoftedge Windows 10 83.0]     when user drags part of one line and drops it far form its original place
[microsoftedge Windows 10 83.0]       and user triggers UNDO
[microsoftedge Windows 10 83.0]         -> PASSED : moves text back to its original place   1 ms
[microsoftedge Windows 10 83.0]     when user drags some lines far form its original place
[microsoftedge Windows 10 83.0]       and user triggers UNDO
[microsoftedge Windows 10 83.0]         -> PASSED : moves text back to its original place   2 ms
[microsoftedge Windows 10 83.0] 
[microsoftedge Windows 10 83.0] embed_value.js
[microsoftedge Windows 10 83.0]   embed links
[microsoftedge Windows 10 83.0]     read and write
[microsoftedge Windows 10 83.0]       the share link
[microsoftedge Windows 10 83.0]         -> PASSED : is the actual pad url   10 ms
[microsoftedge Windows 10 83.0]       the embed as iframe code
[microsoftedge Windows 10 83.0]         -> PASSED : is an iframe with the the correct url parameters and correct size   9 ms
[microsoftedge Windows 10 83.0]     when read only option is set
[microsoftedge Windows 10 83.0]       the share link
[microsoftedge Windows 10 83.0]         -> PASSED : shows a read only url   8 ms
[microsoftedge Windows 10 83.0]       the embed as iframe code
[microsoftedge Windows 10 83.0]         -> PASSED : is an iframe with the the correct url parameters and correct size   8 ms
[microsoftedge Windows 10 83.0] 
[microsoftedge Windows 10 83.0] enter.js
[microsoftedge Windows 10 83.0]   enter keystroke
[microsoftedge Windows 10 83.0]     -> PASSED : creates a new line & puts cursor onto a new line   16 ms
[microsoftedge Windows 10 83.0] 
[microsoftedge Windows 10 83.0] font_type.js
[microsoftedge Windows 10 83.0]   font select
[microsoftedge Windows 10 83.0]     -> PASSED : makes text RobotoMono   11 ms
[microsoftedge Windows 10 83.0] 
[microsoftedge Windows 10 83.0] helper.js
[microsoftedge Windows 10 83.0]   the test helper
[microsoftedge Windows 10 83.0]     the newPad method
[microsoftedge Windows 10 83.0]       -> PENDING: doesn't leak memory if you creates iframes over and over again
[microsoftedge Windows 10 83.0]       -> PASSED : gives me 3 jquery instances of chrome, outer and inner   1186 ms
[microsoftedge Windows 10 83.0]       -> PASSED : clears cookies   3448 ms
[microsoftedge Windows 10 83.0]       -> PASSED : sets pad prefs cookie   1347 ms
[microsoftedge Windows 10 83.0]     the waitFor method
[microsoftedge Windows 10 83.0]       -> PASSED : takes a timeout and waits long enough   1507 ms
[microsoftedge Windows 10 83.0]       -> PASSED : takes an interval and checks on every interval   2015 ms
[microsoftedge Windows 10 83.0]       returns a deferred object
[microsoftedge Windows 10 83.0]         -> PASSED : it calls done after success   11 ms
[microsoftedge Windows 10 83.0]         -> PASSED : calls fail after failure   1908 ms
[microsoftedge Windows 10 83.0]         -> PENDING: throws if you don't listen for fails
[microsoftedge Windows 10 83.0]     the selectLines method
[microsoftedge Windows 10 83.0]       -> PASSED : changes editor selection to be between startOffset of $startLine and endOf
[microsoftedge Windows 10 83.0]       fset of $endLine   3 ms
[microsoftedge Windows 10 83.0]       -> PASSED : ends selection at beginning of $endLine when it is an empty line   0 ms
[microsoftedge Windows 10 83.0]       -> PASSED : ends selection at beginning of $endLine when its offset is zero   0 ms
[microsoftedge Windows 10 83.0]       -> PASSED : selects full line when offset is longer than line content   1 ms
[microsoftedge Windows 10 83.0]       -> PASSED : selects all text between beginning of $startLine and end of $endLine when 
[microsoftedge Windows 10 83.0]       no offset is provided   1 ms
[microsoftedge Windows 10 83.0] 
[microsoftedge Windows 10 83.0] importexport.js
[microsoftedge Windows 10 83.0]   import functionality
[microsoftedge Windows 10 83.0]     -> PENDING: import a pad with newlines from txt
[microsoftedge Windows 10 83.0]     -> PENDING: import a pad with newlines from html
[microsoftedge Windows 10 83.0]     -> PENDING: import a pad with attributes from html
[microsoftedge Windows 10 83.0]     -> PENDING: import a pad with bullets from html
[microsoftedge Windows 10 83.0]     -> PENDING: import a pad with bullets and newlines from html
[microsoftedge Windows 10 83.0]     -> PENDING: import a pad with bullets and newlines and attributes from html
[microsoftedge Windows 10 83.0]     -> PENDING: import a pad with nested bullets from html
[microsoftedge Windows 10 83.0]     -> PENDING: import a pad with 8 levels of bullets and newlines and attributes from ht
[microsoftedge Windows 10 83.0]     ml
[microsoftedge Windows 10 83.0]     -> PENDING: import a pad with ordered lists from html
[microsoftedge Windows 10 83.0]     -> PENDING: import a pad with ordered lists and newlines from html
[microsoftedge Windows 10 83.0]     -> PENDING: import a pad with nested ordered lists and attributes and newlines from h
[microsoftedge Windows 10 83.0]     tml
[microsoftedge Windows 10 83.0] 
[microsoftedge Windows 10 83.0] importindents.js
[microsoftedge Windows 10 83.0]   import indents functionality
[microsoftedge Windows 10 83.0]     -> PENDING: import a pad with indents from html
[microsoftedge Windows 10 83.0]     -> PENDING: import a pad with indented lists and newlines from html
[microsoftedge Windows 10 83.0]     -> PENDING: import a pad with 8 levels of indents and newlines and attributes from ht
[microsoftedge Windows 10 83.0]     ml
[microsoftedge Windows 10 83.0] 
[microsoftedge Windows 10 83.0] indentation.js
[microsoftedge Windows 10 83.0]   indentation button
[microsoftedge Windows 10 83.0]     -> PASSED : indent text with keypress   19 ms
[microsoftedge Windows 10 83.0]     -> PASSED : indent text with button   16 ms
[microsoftedge Windows 10 83.0]     -> PASSED : keeps the indent on enter for the new line   70 ms
[microsoftedge Windows 10 83.0]     -> PASSED : indents text with spaces on enter if previous line ends with ':', '[', '('
[microsoftedge Windows 10 83.0]     , or '{'   58 ms
[microsoftedge Windows 10 83.0]     -> PASSED : appends indentation to the indent of previous line if previous line ends w
[microsoftedge Windows 10 83.0]     ith ':', '[', '(', or '{'   30 ms
[microsoftedge Windows 10 83.0]     -> PASSED : issue #2772 shows '*' when multiple indented lines receive a style and are
[microsoftedge Windows 10 83.0]      outdented   69 ms
[microsoftedge Windows 10 83.0] 
[microsoftedge Windows 10 83.0] italic.js
[microsoftedge Windows 10 83.0]   italic some text
[microsoftedge Windows 10 83.0]     -> PASSED : makes text italic using button   8 ms
[microsoftedge Windows 10 83.0]     -> PASSED : makes text italic using keypress   7 ms
[microsoftedge Windows 10 83.0] 
[microsoftedge Windows 10 83.0] language.js
[microsoftedge Windows 10 83.0]   Language select and change
[microsoftedge Windows 10 83.0]     -> PASSED : makes text german   134 ms
[microsoftedge Windows 10 83.0]     -> PASSED : makes text English   32 ms
[microsoftedge Windows 10 83.0]     -> PASSED : changes direction when picking an rtl lang   323 ms
[microsoftedge Windows 10 83.0]     -> PASSED : changes direction when picking an ltr lang   25 ms
[microsoftedge Windows 10 83.0] 
[microsoftedge Windows 10 83.0] multiple_authors_clear_authorship_colors.js
[microsoftedge Windows 10 83.0]   author of pad edition
[microsoftedge Windows 10 83.0]     -> PASSED : Clears Authorship by second user   8 ms
[microsoftedge Windows 10 83.0] 
[microsoftedge Windows 10 83.0] ordered_list.js
[microsoftedge Windows 10 83.0]   assign ordered list
[microsoftedge Windows 10 83.0]     -> PASSED : inserts ordered list text   25 ms
[microsoftedge Windows 10 83.0]     -> PENDING: issue #1125 keeps the numbered list on enter for the new line - EMULATES 
[microsoftedge Windows 10 83.0]     PASTING INTO A PAD
[microsoftedge Windows 10 83.0]     when user presses Ctrl+Shift+N
[microsoftedge Windows 10 83.0]       and pad shortcut is enabled
[microsoftedge Windows 10 83.0]         -> PASSED : inserts unordered list   13 ms
[microsoftedge Windows 10 83.0]       and pad shortcut is disabled
[microsoftedge Windows 10 83.0]         -> PASSED : does not insert unordered list   1906 ms
[microsoftedge Windows 10 83.0]     when user presses Ctrl+Shift+1
[microsoftedge Windows 10 83.0]       and pad shortcut is enabled
[microsoftedge Windows 10 83.0]         -> PASSED : inserts unordered list   12 ms
[microsoftedge Windows 10 83.0]       and pad shortcut is disabled
[microsoftedge Windows 10 83.0]         -> PASSED : does not insert unordered list   1906 ms
[microsoftedge Windows 10 83.0]   Pressing Tab in an OL increases and decreases indentation
[microsoftedge Windows 10 83.0]     -> PASSED : indent and de-indent list item with keypress   33 ms
[microsoftedge Windows 10 83.0]   Pressing indent/outdent button in an OL increases and decreases indentation and bullet / ol formatti
[microsoftedge Windows 10 83.0]   ng
[microsoftedge Windows 10 83.0]     -> PASSED : indent and de-indent list item with indent button   30 ms
[microsoftedge Windows 10 83.0] 
[microsoftedge Windows 10 83.0] pad_modal.js
[microsoftedge Windows 10 83.0]   Pad modal
[microsoftedge Windows 10 83.0]     when modal is a "force reconnect" message
[microsoftedge Windows 10 83.0]       -> PASSED : disables editor   1 ms
[microsoftedge Windows 10 83.0]       and user clicks on editor
[microsoftedge Windows 10 83.0]         -> PASSED : does not close the modal   0 ms
[microsoftedge Windows 10 83.0]       and user clicks on pad outer
[microsoftedge Windows 10 83.0]         -> PASSED : does not close the modal   0 ms
[microsoftedge Windows 10 83.0]     when modal is not an error message
[microsoftedge Windows 10 83.0]       and user clicks on editor
[microsoftedge Windows 10 83.0]         -> PASSED : closes the modal   0 ms
[microsoftedge Windows 10 83.0]       and user clicks on pad outer
[microsoftedge Windows 10 83.0]         -> PASSED : closes the modal   1 ms
[microsoftedge Windows 10 83.0] 
[microsoftedge Windows 10 83.0] redo.js
[microsoftedge Windows 10 83.0]   undo button then redo button
[microsoftedge Windows 10 83.0]     -> PASSED : redo some typing with button   29 ms
[microsoftedge Windows 10 83.0]     -> PASSED : redo some typing with keypress   21 ms
[microsoftedge Windows 10 83.0] 
[microsoftedge Windows 10 83.0] responsiveness.js
[microsoftedge Windows 10 83.0]   Responsiveness of Editor
[microsoftedge Windows 10 83.0]     -> PENDING: Fast response to keypress in pad with large amount of contents
[microsoftedge Windows 10 83.0] 
[microsoftedge Windows 10 83.0] scroll.js
[microsoftedge Windows 10 83.0]   scroll when focus line is out of viewport
[microsoftedge Windows 10 83.0]     when user presses any arrow keys on a line above the viewport
[microsoftedge Windows 10 83.0]       and scroll percentage config is set to 0.2 on settings.json
[microsoftedge Windows 10 83.0]         -> PASSED : keeps the focus line scrolled 20% from the top of the viewport   5 ms
[microsoftedge Windows 10 83.0]     when user presses any arrow keys on a line below the viewport
[microsoftedge Windows 10 83.0]       and scroll percentage config is set to 0.7 on settings.json
[microsoftedge Windows 10 83.0]         -> FAILED : keeps the focus line scrolled 70% from the bottom of the viewport Error: exp
[microsoftedge Windows 10 83.0]         ected 50 to equal 49
[microsoftedge Windows 10 83.0]             at Assertion.assert (lib/expect.js:99:13)
[microsoftedge Windows 10 83.0]             at Assertion.be.Assertion.equal (lib/expect.js:200:10)
[microsoftedge Windows 10 83.0]             at Assertion.<computed> [as be] (lib/expect.js:73:24)
[microsoftedge Windows 10 83.0]             at Context.<anonymous> (<anonymous>:62:43)
[microsoftedge Windows 10 83.0]     when user presses arrow up on the first line of the viewport
[microsoftedge Windows 10 83.0]       and percentageToScrollWhenUserPressesArrowUp is set to 0.3
[microsoftedge Windows 10 83.0]         -> FAILED : keeps the focus line scrolled 30% of the top of the viewport Error: expected
[microsoftedge Windows 10 83.0]          87 to equal 89
[microsoftedge Windows 10 83.0]             at Assertion.assert (lib/expect.js:99:13)
[microsoftedge Windows 10 83.0]             at Assertion.be.Assertion.equal (lib/expect.js:200:10)
[microsoftedge Windows 10 83.0]             at Assertion.<computed> [as be] (lib/expect.js:73:24)
[microsoftedge Windows 10 83.0]             at Context.<anonymous> (<anonymous>:89:40)
[microsoftedge Windows 10 83.0]     when user edits the last line of viewport
[microsoftedge Windows 10 83.0]       and scroll percentage config is set to 0 on settings.json
[microsoftedge Windows 10 83.0]         -> FAILED : keeps the focus line on the bottom of the viewport Error: expected 11 to equ
[microsoftedge Windows 10 83.0]         al 12
[microsoftedge Windows 10 83.0]             at Assertion.assert (lib/expect.js:99:13)
[microsoftedge Windows 10 83.0]             at Assertion.be.Assertion.equal (lib/expect.js:200:10)
[microsoftedge Windows 10 83.0]             at Assertion.<computed> [as be] (lib/expect.js:73:24)
[microsoftedge Windows 10 83.0]             at Context.<anonymous> (<anonymous>:109:49)
[microsoftedge Windows 10 83.0]       and scrollPercentageWhenFocusLineIsOutOfViewport is set to 0.3
[microsoftedge Windows 10 83.0]         -> FAILED : scrolls 30% of viewport up Error: expected 12 to equal 13
[microsoftedge Windows 10 83.0]             at Assertion.assert (lib/expect.js:99:13)
[microsoftedge Windows 10 83.0]             at Assertion.be.Assertion.equal (lib/expect.js:200:10)
[microsoftedge Windows 10 83.0]             at Assertion.<computed> [as be] (lib/expect.js:73:24)
[microsoftedge Windows 10 83.0]             at Context.<anonymous> (<anonymous>:129:49)
[microsoftedge Windows 10 83.0]       and it is set to a value that overflow the interval [0, 1]
[microsoftedge Windows 10 83.0]         -> FAILED : keeps the default behavior of moving the focus line on the bottom of the vie
[microsoftedge Windows 10 83.0]         wport Error: expected 11 to equal 12
[microsoftedge Windows 10 83.0]             at Assertion.assert (lib/expect.js:99:13)
[microsoftedge Windows 10 83.0]             at Assertion.be.Assertion.equal (lib/expect.js:200:10)
[microsoftedge Windows 10 83.0]             at Assertion.<computed> [as be] (lib/expect.js:73:24)
[microsoftedge Windows 10 83.0]             at Context.<anonymous> (<anonymous>:145:49)
[microsoftedge Windows 10 83.0]     when user edits a line above the viewport
[microsoftedge Windows 10 83.0]       and scroll percentage config is set to 0 on settings.json
[microsoftedge Windows 10 83.0]         -> PASSED : keeps the focus line on the top of the viewport   2 ms
[microsoftedge Windows 10 83.0]       and scrollPercentageWhenFocusLineIsOutOfViewport is set to 0.2
[microsoftedge Windows 10 83.0]         -> PASSED : scrolls 20% of viewport down   9 ms
[microsoftedge Windows 10 83.0]     when user places the caret at the last line visible of viewport
[microsoftedge Windows 10 83.0]       and scroll percentage config is set to 0 on settings.json
[microsoftedge Windows 10 83.0]         -> PASSED : does not scroll   1011 ms
[microsoftedge Windows 10 83.0]       and scroll percentage config is set to 0.5 on settings.json
[microsoftedge Windows 10 83.0]         -> PENDING: scrolls line to 50% of the viewport
[microsoftedge Windows 10 83.0]     when the first line selected is out of the viewport and user presses shift arrow down
[microsoftedge Windows 10 83.0]       -> PASSED : keeps the last line selected on focus   0 ms
[microsoftedge Windows 10 83.0]     integration with plugins which changes the margin of editor
[microsoftedge Windows 10 83.0]       when editor dimensions changes
[microsoftedge Windows 10 83.0]         and user places the caret in the last line visible of the pad
[microsoftedge Windows 10 83.0]           -> PENDING: scrolls the line where caret is
[microsoftedge Windows 10 83.0] 
[microsoftedge Windows 10 83.0] select_formatting_buttons.js
[microsoftedge Windows 10 83.0]   select formatting buttons when selection has style applied
[microsoftedge Windows 10 83.0]     when selection is in a text with italic applied
[microsoftedge Windows 10 83.0]       -> PASSED : selects the italic button   14 ms
[microsoftedge Windows 10 83.0]     when caret is in a position with italic applied
[microsoftedge Windows 10 83.0]       -> PASSED : selects the italic button   12 ms
[microsoftedge Windows 10 83.0]     when selection is in a text with bold applied
[microsoftedge Windows 10 83.0]       -> PASSED : selects the bold button   12 ms
[microsoftedge Windows 10 83.0]     when caret is in a position with bold applied
[microsoftedge Windows 10 83.0]       -> PASSED : selects the bold button   10 ms
[microsoftedge Windows 10 83.0]     when selection is in a text with underline applied
[microsoftedge Windows 10 83.0]       -> PASSED : selects the underline button   10 ms
[microsoftedge Windows 10 83.0]     when caret is in a position with underline applied
[microsoftedge Windows 10 83.0]       -> PASSED : selects the underline button   11 ms
[microsoftedge Windows 10 83.0]     when selection is in a text with strikethrough applied
[microsoftedge Windows 10 83.0]       -> PASSED : selects the strikethrough button   10 ms
[microsoftedge Windows 10 83.0]     when caret is in a position with strikethrough applied
[microsoftedge Windows 10 83.0]       -> PASSED : selects the strikethrough button   10 ms
[microsoftedge Windows 10 83.0]     when user applies a style and the selection does not change
[microsoftedge Windows 10 83.0]       -> PASSED : selects the style button   1 ms
[microsoftedge Windows 10 83.0]     when user presses CMD + I
[microsoftedge Windows 10 83.0]       -> PASSED : selects the italic button   11 ms
[microsoftedge Windows 10 83.0]       and user presses CMD + I again
[microsoftedge Windows 10 83.0]         -> PASSED : deselects the italic button   10 ms
[microsoftedge Windows 10 83.0]     when user presses CMD + B
[microsoftedge Windows 10 83.0]       -> PASSED : selects the bold button   10 ms
[microsoftedge Windows 10 83.0]       and user presses CMD + B again
[microsoftedge Windows 10 83.0]         -> PASSED : deselects the bold button   11 ms
[microsoftedge Windows 10 83.0]     when user presses CMD + U
[microsoftedge Windows 10 83.0]       -> PASSED : selects the underline button   11 ms
[microsoftedge Windows 10 83.0]       and user presses CMD + U again
[microsoftedge Windows 10 83.0]         -> PASSED : deselects the underline button   10 ms
[microsoftedge Windows 10 83.0]     when user presses CMD + 5
[microsoftedge Windows 10 83.0]       -> PASSED : selects the strikethrough button   12 ms
[microsoftedge Windows 10 83.0]       and user presses CMD + 5 again
[microsoftedge Windows 10 83.0]         -> PASSED : deselects the strikethrough button   11 ms
[microsoftedge Windows 10 83.0] 
[microsoftedge Windows 10 83.0] strikethrough.js
[microsoftedge Windows 10 83.0]   strikethrough button
[microsoftedge Windows 10 83.0]     -> PASSED : makes text strikethrough   14 ms
[microsoftedge Windows 10 83.0] 
[microsoftedge Windows 10 83.0] timeslider.js
[microsoftedge Windows 10 83.0]   timeslider button takes you to the timeslider of a pad
[microsoftedge Windows 10 83.0]     -> PENDING: timeslider contained in URL
[microsoftedge Windows 10 83.0] 
[microsoftedge Windows 10 83.0] timeslider_follow.js
[microsoftedge Windows 10 83.0]   timeslider
[microsoftedge Windows 10 83.0]     -> FAILED : follow content as it's added to timeslider Error: Uncaught Error: expected {
[microsoftedge Windows 10 83.0]      top: 0, left: 0 } to sort of not equal { top: 0, left: 0 } (http://localhost:9001/tests/frontend/li
[microsoftedge Windows 10 83.0]     b/expect.js:99)
[microsoftedge Windows 10 83.0] 
[microsoftedge Windows 10 83.0] timeslider_labels.js
[microsoftedge Windows 10 83.0]   timeslider
[microsoftedge Windows 10 83.0]     -> PASSED : Shows a date and time in the timeslider and make sure it doesn't include N
[microsoftedge Windows 10 83.0]     aN   4460 ms
[microsoftedge Windows 10 83.0] 
[microsoftedge Windows 10 83.0] timeslider_numeric_padID.js
[microsoftedge Windows 10 83.0]   timeslider
[microsoftedge Windows 10 83.0]     -> PASSED : Makes sure the export URIs are as expected when the padID is numeric   444
[microsoftedge Windows 10 83.0]     4 ms
[microsoftedge Windows 10 83.0] 
[microsoftedge Windows 10 83.0] timeslider_revisions.js
[microsoftedge Windows 10 83.0]   timeslider
[microsoftedge Windows 10 83.0]     -> PASSED : loads adds a hundred revisions   96153 ms
[microsoftedge Windows 10 83.0]     -> PENDING: changes the url when clicking on the timeslider
[microsoftedge Windows 10 83.0]     -> PASSED : jumps to a revision given in the url   1374 ms
[microsoftedge Windows 10 83.0]     -> PASSED : checks the export url   3297 ms
[microsoftedge Windows 10 83.0] 
[microsoftedge Windows 10 83.0] undo.js
[microsoftedge Windows 10 83.0]   undo button
[microsoftedge Windows 10 83.0]     -> PASSED : undo some typing by clicking undo button   25 ms
[microsoftedge Windows 10 83.0]     -> PASSED : undo some typing using a keypress   19 ms
[microsoftedge Windows 10 83.0] 
[microsoftedge Windows 10 83.0] unordered_list.js
[microsoftedge Windows 10 83.0]   assign unordered list
[microsoftedge Windows 10 83.0]     -> PASSED : insert unordered list text then removes by outdent   38 ms
[microsoftedge Windows 10 83.0]   unassign unordered list
[microsoftedge Windows 10 83.0]     -> PASSED : insert unordered list text then remove by clicking list again   51 ms
[microsoftedge Windows 10 83.0]   keep unordered list on enter key
[microsoftedge Windows 10 83.0]     -> PASSED : Keeps the unordered list on enter for the new line   534 ms
[microsoftedge Windows 10 83.0]   Pressing Tab in an UL increases and decreases indentation
[microsoftedge Windows 10 83.0]     -> PASSED : indent and de-indent list item with keypress   26 ms
[microsoftedge Windows 10 83.0]   Pressing indent/outdent button in an UL increases and decreases indentation and bullet / ol formatti
[microsoftedge Windows 10 83.0]   ng
[microsoftedge Windows 10 83.0]     -> PASSED : indent and de-indent list item with indent button   25 ms
[microsoftedge Windows 10 83.0] 
[microsoftedge Windows 10 83.0] urls_become_clickable.js
[microsoftedge Windows 10 83.0]   urls
[microsoftedge Windows 10 83.0]     -> PASSED : when you enter an url, it becomes clickable   514 ms
[microsoftedge Windows 10 83.0]     -> PASSED : when you enter a url containing a !, it becomes clickable and contains the
[microsoftedge Windows 10 83.0]      whole URL   25 ms
[microsoftedge Windows 10 83.0]     -> PASSED : when you enter a url followed by a ], the ] is not included in the URL   1
[microsoftedge Windows 10 83.0]     9 ms
[microsoftedge Windows 10 83.0] 
[microsoftedge Windows 10 83.0] xxauto_reconnect.js
[microsoftedge Windows 10 83.0]   Automatic pad reload on Force Reconnect message
[microsoftedge Windows 10 83.0]     -> PASSED : displays a count down timer to automatically reconnect   1 ms
[microsoftedge Windows 10 83.0]     and user clicks on Cancel
[microsoftedge Windows 10 83.0]       -> PASSED : does not show Cancel button nor timer anymore   1 ms
[microsoftedge Windows 10 83.0]     and user does not click on Cancel until timer expires
[microsoftedge Windows 10 83.0]       -> PASSED : reloads the pad   2315 ms
[microsoftedge Windows 10 83.0] 
[microsoftedge Windows 10 83.0] FINISHED - 110 tests passed, 6 tests failed, duration: 4:12
[microsoftedge Windows 10 83.0] 
Remote sauce test 'bf24063 - microsoftedge 83.0, Windows 10' finished! https://saucelabs.com/jobs/10e15e0c3ba14116a481f3dd1d74b0fa
[safari OS X 10.14 12.0] alphabet.js
[safari OS X 10.14 12.0]   All the alphabet works n stuff
[safari OS X 10.14 12.0]     -> PASSED : when you enter any char it appears right   57 ms
[safari OS X 10.14 12.0] 
[safari OS X 10.14 12.0] authorship_of_editions.js
[safari OS X 10.14 12.0]   author of pad edition
[safari OS X 10.14 12.0]     -> PASSED : marks only the new content as changes of the second user on a regular line
[safari OS X 10.14 12.0]        520 ms
[safari OS X 10.14 12.0]     -> PASSED : marks only the new content as changes of the second user on a line with or
[safari OS X 10.14 12.0]     dered list   998 ms
[safari OS X 10.14 12.0]     -> PASSED : marks only the new content as changes of the second user on a line with un
[safari OS X 10.14 12.0]     ordered list   996 ms
[safari OS X 10.14 12.0] 
[safari OS X 10.14 12.0] bold.js
[safari OS X 10.14 12.0]   bold button
[safari OS X 10.14 12.0]     -> PASSED : makes text bold on click   10 ms
[safari OS X 10.14 12.0]     -> PASSED : makes text bold on keypress   9 ms
[safari OS X 10.14 12.0] 
[safari OS X 10.14 12.0] change_user_color.js
[safari OS X 10.14 12.0]   change user color
[safari OS X 10.14 12.0]     -> PASSED : Color picker matches original color and remembers the user color after a r
[safari OS X 10.14 12.0]     efresh   3938 ms
[safari OS X 10.14 12.0]     -> PASSED : Own user color is shown when you enter a chat   305 ms
[safari OS X 10.14 12.0] 
[safari OS X 10.14 12.0] change_user_name.js
[safari OS X 10.14 12.0]   change username value
[safari OS X 10.14 12.0]     -> PASSED : Remembers the user name after a refresh   3801 ms
[safari OS X 10.14 12.0]     -> PASSED : Own user name is shown when you enter a chat   298 ms
[safari OS X 10.14 12.0] 
[safari OS X 10.14 12.0] chat.js
[safari OS X 10.14 12.0]   Chat messages and UI
[safari OS X 10.14 12.0]     -> PASSED : opens chat, sends a message and makes sure it exists on the page   174 ms
[safari OS X 10.14 12.0]     -> PASSED : makes sure that an empty message can't be sent   140 ms
[safari OS X 10.14 12.0]     -> PASSED : makes chat stick to right side of the screen   369 ms
[safari OS X 10.14 12.0]     -> PASSED : makes chat stick to right side of the screen then makes it one step smalle
[safari OS X 10.14 12.0]     r   62 ms
[safari OS X 10.14 12.0]     -> PENDING: Checks showChat=false URL Parameter hides chat then when removed it shows
[safari OS X 10.14 12.0]      chat
[safari OS X 10.14 12.0] 
[safari OS X 10.14 12.0] chat_load_messages.js
[safari OS X 10.14 12.0]   chat-load-messages
[safari OS X 10.14 12.0]     -> PASSED : creates a pad   2836 ms
[safari OS X 10.14 12.0]     -> PASSED : adds a lot of messages   3967 ms
[safari OS X 10.14 12.0]     -> PASSED : checks initial message count   32 ms
[safari OS X 10.14 12.0]     -> PASSED : loads more messages   180 ms
[safari OS X 10.14 12.0]     -> PASSED : checks for button vanishing   182 ms
[safari OS X 10.14 12.0] 
[safari OS X 10.14 12.0] clear_authorship_colors.js
[safari OS X 10.14 12.0]   clear authorship colors button
[safari OS X 10.14 12.0]     -> PASSED : makes text clear authorship colors   77 ms
[safari OS X 10.14 12.0]     -> PASSED : makes text clear authorship colors and checks it can't be undone   540 ms
[safari OS X 10.14 12.0] 
[safari OS X 10.14 12.0] delete.js
[safari OS X 10.14 12.0]   delete keystroke
[safari OS X 10.14 12.0]     -> PASSED : makes text delete   6 ms
[safari OS X 10.14 12.0] 
[safari OS X 10.14 12.0] drag_and_drop.js
[safari OS X 10.14 12.0]   drag and drop
[safari OS X 10.14 12.0]     when user drags part of one line and drops it far form its original place
[safari OS X 10.14 12.0]       and user triggers UNDO
[safari OS X 10.14 12.0]         -> PASSED : moves text back to its original place   3 ms
[safari OS X 10.14 12.0]     when user drags some lines far form its original place
[safari OS X 10.14 12.0]       and user triggers UNDO
[safari OS X 10.14 12.0]         -> PASSED : moves text back to its original place   2 ms
[safari OS X 10.14 12.0] 
[safari OS X 10.14 12.0] embed_value.js
[safari OS X 10.14 12.0]   embed links
[safari OS X 10.14 12.0]     read and write
[safari OS X 10.14 12.0]       the share link
[safari OS X 10.14 12.0]         -> PASSED : is the actual pad url   8 ms
[safari OS X 10.14 12.0]       the embed as iframe code
[safari OS X 10.14 12.0]         -> PASSED : is an iframe with the the correct url parameters and correct size   8 ms
[safari OS X 10.14 12.0]     when read only option is set
[safari OS X 10.14 12.0]       the share link
[safari OS X 10.14 12.0]         -> PASSED : shows a read only url   10 ms
[safari OS X 10.14 12.0]       the embed as iframe code
[safari OS X 10.14 12.0]         -> PASSED : is an iframe with the the correct url parameters and correct size   13 ms
[safari OS X 10.14 12.0] 
[safari OS X 10.14 12.0] enter.js
[safari OS X 10.14 12.0]   enter keystroke
[safari OS X 10.14 12.0]     -> PASSED : creates a new line & puts cursor onto a new line   44 ms
[safari OS X 10.14 12.0] 
[safari OS X 10.14 12.0] font_type.js
[safari OS X 10.14 12.0]   font select
[safari OS X 10.14 12.0]     -> PASSED : makes text RobotoMono   18 ms
[safari OS X 10.14 12.0] 
[safari OS X 10.14 12.0] helper.js
[safari OS X 10.14 12.0]   the test helper
[safari OS X 10.14 12.0]     the newPad method
[safari OS X 10.14 12.0]       -> PENDING: doesn't leak memory if you creates iframes over and over again
[safari OS X 10.14 12.0]       -> PASSED : gives me 3 jquery instances of chrome, outer and inner   3091 ms
[safari OS X 10.14 12.0]       -> PASSED : clears cookies   6734 ms
[safari OS X 10.14 12.0]       -> PASSED : sets pad prefs cookie   3441 ms
[safari OS X 10.14 12.0]     the waitFor method
[safari OS X 10.14 12.0]       -> PASSED : takes a timeout and waits long enough   1503 ms
[safari OS X 10.14 12.0]       -> PASSED : takes an interval and checks on every interval   2003 ms
[safari OS X 10.14 12.0]       returns a deferred object
[safari OS X 10.14 12.0]         -> PASSED : it calls done after success   10 ms
[safari OS X 10.14 12.0]         -> PASSED : calls fail after failure   1901 ms
[safari OS X 10.14 12.0]         -> PENDING: throws if you don't listen for fails
[safari OS X 10.14 12.0]     the selectLines method
[safari OS X 10.14 12.0]       -> PASSED : changes editor selection to be between startOffset of $startLine and endOf
[safari OS X 10.14 12.0]       fset of $endLine   4 ms
[safari OS X 10.14 12.0]       -> PASSED : ends selection at beginning of $endLine when it is an empty line   1 ms
[safari OS X 10.14 12.0]       -> PASSED : ends selection at beginning of $endLine when its offset is zero   1 ms
[safari OS X 10.14 12.0]       -> PASSED : selects full line when offset is longer than line content   1 ms
[safari OS X 10.14 12.0]       -> PASSED : selects all text between beginning of $startLine and end of $endLine when 
[safari OS X 10.14 12.0]       no offset is provided   2 ms
[safari OS X 10.14 12.0] 
[safari OS X 10.14 12.0] importexport.js
[safari OS X 10.14 12.0]   import functionality
[safari OS X 10.14 12.0]     -> PENDING: import a pad with newlines from txt
[safari OS X 10.14 12.0]     -> PENDING: import a pad with newlines from html
[safari OS X 10.14 12.0]     -> PENDING: import a pad with attributes from html
[safari OS X 10.14 12.0]     -> PENDING: import a pad with bullets from html
[safari OS X 10.14 12.0]     -> PENDING: import a pad with bullets and newlines from html
[safari OS X 10.14 12.0]     -> PENDING: import a pad with bullets and newlines and attributes from html
[safari OS X 10.14 12.0]     -> PENDING: import a pad with nested bullets from html
[safari OS X 10.14 12.0]     -> PENDING: import a pad with 8 levels of bullets and newlines and attributes from ht
[safari OS X 10.14 12.0]     ml
[safari OS X 10.14 12.0]     -> PENDING: import a pad with ordered lists from html
[safari OS X 10.14 12.0]     -> PENDING: import a pad with ordered lists and newlines from html
[safari OS X 10.14 12.0]     -> PENDING: import a pad with nested ordered lists and attributes and newlines from h
[safari OS X 10.14 12.0]     tml
[safari OS X 10.14 12.0] 
[safari OS X 10.14 12.0] importindents.js
[safari OS X 10.14 12.0]   import indents functionality
[safari OS X 10.14 12.0]     -> PENDING: import a pad with indents from html
[safari OS X 10.14 12.0]     -> PENDING: import a pad with indented lists and newlines from html
[safari OS X 10.14 12.0]     -> PENDING: import a pad with 8 levels of indents and newlines and attributes from ht
[safari OS X 10.14 12.0]     ml
[safari OS X 10.14 12.0] 
[safari OS X 10.14 12.0] indentation.js
[safari OS X 10.14 12.0]   indentation button
[safari OS X 10.14 12.0]     -> PASSED : indent text with keypress   22 ms
[safari OS X 10.14 12.0]     -> PASSED : indent text with button   24 ms
[safari OS X 10.14 12.0]     -> PASSED : keeps the indent on enter for the new line   541 ms
[safari OS X 10.14 12.0]     -> PASSED : indents text with spaces on enter if previous line ends with ':', '[', '('
[safari OS X 10.14 12.0]     , or '{'   94 ms
[safari OS X 10.14 12.0]     -> PASSED : appends indentation to the indent of previous line if previous line ends w
[safari OS X 10.14 12.0]     ith ':', '[', '(', or '{'   76 ms
[safari OS X 10.14 12.0]     -> PASSED : issue #2772 shows '*' when multiple indented lines receive a style and are
[safari OS X 10.14 12.0]      outdented   604 ms
[safari OS X 10.14 12.0] 
[safari OS X 10.14 12.0] italic.js
[safari OS X 10.14 12.0]   italic some text
[safari OS X 10.14 12.0]     -> PASSED : makes text italic using button   17 ms
[safari OS X 10.14 12.0]     -> PASSED : makes text italic using keypress   12 ms
[safari OS X 10.14 12.0] 
[safari OS X 10.14 12.0] language.js
[safari OS X 10.14 12.0]   Language select and change
[safari OS X 10.14 12.0]     -> PASSED : makes text german   224 ms
[safari OS X 10.14 12.0]     -> PASSED : makes text English   85 ms
[safari OS X 10.14 12.0]     -> PASSED : changes direction when picking an rtl lang   236 ms
[safari OS X 10.14 12.0]     -> PASSED : changes direction when picking an ltr lang   96 ms
[safari OS X 10.14 12.0] 
[safari OS X 10.14 12.0] multiple_authors_clear_authorship_colors.js
[safari OS X 10.14 12.0]   author of pad edition
[safari OS X 10.14 12.0]     -> PASSED : Clears Authorship by second user   9 ms
[safari OS X 10.14 12.0] 
[safari OS X 10.14 12.0] ordered_list.js
[safari OS X 10.14 12.0]   assign ordered list
[safari OS X 10.14 12.0]     -> PASSED : inserts ordered list text   36 ms
[safari OS X 10.14 12.0]     -> PENDING: issue #1125 keeps the numbered list on enter for the new line - EMULATES 
[safari OS X 10.14 12.0]     PASTING INTO A PAD
[safari OS X 10.14 12.0]     when user presses Ctrl+Shift+N
[safari OS X 10.14 12.0]       and pad shortcut is enabled
[safari OS X 10.14 12.0]         -> PASSED : inserts unordered list   11 ms
[safari OS X 10.14 12.0]       and pad shortcut is disabled
[safari OS X 10.14 12.0]         -> PASSED : does not insert unordered list   1902 ms
[safari OS X 10.14 12.0]     when user presses Ctrl+Shift+1
[safari OS X 10.14 12.0]       and pad shortcut is enabled
[safari OS X 10.14 12.0]         -> PASSED : inserts unordered list   11 ms
[safari OS X 10.14 12.0]       and pad shortcut is disabled
[safari OS X 10.14 12.0]         -> PASSED : does not insert unordered list   1901 ms
[safari OS X 10.14 12.0]   Pressing Tab in an OL increases and decreases indentation
[safari OS X 10.14 12.0]     -> PASSED : indent and de-indent list item with keypress   58 ms
[safari OS X 10.14 12.0]   Pressing indent/outdent button in an OL increases and decreases indentation and bullet / ol formatti
[safari OS X 10.14 12.0]   ng
[safari OS X 10.14 12.0]     -> PASSED : indent and de-indent list item with indent button   49 ms
[safari OS X 10.14 12.0] 
[safari OS X 10.14 12.0] pad_modal.js
[safari OS X 10.14 12.0]   Pad modal
[safari OS X 10.14 12.0]     when modal is a "force reconnect" message
[safari OS X 10.14 12.0]       -> PASSED : disables editor   1 ms
[safari OS X 10.14 12.0]       and user clicks on editor
[safari OS X 10.14 12.0]         -> PASSED : does not close the modal   1 ms
[safari OS X 10.14 12.0]       and user clicks on pad outer
[safari OS X 10.14 12.0]         -> PASSED : does not close the modal   1 ms
[safari OS X 10.14 12.0]     when modal is not an error message
[safari OS X 10.14 12.0]       and user clicks on editor
[safari OS X 10.14 12.0]         -> PASSED : closes the modal   2 ms
[safari OS X 10.14 12.0]       and user clicks on pad outer
[safari OS X 10.14 12.0]         -> PASSED : closes the modal   1 ms
[safari OS X 10.14 12.0] 
[safari OS X 10.14 12.0] redo.js
[safari OS X 10.14 12.0]   undo button then redo button
[safari OS X 10.14 12.0]     -> PASSED : redo some typing with button   41 ms
[safari OS X 10.14 12.0]     -> PASSED : redo some typing with keypress   47 ms
[safari OS X 10.14 12.0] 
[safari OS X 10.14 12.0] responsiveness.js
[safari OS X 10.14 12.0]   Responsiveness of Editor
[safari OS X 10.14 12.0]     -> PENDING: Fast response to keypress in pad with large amount of contents
[safari OS X 10.14 12.0] 
[safari OS X 10.14 12.0] scroll.js
[safari OS X 10.14 12.0]   scroll when focus line is out of viewport
[safari OS X 10.14 12.0]     when user presses any arrow keys on a line above the viewport
[safari OS X 10.14 12.0]       and scroll percentage config is set to 0.2 on settings.json
[safari OS X 10.14 12.0]         -> PASSED : keeps the focus line scrolled 20% from the top of the viewport   8 ms
[safari OS X 10.14 12.0]     when user presses any arrow keys on a line below the viewport
[safari OS X 10.14 12.0]       and scroll percentage config is set to 0.7 on settings.json
[safari OS X 10.14 12.0]         -> FAILED : keeps the focus line scrolled 70% from the bottom of the viewport expected 5
[safari OS X 10.14 12.0]         0 to equal 49
[safari OS X 10.14 12.0]         assert@http://localhost:9001/tests/frontend/lib/expect.js:99:22
[safari OS X 10.14 12.0]         equal@http://localhost:9001/tests/frontend/lib/expect.js:200:16
[safari OS X 10.14 12.0]         http://localhost:9001/tests/frontend/lib/expect.js:73:29
[safari OS X 10.14 12.0]         http://localhost:9001/tests/frontend/:62:45
[safari OS X 10.14 12.0]     when user presses arrow up on the first line of the viewport
[safari OS X 10.14 12.0]       and percentageToScrollWhenUserPressesArrowUp is set to 0.3
[safari OS X 10.14 12.0]         -> FAILED : keeps the focus line scrolled 30% of the top of the viewport expected 87 to 
[safari OS X 10.14 12.0]         equal 89
[safari OS X 10.14 12.0]         assert@http://localhost:9001/tests/frontend/lib/expect.js:99:22
[safari OS X 10.14 12.0]         equal@http://localhost:9001/tests/frontend/lib/expect.js:200:16
[safari OS X 10.14 12.0]         http://localhost:9001/tests/frontend/lib/expect.js:73:29
[safari OS X 10.14 12.0]         http://localhost:9001/tests/frontend/:89:42
[safari OS X 10.14 12.0]     when user edits the last line of viewport
[safari OS X 10.14 12.0]       and scroll percentage config is set to 0 on settings.json
[safari OS X 10.14 12.0]         -> FAILED : keeps the focus line on the bottom of the viewport expected 11 to equal 12
[safari OS X 10.14 12.0]         assert@http://localhost:9001/tests/frontend/lib/expect.js:99:22
[safari OS X 10.14 12.0]         equal@http://localhost:9001/tests/frontend/lib/expect.js:200:16
[safari OS X 10.14 12.0]         http://localhost:9001/tests/frontend/lib/expect.js:73:29
[safari OS X 10.14 12.0]         http://localhost:9001/tests/frontend/:109:51
[safari OS X 10.14 12.0]       and scrollPercentageWhenFocusLineIsOutOfViewport is set to 0.3
[safari OS X 10.14 12.0]         -> FAILED : scrolls 30% of viewport up expected 12 to equal 13
[safari OS X 10.14 12.0]         assert@http://localhost:9001/tests/frontend/lib/expect.js:99:22
[safari OS X 10.14 12.0]         equal@http://localhost:9001/tests/frontend/lib/expect.js:200:16
[safari OS X 10.14 12.0]         http://localhost:9001/tests/frontend/lib/expect.js:73:29
[safari OS X 10.14 12.0]         http://localhost:9001/tests/frontend/:129:51
[safari OS X 10.14 12.0]       and it is set to a value that overflow the interval [0, 1]
[safari OS X 10.14 12.0]         -> FAILED : keeps the default behavior of moving the focus line on the bottom of the vie
[safari OS X 10.14 12.0]         wport expected 11 to equal 12
[safari OS X 10.14 12.0]         assert@http://localhost:9001/tests/frontend/lib/expect.js:99:22
[safari OS X 10.14 12.0]         equal@http://localhost:9001/tests/frontend/lib/expect.js:200:16
[safari OS X 10.14 12.0]         http://localhost:9001/tests/frontend/lib/expect.js:73:29
[safari OS X 10.14 12.0]         http://localhost:9001/tests/frontend/:145:51
[safari OS X 10.14 12.0]     when user edits a line above the viewport
[safari OS X 10.14 12.0]       and scroll percentage config is set to 0 on settings.json
[safari OS X 10.14 12.0]         -> PASSED : keeps the focus line on the top of the viewport   2 ms
[safari OS X 10.14 12.0]       and scrollPercentageWhenFocusLineIsOutOfViewport is set to 0.2
[safari OS X 10.14 12.0]         -> PASSED : scrolls 20% of viewport down   6 ms
[safari OS X 10.14 12.0]     when user places the caret at the last line visible of viewport
[safari OS X 10.14 12.0]       and scroll percentage config is set to 0 on settings.json
[safari OS X 10.14 12.0]         -> PASSED : does not scroll   1010 ms
[safari OS X 10.14 12.0]       and scroll percentage config is set to 0.5 on settings.json
[safari OS X 10.14 12.0]         -> PENDING: scrolls line to 50% of the viewport
[safari OS X 10.14 12.0]     when the first line selected is out of the viewport and user presses shift arrow down
[safari OS X 10.14 12.0]       -> PASSED : keeps the last line selected on focus   1 ms
[safari OS X 10.14 12.0]     integration with plugins which changes the margin of editor
[safari OS X 10.14 12.0]       when editor dimensions changes
[safari OS X 10.14 12.0]         and user places the caret in the last line visible of the pad
[safari OS X 10.14 12.0]           -> PENDING: scrolls the line where caret is
[safari OS X 10.14 12.0] 
[safari OS X 10.14 12.0] select_formatting_buttons.js
[safari OS X 10.14 12.0]   select formatting buttons when selection has style applied
[safari OS X 10.14 12.0]     when selection is in a text with italic applied
[safari OS X 10.14 12.0]       -> PASSED : selects the italic button   21 ms
[safari OS X 10.14 12.0]     when caret is in a position with italic applied
[safari OS X 10.14 12.0]       -> PASSED : selects the italic button   18 ms
[safari OS X 10.14 12.0]     when selection is in a text with bold applied
[safari OS X 10.14 12.0]       -> PASSED : selects the bold button   19 ms
[safari OS X 10.14 12.0]     when caret is in a position with bold applied
[safari OS X 10.14 12.0]       -> PASSED : selects the bold button   18 ms
[safari OS X 10.14 12.0]     when selection is in a text with underline applied
[safari OS X 10.14 12.0]       -> PASSED : selects the underline button   18 ms
[safari OS X 10.14 12.0]     when caret is in a position with underline applied
[safari OS X 10.14 12.0]       -> PASSED : selects the underline button   13 ms
[safari OS X 10.14 12.0]     when selection is in a text with strikethrough applied
[safari OS X 10.14 12.0]       -> PASSED : selects the strikethrough button   12 ms
[safari OS X 10.14 12.0]     when caret is in a position with strikethrough applied
[safari OS X 10.14 12.0]       -> PASSED : selects the strikethrough button   17 ms
[safari OS X 10.14 12.0]     when user applies a style and the selection does not change
[safari OS X 10.14 12.0]       -> PASSED : selects the style button   1 ms
[safari OS X 10.14 12.0]     when user presses CMD + I
[safari OS X 10.14 12.0]       -> PASSED : selects the italic button   19 ms
[safari OS X 10.14 12.0]       and user presses CMD + I again
[safari OS X 10.14 12.0]         -> PASSED : deselects the italic button   16 ms
[safari OS X 10.14 12.0]     when user presses CMD + B
[safari OS X 10.14 12.0]       -> PASSED : selects the bold button   32 ms
[safari OS X 10.14 12.0]       and user presses CMD + B again
[safari OS X 10.14 12.0]         -> PASSED : deselects the bold button   15 ms
[safari OS X 10.14 12.0]     when user presses CMD + U
[safari OS X 10.14 12.0]       -> PASSED : selects the underline button   15 ms
[safari OS X 10.14 12.0]       and user presses CMD + U again
[safari OS X 10.14 12.0]         -> PASSED : deselects the underline button   26 ms
[safari OS X 10.14 12.0]     when user presses CMD + 5
[safari OS X 10.14 12.0]       -> PASSED : selects the strikethrough button   49 ms
[safari OS X 10.14 12.0]       and user presses CMD + 5 again
[safari OS X 10.14 12.0]         -> PASSED : deselects the strikethrough button   31 ms
[safari OS X 10.14 12.0] 
[safari OS X 10.14 12.0] strikethrough.js
[safari OS X 10.14 12.0]   strikethrough button
[safari OS X 10.14 12.0]     -> PASSED : makes text strikethrough   10 ms
[safari OS X 10.14 12.0] 
[safari OS X 10.14 12.0] timeslider.js
[safari OS X 10.14 12.0]   timeslider button takes you to the timeslider of a pad
[safari OS X 10.14 12.0]     -> PENDING: timeslider contained in URL
[safari OS X 10.14 12.0] 
[safari OS X 10.14 12.0] timeslider_follow.js
[safari OS X 10.14 12.0]   timeslider
[safari OS X 10.14 12.0]     -> FAILED : follow content as it's added to timeslider Error: Error: expected { top: 0, 
[safari OS X 10.14 12.0]     left: 0 } to sort of not equal { top: 0, left: 0 } (http://localhost:9001/tests/frontend/lib/expect.
[safari OS X 10.14 12.0]     js:99)
[safari OS X 10.14 12.0]     (http://localhost:9001/tests/frontend/lib/mocha.js:64)
[safari OS X 10.14 12.0] 
[safari OS X 10.14 12.0] timeslider_labels.js
[safari OS X 10.14 12.0]   timeslider
[safari OS X 10.14 12.0]     -> PASSED : Shows a date and time in the timeslider and make sure it doesn't include N
[safari OS X 10.14 12.0]     aN   4422 ms
[safari OS X 10.14 12.0] 
[safari OS X 10.14 12.0] timeslider_numeric_padID.js
[safari OS X 10.14 12.0]   timeslider
[safari OS X 10.14 12.0]     -> PASSED : Makes sure the export URIs are as expected when the padID is numeric   441
[safari OS X 10.14 12.0]     8 ms
[safari OS X 10.14 12.0] 
[safari OS X 10.14 12.0] timeslider_revisions.js
[safari OS X 10.14 12.0]   timeslider
[safari OS X 10.14 12.0]     -> PASSED : loads adds a hundred revisions   96132 ms
[safari OS X 10.14 12.0]     -> PENDING: changes the url when clicking on the timeslider
[safari OS X 10.14 12.0]     -> PASSED : jumps to a revision given in the url   2416 ms
[safari OS X 10.14 12.0]     -> PASSED : checks the export url   4249 ms
[safari OS X 10.14 12.0] 
[safari OS X 10.14 12.0] undo.js
[safari OS X 10.14 12.0]   undo button
[safari OS X 10.14 12.0]     -> PASSED : undo some typing by clicking undo button   30 ms
[safari OS X 10.14 12.0]     -> PASSED : undo some typing using a keypress   34 ms
[safari OS X 10.14 12.0] 
[safari OS X 10.14 12.0] unordered_list.js
[safari OS X 10.14 12.0]   assign unordered list
[safari OS X 10.14 12.0]     -> PASSED : insert unordered list text then removes by outdent   47 ms
[safari OS X 10.14 12.0]   unassign unordered list
[safari OS X 10.14 12.0]     -> PASSED : insert unordered list text then remove by clicking list again   42 ms
[safari OS X 10.14 12.0]   keep unordered list on enter key
[safari OS X 10.14 12.0]     -> PASSED : Keeps the unordered list on enter for the new line   546 ms
[safari OS X 10.14 12.0]   Pressing Tab in an UL increases and decreases indentation
[safari OS X 10.14 12.0]     -> PASSED : indent and de-indent list item with keypress   39 ms
[safari OS X 10.14 12.0]   Pressing indent/outdent button in an UL increases and decreases indentation and bullet / ol formatti
[safari OS X 10.14 12.0]   ng
[safari OS X 10.14 12.0]     -> PASSED : indent and de-indent list item with indent button   34 ms
[safari OS X 10.14 12.0] 
[safari OS X 10.14 12.0] urls_become_clickable.js
[safari OS X 10.14 12.0]   urls
[safari OS X 10.14 12.0]     -> PASSED : when you enter an url, it becomes clickable   26 ms
[safari OS X 10.14 12.0]     -> PASSED : when you enter a url containing a !, it becomes clickable and contains the
[safari OS X 10.14 12.0]      whole URL   30 ms
[safari OS X 10.14 12.0]     -> PASSED : when you enter a url followed by a ], the ] is not included in the URL   3
[safari OS X 10.14 12.0]     3 ms
[safari OS X 10.14 12.0] 
[safari OS X 10.14 12.0] xxauto_reconnect.js
[safari OS X 10.14 12.0]   Automatic pad reload on Force Reconnect message
[safari OS X 10.14 12.0]     -> PASSED : displays a count down timer to automatically reconnect   1 ms
[safari OS X 10.14 12.0]     and user clicks on Cancel
[safari OS X 10.14 12.0]       -> PASSED : does not show Cancel button nor timer anymore   9 ms
[safari OS X 10.14 12.0]     and user does not click on Cancel until timer expires
[safari OS X 10.14 12.0]       -> PASSED : reloads the pad   3565 ms
[safari OS X 10.14 12.0] 
[safari OS X 10.14 12.0] FINISHED - 110 tests passed, 6 tests failed, duration: 6:35
[safari OS X 10.14 12.0] 
Remote sauce test 'bf24063 - safari 12.0, OS X 10.14' finished! https://saucelabs.com/jobs/47eb82af376946afab15b3d6911becb2


No output has been received in the last 10m0s, this potentially indicates a stalled build or something wrong with the build itself.
Check the details on how to adjust your build configuration on: https://docs.travis-ci.com/user/common-build-problems/#build-times-out-because-no-output-was-received

The build has been terminated

