travis_fold:start:worker_infoWorker information
hostname: 5c370c80-1604-4cab-af69-eab1fcf3b490@1.worker-org-694dfb888f-jf7n6.gce-production-1
version: v6.2.17 https://github.com/travis-ci/worker/tree/bc420764f334fe0d096a417c80426f672f1b7d18
instance: travis-job-5fc2a43d-2a17-4693-9c29-39f8dacd4879 travis-ci-sardonyx-xenial-1553530528-f909ac5 (via amqp)
startup: 6.559367505s
travis_fold:end:worker_infoe:start:0af2577ee:end:0af2577e:start=1595198972269935904,finish=1595198972408728779,duration=138792875,event=no_world_writable_dirse:start:18ad4790e:end:18ad4790:start=1595198972411333506,finish=1595198972414107524,duration=2774018,event=setup_filtere:start:12345ff0e:end:12345ff0:start=1595198972418175883,finish=1595198972429904642,duration=11728759,event=agente:start:0c6afe30e:end:0c6afe30:start=1595198972432479297,finish=1595198972434287832,duration=1808535,event=check_unsupportede:start:01aa5563_infoBuild system information
Build language: node_js
Build dist: xenial
Build id: 709808599
Job id: 709808600
Runtime kernel version: 4.15.0-1028-gcp
travis-build version: 01e86bea
Build image provisioning date and time
Mon Mar 25 16:43:24 UTC 2019
Operating System Details
Distributor ID:Ubuntu
Description:Ubuntu 16.04.6 LTS
Release:16.04
Codename:xenial
Systemd Version
systemd 229
Cookbooks Version
42e42e4 https://github.com/travis-ci/travis-cookbooks/tree/42e42e4
git version
git version 2.21.0
bash version
GNU bash, version 4.3.48(1)-release (x86_64-pc-linux-gnu)
gcc version
gcc (Ubuntu 5.4.0-6ubuntu1~16.04.11) 5.4.0 20160609
docker version
Client:
 Version:           18.06.0-ce
 API version:       1.38
 Go version:        go1.10.3
 Git commit:        0ffa825
 Built:             Wed Jul 18 19:11:02 2018
 OS/Arch:           linux/amd64
 Experimental:      false

Server:
 Engine:
  Version:          18.06.0-ce
  API version:      1.38 (minimum version 1.12)
  Go version:       go1.10.3
  Git commit:       0ffa825
  Built:            Wed Jul 18 19:09:05 2018
  OS/Arch:          linux/amd64
  Experimental:     false
clang version
clang version 7.0.0 (tags/RELEASE_700/final)
jq version
jq-1.5
bats version
Bats 0.4.0
shellcheck version
0.6.0
shfmt version
v2.6.3
ccache version
3.2.4
cmake version
cmake version 3.12.4
heroku version
heroku/7.22.7 linux-x64 node-v11.10.1
imagemagick version
Version: ImageMagick 6.8.9-9 Q16 x86_64 2018-09-28 http://www.imagemagick.org
md5deep version
4.4
mercurial version
version 4.8
mysql version
mysql  Ver 14.14 Distrib 5.7.25, for Linux (x86_64) using  EditLine wrapper
openssl version
OpenSSL 1.0.2g  1 Mar 2016
packer version
1.3.3
postgresql client version
psql (PostgreSQL) 10.7 (Ubuntu 10.7-1.pgdg16.04+1)
ragel version
Ragel State Machine Compiler version 6.8 Feb 2013
sudo version
1.8.16
gzip version
gzip 1.6
zip version
Zip 3.0
vim version
VIM - Vi IMproved 7.4 (2013 Aug 10, compiled Nov 24 2016 16:44:48)
iptables version
iptables v1.6.0
curl version
curl 7.47.0 (x86_64-pc-linux-gnu) libcurl/7.47.0 GnuTLS/3.4.10 zlib/1.2.8 libidn/1.32 librtmp/2.3
wget version
GNU Wget 1.17.1 built on linux-gnu.
rsync version
rsync  version 3.1.1  protocol version 31
gimme version
v1.5.3
nvm version
0.34.0
perlbrew version
/home/travis/perl5/perlbrew/bin/perlbrew  - App::perlbrew/0.86
phpenv version
rbenv 1.1.2
rvm version
rvm 1.29.7 (latest) by Michal Papis, Piotr Kuczynski, Wayne E. Seguin [https://rvm.io]
default ruby version
ruby 2.5.3p105 (2018-10-18 revision 65156) [x86_64-linux]
CouchDB version
couchdb 1.6.1
ElasticSearch version
5.5.0
Installed Firefox version
firefox 63.0.1
MongoDB version
MongoDB 4.0.7
PhantomJS version
2.1.1
Pre-installed PostgreSQL versions
9.4.21
9.5.16
9.6.12
Redis version
redis-server 5.0.4
Pre-installed Go versions
1.11.1
mvn version
Apache Maven 3.6.0 (97c98ec64a1fdfee7767ce5ffb20918da4f719f3; 2018-10-24T18:41:47Z)
gradle version
Gradle 4.10.2!
lein version
Leiningen 2.9.1 on Java 11.0.2 OpenJDK 64-Bit Server VM
Pre-installed Node.js versions
v10.15.3
v11.0.0
v4.9.1
v6.17.0
v8.12.0
v8.15.1
v8.9
phpenv versions
  system
  5.6
  5.6.40
  7.1
  7.1.27
  7.2
* 7.2.15 (set by /home/travis/.phpenv/version)
  hhvm
  hhvm-stable
composer --version
Composer version 1.8.4 2019-02-11 10:52:10
Pre-installed Ruby versions
ruby-2.3.8
ruby-2.4.5
ruby-2.5.3
travis_fold:end:system_infoe:end:01aa5563:start=1595198972436954301,finish=1595198972441703461,duration=4749160,event=show_system_infoe:start:020236ece:end:020236ec:start=1595198972444308104,finish=1595198972456007330,duration=11699226,event=rm_riak_sourcee:start:150fedede:end:150feded:start=1595198972459353955,finish=1595198972465086054,duration=5732099,event=fix_rwky_redise:start:25ace200e:end:25ace200:start=1595198972468303786,finish=1595198973152247015,duration=683943229,event=wait_for_networke:start:009a87bde:end:009a87bd:start=1595198973156347210,finish=1595198973370623246,duration=214276036,event=update_apt_keyse:start:030e6c4fe:end:030e6c4f:start=1595198973375182500,finish=1595198973426100721,duration=50918221,event=fix_hhvm_sourcee:start:0fed232ae:end:0fed232a:start=1595198973430966165,finish=1595198973433943896,duration=2977731,event=update_mongo_arche:start:1a1a7600e:end:1a1a7600:start=1595198973437410906,finish=1595198973477810607,duration=40399701,event=fix_sudo_enabled_trustye:start:09f70c10e:end:09f70c10:start=1595198973483476666,finish=1595198973485748434,duration=2271768,event=update_glibce:start:0921fbd0e:end:0921fbd0:start=1595198973491153891,finish=1595198973499078662,duration=7924771,event=clean_up_pathe:start:24d41671e:end:24d41671:start=1595198973502663354,finish=1595198973510030908,duration=7367554,event=fix_resolv_confe:start:1fa0e57ce:end:1fa0e57c:start=1595198973513789167,finish=1595198973522069695,duration=8280528,event=fix_etc_hostse:start:27d0b25ce:end:27d0b25c:start=1595198973529378377,finish=1595198973538547348,duration=9168971,event=fix_mvn_settings_xmle:start:0122825ae:end:0122825a:start=1595198973546091306,finish=1595198973556135185,duration=10043879,event=no_ipv6_localhoste:start:0e17fb3be:end:0e17fb3b:start=1595198973561422453,finish=1595198973563570154,duration=2147701,event=fix_etc_mavenrce:start:0102222ae:end:0102222a:start=1595198973568781254,finish=1595198973571757950,duration=2976696,event=fix_wwdr_certificatee:start:15d66388e:end:15d66388:start=1595198973575641346,finish=1595198973597874166,duration=22232820,event=put_localhost_firste:start:320421b8e:end:320421b8:start=1595198973601333583,finish=1595198973604571913,duration=3238330,event=home_pathse:start:05aa8e27e:end:05aa8e27:start=1595198973607841071,finish=1595198973619848169,duration=12007098,event=disable_initramfse:start:013934a0e:end:013934a0:start=1595198973623913614,finish=1595198973919237588,duration=295323974,event=disable_ssh_roaminge:start:039e311ce:end:039e311c:start=1595198973923769920,finish=1595198973925881574,duration=2111654,event=debug_toolse:start:0330e14ee:end:0330e14e:start=1595198973929836501,finish=1595198973932791253,duration=2954752,event=uninstall_oclinte:start:01636f2ce:end:01636f2c:start=1595198973936827191,finish=1595198973940271063,duration=3443872,event=rvm_usee:start:053b493ae:end:053b493a:start=1595198973944653485,finish=1595198973952479942,duration=7826457,event=rm_etc_boto_cfge:start:19f0b252e:end:19f0b252:start=1595198973957864192,finish=1595198973960831481,duration=2967289,event=rm_oraclejdk8_symlinke:start:00f69ae5e:end:00f69ae5:start=1595198973964197748,finish=1595198974059574488,duration=95376740,event=enable_i386e:start:0688845ce:end:0688845c:start=1595198974064772541,finish=1595198974071283983,duration=6511442,event=update_rubygemse:start:03dd8cf8e:end:03dd8cf8:start=1595198974074957595,finish=1595198974858099249,duration=783141654,event=ensure_path_componentse:start:1ea44c2de:end:1ea44c2d:start=1595198974864224823,finish=1595198974866440865,duration=2216042,event=redefine_curle:start:0178607ae:end:0178607a:start=1595198974870624247,finish=1595198974968837204,duration=98212957,event=nonblock_pipee:start:23d80fc4e:end:23d80fc4:start=1595198974973663002,finish=1595198989660716238,duration=14687053236,event=apt_get_updatee:start:0fcbe024e:end:0fcbe024:start=1595198989665755928,finish=1595198989668016613,duration=2260685,event=deprecate_xcode_64e:start:2aeeda81e:end:2aeeda81:start=1595198989673847115,finish=1595198992163357464,duration=2489510349,event=update_herokue:start:0b956bc9e:end:0b956bc9:start=1595198992168322729,finish=1595198992170511504,duration=2188775,event=shell_session_updatee:start:065e0af8tutue:end:065e0af8:start=1595198992174448212,finish=1595198995860015002,duration=3685566790,event=set_docker_mtue:start:02ffc0bbe:end:02ffc0bb:start=1595198995864731957,finish=1595198995924435013,duration=59703056,event=resolvconfe:start:34e7850ee:end:34e7850e:start=1595198995928719034,finish=1595198996062040209,duration=133321175,event=maven_central_mirrore:start:0b35a420e:end:0b35a420:start=1595198996068626869,finish=1595198996156979745,duration=88352876,event=maven_httpse:start:150b9735e:start:2c71e4b0ctl start docker
travis_time:end:2c71e4b0:start=1595198996169336823,finish=1595198996181159420,duration=11822597,event=preparee:end:2c71e4b0:start=1595198996169336823,finish=1595198999186382994,duration=3017046171,event=servicese:start:0c8dabb8e:end:0c8dabb8:start=1595198999192161376,finish=1595198999194469181,duration=2307805,event=fix_ps4e:start:1feab6c3e:start:0e01f43a/ether/[secure].git ether/[secure]
Cloning into 'ether/[secure]'...
travis_time:end:0e01f43a:start=1595198999201456895,finish=1595199000330784968,duration=1129328073,event=checkoute:end:0e01f43a:start=1595198999201456895,finish=1595199000394717839,duration=1193260944,event=checkoute:start:2409c93cSetting environment variables from repository settings
$ export SAUCE_USERNAME=[secure]
$ export SAUCE_ACCESS_KEY=[secure]

Setting environment variables from .travis.yml
$ export SAUCE_USERNAME=[secure]
$ export SAUCE_ACCESS_KEY=[secure]

travis_time:end:2409c93c:start=1595199000398946054,finish=1595199000409549229,duration=10603175,event=env.installe:start:1f33197e install lts/*
Downloading and installing node v12.18.2...
Downloading https://nodejs.org/dist/v12.18.2/node-v12.18.2-linux-x64.tar.xz...
Computing checksum with sha256sum
Checksums matched!
Now using node v12.18.2 (npm v6.14.5)
travis_time:end:1f33197e:start=1595199001412310059,finish=1595199004119435513,duration=2707125454,event=setup.install --version
6.14.5
$ nvm --version
0.35.3

travis_fold:start:before_install.1e:start:0c4eaad6p/tmpjq29pm9a/secring.gpg' created
gpg: keyring `/tmp/tmpjq29pm9a/pubring.gpg' created
gpg: requesting key 1378B444 from hkp server keyserver.ubuntu.com
gpg: /tmp/tmpjq29pm9a/trustdb.gpg: trustdb created
gpg: key 1378B444: public key "Launchpad PPA for LibreOffice Packaging" imported
gpg: no ultimately trusted keys found
gpg: Total number processed: 1
gpg:               imported: 1  (RSA: 1)
OK
travis_time:end:0c4eaad6:start=1595199004647623300,finish=1595199006283656446,duration=1636033146,event=before_installe:start:071034a9/ubuntu xenial-security InRelease
Hit:2 http://us-east-1.ec2.archive.ubuntu.com/ubuntu xenial InRelease
Hit:3 http://us-east-1.ec2.archive.ubuntu.com/ubuntu xenial-updates InRelease
Get:4 http://ppa.launchpad.net/libreoffice/ppa/ubuntu xenial InRelease [23.8 kB]
Hit:5 http://us-east-1.ec2.archive.ubuntu.com/ubuntu xenial-backports InRelease
Hit:6 http://apt.postgresql.org/pub/repos/apt xenial-pgdg InRelease
Get:7 http://ppa.launchpad.net/libreoffice/ppa/ubuntu xenial/main amd64 Packages [34.4 kB]
Get:8 http://ppa.launchpad.net/libreoffice/ppa/ubuntu xenial/main i386 Packages [34.4 kB]
Get:9 http://ppa.launchpad.net/libreoffice/ppa/ubuntu xenial/main Translation-en [13.8 kB]
Fetched 106 kB in 1s (81.3 kB/s)
Reading package lists...
travis_time:end:071034a9:start=1595199006289721697,finish=1595199012256882428,duration=5967160731,event=before_installe:start:01ef810fation...
The following additional packages will be installed:
  fonts-opensymbol libboost-date-time1.58.0 libboost-locale1.58.0
  libboost-thread1.58.0 libclucene-contribs1v5 libclucene-core1v5
  libcolamd2.9.1 libexttextcat-2.0-0 libexttextcat-data
  libgstreamer-plugins-base1.0-0 libgstreamer1.0-0 libharfbuzz-icu0
  libhunspell-1.3-0 libhyphen0 liblangtag-common liblangtag1 libmythes-1.2-0
  libneon27-gnutls liborc-0.4-0 libpoppler58 libraptor2-0 librasqal3 librdf0
  libreoffice-avmedia-backend-gstreamer libreoffice-base libreoffice-base-core
  libreoffice-base-drivers libreoffice-calc libreoffice-common
  libreoffice-core libreoffice-draw libreoffice-impress libreoffice-math
  libreoffice-report-builder-bin libreoffice-style-colibre
  libreoffice-style-tango libreoffice-writer libsuitesparseconfig4.4.6
  libyajl2 lp-solve python3-uno uno-libs3 ure
Suggested packages:
  libvisual-0.4-plugins gstreamer1.0-tools poppler-data raptor2-utils
  rasqal-utils librdf-storage-postgresql librdf-storage-mysql
  librdf-storage-sqlite librdf-storage-virtuoso redland-utils cups-bsd
  firefox-esr | thunderbird | firefox ghostscript gpa hunspell-dictionary
  hyphen-hyphenation-patterns libreoffice-grammarcheck libreoffice-help
  libreoffice-l10n myspell-dictionary mythes-thesaurus
  openclipart2-libreoffice | openclipart-libreoffice pstoedit unixodbc
  gstreamer1.0-plugins-base gstreamer1.0-plugins-good
  gstreamer1.0-plugins-ugly gstreamer1.0-plugins-bad gstreamer1.0-libav
  libsane libreoffice-officebean libreoffice-report-builder libjtds-java
  libreoffice-sdbc-hsqldb libreoffice-sdbc-mysql | libmyodbc | libmariadb-java
  libreoffice-sdbc-postgresql | odbc-postgresql | libpg-java libsqliteodbc
  | tdsodbc | mdbtools ocl-icd-libopencl1 | mesa-opencl-icd
  | beignet-opencl-icd bluez tango-icon-theme fonts-crosextra-caladea
  fonts-crosextra-carlito libreoffice-java-common
Recommended packages:
  gstreamer1.0-plugins-base hunspell-en-us | hunspell-dictionary
  | myspell-dictionary fonts-crosextra-caladea fonts-crosextra-carlito
  fonts-dejavu fonts-liberation2 fonts-linuxlibertine fonts-noto-core
  fonts-noto-mono fonts-noto-ui-core fonts-sil-gentium-basic libreoffice-gnome
  | libreoffice-kde4 libreoffice-librelogo libreoffice-nlpsolver
  libreoffice-report-builder libreoffice-script-provider-bsh
  libreoffice-script-provider-js libreoffice-script-provider-python
  libreoffice-sdbc-mysql libreoffice-sdbc-postgresql
  libreoffice-wiki-publisher libreoffice-java-common fonts-liberation2
  | ttf-mscorefonts-installer libpaper-utils
The following NEW packages will be installed:
  fonts-opensymbol libboost-date-time1.58.0 libboost-locale1.58.0
  libboost-thread1.58.0 libclucene-contribs1v5 libclucene-core1v5
  libcolamd2.9.1 libexttextcat-2.0-0 libexttextcat-data
  libgstreamer-plugins-base1.0-0 libgstreamer1.0-0 libharfbuzz-icu0
  libhunspell-1.3-0 libhyphen0 liblangtag-common liblangtag1 libmythes-1.2-0
  libneon27-gnutls liborc-0.4-0 libpoppler58 libraptor2-0 librasqal3 librdf0
  libreoffice libreoffice-avmedia-backend-gstreamer libreoffice-base
  libreoffice-base-core libreoffice-base-drivers libreoffice-calc
  libreoffice-common libreoffice-core libreoffice-draw libreoffice-impress
  libreoffice-math libreoffice-report-builder-bin libreoffice-style-colibre
  libreoffice-style-tango libreoffice-writer libsuitesparseconfig4.4.6
  libyajl2 lp-solve python3-uno uno-libs3 ure
0 upgraded, 44 newly installed, 0 to remove and 305 not upgraded.
Need to get 105 MB of archives.
After this operation, 369 MB of additional disk space will be used.
Get:1 http://us-east-1.ec2.archive.ubuntu.com/ubuntu xenial/main amd64 libyajl2 amd64 2.1.0-2 [19.6 kB]
Get:2 http://us-east-1.ec2.archive.ubuntu.com/ubuntu xenial/main amd64 libraptor2-0 amd64 2.0.14-1 [154 kB]
Get:3 http://ppa.launchpad.net/libreoffice/ppa/ubuntu xenial/main amd64 fonts-opensymbol all 2:102.10+LibO6.2.8~rc2-0ubuntu0.16.04.1 [293 kB]
Get:4 http://us-east-1.ec2.archive.ubuntu.com/ubuntu xenial/main amd64 librasqal3 amd64 0.9.32-1 [163 kB]
Get:5 http://us-east-1.ec2.archive.ubuntu.com/ubuntu xenial-updates/main amd64 libboost-date-time1.58.0 amd64 1.58.0+dfsg-5ubuntu3.1 [20.7 kB]
Get:6 http://us-east-1.ec2.archive.ubuntu.com/ubuntu xenial-updates/main amd64 libboost-thread1.58.0 amd64 1.58.0+dfsg-5ubuntu3.1 [47.0 kB]
Get:7 http://us-east-1.ec2.archive.ubuntu.com/ubuntu xenial-updates/universe amd64 libboost-locale1.58.0 amd64 1.58.0+dfsg-5ubuntu3.1 [242 kB]
Get:8 http://us-east-1.ec2.archive.ubuntu.com/ubuntu xenial/main amd64 libclucene-core1v5 amd64 2.3.3.4-4.1 [461 kB]
Get:9 http://us-east-1.ec2.archive.ubuntu.com/ubuntu xenial/main amd64 libclucene-contribs1v5 amd64 2.3.3.4-4.1 [79.3 kB]
Get:10 http://us-east-1.ec2.archive.ubuntu.com/ubuntu xenial/main amd64 libsuitesparseconfig4.4.6 amd64 1:4.4.6-1 [9,322 B]
Get:11 http://us-east-1.ec2.archive.ubuntu.com/ubuntu xenial/main amd64 libcolamd2.9.1 amd64 1:4.4.6-1 [15.7 kB]
Get:12 http://us-east-1.ec2.archive.ubuntu.com/ubuntu xenial/main amd64 libexttextcat-data all 3.4.4-1ubuntu3 [164 kB]
Get:13 http://us-east-1.ec2.archive.ubuntu.com/ubuntu xenial/main amd64 libexttextcat-2.0-0 amd64 3.4.4-1ubuntu3 [13.1 kB]
Get:14 http://us-east-1.ec2.archive.ubuntu.com/ubuntu xenial-updates/main amd64 libgstreamer1.0-0 amd64 1.8.3-1~ubuntu0.1 [769 kB]
Get:15 http://us-east-1.ec2.archive.ubuntu.com/ubuntu xenial/main amd64 liborc-0.4-0 amd64 1:0.4.25-1 [138 kB]
Get:16 http://us-east-1.ec2.archive.ubuntu.com/ubuntu xenial-updates/main amd64 libgstreamer-plugins-base1.0-0 amd64 1.8.3-1ubuntu0.3 [593 kB]
Get:17 http://us-east-1.ec2.archive.ubuntu.com/ubuntu xenial-updates/main amd64 libharfbuzz-icu0 amd64 1.0.1-1ubuntu0.1 [5,198 B]
Get:18 http://us-east-1.ec2.archive.ubuntu.com/ubuntu xenial/main amd64 libhunspell-1.3-0 amd64 1.3.3-4ubuntu1 [108 kB]
Get:19 http://us-east-1.ec2.archive.ubuntu.com/ubuntu xenial/main amd64 libhyphen0 amd64 2.8.8-2ubuntu1 [18.4 kB]
Get:20 http://us-east-1.ec2.archive.ubuntu.com/ubuntu xenial/main amd64 liblangtag-common all 0.5.7-2ubuntu1 [112 kB]
Get:21 http://us-east-1.ec2.archive.ubuntu.com/ubuntu xenial/main amd64 liblangtag1 amd64 0.5.7-2ubuntu1 [45.5 kB]
Get:22 http://ppa.launchpad.net/libreoffice/ppa/ubuntu xenial/main amd64 libreoffice-style-colibre all 1:6.2.8~rc2-0ubuntu0.16.04.1 [1,013 kB]
Get:23 http://us-east-1.ec2.archive.ubuntu.com/ubuntu xenial/main amd64 libmythes-1.2-0 amd64 2:1.2.4-1ubuntu3 [8,366 B]
Get:24 http://us-east-1.ec2.archive.ubuntu.com/ubuntu xenial/main amd64 libneon27-gnutls amd64 0.30.1-3build1 [65.7 kB]
Get:25 http://us-east-1.ec2.archive.ubuntu.com/ubuntu xenial-updates/main amd64 libpoppler58 amd64 0.41.0-0ubuntu1.14 [757 kB]
Get:26 http://us-east-1.ec2.archive.ubuntu.com/ubuntu xenial/main amd64 librdf0 amd64 1.0.17-1build1 [95.6 kB]
Get:27 http://us-east-1.ec2.archive.ubuntu.com/ubuntu xenial/main amd64 lp-solve amd64 5.5.0.13-7build2 [277 kB]
Get:28 http://ppa.launchpad.net/libreoffice/ppa/ubuntu xenial/main amd64 libreoffice-style-tango all 1:6.2.8~rc2-0ubuntu0.16.04.1 [1,208 kB]
Get:29 http://ppa.launchpad.net/libreoffice/ppa/ubuntu xenial/main amd64 uno-libs3 amd64 6.2.8~rc2-0ubuntu0.16.04.1 [902 kB]
Get:30 http://ppa.launchpad.net/libreoffice/ppa/ubuntu xenial/main amd64 ure amd64 6.2.8~rc2-0ubuntu0.16.04.1 [1,738 kB]
Get:31 http://ppa.launchpad.net/libreoffice/ppa/ubuntu xenial/main amd64 libreoffice-common all 1:6.2.8~rc2-0ubuntu0.16.04.1 [33.4 MB]
Get:32 http://ppa.launchpad.net/libreoffice/ppa/ubuntu xenial/main amd64 libreoffice-core amd64 1:6.2.8~rc2-0ubuntu0.16.04.1 [37.7 MB]
Get:33 http://ppa.launchpad.net/libreoffice/ppa/ubuntu xenial/main amd64 libreoffice-base-core amd64 1:6.2.8~rc2-0ubuntu0.16.04.1 [765 kB]
Get:34 http://ppa.launchpad.net/libreoffice/ppa/ubuntu xenial/main amd64 libreoffice-base-drivers amd64 1:6.2.8~rc2-0ubuntu0.16.04.1 [497 kB]
Get:35 http://ppa.launchpad.net/libreoffice/ppa/ubuntu xenial/main amd64 libreoffice-base amd64 1:6.2.8~rc2-0ubuntu0.16.04.1 [1,719 kB]
Get:36 http://ppa.launchpad.net/libreoffice/ppa/ubuntu xenial/main amd64 libreoffice-calc amd64 1:6.2.8~rc2-0ubuntu0.16.04.1 [7,220 kB]
Get:37 http://ppa.launchpad.net/libreoffice/ppa/ubuntu xenial/main amd64 libreoffice-draw amd64 1:6.2.8~rc2-0ubuntu0.16.04.1 [3,392 kB]
Get:38 http://ppa.launchpad.net/libreoffice/ppa/ubuntu xenial/main amd64 libreoffice-impress amd64 1:6.2.8~rc2-0ubuntu0.16.04.1 [971 kB]
Get:39 http://ppa.launchpad.net/libreoffice/ppa/ubuntu xenial/main amd64 libreoffice-math amd64 1:6.2.8~rc2-0ubuntu0.16.04.1 [377 kB]
Get:40 http://ppa.launchpad.net/libreoffice/ppa/ubuntu xenial/main amd64 libreoffice-report-builder-bin amd64 1:6.2.8~rc2-0ubuntu0.16.04.1 [811 kB]
Get:41 http://ppa.launchpad.net/libreoffice/ppa/ubuntu xenial/main amd64 libreoffice-writer amd64 1:6.2.8~rc2-0ubuntu0.16.04.1 [8,749 kB]
Get:42 http://ppa.launchpad.net/libreoffice/ppa/ubuntu xenial/main amd64 libreoffice-avmedia-backend-gstreamer amd64 1:6.2.8~rc2-0ubuntu0.16.04.1 [25.2 kB]
Get:43 http://ppa.launchpad.net/libreoffice/ppa/ubuntu xenial/main amd64 python3-uno amd64 1:6.2.8~rc2-0ubuntu0.16.04.1 [214 kB]
Get:44 http://ppa.launchpad.net/libreoffice/ppa/ubuntu xenial/main amd64 libreoffice amd64 1:6.2.8~rc2-0ubuntu0.16.04.1 [98.0 kB]
Extracting templates from packages: 68%Extracting templates from packages: 100%
Fetched 105 MB in 18s (5,719 kB/s)
Selecting previously unselected package libyajl2:amd64.
(Reading database ... (Reading database ... 5%(Reading database ... 10%(Reading database ... 15%(Reading database ... 20%(Reading database ... 25%(Reading database ... 30%(Reading database ... 35%(Reading database ... 40%(Reading database ... 45%(Reading database ... 50%(Reading database ... 55%(Reading database ... 60%(Reading database ... 65%(Reading database ... 70%(Reading database ... 75%(Reading database ... 80%(Reading database ... 85%(Reading database ... 90%(Reading database ... 95%(Reading database ... 100%(Reading database ... 124189 files and directories currently installed.)
Preparing to unpack .../libyajl2_2.1.0-2_amd64.deb ...
Unpacking libyajl2:amd64 (2.1.0-2) ...
Selecting previously unselected package libraptor2-0:amd64.
Preparing to unpack .../libraptor2-0_2.0.14-1_amd64.deb ...
Unpacking libraptor2-0:amd64 (2.0.14-1) ...
Selecting previously unselected package librasqal3:amd64.
Preparing to unpack .../librasqal3_0.9.32-1_amd64.deb ...
Unpacking librasqal3:amd64 (0.9.32-1) ...
Selecting previously unselected package fonts-opensymbol.
Preparing to unpack .../fonts-opensymbol_2%3a102.10+LibO6.2.8~rc2-0ubuntu0.16.04.1_all.deb ...
Unpacking fonts-opensymbol (2:102.10+LibO6.2.8~rc2-0ubuntu0.16.04.1) ...
Selecting previously unselected package libboost-date-time1.58.0:amd64.
Preparing to unpack .../libboost-date-time1.58.0_1.58.0+dfsg-5ubuntu3.1_amd64.deb ...
Unpacking libboost-date-time1.58.0:amd64 (1.58.0+dfsg-5ubuntu3.1) ...
Selecting previously unselected package libboost-thread1.58.0:amd64.
Preparing to unpack .../libboost-thread1.58.0_1.58.0+dfsg-5ubuntu3.1_amd64.deb ...
Unpacking libboost-thread1.58.0:amd64 (1.58.0+dfsg-5ubuntu3.1) ...
Selecting previously unselected package libboost-locale1.58.0:amd64.
Preparing to unpack .../libboost-locale1.58.0_1.58.0+dfsg-5ubuntu3.1_amd64.deb ...
Unpacking libboost-locale1.58.0:amd64 (1.58.0+dfsg-5ubuntu3.1) ...
Selecting previously unselected package libclucene-core1v5:amd64.
Preparing to unpack .../libclucene-core1v5_2.3.3.4-4.1_amd64.deb ...
Unpacking libclucene-core1v5:amd64 (2.3.3.4-4.1) ...
Selecting previously unselected package libclucene-contribs1v5:amd64.
Preparing to unpack .../libclucene-contribs1v5_2.3.3.4-4.1_amd64.deb ...
Unpacking libclucene-contribs1v5:amd64 (2.3.3.4-4.1) ...
Selecting previously unselected package libsuitesparseconfig4.4.6:amd64.
Preparing to unpack .../libsuitesparseconfig4.4.6_1%3a4.4.6-1_amd64.deb ...
Unpacking libsuitesparseconfig4.4.6:amd64 (1:4.4.6-1) ...
Selecting previously unselected package libcolamd2.9.1:amd64.
Preparing to unpack .../libcolamd2.9.1_1%3a4.4.6-1_amd64.deb ...
Unpacking libcolamd2.9.1:amd64 (1:4.4.6-1) ...
Selecting previously unselected package libexttextcat-data.
Preparing to unpack .../libexttextcat-data_3.4.4-1ubuntu3_all.deb ...
Unpacking libexttextcat-data (3.4.4-1ubuntu3) ...
Selecting previously unselected package libexttextcat-2.0-0:amd64.
Preparing to unpack .../libexttextcat-2.0-0_3.4.4-1ubuntu3_amd64.deb ...
Unpacking libexttextcat-2.0-0:amd64 (3.4.4-1ubuntu3) ...
Selecting previously unselected package libgstreamer1.0-0:amd64.
Preparing to unpack .../libgstreamer1.0-0_1.8.3-1~ubuntu0.1_amd64.deb ...
Unpacking libgstreamer1.0-0:amd64 (1.8.3-1~ubuntu0.1) ...
Selecting previously unselected package liborc-0.4-0:amd64.
Preparing to unpack .../liborc-0.4-0_1%3a0.4.25-1_amd64.deb ...
Unpacking liborc-0.4-0:amd64 (1:0.4.25-1) ...
Selecting previously unselected package libgstreamer-plugins-base1.0-0:amd64.
Preparing to unpack .../libgstreamer-plugins-base1.0-0_1.8.3-1ubuntu0.3_amd64.deb ...
Unpacking libgstreamer-plugins-base1.0-0:amd64 (1.8.3-1ubuntu0.3) ...
Selecting previously unselected package libharfbuzz-icu0:amd64.
Preparing to unpack .../libharfbuzz-icu0_1.0.1-1ubuntu0.1_amd64.deb ...
Unpacking libharfbuzz-icu0:amd64 (1.0.1-1ubuntu0.1) ...
Selecting previously unselected package libhunspell-1.3-0:amd64.
Preparing to unpack .../libhunspell-1.3-0_1.3.3-4ubuntu1_amd64.deb ...
Unpacking libhunspell-1.3-0:amd64 (1.3.3-4ubuntu1) ...
Selecting previously unselected package libhyphen0:amd64.
Preparing to unpack .../libhyphen0_2.8.8-2ubuntu1_amd64.deb ...
Unpacking libhyphen0:amd64 (2.8.8-2ubuntu1) ...
Selecting previously unselected package liblangtag-common.
Preparing to unpack .../liblangtag-common_0.5.7-2ubuntu1_all.deb ...
Unpacking liblangtag-common (0.5.7-2ubuntu1) ...
Selecting previously unselected package liblangtag1:amd64.
Preparing to unpack .../liblangtag1_0.5.7-2ubuntu1_amd64.deb ...
Unpacking liblangtag1:amd64 (0.5.7-2ubuntu1) ...
Selecting previously unselected package libmythes-1.2-0:amd64.
Preparing to unpack .../libmythes-1.2-0_2%3a1.2.4-1ubuntu3_amd64.deb ...
Unpacking libmythes-1.2-0:amd64 (2:1.2.4-1ubuntu3) ...
Selecting previously unselected package libneon27-gnutls:amd64.
Preparing to unpack .../libneon27-gnutls_0.30.1-3build1_amd64.deb ...
Unpacking libneon27-gnutls:amd64 (0.30.1-3build1) ...
Selecting previously unselected package libpoppler58:amd64.
Preparing to unpack .../libpoppler58_0.41.0-0ubuntu1.14_amd64.deb ...
Unpacking libpoppler58:amd64 (0.41.0-0ubuntu1.14) ...
Selecting previously unselected package librdf0:amd64.
Preparing to unpack .../librdf0_1.0.17-1build1_amd64.deb ...
Unpacking librdf0:amd64 (1.0.17-1build1) ...
Selecting previously unselected package libreoffice-style-colibre.
Preparing to unpack .../libreoffice-style-colibre_1%3a6.2.8~rc2-0ubuntu0.16.04.1_all.deb ...
Unpacking libreoffice-style-colibre (1:6.2.8~rc2-0ubuntu0.16.04.1) ...
Selecting previously unselected package libreoffice-style-tango.
Preparing to unpack .../libreoffice-style-tango_1%3a6.2.8~rc2-0ubuntu0.16.04.1_all.deb ...
Unpacking libreoffice-style-tango (1:6.2.8~rc2-0ubuntu0.16.04.1) ...
Selecting previously unselected package uno-libs3.
Preparing to unpack .../uno-libs3_6.2.8~rc2-0ubuntu0.16.04.1_amd64.deb ...
Unpacking uno-libs3 (6.2.8~rc2-0ubuntu0.16.04.1) ...
Selecting previously unselected package ure.
Preparing to unpack .../ure_6.2.8~rc2-0ubuntu0.16.04.1_amd64.deb ...
Unpacking ure (6.2.8~rc2-0ubuntu0.16.04.1) ...
Selecting previously unselected package libreoffice-common.
Preparing to unpack .../libreoffice-common_1%3a6.2.8~rc2-0ubuntu0.16.04.1_all.deb ...
Unpacking libreoffice-common (1:6.2.8~rc2-0ubuntu0.16.04.1) ...
Selecting previously unselected package libreoffice-core.
Preparing to unpack .../libreoffice-core_1%3a6.2.8~rc2-0ubuntu0.16.04.1_amd64.deb ...
Unpacking libreoffice-core (1:6.2.8~rc2-0ubuntu0.16.04.1) ...
Selecting previously unselected package libreoffice-base-core.
Preparing to unpack .../libreoffice-base-core_1%3a6.2.8~rc2-0ubuntu0.16.04.1_amd64.deb ...
Unpacking libreoffice-base-core (1:6.2.8~rc2-0ubuntu0.16.04.1) ...
Selecting previously unselected package libreoffice-base-drivers.
Preparing to unpack .../libreoffice-base-drivers_1%3a6.2.8~rc2-0ubuntu0.16.04.1_amd64.deb ...
Unpacking libreoffice-base-drivers (1:6.2.8~rc2-0ubuntu0.16.04.1) ...
Selecting previously unselected package libreoffice-base.
Preparing to unpack .../libreoffice-base_1%3a6.2.8~rc2-0ubuntu0.16.04.1_amd64.deb ...
Adding 'diversion of /usr/lib/libreoffice/share/basic/dialog.xlc to /usr/lib/libreoffice/share/basic/dialog.xlc.noaccess by libreoffice-base'
Adding 'diversion of /usr/lib/libreoffice/share/basic/script.xlc to /usr/lib/libreoffice/share/basic/script.xlc.noaccess by libreoffice-base'
Unpacking libreoffice-base (1:6.2.8~rc2-0ubuntu0.16.04.1) ...
Selecting previously unselected package lp-solve.
Preparing to unpack .../lp-solve_5.5.0.13-7build2_amd64.deb ...
Unpacking lp-solve (5.5.0.13-7build2) ...
Selecting previously unselected package libreoffice-calc.
Preparing to unpack .../libreoffice-calc_1%3a6.2.8~rc2-0ubuntu0.16.04.1_amd64.deb ...
Unpacking libreoffice-calc (1:6.2.8~rc2-0ubuntu0.16.04.1) ...
Selecting previously unselected package libreoffice-draw.
Preparing to unpack .../libreoffice-draw_1%3a6.2.8~rc2-0ubuntu0.16.04.1_amd64.deb ...
Unpacking libreoffice-draw (1:6.2.8~rc2-0ubuntu0.16.04.1) ...
Selecting previously unselected package libreoffice-impress.
Preparing to unpack .../libreoffice-impress_1%3a6.2.8~rc2-0ubuntu0.16.04.1_amd64.deb ...
Unpacking libreoffice-impress (1:6.2.8~rc2-0ubuntu0.16.04.1) ...
Selecting previously unselected package libreoffice-math.
Preparing to unpack .../libreoffice-math_1%3a6.2.8~rc2-0ubuntu0.16.04.1_amd64.deb ...
Unpacking libreoffice-math (1:6.2.8~rc2-0ubuntu0.16.04.1) ...
Selecting previously unselected package libreoffice-report-builder-bin.
Preparing to unpack .../libreoffice-report-builder-bin_1%3a6.2.8~rc2-0ubuntu0.16.04.1_amd64.deb ...
Unpacking libreoffice-report-builder-bin (1:6.2.8~rc2-0ubuntu0.16.04.1) ...
Selecting previously unselected package libreoffice-writer.
Preparing to unpack .../libreoffice-writer_1%3a6.2.8~rc2-0ubuntu0.16.04.1_amd64.deb ...
Unpacking libreoffice-writer (1:6.2.8~rc2-0ubuntu0.16.04.1) ...
Selecting previously unselected package libreoffice-avmedia-backend-gstreamer.
Preparing to unpack .../libreoffice-avmedia-backend-gstreamer_1%3a6.2.8~rc2-0ubuntu0.16.04.1_amd64.deb ...
Unpacking libreoffice-avmedia-backend-gstreamer (1:6.2.8~rc2-0ubuntu0.16.04.1) ...
Selecting previously unselected package python3-uno.
Preparing to unpack .../python3-uno_1%3a6.2.8~rc2-0ubuntu0.16.04.1_amd64.deb ...
Unpacking python3-uno (1:6.2.8~rc2-0ubuntu0.16.04.1) ...
Selecting previously unselected package libreoffice.
Preparing to unpack .../libreoffice_1%3a6.2.8~rc2-0ubuntu0.16.04.1_amd64.deb ...
Unpacking libreoffice (1:6.2.8~rc2-0ubuntu0.16.04.1) ...
Processing triggers for fontconfig (2.11.94-0ubuntu1.1) ...
Processing triggers for libc-bin (2.23-0ubuntu11) ...
Processing triggers for man-db (2.7.5-1) ...
Processing triggers for mime-support (3.59ubuntu1) ...
Processing triggers for shared-mime-info (1.5-2ubuntu0.2) ...
Processing triggers for hicolor-icon-theme (0.15-0ubuntu1.1) ...
Setting up libyajl2:amd64 (2.1.0-2) ...
Setting up libraptor2-0:amd64 (2.0.14-1) ...
Setting up librasqal3:amd64 (0.9.32-1) ...
Setting up fonts-opensymbol (2:102.10+LibO6.2.8~rc2-0ubuntu0.16.04.1) ...
Setting up libboost-date-time1.58.0:amd64 (1.58.0+dfsg-5ubuntu3.1) ...
Setting up libboost-thread1.58.0:amd64 (1.58.0+dfsg-5ubuntu3.1) ...
Setting up libboost-locale1.58.0:amd64 (1.58.0+dfsg-5ubuntu3.1) ...
Setting up libclucene-core1v5:amd64 (2.3.3.4-4.1) ...
Setting up libclucene-contribs1v5:amd64 (2.3.3.4-4.1) ...
Setting up libsuitesparseconfig4.4.6:amd64 (1:4.4.6-1) ...
Setting up libcolamd2.9.1:amd64 (1:4.4.6-1) ...
Setting up libexttextcat-data (3.4.4-1ubuntu3) ...
Setting up libexttextcat-2.0-0:amd64 (3.4.4-1ubuntu3) ...
Setting up libgstreamer1.0-0:amd64 (1.8.3-1~ubuntu0.1) ...
Setcap worked! gst-ptp-helper is not suid!
Setting up liborc-0.4-0:amd64 (1:0.4.25-1) ...
Setting up libgstreamer-plugins-base1.0-0:amd64 (1.8.3-1ubuntu0.3) ...
Setting up libharfbuzz-icu0:amd64 (1.0.1-1ubuntu0.1) ...
Setting up libhunspell-1.3-0:amd64 (1.3.3-4ubuntu1) ...
Setting up libhyphen0:amd64 (2.8.8-2ubuntu1) ...
Setting up liblangtag-common (0.5.7-2ubuntu1) ...
Setting up liblangtag1:amd64 (0.5.7-2ubuntu1) ...
Setting up libmythes-1.2-0:amd64 (2:1.2.4-1ubuntu3) ...
Setting up libneon27-gnutls:amd64 (0.30.1-3build1) ...
Setting up libpoppler58:amd64 (0.41.0-0ubuntu1.14) ...
Setting up librdf0:amd64 (1.0.17-1build1) ...
Setting up uno-libs3 (6.2.8~rc2-0ubuntu0.16.04.1) ...
Setting up ure (6.2.8~rc2-0ubuntu0.16.04.1) ...
Setting up lp-solve (5.5.0.13-7build2) ...
Setting up libreoffice-style-colibre (1:6.2.8~rc2-0ubuntu0.16.04.1) ...
Setting up libreoffice-style-tango (1:6.2.8~rc2-0ubuntu0.16.04.1) ...
Setting up libreoffice-common (1:6.2.8~rc2-0ubuntu0.16.04.1) ...
Setting up libreoffice-core (1:6.2.8~rc2-0ubuntu0.16.04.1) ...
Setting up libreoffice-base-core (1:6.2.8~rc2-0ubuntu0.16.04.1) ...
Setting up libreoffice-base-drivers (1:6.2.8~rc2-0ubuntu0.16.04.1) ...
Setting up libreoffice-base (1:6.2.8~rc2-0ubuntu0.16.04.1) ...
Setting up libreoffice-calc (1:6.2.8~rc2-0ubuntu0.16.04.1) ...
Setting up libreoffice-draw (1:6.2.8~rc2-0ubuntu0.16.04.1) ...
Setting up libreoffice-impress (1:6.2.8~rc2-0ubuntu0.16.04.1) ...
Setting up libreoffice-math (1:6.2.8~rc2-0ubuntu0.16.04.1) ...
Setting up libreoffice-report-builder-bin (1:6.2.8~rc2-0ubuntu0.16.04.1) ...
Setting up libreoffice-writer (1:6.2.8~rc2-0ubuntu0.16.04.1) ...
Setting up libreoffice-avmedia-backend-gstreamer (1:6.2.8~rc2-0ubuntu0.16.04.1) ...
Setting up python3-uno (1:6.2.8~rc2-0ubuntu0.16.04.1) ...
Setting up libreoffice (1:6.2.8~rc2-0ubuntu0.16.04.1) ...
Processing triggers for libc-bin (2.23-0ubuntu11) ...
travis_time:end:01ef810f:start=1595199012262058771,finish=1595199050515413266,duration=38253354495,event=before_installe:start:1dbf3b74port
Reading package lists...
Building dependency tree...
Reading state information...
The following NEW packages will be installed:
  libreoffice-pdfimport
0 upgraded, 1 newly installed, 0 to remove and 305 not upgraded.
Need to get 2,824 B of archives.
After this operation, 12.3 kB of additional disk space will be used.
Get:1 http://ppa.launchpad.net/libreoffice/ppa/ubuntu xenial/main amd64 libreoffice-pdfimport all 1:6.2.8~rc2-0ubuntu0.16.04.1 [2,824 B]
Fetched 2,824 B in 0s (13.5 kB/s)
Selecting previously unselected package libreoffice-pdfimport.
(Reading database ... (Reading database ... 5%(Reading database ... 10%(Reading database ... 15%(Reading database ... 20%(Reading database ... 25%(Reading database ... 30%(Reading database ... 35%(Reading database ... 40%(Reading database ... 45%(Reading database ... 50%(Reading database ... 55%(Reading database ... 60%(Reading database ... 65%(Reading database ... 70%(Reading database ... 75%(Reading database ... 80%(Reading database ... 85%(Reading database ... 90%(Reading database ... 95%(Reading database ... 100%(Reading database ... 129616 files and directories currently installed.)
Preparing to unpack .../libreoffice-pdfimport_1%3a6.2.8~rc2-0ubuntu0.16.04.1_all.deb ...
Unpacking libreoffice-pdfimport (1:6.2.8~rc2-0ubuntu0.16.04.1) ...
Setting up libreoffice-pdfimport (1:6.2.8~rc2-0ubuntu0.16.04.1) ...
travis_time:end:1dbf3b74:start=1595199050520710664,finish=1595199053061323792,duration=2540613128,event=before_installe:start:01f6c838e    Time     Time  Current
                                 Dload  Upload   Total   Spent    Left  Speed
  0     0    0     0    0     0      0      0 --:--:-- --:--:-- --:--:--     0  0     0    0     0    0     0      0      0 --:--:-- --:--:-- --:--:--     0100  9.8M  100  9.8M    0     0  10.4M      0 --:--:-- --:--:-- --:--:-- 10.4M
travis_time:end:01f6c838:start=1595199053067914767,finish=1595199074287483792,duration=21219569025,event=installe:start:23b51096plate to settings.json...
Ensure that all dependencies are up to date...  If this is the first time you have run Etherpad please be patient.

> wd@1.12.1 install /home/travis/build/ether/[secure]/src/node_modules/wd
> node scripts/build-browser-scripts

added 1126 packages in 10.336s
Clearing minified cache...
travis_time:end:23b51096:start=1595199074292836635,finish=1595199085151653598,duration=10858816963,event=installe:start:1afe567ce:end:1afe567c:start=1595199085160535417,finish=1595199085170410272,duration=9874855,event=installe:start:27440658ing bin/installDeps.sh has already been run
Now I will try for 15 seconds to connect to Etherpad on http://localhost:9001
bash: connect: Connection refused
bash: /dev/tcp/localhost/9001: Connection refused
bash: connect: Connection refused
bash: /dev/tcp/localhost/9001: Connection refused
bash: connect: Connection refused
bash: /dev/tcp/localhost/9001: Connection refused
bash: connect: Connection refused
bash: /dev/tcp/localhost/9001: Connection refused
bash: connect: Connection refused
bash: /dev/tcp/localhost/9001: Connection refused
bash: connect: Connection refused
bash: /dev/tcp/localhost/9001: Connection refused
Successfully connected to Etherpad on http://localhost:9001
Now starting the remote runner
Remote sauce test '2a28ff8 - safari 12.0, OS X 10.14' started! https://saucelabs.com/jobs/64f920f4a9964cd58ee39a10a07a2a5e
Remote sauce test '2a28ff8 - safari 13.1, OS X 10.15' started! https://saucelabs.com/jobs/343889244e6941e4a0fcd3f4316863ab
Remote sauce test '2a28ff8 - firefox 78.0, Windows 7' started! https://saucelabs.com/jobs/89bd07a5ee51492b98bfd9235e64154a
Remote sauce test '2a28ff8 - firefox 52.0, Windows 7' started! https://saucelabs.com/jobs/28112fdee61b47788d0e5a2a3c9d2cfd
Remote sauce test '2a28ff8 - chrome 55.0, Windows 7' started! https://saucelabs.com/jobs/3078a467685f45b3841fc0492f080258
[firefox Windows 7 78.0] alphabet.js
[firefox Windows 7 78.0]   All the alphabet works n stuff
[firefox Windows 7 78.0]     -> PASSED : when you enter any char it appears right   53 ms
[firefox Windows 7 78.0] 
[firefox Windows 7 78.0] authorship_of_editions.js
[firefox Windows 7 78.0]   author of pad edition
[firefox Windows 7 78.0]     -> PASSED : marks only the new content as changes of the second user on a regular line
[firefox Windows 7 78.0]        542 ms
[firefox Windows 7 78.0]     -> PASSED : marks only the new content as changes of the second user on a line with or
[firefox Windows 7 78.0]     dered list   1000 ms
[firefox Windows 7 78.0]     -> PASSED : marks only the new content as changes of the second user on a line with un
[firefox Windows 7 78.0]     ordered list   1001 ms
[firefox Windows 7 78.0] 
[firefox Windows 7 78.0] bold.js
[firefox Windows 7 78.0]   bold button
[firefox Windows 7 78.0]     -> PASSED : makes text bold on click   19 ms
[firefox Windows 7 78.0]     -> PASSED : makes text bold on keypress   16 ms
[firefox Windows 7 78.0] 
[firefox Windows 7 78.0] change_user_color.js
[firefox Windows 7 78.0]   change user color
[firefox Windows 7 78.0]     -> PASSED : Color picker matches original color and remembers the user color after a r
[firefox Windows 7 78.0]     efresh   3741 ms
[firefox Windows 7 78.0]     -> PASSED : Own user color is shown when you enter a chat   206 ms
[firefox Windows 7 78.0] 
[firefox Windows 7 78.0] change_user_name.js
[firefox Windows 7 78.0]   change username value
[firefox Windows 7 78.0]     -> PASSED : Remembers the user name after a refresh   2767 ms
[firefox Windows 7 78.0]     -> PASSED : Own user name is shown when you enter a chat   187 ms
[firefox Windows 7 78.0] 
[firefox Windows 7 78.0] chat.js
[firefox Windows 7 78.0]   Chat messages and UI
[firefox Windows 7 78.0]     -> PASSED : opens chat, sends a message and makes sure it exists on the page   138 ms
[firefox Windows 7 78.0]     -> PASSED : makes sure that an empty message can't be sent   133 ms
[firefox Windows 7 78.0]     -> PASSED : makes chat stick to right side of the screen   105 ms
[firefox Windows 7 78.0]     -> PASSED : makes chat stick to right side of the screen then makes it one step smalle
[firefox Windows 7 78.0]     r   93 ms
[firefox Windows 7 78.0]     -> PENDING: Checks showChat=false URL Parameter hides chat then when removed it shows
[firefox Windows 7 78.0]      chat
[firefox Windows 7 78.0] 
[firefox Windows 7 78.0] chat_load_messages.js
[firefox Windows 7 78.0]   chat-load-messages
[firefox Windows 7 78.0]     -> PASSED : creates a pad   1660 ms
[firefox Windows 7 78.0]     -> PASSED : adds a lot of messages   2412 ms
[firefox Windows 7 78.0]     -> PASSED : checks initial message count   53 ms
[firefox Windows 7 78.0]     -> PASSED : loads more messages   169 ms
[firefox Windows 7 78.0]     -> PASSED : checks for button vanishing   116 ms
[firefox Windows 7 78.0] 
[firefox Windows 7 78.0] clear_authorship_colors.js
[firefox Windows 7 78.0]   clear authorship colors button
[firefox Windows 7 78.0]     -> PASSED : makes text clear authorship colors   59 ms
[firefox Windows 7 78.0]     -> PASSED : makes text clear authorship colors and checks it can't be undone   68 ms
[firefox Windows 7 78.0] 
[firefox Windows 7 78.0] delete.js
[firefox Windows 7 78.0]   delete keystroke
[firefox Windows 7 78.0]     -> PASSED : makes text delete   5 ms
[firefox Windows 7 78.0] 
[firefox Windows 7 78.0] drag_and_drop.js
[firefox Windows 7 78.0]   drag and drop
[firefox Windows 7 78.0]     when user drags part of one line and drops it far form its original place
[firefox Windows 7 78.0]       and user triggers UNDO
[firefox Windows 7 78.0]         -> PASSED : moves text back to its original place   3 ms
[firefox Windows 7 78.0]     when user drags some lines far form its original place
[firefox Windows 7 78.0]       and user triggers UNDO
[firefox Windows 7 78.0]         -> PASSED : moves text back to its original place   1 ms
[firefox Windows 7 78.0] 
[firefox Windows 7 78.0] embed_value.js
[firefox Windows 7 78.0]   embed links
[firefox Windows 7 78.0]     read and write
[firefox Windows 7 78.0]       the share link
[firefox Windows 7 78.0]         -> PASSED : is the actual pad url   14 ms
[firefox Windows 7 78.0]       the embed as iframe code
[firefox Windows 7 78.0]         -> PASSED : is an iframe with the the correct url parameters and correct size   21 ms
[firefox Windows 7 78.0]     when read only option is set
[firefox Windows 7 78.0]       the share link
[firefox Windows 7 78.0]         -> PASSED : shows a read only url   17 ms
[firefox Windows 7 78.0]       the embed as iframe code
[firefox Windows 7 78.0]         -> PASSED : is an iframe with the the correct url parameters and correct size   18 ms
[firefox Windows 7 78.0] 
[firefox Windows 7 78.0] enter.js
[firefox Windows 7 78.0]   enter keystroke
[firefox Windows 7 78.0]     -> PASSED : creates a new line & puts cursor onto a new line   43 ms
[firefox Windows 7 78.0] 
[firefox Windows 7 78.0] font_type.js
[firefox Windows 7 78.0]   font select
[firefox Windows 7 78.0]     -> PASSED : makes text RobotoMono   41 ms
[firefox Windows 7 78.0] 
[firefox Windows 7 78.0] helper.js
[firefox Windows 7 78.0]   the test helper
[firefox Windows 7 78.0]     the newPad method
[firefox Windows 7 78.0]       -> PENDING: doesn't leak memory if you creates iframes over and over again
[firefox Windows 7 78.0]       -> PASSED : gives me 3 jquery instances of chrome, outer and inner   1796 ms
[firefox Windows 7 78.0]       -> PASSED : clears cookies   4538 ms
[firefox Windows 7 78.0]       -> PASSED : sets pad prefs cookie   1662 ms
[firefox Windows 7 78.0]     the waitFor method
[firefox Windows 7 78.0]       -> PASSED : takes a timeout and waits long enough   1508 ms
[firefox Windows 7 78.0]       -> PASSED : takes an interval and checks on every interval   2002 ms
[firefox Windows 7 78.0]       returns a deferred object
[firefox Windows 7 78.0]         -> PASSED : it calls done after success   18 ms
[firefox Windows 7 78.0]         -> PASSED : calls fail after failure   1912 ms
[firefox Windows 7 78.0]         -> PENDING: throws if you don't listen for fails
[firefox Windows 7 78.0]     the selectLines method
[firefox Windows 7 78.0]       -> PASSED : changes editor selection to be between startOffset of $startLine and endOf
[firefox Windows 7 78.0]       fset of $endLine   4 ms
[firefox Windows 7 78.0]       -> PASSED : ends selection at beginning of $endLine when it is an empty line   4 ms
[firefox Windows 7 78.0]       -> PASSED : ends selection at beginning of $endLine when its offset is zero   3 ms
[firefox Windows 7 78.0]       -> PASSED : selects full line when offset is longer than line content   2 ms
[firefox Windows 7 78.0]       -> PASSED : selects all text between beginning of $startLine and end of $endLine when 
[firefox Windows 7 78.0]       no offset is provided   0 ms
[firefox Windows 7 78.0] 
[firefox Windows 7 78.0] importexport.js
[firefox Windows 7 78.0]   import functionality
[firefox Windows 7 78.0]     -> PENDING: import a pad with newlines from txt
[firefox Windows 7 78.0]     -> PENDING: import a pad with newlines from html
[firefox Windows 7 78.0]     -> PENDING: import a pad with attributes from html
[firefox Windows 7 78.0]     -> PENDING: import a pad with bullets from html
[firefox Windows 7 78.0]     -> PENDING: import a pad with bullets and newlines from html
[firefox Windows 7 78.0]     -> PENDING: import a pad with bullets and newlines and attributes from html
[firefox Windows 7 78.0]     -> PENDING: import a pad with nested bullets from html
[firefox Windows 7 78.0]     -> PENDING: import a pad with 8 levels of bullets and newlines and attributes from ht
[firefox Windows 7 78.0]     ml
[firefox Windows 7 78.0]     -> PENDING: import a pad with ordered lists from html
[firefox Windows 7 78.0]     -> PENDING: import a pad with ordered lists and newlines from html
[firefox Windows 7 78.0]     -> PENDING: import a pad with nested ordered lists and attributes and newlines from h
[firefox Windows 7 78.0]     tml
[firefox Windows 7 78.0] 
[firefox Windows 7 78.0] importindents.js
[firefox Windows 7 78.0]   import indents functionality
[firefox Windows 7 78.0]     -> PENDING: import a pad with indents from html
[firefox Windows 7 78.0]     -> PENDING: import a pad with indented lists and newlines from html
[firefox Windows 7 78.0]     -> PENDING: import a pad with 8 levels of indents and newlines and attributes from ht
[firefox Windows 7 78.0]     ml
[firefox Windows 7 78.0] 
[firefox Windows 7 78.0] indentation.js
[firefox Windows 7 78.0]   indentation button
[firefox Windows 7 78.0]     -> PASSED : indent text with keypress   81 ms
[firefox Windows 7 78.0]     -> PASSED : indent text with button   28 ms
[firefox Windows 7 78.0]     -> PASSED : keeps the indent on enter for the new line   75 ms
[firefox Windows 7 78.0]     -> PASSED : indents text with spaces on enter if previous line ends with ':', '[', '('
[firefox Windows 7 78.0]     , or '{'   633 ms
[firefox Windows 7 78.0]     -> PASSED : appends indentation to the indent of previous line if previous line ends w
[firefox Windows 7 78.0]     ith ':', '[', '(', or '{'   91 ms
[firefox Windows 7 78.0]     -> PASSED : issue #2772 shows '*' when multiple indented lines receive a style and are
[firefox Windows 7 78.0]      outdented   169 ms
[firefox Windows 7 78.0] 
[firefox Windows 7 78.0] italic.js
[firefox Windows 7 78.0]   italic some text
[firefox Windows 7 78.0]     -> PASSED : makes text italic using button   27 ms
[firefox Windows 7 78.0]     -> PASSED : makes text italic using keypress   17 ms
[firefox Windows 7 78.0] 
[firefox Windows 7 78.0] language.js
[firefox Windows 7 78.0]   Language select and change
[firefox Windows 7 78.0]     -> PASSED : makes text german   155 ms
[firefox Windows 7 78.0]     -> PASSED : makes text English   113 ms
[firefox Windows 7 78.0]     -> PASSED : changes direction when picking an rtl lang   240 ms
[firefox Windows 7 78.0]     -> PASSED : changes direction when picking an ltr lang   66 ms
[firefox Windows 7 78.0] 
[firefox Windows 7 78.0] multiple_authors_clear_authorship_colors.js
[firefox Windows 7 78.0]   author of pad edition
[firefox Windows 7 78.0]     -> PASSED : Clears Authorship by second user   19 ms
[firefox Windows 7 78.0] 
[firefox Windows 7 78.0] ordered_list.js
[firefox Windows 7 78.0]   assign ordered list
[firefox Windows 7 78.0]     -> PASSED : inserts ordered list text   52 ms
[firefox Windows 7 78.0]     -> PENDING: issue #1125 keeps the numbered list on enter for the new line - EMULATES 
[firefox Windows 7 78.0]     PASTING INTO A PAD
[firefox Windows 7 78.0]     when user presses Ctrl+Shift+N
[firefox Windows 7 78.0]       and pad shortcut is enabled
[firefox Windows 7 78.0]         -> PASSED : inserts unordered list   16 ms
[firefox Windows 7 78.0]       and pad shortcut is disabled
[firefox Windows 7 78.0]         -> PASSED : does not insert unordered list   1901 ms
[firefox Windows 7 78.0]     when user presses Ctrl+Shift+1
[firefox Windows 7 78.0]       and pad shortcut is enabled
[firefox Windows 7 78.0]         -> PASSED : inserts unordered list   16 ms
[firefox Windows 7 78.0]       and pad shortcut is disabled
[firefox Windows 7 78.0]         -> PASSED : does not insert unordered list   1908 ms
[firefox Windows 7 78.0]   Pressing Tab in an OL increases and decreases indentation
[firefox Windows 7 78.0]     -> PASSED : indent and de-indent list item with keypress   72 ms
[firefox Windows 7 78.0]   Pressing indent/outdent button in an OL increases and decreases indentation and bullet / ol formatti
[firefox Windows 7 78.0]   ng
[firefox Windows 7 78.0]     -> PASSED : indent and de-indent list item with indent button   70 ms
[firefox Windows 7 78.0] 
[firefox Windows 7 78.0] pad_modal.js
[firefox Windows 7 78.0]   Pad modal
[firefox Windows 7 78.0]     when modal is a "force reconnect" message
[firefox Windows 7 78.0]       -> PASSED : disables editor   4 ms
[firefox Windows 7 78.0]       and user clicks on editor
[firefox Windows 7 78.0]         -> PASSED : does not close the modal   1 ms
[firefox Windows 7 78.0]       and user clicks on pad outer
[firefox Windows 7 78.0]         -> PASSED : does not close the modal   1 ms
[firefox Windows 7 78.0]     when modal is not an error message
[firefox Windows 7 78.0]       and user clicks on editor
[firefox Windows 7 78.0]         -> PASSED : closes the modal   1 ms
[firefox Windows 7 78.0]       and user clicks on pad outer
[firefox Windows 7 78.0]         -> PASSED : closes the modal   1 ms
[firefox Windows 7 78.0] 
[firefox Windows 7 78.0] redo.js
[firefox Windows 7 78.0]   undo button then redo button
[firefox Windows 7 78.0]     -> PASSED : redo some typing with button   93 ms
[firefox Windows 7 78.0]     -> PASSED : redo some typing with keypress   38 ms
[firefox Windows 7 78.0] 
[firefox Windows 7 78.0] responsiveness.js
[firefox Windows 7 78.0]   Responsiveness of Editor
[firefox Windows 7 78.0]     -> PENDING: Fast response to keypress in pad with large amount of contents
[firefox Windows 7 78.0] 
[firefox Windows 7 78.0] scroll.js
[firefox Windows 7 78.0]   scroll when focus line is out of viewport
[firefox Windows 7 78.0]     when user presses any arrow keys on a line above the viewport
[firefox Windows 7 78.0]       and scroll percentage config is set to 0.2 on settings.json
[firefox Windows 7 78.0]         -> PASSED : keeps the focus line scrolled 20% from the top of the viewport   8 ms
[firefox Windows 7 78.0]     when user presses any arrow keys on a line below the viewport
[firefox Windows 7 78.0]       and scroll percentage config is set to 0.7 on settings.json
[firefox Windows 7 78.0]         -> FAILED : keeps the focus line scrolled 70% from the bottom of the viewport expected 5
[firefox Windows 7 78.0]         0 to equal 49
[firefox Windows 7 78.0]         Assertion.prototype.assert@http://localhost:9001/tests/frontend/lib/expect.js:99:13
[firefox Windows 7 78.0]         Assertion.prototype.equal@http://localhost:9001/tests/frontend/lib/expect.js:200:10
[firefox Windows 7 78.0]         Assertion/this[name]@http://localhost:9001/tests/frontend/lib/expect.js:73:24
[firefox Windows 7 78.0]         @http://localhost:9001/tests/frontend/ line 82 > scriptElement:62:43
[firefox Windows 7 78.0]     when user presses arrow up on the first line of the viewport
[firefox Windows 7 78.0]       and percentageToScrollWhenUserPressesArrowUp is set to 0.3
[firefox Windows 7 78.0]         -> FAILED : keeps the focus line scrolled 30% of the top of the viewport expected 87 to 
[firefox Windows 7 78.0]         equal 89
[firefox Windows 7 78.0]         Assertion.prototype.assert@http://localhost:9001/tests/frontend/lib/expect.js:99:13
[firefox Windows 7 78.0]         Assertion.prototype.equal@http://localhost:9001/tests/frontend/lib/expect.js:200:10
[firefox Windows 7 78.0]         Assertion/this[name]@http://localhost:9001/tests/frontend/lib/expect.js:73:24
[firefox Windows 7 78.0]         @http://localhost:9001/tests/frontend/ line 82 > scriptElement:89:40
[firefox Windows 7 78.0]     when user edits the last line of viewport
[firefox Windows 7 78.0]       and scroll percentage config is set to 0 on settings.json
[firefox Windows 7 78.0]         -> FAILED : keeps the focus line on the bottom of the viewport expected 11 to equal 12
[firefox Windows 7 78.0]         Assertion.prototype.assert@http://localhost:9001/tests/frontend/lib/expect.js:99:13
[firefox Windows 7 78.0]         Assertion.prototype.equal@http://localhost:9001/tests/frontend/lib/expect.js:200:10
[firefox Windows 7 78.0]         Assertion/this[name]@http://localhost:9001/tests/frontend/lib/expect.js:73:24
[firefox Windows 7 78.0]         @http://localhost:9001/tests/frontend/ line 82 > scriptElement:109:49
[firefox Windows 7 78.0]       and scrollPercentageWhenFocusLineIsOutOfViewport is set to 0.3
[firefox Windows 7 78.0]         -> FAILED : scrolls 30% of viewport up expected 12 to equal 13
[firefox Windows 7 78.0]         Assertion.prototype.assert@http://localhost:9001/tests/frontend/lib/expect.js:99:13
[firefox Windows 7 78.0]         Assertion.prototype.equal@http://localhost:9001/tests/frontend/lib/expect.js:200:10
[firefox Windows 7 78.0]         Assertion/this[name]@http://localhost:9001/tests/frontend/lib/expect.js:73:24
[firefox Windows 7 78.0]         @http://localhost:9001/tests/frontend/ line 82 > scriptElement:129:49
[firefox Windows 7 78.0]       and it is set to a value that overflow the interval [0, 1]
[firefox Windows 7 78.0]         -> FAILED : keeps the default behavior of moving the focus line on the bottom of the vie
[firefox Windows 7 78.0]         wport expected 11 to equal 12
[firefox Windows 7 78.0]         Assertion.prototype.assert@http://localhost:9001/tests/frontend/lib/expect.js:99:13
[firefox Windows 7 78.0]         Assertion.prototype.equal@http://localhost:9001/tests/frontend/lib/expect.js:200:10
[firefox Windows 7 78.0]         Assertion/this[name]@http://localhost:9001/tests/frontend/lib/expect.js:73:24
[firefox Windows 7 78.0]         @http://localhost:9001/tests/frontend/ line 82 > scriptElement:145:49
[firefox Windows 7 78.0]     when user edits a line above the viewport
[firefox Windows 7 78.0]       and scroll percentage config is set to 0 on settings.json
[firefox Windows 7 78.0]         -> PASSED : keeps the focus line on the top of the viewport   1 ms
[firefox Windows 7 78.0]       and scrollPercentageWhenFocusLineIsOutOfViewport is set to 0.2
[firefox Windows 7 78.0]         -> PASSED : scrolls 20% of viewport down   6 ms
[firefox Windows 7 78.0]     when user places the caret at the last line visible of viewport
[firefox Windows 7 78.0]       and scroll percentage config is set to 0 on settings.json
[firefox Windows 7 78.0]         -> PASSED : does not scroll   1024 ms
[firefox Windows 7 78.0]       and scroll percentage config is set to 0.5 on settings.json
[firefox Windows 7 78.0]         -> PENDING: scrolls line to 50% of the viewport
[firefox Windows 7 78.0]     when the first line selected is out of the viewport and user presses shift arrow down
[firefox Windows 7 78.0]       -> PASSED : keeps the last line selected on focus   3 ms
[firefox Windows 7 78.0]     integration with plugins which changes the margin of editor
[firefox Windows 7 78.0]       when editor dimensions changes
[firefox Windows 7 78.0]         and user places the caret in the last line visible of the pad
[firefox Windows 7 78.0]           -> PENDING: scrolls the line where caret is
[firefox Windows 7 78.0] 
[firefox Windows 7 78.0] select_formatting_buttons.js
[firefox Windows 7 78.0]   select formatting buttons when selection has style applied
[firefox Windows 7 78.0]     when selection is in a text with italic applied
[firefox Windows 7 78.0]       -> PASSED : selects the italic button   29 ms
[firefox Windows 7 78.0]     when caret is in a position with italic applied
[firefox Windows 7 78.0]       -> PASSED : selects the italic button   15 ms
[firefox Windows 7 78.0]     when selection is in a text with bold applied
[firefox Windows 7 78.0]       -> PASSED : selects the bold button   13 ms
[firefox Windows 7 78.0]     when caret is in a position with bold applied
[firefox Windows 7 78.0]       -> PASSED : selects the bold button   11 ms
[firefox Windows 7 78.0]     when selection is in a text with underline applied
[firefox Windows 7 78.0]       -> PASSED : selects the underline button   13 ms
[firefox Windows 7 78.0]     when caret is in a position with underline applied
[firefox Windows 7 78.0]       -> PASSED : selects the underline button   18 ms
[firefox Windows 7 78.0]     when selection is in a text with strikethrough applied
[firefox Windows 7 78.0]       -> PASSED : selects the strikethrough button   15 ms
[firefox Windows 7 78.0]     when caret is in a position with strikethrough applied
[firefox Windows 7 78.0]       -> PASSED : selects the strikethrough button   21 ms
[firefox Windows 7 78.0]     when user applies a style and the selection does not change
[firefox Windows 7 78.0]       -> PASSED : selects the style button   2 ms
[firefox Windows 7 78.0]     when user presses CMD + I
[firefox Windows 7 78.0]       -> PASSED : selects the italic button   12 ms
[firefox Windows 7 78.0]       and user presses CMD + I again
[firefox Windows 7 78.0]         -> PASSED : deselects the italic button   13 ms
[firefox Windows 7 78.0]     when user presses CMD + B
[firefox Windows 7 78.0]       -> PASSED : selects the bold button   18 ms
[firefox Windows 7 78.0]       and user presses CMD + B again
[firefox Windows 7 78.0]         -> PASSED : deselects the bold button   22 ms
[firefox Windows 7 78.0]     when user presses CMD + U
[firefox Windows 7 78.0]       -> PASSED : selects the underline button   19 ms
[firefox Windows 7 78.0]       and user presses CMD + U again
[firefox Windows 7 78.0]         -> PASSED : deselects the underline button   14 ms
[firefox Windows 7 78.0]     when user presses CMD + 5
[firefox Windows 7 78.0]       -> PASSED : selects the strikethrough button   15 ms
[firefox Windows 7 78.0]       and user presses CMD + 5 again
[firefox Windows 7 78.0]         -> PASSED : deselects the strikethrough button   19 ms
[firefox Windows 7 78.0] 
[firefox Windows 7 78.0] strikethrough.js
[firefox Windows 7 78.0]   strikethrough button
[firefox Windows 7 78.0]     -> PASSED : makes text strikethrough   22 ms
[firefox Windows 7 78.0] 
[firefox Windows 7 78.0] timeslider.js
[firefox Windows 7 78.0]   timeslider button takes you to the timeslider of a pad
[firefox Windows 7 78.0]     -> PENDING: timeslider contained in URL
[firefox Windows 7 78.0] 
[firefox Windows 7 78.0] timeslider_follow.js
[firefox Windows 7 78.0]   timeslider
[firefox Windows 7 78.0]     -> FAILED : follow content as it's added to timeslider Error: Error: expected { top: 0, 
[firefox Windows 7 78.0]     left: 0 } to sort of not equal { top: 0, left: 0 } (http://localhost:9001/tests/frontend/lib/expect.
[firefox Windows 7 78.0]     js:99)
[firefox Windows 7 78.0] 
[firefox Windows 7 78.0] timeslider_labels.js
[firefox Windows 7 78.0]   timeslider
[firefox Windows 7 78.0]     -> PASSED : Shows a date and time in the timeslider and make sure it doesn't include N
[firefox Windows 7 78.0]     aN   4457 ms
[firefox Windows 7 78.0] 
[firefox Windows 7 78.0] timeslider_numeric_padID.js
[firefox Windows 7 78.0]   timeslider
[firefox Windows 7 78.0]     -> PASSED : Makes sure the export URIs are as expected when the padID is numeric   445
[firefox Windows 7 78.0]     9 ms
[firefox Windows 7 78.0] 
[firefox Windows 7 78.0] timeslider_revisions.js
[firefox Windows 7 78.0]   timeslider
[firefox Windows 7 78.0]     -> PASSED : loads adds a hundred revisions   96171 ms
[firefox Windows 7 78.0]     -> PENDING: changes the url when clicking on the timeslider
[firefox Windows 7 78.0]     -> PASSED : jumps to a revision given in the url   2061 ms
[firefox Windows 7 78.0]     -> PASSED : checks the export url   3467 ms
[firefox Windows 7 78.0] 
[firefox Windows 7 78.0] undo.js
[firefox Windows 7 78.0]   undo button
[firefox Windows 7 78.0]     -> PASSED : undo some typing by clicking undo button   54 ms
[firefox Windows 7 78.0]     -> PASSED : undo some typing using a keypress   39 ms
[firefox Windows 7 78.0] 
[firefox Windows 7 78.0] unordered_list.js
[firefox Windows 7 78.0]   assign unordered list
[firefox Windows 7 78.0]     -> PASSED : insert unordered list text then removes by outdent   81 ms
[firefox Windows 7 78.0]   unassign unordered list
[firefox Windows 7 78.0]     -> PASSED : insert unordered list text then remove by clicking list again   70 ms
[firefox Windows 7 78.0]   keep unordered list on enter key
[firefox Windows 7 78.0]     -> PASSED : Keeps the unordered list on enter for the new line   65 ms
[firefox Windows 7 78.0]   Pressing Tab in an UL increases and decreases indentation
[firefox Windows 7 78.0]     -> PASSED : indent and de-indent list item with keypress   61 ms
[firefox Windows 7 78.0]   Pressing indent/outdent button in an UL increases and decreases indentation and bullet / ol formatti
[firefox Windows 7 78.0]   ng
[firefox Windows 7 78.0]     -> PASSED : indent and de-indent list item with indent button   65 ms
[firefox Windows 7 78.0] 
[firefox Windows 7 78.0] urls_become_clickable.js
[firefox Windows 7 78.0]   urls
[firefox Windows 7 78.0]     -> PASSED : when you enter an url, it becomes clickable   58 ms
[firefox Windows 7 78.0]     -> PASSED : when you enter a url containing a !, it becomes clickable and contains the
[firefox Windows 7 78.0]      whole URL   60 ms
[firefox Windows 7 78.0]     -> PASSED : when you enter a url followed by a ], the ] is not included in the URL   5
[firefox Windows 7 78.0]     4 ms
[firefox Windows 7 78.0] 
[firefox Windows 7 78.0] xxauto_reconnect.js
[firefox Windows 7 78.0]   Automatic pad reload on Force Reconnect message
[firefox Windows 7 78.0]     -> PASSED : displays a count down timer to automatically reconnect   3 ms
[firefox Windows 7 78.0]     and user clicks on Cancel
[firefox Windows 7 78.0]       -> PASSED : does not show Cancel button nor timer anymore   8 ms
[firefox Windows 7 78.0]     and user does not click on Cancel until timer expires
[firefox Windows 7 78.0]       -> PASSED : reloads the pad   2790 ms
[firefox Windows 7 78.0] 
[firefox Windows 7 78.0] FINISHED - 110 tests passed, 6 tests failed, duration: 4:46
[firefox Windows 7 78.0] 
Remote sauce test '2a28ff8 - firefox 78.0, Windows 7' finished! https://saucelabs.com/jobs/89bd07a5ee51492b98bfd9235e64154a
Remote sauce test '2a28ff8 - microsoftedge 83.0, Windows 10' started! https://saucelabs.com/jobs/fe0483c8f85749d089db316c25247ee4
[chrome Windows 7 55.0] alphabet.js
[chrome Windows 7 55.0]   All the alphabet works n stuff
[chrome Windows 7 55.0]     -> PASSED : when you enter any char it appears right   53 ms
[chrome Windows 7 55.0] 
[chrome Windows 7 55.0] authorship_of_editions.js
[chrome Windows 7 55.0]   author of pad edition
[chrome Windows 7 55.0]     -> PASSED : marks only the new content as changes of the second user on a regular line
[chrome Windows 7 55.0]        1017 ms
[chrome Windows 7 55.0]     -> PASSED : marks only the new content as changes of the second user on a line with or
[chrome Windows 7 55.0]     dered list   995 ms
[chrome Windows 7 55.0]     -> PASSED : marks only the new content as changes of the second user on a line with un
[chrome Windows 7 55.0]     ordered list   1000 ms
[chrome Windows 7 55.0] 
[chrome Windows 7 55.0] bold.js
[chrome Windows 7 55.0]   bold button
[chrome Windows 7 55.0]     -> PASSED : makes text bold on click   17 ms
[chrome Windows 7 55.0]     -> PASSED : makes text bold on keypress   10 ms
[chrome Windows 7 55.0] 
[chrome Windows 7 55.0] change_user_color.js
[chrome Windows 7 55.0]   change user color
[chrome Windows 7 55.0]     -> PASSED : Color picker matches original color and remembers the user color after a r
[chrome Windows 7 55.0]     efresh   1984 ms
[chrome Windows 7 55.0]     -> PASSED : Own user color is shown when you enter a chat   171 ms
[chrome Windows 7 55.0] 
[chrome Windows 7 55.0] change_user_name.js
[chrome Windows 7 55.0]   change username value
[chrome Windows 7 55.0]     -> PASSED : Remembers the user name after a refresh   2079 ms
[chrome Windows 7 55.0]     -> PASSED : Own user name is shown when you enter a chat   191 ms
[chrome Windows 7 55.0] 
[chrome Windows 7 55.0] chat.js
[chrome Windows 7 55.0]   Chat messages and UI
[chrome Windows 7 55.0]     -> PASSED : opens chat, sends a message and makes sure it exists on the page   82 ms
[chrome Windows 7 55.0]     -> PASSED : makes sure that an empty message can't be sent   86 ms
[chrome Windows 7 55.0]     -> PASSED : makes chat stick to right side of the screen   70 ms
[chrome Windows 7 55.0]     -> PASSED : makes chat stick to right side of the screen then makes it one step smalle
[chrome Windows 7 55.0]     r   55 ms
[chrome Windows 7 55.0]     -> PENDING: Checks showChat=false URL Parameter hides chat then when removed it shows
[chrome Windows 7 55.0]      chat
[chrome Windows 7 55.0] 
[chrome Windows 7 55.0] chat_load_messages.js
[chrome Windows 7 55.0]   chat-load-messages
[chrome Windows 7 55.0]     -> PASSED : creates a pad   947 ms
[chrome Windows 7 55.0]     -> PASSED : adds a lot of messages   1827 ms
[chrome Windows 7 55.0]     -> PASSED : checks initial message count   68 ms
[chrome Windows 7 55.0]     -> PASSED : loads more messages   98 ms
[chrome Windows 7 55.0]     -> PASSED : checks for button vanishing   85 ms
[chrome Windows 7 55.0] 
[chrome Windows 7 55.0] clear_authorship_colors.js
[chrome Windows 7 55.0]   clear authorship colors button
[chrome Windows 7 55.0]     -> PASSED : makes text clear authorship colors   47 ms
[chrome Windows 7 55.0]     -> PASSED : makes text clear authorship colors and checks it can't be undone   559 ms
[chrome Windows 7 55.0] 
[chrome Windows 7 55.0] delete.js
[chrome Windows 7 55.0]   delete keystroke
[chrome Windows 7 55.0]     -> PASSED : makes text delete   3 ms
[chrome Windows 7 55.0] 
[chrome Windows 7 55.0] drag_and_drop.js
[chrome Windows 7 55.0]   drag and drop
[chrome Windows 7 55.0]     when user drags part of one line and drops it far form its original place
[chrome Windows 7 55.0]       and user triggers UNDO
[chrome Windows 7 55.0]         -> PASSED : moves text back to its original place   2 ms
[chrome Windows 7 55.0]     when user drags some lines far form its original place
[chrome Windows 7 55.0]       and user triggers UNDO
[chrome Windows 7 55.0]         -> PASSED : moves text back to its original place   0 ms
[chrome Windows 7 55.0] 
[chrome Windows 7 55.0] embed_value.js
[chrome Windows 7 55.0]   embed links
[chrome Windows 7 55.0]     read and write
[chrome Windows 7 55.0]       the share link
[chrome Windows 7 55.0]         -> PASSED : is the actual pad url   10 ms
[chrome Windows 7 55.0]       the embed as iframe code
[chrome Windows 7 55.0]         -> PASSED : is an iframe with the the correct url parameters and correct size   12 ms
[chrome Windows 7 55.0]     when read only option is set
[chrome Windows 7 55.0]       the share link
[chrome Windows 7 55.0]         -> PASSED : shows a read only url   11 ms
[chrome Windows 7 55.0]       the embed as iframe code
[chrome Windows 7 55.0]         -> PASSED : is an iframe with the the correct url parameters and correct size   14 ms
[chrome Windows 7 55.0] 
[chrome Windows 7 55.0] enter.js
[chrome Windows 7 55.0]   enter keystroke
[chrome Windows 7 55.0]     -> PASSED : creates a new line & puts cursor onto a new line   520 ms
[chrome Windows 7 55.0] 
[chrome Windows 7 55.0] font_type.js
[chrome Windows 7 55.0]   font select
[chrome Windows 7 55.0]     -> PASSED : makes text RobotoMono   16 ms
[chrome Windows 7 55.0] 
[chrome Windows 7 55.0] helper.js
[chrome Windows 7 55.0]   the test helper
[chrome Windows 7 55.0]     the newPad method
[chrome Windows 7 55.0]       -> PENDING: doesn't leak memory if you creates iframes over and over again
[chrome Windows 7 55.0]       -> PASSED : gives me 3 jquery instances of chrome, outer and inner   1021 ms
[chrome Windows 7 55.0]       -> PASSED : clears cookies   3043 ms
[chrome Windows 7 55.0]       -> PASSED : sets pad prefs cookie   871 ms
[chrome Windows 7 55.0]     the waitFor method
[chrome Windows 7 55.0]       -> PASSED : takes a timeout and waits long enough   1502 ms
[chrome Windows 7 55.0]       -> PASSED : takes an interval and checks on every interval   2015 ms
[chrome Windows 7 55.0]       returns a deferred object
[chrome Windows 7 55.0]         -> PASSED : it calls done after success   15 ms
[chrome Windows 7 55.0]         -> PASSED : calls fail after failure   1901 ms
[chrome Windows 7 55.0]         -> PENDING: throws if you don't listen for fails
[chrome Windows 7 55.0]     the selectLines method
[chrome Windows 7 55.0]       -> PASSED : changes editor selection to be between startOffset of $startLine and endOf
[chrome Windows 7 55.0]       fset of $endLine   3 ms
[chrome Windows 7 55.0]       -> PASSED : ends selection at beginning of $endLine when it is an empty line   1 ms
[chrome Windows 7 55.0]       -> PASSED : ends selection at beginning of $endLine when its offset is zero   1 ms
[chrome Windows 7 55.0]       -> PASSED : selects full line when offset is longer than line content   0 ms
[chrome Windows 7 55.0]       -> PASSED : selects all text between beginning of $startLine and end of $endLine when 
[chrome Windows 7 55.0]       no offset is provided   1 ms
[chrome Windows 7 55.0] 
[chrome Windows 7 55.0] importexport.js
[chrome Windows 7 55.0]   import functionality
[chrome Windows 7 55.0]     -> PENDING: import a pad with newlines from txt
[chrome Windows 7 55.0]     -> PENDING: import a pad with newlines from html
[chrome Windows 7 55.0]     -> PENDING: import a pad with attributes from html
[chrome Windows 7 55.0]     -> PENDING: import a pad with bullets from html
[chrome Windows 7 55.0]     -> PENDING: import a pad with bullets and newlines from html
[chrome Windows 7 55.0]     -> PENDING: import a pad with bullets and newlines and attributes from html
[chrome Windows 7 55.0]     -> PENDING: import a pad with nested bullets from html
[chrome Windows 7 55.0]     -> PENDING: import a pad with 8 levels of bullets and newlines and attributes from ht
[chrome Windows 7 55.0]     ml
[chrome Windows 7 55.0]     -> PENDING: import a pad with ordered lists from html
[chrome Windows 7 55.0]     -> PENDING: import a pad with ordered lists and newlines from html
[chrome Windows 7 55.0]     -> PENDING: import a pad with nested ordered lists and attributes and newlines from h
[chrome Windows 7 55.0]     tml
[chrome Windows 7 55.0] 
[chrome Windows 7 55.0] importindents.js
[chrome Windows 7 55.0]   import indents functionality
[chrome Windows 7 55.0]     -> PENDING: import a pad with indents from html
[chrome Windows 7 55.0]     -> PENDING: import a pad with indented lists and newlines from html
[chrome Windows 7 55.0]     -> PENDING: import a pad with 8 levels of indents and newlines and attributes from ht
[chrome Windows 7 55.0]     ml
[chrome Windows 7 55.0] 
[chrome Windows 7 55.0] indentation.js
[chrome Windows 7 55.0]   indentation button
[chrome Windows 7 55.0]     -> PASSED : indent text with keypress   20 ms
[chrome Windows 7 55.0]     -> PASSED : indent text with button   28 ms
[chrome Windows 7 55.0]     -> PASSED : keeps the indent on enter for the new line   42 ms
[chrome Windows 7 55.0]     -> PASSED : indents text with spaces on enter if previous line ends with ':', '[', '('
[chrome Windows 7 55.0]     , or '{'   77 ms
[chrome Windows 7 55.0]     -> PASSED : appends indentation to the indent of previous line if previous line ends w
[chrome Windows 7 55.0]     ith ':', '[', '(', or '{'   63 ms
[chrome Windows 7 55.0]     -> PASSED : issue #2772 shows '*' when multiple indented lines receive a style and are
[chrome Windows 7 55.0]      outdented   116 ms
[chrome Windows 7 55.0] 
[chrome Windows 7 55.0] italic.js
[chrome Windows 7 55.0]   italic some text
[chrome Windows 7 55.0]     -> PASSED : makes text italic using button   31 ms
[chrome Windows 7 55.0]     -> PASSED : makes text italic using keypress   10 ms
[chrome Windows 7 55.0] 
[chrome Windows 7 55.0] language.js
[chrome Windows 7 55.0]   Language select and change
[chrome Windows 7 55.0]     -> PASSED : makes text german   157 ms
[chrome Windows 7 55.0]     -> PASSED : makes text English   32 ms
[chrome Windows 7 55.0]     -> PASSED : changes direction when picking an rtl lang   222 ms
[chrome Windows 7 55.0]     -> PASSED : changes direction when picking an ltr lang   30 ms
[chrome Windows 7 55.0] 
[chrome Windows 7 55.0] multiple_authors_clear_authorship_colors.js
[chrome Windows 7 55.0]   author of pad edition
[chrome Windows 7 55.0]     -> PASSED : Clears Authorship by second user   18 ms
[chrome Windows 7 55.0] 
[chrome Windows 7 55.0] ordered_list.js
[chrome Windows 7 55.0]   assign ordered list
[chrome Windows 7 55.0]     -> PASSED : inserts ordered list text   25 ms
[chrome Windows 7 55.0]     -> PENDING: issue #1125 keeps the numbered list on enter for the new line - EMULATES 
[chrome Windows 7 55.0]     PASTING INTO A PAD
[chrome Windows 7 55.0]     when user presses Ctrl+Shift+N
[chrome Windows 7 55.0]       and pad shortcut is enabled
[chrome Windows 7 55.0]         -> PASSED : inserts unordered list   30 ms
[chrome Windows 7 55.0]       and pad shortcut is disabled
[chrome Windows 7 55.0]         -> PASSED : does not insert unordered list   1900 ms
[chrome Windows 7 55.0]     when user presses Ctrl+Shift+1
[chrome Windows 7 55.0]       and pad shortcut is enabled
[chrome Windows 7 55.0]         -> PASSED : inserts unordered list   11 ms
[chrome Windows 7 55.0]       and pad shortcut is disabled
[chrome Windows 7 55.0]         -> PASSED : does not insert unordered list   1901 ms
[chrome Windows 7 55.0]   Pressing Tab in an OL increases and decreases indentation
[chrome Windows 7 55.0]     -> PASSED : indent and de-indent list item with keypress   64 ms
[chrome Windows 7 55.0]   Pressing indent/outdent button in an OL increases and decreases indentation and bullet / ol formatti
[chrome Windows 7 55.0]   ng
[chrome Windows 7 55.0]     -> PASSED : indent and de-indent list item with indent button   47 ms
[chrome Windows 7 55.0] 
[chrome Windows 7 55.0] pad_modal.js
[chrome Windows 7 55.0]   Pad modal
[chrome Windows 7 55.0]     when modal is a "force reconnect" message
[chrome Windows 7 55.0]       -> PASSED : disables editor   3 ms
[chrome Windows 7 55.0]       and user clicks on editor
[chrome Windows 7 55.0]         -> PASSED : does not close the modal   1 ms
[chrome Windows 7 55.0]       and user clicks on pad outer
[chrome Windows 7 55.0]         -> PASSED : does not close the modal   1 ms
[chrome Windows 7 55.0]     when modal is not an error message
[chrome Windows 7 55.0]       and user clicks on editor
[chrome Windows 7 55.0]         -> PASSED : closes the modal   1 ms
[chrome Windows 7 55.0]       and user clicks on pad outer
[chrome Windows 7 55.0]         -> PASSED : closes the modal   2 ms
[chrome Windows 7 55.0] 
[chrome Windows 7 55.0] redo.js
[chrome Windows 7 55.0]   undo button then redo button
[chrome Windows 7 55.0]     -> PASSED : redo some typing with button   76 ms
[chrome Windows 7 55.0]     -> PASSED : redo some typing with keypress   32 ms
[chrome Windows 7 55.0] 
[chrome Windows 7 55.0] responsiveness.js
[chrome Windows 7 55.0]   Responsiveness of Editor
[chrome Windows 7 55.0]     -> PENDING: Fast response to keypress in pad with large amount of contents
[chrome Windows 7 55.0] 
[chrome Windows 7 55.0] scroll.js
[chrome Windows 7 55.0]   scroll when focus line is out of viewport
[chrome Windows 7 55.0]     when user presses any arrow keys on a line above the viewport
[chrome Windows 7 55.0]       and scroll percentage config is set to 0.2 on settings.json
[chrome Windows 7 55.0]         -> PASSED : keeps the focus line scrolled 20% from the top of the viewport   6 ms
[chrome Windows 7 55.0]     when user presses any arrow keys on a line below the viewport
[chrome Windows 7 55.0]       and scroll percentage config is set to 0.7 on settings.json
[chrome Windows 7 55.0]         -> FAILED : keeps the focus line scrolled 70% from the bottom of the viewport Error: exp
[chrome Windows 7 55.0]         ected 50 to equal 49
[chrome Windows 7 55.0]             at Assertion.assert (lib/expect.js:99:13)
[chrome Windows 7 55.0]             at Assertion.be.Assertion.equal (lib/expect.js:200:10)
[chrome Windows 7 55.0]             at Assertion.(anonymous function) [as be] (lib/expect.js:73:24)
[chrome Windows 7 55.0]             at Context.<anonymous> (<anonymous>:62:43)
[chrome Windows 7 55.0]     when user presses arrow up on the first line of the viewport
[chrome Windows 7 55.0]       and percentageToScrollWhenUserPressesArrowUp is set to 0.3
[chrome Windows 7 55.0]         -> FAILED : keeps the focus line scrolled 30% of the top of the viewport Error: expected
[chrome Windows 7 55.0]          87 to equal 89
[chrome Windows 7 55.0]             at Assertion.assert (lib/expect.js:99:13)
[chrome Windows 7 55.0]             at Assertion.be.Assertion.equal (lib/expect.js:200:10)
[chrome Windows 7 55.0]             at Assertion.(anonymous function) [as be] (lib/expect.js:73:24)
[chrome Windows 7 55.0]             at Context.<anonymous> (<anonymous>:89:40)
[chrome Windows 7 55.0]     when user edits the last line of viewport
[chrome Windows 7 55.0]       and scroll percentage config is set to 0 on settings.json
[chrome Windows 7 55.0]         -> FAILED : keeps the focus line on the bottom of the viewport Error: expected 11 to equ
[chrome Windows 7 55.0]         al 12
[chrome Windows 7 55.0]             at Assertion.assert (lib/expect.js:99:13)
[chrome Windows 7 55.0]             at Assertion.be.Assertion.equal (lib/expect.js:200:10)
[chrome Windows 7 55.0]             at Assertion.(anonymous function) [as be] (lib/expect.js:73:24)
[chrome Windows 7 55.0]             at Context.<anonymous> (<anonymous>:109:49)
[chrome Windows 7 55.0]       and scrollPercentageWhenFocusLineIsOutOfViewport is set to 0.3
[chrome Windows 7 55.0]         -> FAILED : scrolls 30% of viewport up Error: expected 12 to equal 13
[chrome Windows 7 55.0]             at Assertion.assert (lib/expect.js:99:13)
[chrome Windows 7 55.0]             at Assertion.be.Assertion.equal (lib/expect.js:200:10)
[chrome Windows 7 55.0]             at Assertion.(anonymous function) [as be] (lib/expect.js:73:24)
[chrome Windows 7 55.0]             at Context.<anonymous> (<anonymous>:129:49)
[chrome Windows 7 55.0]       and it is set to a value that overflow the interval [0, 1]
[chrome Windows 7 55.0]         -> FAILED : keeps the default behavior of moving the focus line on the bottom of the vie
[chrome Windows 7 55.0]         wport Error: expected 11 to equal 12
[chrome Windows 7 55.0]             at Assertion.assert (lib/expect.js:99:13)
[chrome Windows 7 55.0]             at Assertion.be.Assertion.equal (lib/expect.js:200:10)
[chrome Windows 7 55.0]             at Assertion.(anonymous function) [as be] (lib/expect.js:73:24)
[chrome Windows 7 55.0]             at Context.<anonymous> (<anonymous>:145:49)
[chrome Windows 7 55.0]     when user edits a line above the viewport
[chrome Windows 7 55.0]       and scroll percentage config is set to 0 on settings.json
[chrome Windows 7 55.0]         -> PASSED : keeps the focus line on the top of the viewport   1 ms
[chrome Windows 7 55.0]       and scrollPercentageWhenFocusLineIsOutOfViewport is set to 0.2
[chrome Windows 7 55.0]         -> PASSED : scrolls 20% of viewport down   4 ms
[chrome Windows 7 55.0]     when user places the caret at the last line visible of viewport
[chrome Windows 7 55.0]       and scroll percentage config is set to 0 on settings.json
[chrome Windows 7 55.0]         -> PASSED : does not scroll   1003 ms
[chrome Windows 7 55.0]       and scroll percentage config is set to 0.5 on settings.json
[chrome Windows 7 55.0]         -> PENDING: scrolls line to 50% of the viewport
[chrome Windows 7 55.0]     when the first line selected is out of the viewport and user presses shift arrow down
[chrome Windows 7 55.0]       -> PASSED : keeps the last line selected on focus   2 ms
[chrome Windows 7 55.0]     integration with plugins which changes the margin of editor
[chrome Windows 7 55.0]       when editor dimensions changes
[chrome Windows 7 55.0]         and user places the caret in the last line visible of the pad
[chrome Windows 7 55.0]           -> PENDING: scrolls the line where caret is
[chrome Windows 7 55.0] 
[chrome Windows 7 55.0] select_formatting_buttons.js
[chrome Windows 7 55.0]   select formatting buttons when selection has style applied
[chrome Windows 7 55.0]     when selection is in a text with italic applied
[chrome Windows 7 55.0]       -> PASSED : selects the italic button   26 ms
[chrome Windows 7 55.0]     when caret is in a position with italic applied
[chrome Windows 7 55.0]       -> PASSED : selects the italic button   31 ms
[chrome Windows 7 55.0]     when selection is in a text with bold applied
[chrome Windows 7 55.0]       -> PASSED : selects the bold button   10 ms
[chrome Windows 7 55.0]     when caret is in a position with bold applied
[chrome Windows 7 55.0]       -> PASSED : selects the bold button   10 ms
[chrome Windows 7 55.0]     when selection is in a text with underline applied
[chrome Windows 7 55.0]       -> PASSED : selects the underline button   11 ms
[chrome Windows 7 55.0]     when caret is in a position with underline applied
[chrome Windows 7 55.0]       -> PASSED : selects the underline button   10 ms
[chrome Windows 7 55.0]     when selection is in a text with strikethrough applied
[chrome Windows 7 55.0]       -> PASSED : selects the strikethrough button   10 ms
[chrome Windows 7 55.0]     when caret is in a position with strikethrough applied
[chrome Windows 7 55.0]       -> PASSED : selects the strikethrough button   10 ms
[chrome Windows 7 55.0]     when user applies a style and the selection does not change
[chrome Windows 7 55.0]       -> PASSED : selects the style button   1 ms
[chrome Windows 7 55.0]     when user presses CMD + I
[chrome Windows 7 55.0]       -> PASSED : selects the italic button   10 ms
[chrome Windows 7 55.0]       and user presses CMD + I again
[chrome Windows 7 55.0]         -> PASSED : deselects the italic button   10 ms
[chrome Windows 7 55.0]     when user presses CMD + B
[chrome Windows 7 55.0]       -> PASSED : selects the bold button   12 ms
[chrome Windows 7 55.0]       and user presses CMD + B again
[chrome Windows 7 55.0]         -> PASSED : deselects the bold button   10 ms
[chrome Windows 7 55.0]     when user presses CMD + U
[chrome Windows 7 55.0]       -> PASSED : selects the underline button   10 ms
[chrome Windows 7 55.0]       and user presses CMD + U again
[chrome Windows 7 55.0]         -> PASSED : deselects the underline button   13 ms
[chrome Windows 7 55.0]     when user presses CMD + 5
[chrome Windows 7 55.0]       -> PASSED : selects the strikethrough button   10 ms
[chrome Windows 7 55.0]       and user presses CMD + 5 again
[chrome Windows 7 55.0]         -> PASSED : deselects the strikethrough button   10 ms
[chrome Windows 7 55.0] 
[chrome Windows 7 55.0] strikethrough.js
[chrome Windows 7 55.0]   strikethrough button
[chrome Windows 7 55.0]     -> PASSED : makes text strikethrough   15 ms
[chrome Windows 7 55.0] 
[chrome Windows 7 55.0] timeslider.js
[chrome Windows 7 55.0]   timeslider button takes you to the timeslider of a pad
[chrome Windows 7 55.0]     -> PENDING: timeslider contained in URL
[chrome Windows 7 55.0] 
[chrome Windows 7 55.0] timeslider_follow.js
[chrome Windows 7 55.0]   timeslider
[chrome Windows 7 55.0]     -> FAILED : follow content as it's added to timeslider Error: Uncaught TypeError: ecb.sc
[chrome Windows 7 55.0]     rollTo is not a function (http://localhost:9001/javascripts/lib/ep_[secure]/static/js/timeslide
[chrome Windows 7 55.0]     r.js?callback=require.define&v=7ae1163c:6341)
[chrome Windows 7 55.0] 
[chrome Windows 7 55.0] timeslider_labels.js
[chrome Windows 7 55.0]   timeslider
[chrome Windows 7 55.0]     -> PASSED : Shows a date and time in the timeslider and make sure it doesn't include N
[chrome Windows 7 55.0]     aN   4418 ms
[chrome Windows 7 55.0] 
[chrome Windows 7 55.0] timeslider_numeric_padID.js
[chrome Windows 7 55.0]   timeslider
[chrome Windows 7 55.0]     -> PASSED : Makes sure the export URIs are as expected when the padID is numeric   442
[chrome Windows 7 55.0]     2 ms
[chrome Windows 7 55.0] 
[chrome Windows 7 55.0] timeslider_revisions.js
[chrome Windows 7 55.0]   timeslider
[chrome Windows 7 55.0]     -> FAILED : loads adds a hundred revisions Error: Uncaught Error: expected 'aaaaaaaaaaaa
[chrome Windows 7 55.0]     aaaaaaaaaaaaaaaaaaaaaaaaaaaaaaaaaaaaaaaaaaaaaaaaaaaaaaaaaaaaaaaaaaaaaaaaaaaaaaaaaaaaaaaWelcome to Et
[chrome Windows 7 55.0]     herpad!This pad text is synchronized as you type, so that everyone viewing this page sees the same 
[chrome Windows 7 55.0]     text. This allows you to collaborate seamlessly on documents!Get involved with Etherpad at https://
[chrome Windows 7 55.0]     etherpad.orgWarning: DirtyDB is used. This is fine for testing but not recommended for production. 
[chrome Windows 7 55.0]     -- To suppress these warning messages change suppressErrorsInPadText to true in your settings.json'
[chrome Windows 7 55.0]      to sort of not equal 'aaaaaaaaaaaaaaaaaaaaaaaaaaaaaaaaaaaaaaaaaaaaaaaaaaaaaaaaaaaaaaaaaaaaaaaaaaaaa
[chrome Windows 7 55.0]     aaaaaaaaaaaaaaaaaaaaaaWelcome to Etherpad!This pad text is synchronized as you type, so that everyo
[chrome Windows 7 55.0]     ne viewing this page sees the same text. This allows you to collaborate seamlessly on documents!Get
[chrome Windows 7 55.0]      involved with Etherpad at https://etherpad.orgWarning: DirtyDB is used. This is fine for testing b
[chrome Windows 7 55.0]     ut not recommended for production. -- To suppress these warning messages change suppressErrorsInPadT
[chrome Windows 7 55.0]     ext to true in your settings.json' (http://localhost:9001/tests/frontend/lib/expect.js:99)
[chrome Windows 7 55.0]     -> PENDING: changes the url when clicking on the timeslider
[chrome Windows 7 55.0]     -> FAILED : jumps to a revision given in the url Error: Uncaught Error: expected 413 to 
[chrome Windows 7 55.0]     sort of equal 412 (http://localhost:9001/tests/frontend/lib/expect.js:99)
[chrome Windows 7 55.0]     -> PASSED : checks the export url   3257 ms
[chrome Windows 7 55.0] 
[chrome Windows 7 55.0] undo.js
[chrome Windows 7 55.0]   undo button
[chrome Windows 7 55.0]     -> PASSED : undo some typing by clicking undo button   35 ms
[chrome Windows 7 55.0]     -> PASSED : undo some typing using a keypress   22 ms
[chrome Windows 7 55.0] 
[chrome Windows 7 55.0] unordered_list.js
[chrome Windows 7 55.0]   assign unordered list
[chrome Windows 7 55.0]     -> PASSED : insert unordered list text then removes by outdent   68 ms
[chrome Windows 7 55.0]   unassign unordered list
[chrome Windows 7 55.0]     -> PASSED : insert unordered list text then remove by clicking list again   38 ms
[chrome Windows 7 55.0]   keep unordered list on enter key
[chrome Windows 7 55.0]     -> PASSED : Keeps the unordered list on enter for the new line   36 ms
[chrome Windows 7 55.0]   Pressing Tab in an UL increases and decreases indentation
[chrome Windows 7 55.0]     -> PASSED : indent and de-indent list item with keypress   38 ms
[chrome Windows 7 55.0]   Pressing indent/outdent button in an UL increases and decreases indentation and bullet / ol formatti
[chrome Windows 7 55.0]   ng
[chrome Windows 7 55.0]     -> PASSED : indent and de-indent list item with indent button   45 ms
[chrome Windows 7 55.0] 
[chrome Windows 7 55.0] urls_become_clickable.js
[chrome Windows 7 55.0]   urls
[chrome Windows 7 55.0]     -> PASSED : when you enter an url, it becomes clickable   23 ms
[chrome Windows 7 55.0]     -> PASSED : when you enter a url containing a !, it becomes clickable and contains the
[chrome Windows 7 55.0]      whole URL   521 ms
[chrome Windows 7 55.0]     -> PASSED : when you enter a url followed by a ], the ] is not included in the URL   2
[chrome Windows 7 55.0]     2 ms
[chrome Windows 7 55.0] 
[chrome Windows 7 55.0] xxauto_reconnect.js
[chrome Windows 7 55.0]   Automatic pad reload on Force Reconnect message
[chrome Windows 7 55.0]     -> PASSED : displays a count down timer to automatically reconnect   2 ms
[chrome Windows 7 55.0]     and user clicks on Cancel
[chrome Windows 7 55.0]       -> PASSED : does not show Cancel button nor timer anymore   2 ms
[chrome Windows 7 55.0]     and user does not click on Cancel until timer expires
[chrome Windows 7 55.0]       -> PASSED : reloads the pad   2490 ms
[chrome Windows 7 55.0] 
[chrome Windows 7 55.0] FINISHED - 108 tests passed, 8 tests failed, duration: 3:59
[chrome Windows 7 55.0] 
Remote sauce test '2a28ff8 - chrome 55.0, Windows 7' finished! https://saucelabs.com/jobs/3078a467685f45b3841fc0492f080258
[safari OS X 10.14 12.0] alphabet.js
[safari OS X 10.14 12.0]   All the alphabet works n stuff
[safari OS X 10.14 12.0]     -> PASSED : when you enter any char it appears right   22 ms
[safari OS X 10.14 12.0] 
[safari OS X 10.14 12.0] authorship_of_editions.js
[safari OS X 10.14 12.0]   author of pad edition
[safari OS X 10.14 12.0]     -> PASSED : marks only the new content as changes of the second user on a regular line
[safari OS X 10.14 12.0]        516 ms
[safari OS X 10.14 12.0]     -> PASSED : marks only the new content as changes of the second user on a line with or
[safari OS X 10.14 12.0]     dered list   999 ms
[safari OS X 10.14 12.0]     -> PASSED : marks only the new content as changes of the second user on a line with un
[safari OS X 10.14 12.0]     ordered list   997 ms
[safari OS X 10.14 12.0] 
[safari OS X 10.14 12.0] bold.js
[safari OS X 10.14 12.0]   bold button
[safari OS X 10.14 12.0]     -> PASSED : makes text bold on click   8 ms
[safari OS X 10.14 12.0]     -> PASSED : makes text bold on keypress   6 ms
[safari OS X 10.14 12.0] 
[safari OS X 10.14 12.0] change_user_color.js
[safari OS X 10.14 12.0]   change user color
[safari OS X 10.14 12.0]     -> PASSED : Color picker matches original color and remembers the user color after a r
[safari OS X 10.14 12.0]     efresh   3272 ms
[safari OS X 10.14 12.0]     -> PASSED : Own user color is shown when you enter a chat   275 ms
[safari OS X 10.14 12.0] 
[safari OS X 10.14 12.0] change_user_name.js
[safari OS X 10.14 12.0]   change username value
[safari OS X 10.14 12.0]     -> PASSED : Remembers the user name after a refresh   3286 ms
[safari OS X 10.14 12.0]     -> PASSED : Own user name is shown when you enter a chat   273 ms
[safari OS X 10.14 12.0] 
[safari OS X 10.14 12.0] chat.js
[safari OS X 10.14 12.0]   Chat messages and UI
[safari OS X 10.14 12.0]     -> PASSED : opens chat, sends a message and makes sure it exists on the page   131 ms
[safari OS X 10.14 12.0]     -> PASSED : makes sure that an empty message can't be sent   131 ms
[safari OS X 10.14 12.0]     -> PASSED : makes chat stick to right side of the screen   237 ms
[safari OS X 10.14 12.0]     -> PASSED : makes chat stick to right side of the screen then makes it one step smalle
[safari OS X 10.14 12.0]     r   36 ms
[safari OS X 10.14 12.0]     -> PENDING: Checks showChat=false URL Parameter hides chat then when removed it shows
[safari OS X 10.14 12.0]      chat
[safari OS X 10.14 12.0] 
[safari OS X 10.14 12.0] chat_load_messages.js
[safari OS X 10.14 12.0]   chat-load-messages
[safari OS X 10.14 12.0]     -> PASSED : creates a pad   2346 ms
[safari OS X 10.14 12.0]     -> PASSED : adds a lot of messages   2913 ms
[safari OS X 10.14 12.0]     -> PASSED : checks initial message count   19 ms
[safari OS X 10.14 12.0]     -> PASSED : loads more messages   110 ms
[safari OS X 10.14 12.0]     -> PASSED : checks for button vanishing   144 ms
[safari OS X 10.14 12.0] 
[safari OS X 10.14 12.0] clear_authorship_colors.js
[safari OS X 10.14 12.0]   clear authorship colors button
[safari OS X 10.14 12.0]     -> PASSED : makes text clear authorship colors   23 ms
[safari OS X 10.14 12.0]     -> PASSED : makes text clear authorship colors and checks it can't be undone   37 ms
[safari OS X 10.14 12.0] 
[safari OS X 10.14 12.0] delete.js
[safari OS X 10.14 12.0]   delete keystroke
[safari OS X 10.14 12.0]     -> PASSED : makes text delete   1 ms
[safari OS X 10.14 12.0] 
[safari OS X 10.14 12.0] drag_and_drop.js
[safari OS X 10.14 12.0]   drag and drop
[safari OS X 10.14 12.0]     when user drags part of one line and drops it far form its original place
[safari OS X 10.14 12.0]       and user triggers UNDO
[safari OS X 10.14 12.0]         -> PASSED : moves text back to its original place   1 ms
[safari OS X 10.14 12.0]     when user drags some lines far form its original place
[safari OS X 10.14 12.0]       and user triggers UNDO
[safari OS X 10.14 12.0]         -> PASSED : moves text back to its original place   1 ms
[safari OS X 10.14 12.0] 
[safari OS X 10.14 12.0] embed_value.js
[safari OS X 10.14 12.0]   embed links
[safari OS X 10.14 12.0]     read and write
[safari OS X 10.14 12.0]       the share link
[safari OS X 10.14 12.0]         -> PASSED : is the actual pad url   3 ms
[safari OS X 10.14 12.0]       the embed as iframe code
[safari OS X 10.14 12.0]         -> PASSED : is an iframe with the the correct url parameters and correct size   5 ms
[safari OS X 10.14 12.0]     when read only option is set
[safari OS X 10.14 12.0]       the share link
[safari OS X 10.14 12.0]         -> PASSED : shows a read only url   5 ms
[safari OS X 10.14 12.0]       the embed as iframe code
[safari OS X 10.14 12.0]         -> PASSED : is an iframe with the the correct url parameters and correct size   6 ms
[safari OS X 10.14 12.0] 
[safari OS X 10.14 12.0] enter.js
[safari OS X 10.14 12.0]   enter keystroke
[safari OS X 10.14 12.0]     -> PASSED : creates a new line & puts cursor onto a new line   516 ms
[safari OS X 10.14 12.0] 
[safari OS X 10.14 12.0] font_type.js
[safari OS X 10.14 12.0]   font select
[safari OS X 10.14 12.0]     -> PASSED : makes text RobotoMono   10 ms
[safari OS X 10.14 12.0] 
[safari OS X 10.14 12.0] helper.js
[safari OS X 10.14 12.0]   the test helper
[safari OS X 10.14 12.0]     the newPad method
[safari OS X 10.14 12.0]       -> PENDING: doesn't leak memory if you creates iframes over and over again
[safari OS X 10.14 12.0]       -> PASSED : gives me 3 jquery instances of chrome, outer and inner   2299 ms
[safari OS X 10.14 12.0]       -> PASSED : clears cookies   5612 ms
[safari OS X 10.14 12.0]       -> PASSED : sets pad prefs cookie   2299 ms
[safari OS X 10.14 12.0]     the waitFor method
[safari OS X 10.14 12.0]       -> PASSED : takes a timeout and waits long enough   1501 ms
[safari OS X 10.14 12.0]       -> PASSED : takes an interval and checks on every interval   2002 ms
[safari OS X 10.14 12.0]       returns a deferred object
[safari OS X 10.14 12.0]         -> PASSED : it calls done after success   11 ms
[safari OS X 10.14 12.0]         -> PASSED : calls fail after failure   1900 ms
[safari OS X 10.14 12.0]         -> PENDING: throws if you don't listen for fails
[safari OS X 10.14 12.0]     the selectLines method
[safari OS X 10.14 12.0]       -> PASSED : changes editor selection to be between startOffset of $startLine and endOf
[safari OS X 10.14 12.0]       fset of $endLine   2 ms
[safari OS X 10.14 12.0]       -> PASSED : ends selection at beginning of $endLine when it is an empty line   1 ms
[safari OS X 10.14 12.0]       -> PASSED : ends selection at beginning of $endLine when its offset is zero   1 ms
[safari OS X 10.14 12.0]       -> PASSED : selects full line when offset is longer than line content   1 ms
[safari OS X 10.14 12.0]       -> PASSED : selects all text between beginning of $startLine and end of $endLine when 
[safari OS X 10.14 12.0]       no offset is provided   1 ms
[safari OS X 10.14 12.0] 
[safari OS X 10.14 12.0] importexport.js
[safari OS X 10.14 12.0]   import functionality
[safari OS X 10.14 12.0]     -> PENDING: import a pad with newlines from txt
[safari OS X 10.14 12.0]     -> PENDING: import a pad with newlines from html
[safari OS X 10.14 12.0]     -> PENDING: import a pad with attributes from html
[safari OS X 10.14 12.0]     -> PENDING: import a pad with bullets from html
[safari OS X 10.14 12.0]     -> PENDING: import a pad with bullets and newlines from html
[safari OS X 10.14 12.0]     -> PENDING: import a pad with bullets and newlines and attributes from html
[safari OS X 10.14 12.0]     -> PENDING: import a pad with nested bullets from html
[safari OS X 10.14 12.0]     -> PENDING: import a pad with 8 levels of bullets and newlines and attributes from ht
[safari OS X 10.14 12.0]     ml
[safari OS X 10.14 12.0]     -> PENDING: import a pad with ordered lists from html
[safari OS X 10.14 12.0]     -> PENDING: import a pad with ordered lists and newlines from html
[safari OS X 10.14 12.0]     -> PENDING: import a pad with nested ordered lists and attributes and newlines from h
[safari OS X 10.14 12.0]     tml
[safari OS X 10.14 12.0] 
[safari OS X 10.14 12.0] importindents.js
[safari OS X 10.14 12.0]   import indents functionality
[safari OS X 10.14 12.0]     -> PENDING: import a pad with indents from html
[safari OS X 10.14 12.0]     -> PENDING: import a pad with indented lists and newlines from html
[safari OS X 10.14 12.0]     -> PENDING: import a pad with 8 levels of indents and newlines and attributes from ht
[safari OS X 10.14 12.0]     ml
[safari OS X 10.14 12.0] 
[safari OS X 10.14 12.0] indentation.js
[safari OS X 10.14 12.0]   indentation button
[safari OS X 10.14 12.0]     -> PASSED : indent text with keypress   16 ms
[safari OS X 10.14 12.0]     -> PASSED : indent text with button   15 ms
[safari OS X 10.14 12.0]     -> PASSED : keeps the indent on enter for the new line   524 ms
[safari OS X 10.14 12.0]     -> PASSED : indents text with spaces on enter if previous line ends with ':', '[', '('
[safari OS X 10.14 12.0]     , or '{'   573 ms
[safari OS X 10.14 12.0]     -> PASSED : appends indentation to the indent of previous line if previous line ends w
[safari OS X 10.14 12.0]     ith ':', '[', '(', or '{'   33 ms
[safari OS X 10.14 12.0]     -> PASSED : issue #2772 shows '*' when multiple indented lines receive a style and are
[safari OS X 10.14 12.0]      outdented   572 ms
[safari OS X 10.14 12.0] 
[safari OS X 10.14 12.0] italic.js
[safari OS X 10.14 12.0]   italic some text
[safari OS X 10.14 12.0]     -> PASSED : makes text italic using button   6 ms
[safari OS X 10.14 12.0]     -> PASSED : makes text italic using keypress   10 ms
[safari OS X 10.14 12.0] 
[safari OS X 10.14 12.0] language.js
[safari OS X 10.14 12.0]   Language select and change
[safari OS X 10.14 12.0]     -> PASSED : makes text german   127 ms
[safari OS X 10.14 12.0]     -> PASSED : makes text English   31 ms
[safari OS X 10.14 12.0]     -> PASSED : changes direction when picking an rtl lang   203 ms
[safari OS X 10.14 12.0]     -> PASSED : changes direction when picking an ltr lang   33 ms
[safari OS X 10.14 12.0] 
[safari OS X 10.14 12.0] multiple_authors_clear_authorship_colors.js
[safari OS X 10.14 12.0]   author of pad edition
[safari OS X 10.14 12.0]     -> PASSED : Clears Authorship by second user   7 ms
[safari OS X 10.14 12.0] 
[safari OS X 10.14 12.0] ordered_list.js
[safari OS X 10.14 12.0]   assign ordered list
[safari OS X 10.14 12.0]     -> PASSED : inserts ordered list text   18 ms
[safari OS X 10.14 12.0]     -> PENDING: issue #1125 keeps the numbered list on enter for the new line - EMULATES 
[safari OS X 10.14 12.0]     PASTING INTO A PAD
[safari OS X 10.14 12.0]     when user presses Ctrl+Shift+N
[safari OS X 10.14 12.0]       and pad shortcut is enabled
[safari OS X 10.14 12.0]         -> PASSED : inserts unordered list   11 ms
[safari OS X 10.14 12.0]       and pad shortcut is disabled
[safari OS X 10.14 12.0]         -> PASSED : does not insert unordered list   1901 ms
[safari OS X 10.14 12.0]     when user presses Ctrl+Shift+1
[safari OS X 10.14 12.0]       and pad shortcut is enabled
[safari OS X 10.14 12.0]         -> PASSED : inserts unordered list   11 ms
[safari OS X 10.14 12.0]       and pad shortcut is disabled
[safari OS X 10.14 12.0]         -> PASSED : does not insert unordered list   1901 ms
[safari OS X 10.14 12.0]   Pressing Tab in an OL increases and decreases indentation
[safari OS X 10.14 12.0]     -> PASSED : indent and de-indent list item with keypress   37 ms
[safari OS X 10.14 12.0]   Pressing indent/outdent button in an OL increases and decreases indentation and bullet / ol formatti
[safari OS X 10.14 12.0]   ng
[safari OS X 10.14 12.0]     -> PASSED : indent and de-indent list item with indent button   26 ms
[safari OS X 10.14 12.0] 
[safari OS X 10.14 12.0] pad_modal.js
[safari OS X 10.14 12.0]   Pad modal
[safari OS X 10.14 12.0]     when modal is a "force reconnect" message
[safari OS X 10.14 12.0]       -> PASSED : disables editor   1 ms
[safari OS X 10.14 12.0]       and user clicks on editor
[safari OS X 10.14 12.0]         -> PASSED : does not close the modal   1 ms
[safari OS X 10.14 12.0]       and user clicks on pad outer
[safari OS X 10.14 12.0]         -> PASSED : does not close the modal   0 ms
[safari OS X 10.14 12.0]     when modal is not an error message
[safari OS X 10.14 12.0]       and user clicks on editor
[safari OS X 10.14 12.0]         -> PASSED : closes the modal   0 ms
[safari OS X 10.14 12.0]       and user clicks on pad outer
[safari OS X 10.14 12.0]         -> PASSED : closes the modal   1 ms
[safari OS X 10.14 12.0] 
[safari OS X 10.14 12.0] redo.js
[safari OS X 10.14 12.0]   undo button then redo button
[safari OS X 10.14 12.0]     -> PASSED : redo some typing with button   26 ms
[safari OS X 10.14 12.0]     -> PASSED : redo some typing with keypress   20 ms
[safari OS X 10.14 12.0] 
[safari OS X 10.14 12.0] responsiveness.js
[safari OS X 10.14 12.0]   Responsiveness of Editor
[safari OS X 10.14 12.0]     -> PENDING: Fast response to keypress in pad with large amount of contents
[safari OS X 10.14 12.0] 
[safari OS X 10.14 12.0] scroll.js
[safari OS X 10.14 12.0]   scroll when focus line is out of viewport
[safari OS X 10.14 12.0]     when user presses any arrow keys on a line above the viewport
[safari OS X 10.14 12.0]       and scroll percentage config is set to 0.2 on settings.json
[safari OS X 10.14 12.0]         -> PASSED : keeps the focus line scrolled 20% from the top of the viewport   4 ms
[safari OS X 10.14 12.0]     when user presses any arrow keys on a line below the viewport
[safari OS X 10.14 12.0]       and scroll percentage config is set to 0.7 on settings.json
[safari OS X 10.14 12.0]         -> FAILED : keeps the focus line scrolled 70% from the bottom of the viewport expected 5
[safari OS X 10.14 12.0]         0 to equal 49
[safari OS X 10.14 12.0]         assert@http://localhost:9001/tests/frontend/lib/expect.js:99:22
[safari OS X 10.14 12.0]         equal@http://localhost:9001/tests/frontend/lib/expect.js:200:16
[safari OS X 10.14 12.0]         http://localhost:9001/tests/frontend/lib/expect.js:73:29
[safari OS X 10.14 12.0]         http://localhost:9001/tests/frontend/:62:45
[safari OS X 10.14 12.0]     when user presses arrow up on the first line of the viewport
[safari OS X 10.14 12.0]       and percentageToScrollWhenUserPressesArrowUp is set to 0.3
[safari OS X 10.14 12.0]         -> FAILED : keeps the focus line scrolled 30% of the top of the viewport expected 87 to 
[safari OS X 10.14 12.0]         equal 89
[safari OS X 10.14 12.0]         assert@http://localhost:9001/tests/frontend/lib/expect.js:99:22
[safari OS X 10.14 12.0]         equal@http://localhost:9001/tests/frontend/lib/expect.js:200:16
[safari OS X 10.14 12.0]         http://localhost:9001/tests/frontend/lib/expect.js:73:29
[safari OS X 10.14 12.0]         http://localhost:9001/tests/frontend/:89:42
[safari OS X 10.14 12.0]     when user edits the last line of viewport
[safari OS X 10.14 12.0]       and scroll percentage config is set to 0 on settings.json
[safari OS X 10.14 12.0]         -> FAILED : keeps the focus line on the bottom of the viewport expected 11 to equal 12
[safari OS X 10.14 12.0]         assert@http://localhost:9001/tests/frontend/lib/expect.js:99:22
[safari OS X 10.14 12.0]         equal@http://localhost:9001/tests/frontend/lib/expect.js:200:16
[safari OS X 10.14 12.0]         http://localhost:9001/tests/frontend/lib/expect.js:73:29
[safari OS X 10.14 12.0]         http://localhost:9001/tests/frontend/:109:51
[safari OS X 10.14 12.0]       and scrollPercentageWhenFocusLineIsOutOfViewport is set to 0.3
[safari OS X 10.14 12.0]         -> FAILED : scrolls 30% of viewport up expected 12 to equal 13
[safari OS X 10.14 12.0]         assert@http://localhost:9001/tests/frontend/lib/expect.js:99:22
[safari OS X 10.14 12.0]         equal@http://localhost:9001/tests/frontend/lib/expect.js:200:16
[safari OS X 10.14 12.0]         http://localhost:9001/tests/frontend/lib/expect.js:73:29
[safari OS X 10.14 12.0]         http://localhost:9001/tests/frontend/:129:51
[safari OS X 10.14 12.0]       and it is set to a value that overflow the interval [0, 1]
[safari OS X 10.14 12.0]         -> FAILED : keeps the default behavior of moving the focus line on the bottom of the vie
[safari OS X 10.14 12.0]         wport expected 11 to equal 12
[safari OS X 10.14 12.0]         assert@http://localhost:9001/tests/frontend/lib/expect.js:99:22
[safari OS X 10.14 12.0]         equal@http://localhost:9001/tests/frontend/lib/expect.js:200:16
[safari OS X 10.14 12.0]         http://localhost:9001/tests/frontend/lib/expect.js:73:29
[safari OS X 10.14 12.0]         http://localhost:9001/tests/frontend/:145:51
[safari OS X 10.14 12.0]     when user edits a line above the viewport
[safari OS X 10.14 12.0]       and scroll percentage config is set to 0 on settings.json
[safari OS X 10.14 12.0]         -> PASSED : keeps the focus line on the top of the viewport   1 ms
[safari OS X 10.14 12.0]       and scrollPercentageWhenFocusLineIsOutOfViewport is set to 0.2
[safari OS X 10.14 12.0]         -> PASSED : scrolls 20% of viewport down   2 ms
[safari OS X 10.14 12.0]     when user places the caret at the last line visible of viewport
[safari OS X 10.14 12.0]       and scroll percentage config is set to 0 on settings.json
[safari OS X 10.14 12.0]         -> PASSED : does not scroll   1004 ms
[safari OS X 10.14 12.0]       and scroll percentage config is set to 0.5 on settings.json
[safari OS X 10.14 12.0]         -> PENDING: scrolls line to 50% of the viewport
[safari OS X 10.14 12.0]     when the first line selected is out of the viewport and user presses shift arrow down
[safari OS X 10.14 12.0]       -> PASSED : keeps the last line selected on focus   0 ms
[safari OS X 10.14 12.0]     integration with plugins which changes the margin of editor
[safari OS X 10.14 12.0]       when editor dimensions changes
[safari OS X 10.14 12.0]         and user places the caret in the last line visible of the pad
[safari OS X 10.14 12.0]           -> PENDING: scrolls the line where caret is
[safari OS X 10.14 12.0] 
[safari OS X 10.14 12.0] select_formatting_buttons.js
[safari OS X 10.14 12.0]   select formatting buttons when selection has style applied
[safari OS X 10.14 12.0]     when selection is in a text with italic applied
[safari OS X 10.14 12.0]       -> PASSED : selects the italic button   14 ms
[safari OS X 10.14 12.0]     when caret is in a position with italic applied
[safari OS X 10.14 12.0]       -> PASSED : selects the italic button   16 ms
[safari OS X 10.14 12.0]     when selection is in a text with bold applied
[safari OS X 10.14 12.0]       -> PASSED : selects the bold button   12 ms
[safari OS X 10.14 12.0]     when caret is in a position with bold applied
[safari OS X 10.14 12.0]       -> PASSED : selects the bold button   22 ms
[safari OS X 10.14 12.0]     when selection is in a text with underline applied
[safari OS X 10.14 12.0]       -> PASSED : selects the underline button   15 ms
[safari OS X 10.14 12.0]     when caret is in a position with underline applied
[safari OS X 10.14 12.0]       -> PASSED : selects the underline button   11 ms
[safari OS X 10.14 12.0]     when selection is in a text with strikethrough applied
[safari OS X 10.14 12.0]       -> PASSED : selects the strikethrough button   23 ms
[safari OS X 10.14 12.0]     when caret is in a position with strikethrough applied
[safari OS X 10.14 12.0]       -> PASSED : selects the strikethrough button   16 ms
[safari OS X 10.14 12.0]     when user applies a style and the selection does not change
[safari OS X 10.14 12.0]       -> PASSED : selects the style button   1 ms
[safari OS X 10.14 12.0]     when user presses CMD + I
[safari OS X 10.14 12.0]       -> PASSED : selects the italic button   13 ms
[safari OS X 10.14 12.0]       and user presses CMD + I again
[safari OS X 10.14 12.0]         -> PASSED : deselects the italic button   43 ms
[safari OS X 10.14 12.0]     when user presses CMD + B
[safari OS X 10.14 12.0]       -> PASSED : selects the bold button   22 ms
[safari OS X 10.14 12.0]       and user presses CMD + B again
[safari OS X 10.14 12.0]         -> PASSED : deselects the bold button   21 ms
[safari OS X 10.14 12.0]     when user presses CMD + U
[safari OS X 10.14 12.0]       -> PASSED : selects the underline button   28 ms
[safari OS X 10.14 12.0]       and user presses CMD + U again
[safari OS X 10.14 12.0]         -> PASSED : deselects the underline button   20 ms
[safari OS X 10.14 12.0]     when user presses CMD + 5
[safari OS X 10.14 12.0]       -> PASSED : selects the strikethrough button   12 ms
[safari OS X 10.14 12.0]       and user presses CMD + 5 again
[safari OS X 10.14 12.0]         -> PASSED : deselects the strikethrough button   13 ms
[safari OS X 10.14 12.0] 
[safari OS X 10.14 12.0] strikethrough.js
[safari OS X 10.14 12.0]   strikethrough button
[safari OS X 10.14 12.0]     -> PASSED : makes text strikethrough   7 ms
[safari OS X 10.14 12.0] 
[safari OS X 10.14 12.0] timeslider.js
[safari OS X 10.14 12.0]   timeslider button takes you to the timeslider of a pad
[safari OS X 10.14 12.0]     -> PENDING: timeslider contained in URL
[safari OS X 10.14 12.0] 
[safari OS X 10.14 12.0] timeslider_follow.js
[safari OS X 10.14 12.0]   timeslider
[safari OS X 10.14 12.0]     -> FAILED : follow content as it's added to timeslider Error: Error: expected { top: 0, 
[safari OS X 10.14 12.0]     left: 0 } to sort of not equal { top: 0, left: 0 } (http://localhost:9001/tests/frontend/lib/expect.
[safari OS X 10.14 12.0]     js:99)
[safari OS X 10.14 12.0]     (http://localhost:9001/tests/frontend/lib/mocha.js:64)
[safari OS X 10.14 12.0] 
[safari OS X 10.14 12.0] timeslider_labels.js
[safari OS X 10.14 12.0]   timeslider
[safari OS X 10.14 12.0]     -> PASSED : Shows a date and time in the timeslider and make sure it doesn't include N
[safari OS X 10.14 12.0]     aN   4418 ms
[safari OS X 10.14 12.0] 
[safari OS X 10.14 12.0] timeslider_numeric_padID.js
[safari OS X 10.14 12.0]   timeslider
[safari OS X 10.14 12.0]     -> PASSED : Makes sure the export URIs are as expected when the padID is numeric   441
[safari OS X 10.14 12.0]     2 ms
[safari OS X 10.14 12.0] 
[safari OS X 10.14 12.0] timeslider_revisions.js
[safari OS X 10.14 12.0]   timeslider
[safari OS X 10.14 12.0]     -> PASSED : loads adds a hundred revisions   96119 ms
[safari OS X 10.14 12.0]     -> PENDING: changes the url when clicking on the timeslider
[safari OS X 10.14 12.0]     -> PASSED : jumps to a revision given in the url   2036 ms
[safari OS X 10.14 12.0]     -> PASSED : checks the export url   3857 ms
[safari OS X 10.14 12.0] 
[safari OS X 10.14 12.0] undo.js
[safari OS X 10.14 12.0]   undo button
[safari OS X 10.14 12.0]     -> PASSED : undo some typing by clicking undo button   22 ms
[safari OS X 10.14 12.0]     -> PASSED : undo some typing using a keypress   26 ms
[safari OS X 10.14 12.0] 
[safari OS X 10.14 12.0] unordered_list.js
[safari OS X 10.14 12.0]   assign unordered list
[safari OS X 10.14 12.0]     -> PASSED : insert unordered list text then removes by outdent   34 ms
[safari OS X 10.14 12.0]   unassign unordered list
[safari OS X 10.14 12.0]     -> PASSED : insert unordered list text then remove by clicking list again   29 ms
[safari OS X 10.14 12.0]   keep unordered list on enter key
[safari OS X 10.14 12.0]     -> PASSED : Keeps the unordered list on enter for the new line   526 ms
[safari OS X 10.14 12.0]   Pressing Tab in an UL increases and decreases indentation
[safari OS X 10.14 12.0]     -> PASSED : indent and de-indent list item with keypress   26 ms
[safari OS X 10.14 12.0]   Pressing indent/outdent button in an UL increases and decreases indentation and bullet / ol formatti
[safari OS X 10.14 12.0]   ng
[safari OS X 10.14 12.0]     -> PASSED : indent and de-indent list item with indent button   26 ms
[safari OS X 10.14 12.0] 
[safari OS X 10.14 12.0] urls_become_clickable.js
[safari OS X 10.14 12.0]   urls
[safari OS X 10.14 12.0]     -> PASSED : when you enter an url, it becomes clickable   17 ms
[safari OS X 10.14 12.0]     -> PASSED : when you enter a url containing a !, it becomes clickable and contains the
[safari OS X 10.14 12.0]      whole URL   17 ms
[safari OS X 10.14 12.0]     -> PASSED : when you enter a url followed by a ], the ] is not included in the URL   1
[safari OS X 10.14 12.0]     6 ms
[safari OS X 10.14 12.0] 
[safari OS X 10.14 12.0] xxauto_reconnect.js
[safari OS X 10.14 12.0]   Automatic pad reload on Force Reconnect message
[safari OS X 10.14 12.0]     -> PASSED : displays a count down timer to automatically reconnect   0 ms
[safari OS X 10.14 12.0]     and user clicks on Cancel
[safari OS X 10.14 12.0]       -> PASSED : does not show Cancel button nor timer anymore   2 ms
[safari OS X 10.14 12.0]     and user does not click on Cancel until timer expires
[safari OS X 10.14 12.0]       -> PASSED : reloads the pad   3073 ms
[safari OS X 10.14 12.0] 
[safari OS X 10.14 12.0] FINISHED - 110 tests passed, 6 tests failed, duration: 5:44
[safari OS X 10.14 12.0] 
Remote sauce test '2a28ff8 - safari 12.0, OS X 10.14' finished! https://saucelabs.com/jobs/64f920f4a9964cd58ee39a10a07a2a5e
[firefox Windows 7 52.0] alphabet.js
[firefox Windows 7 52.0]   All the alphabet works n stuff
[firefox Windows 7 52.0]     -> PASSED : when you enter any char it appears right   62 ms
[firefox Windows 7 52.0] 
[firefox Windows 7 52.0] authorship_of_editions.js
[firefox Windows 7 52.0]   author of pad edition
[firefox Windows 7 52.0]     -> PASSED : marks only the new content as changes of the second user on a regular line
[firefox Windows 7 52.0]        1015 ms
[firefox Windows 7 52.0]     -> PASSED : marks only the new content as changes of the second user on a line with or
[firefox Windows 7 52.0]     dered list   965 ms
[firefox Windows 7 52.0]     -> PASSED : marks only the new content as changes of the second user on a line with un
[firefox Windows 7 52.0]     ordered list   994 ms
[firefox Windows 7 52.0] 
[firefox Windows 7 52.0] bold.js
[firefox Windows 7 52.0]   bold button
[firefox Windows 7 52.0]     -> PASSED : makes text bold on click   25 ms
[firefox Windows 7 52.0]     -> PASSED : makes text bold on keypress   21 ms
[firefox Windows 7 52.0] 
[firefox Windows 7 52.0] change_user_color.js
[firefox Windows 7 52.0]   change user color
[firefox Windows 7 52.0]     -> PASSED : Color picker matches original color and remembers the user color after a r
[firefox Windows 7 52.0]     efresh   2488 ms
[firefox Windows 7 52.0]     -> PASSED : Own user color is shown when you enter a chat   315 ms
[firefox Windows 7 52.0] 
[firefox Windows 7 52.0] change_user_name.js
[firefox Windows 7 52.0]   change username value
[firefox Windows 7 52.0]     -> PASSED : Remembers the user name after a refresh   2436 ms
[firefox Windows 7 52.0]     -> PASSED : Own user name is shown when you enter a chat   191 ms
[firefox Windows 7 52.0] 
[firefox Windows 7 52.0] chat.js
[firefox Windows 7 52.0]   Chat messages and UI
[firefox Windows 7 52.0]     -> PASSED : opens chat, sends a message and makes sure it exists on the page   116 ms
[firefox Windows 7 52.0]     -> PASSED : makes sure that an empty message can't be sent   133 ms
[firefox Windows 7 52.0]     -> PASSED : makes chat stick to right side of the screen   156 ms
[firefox Windows 7 52.0]     -> PASSED : makes chat stick to right side of the screen then makes it one step smalle
[firefox Windows 7 52.0]     r   95 ms
[firefox Windows 7 52.0]     -> PENDING: Checks showChat=false URL Parameter hides chat then when removed it shows
[firefox Windows 7 52.0]      chat
[firefox Windows 7 52.0] 
[firefox Windows 7 52.0] chat_load_messages.js
[firefox Windows 7 52.0]   chat-load-messages
[firefox Windows 7 52.0]     -> PASSED : creates a pad   1417 ms
[firefox Windows 7 52.0]     -> PASSED : adds a lot of messages   2808 ms
[firefox Windows 7 52.0]     -> PASSED : checks initial message count   30 ms
[firefox Windows 7 52.0]     -> PASSED : loads more messages   85 ms
[firefox Windows 7 52.0]     -> PASSED : checks for button vanishing   124 ms
[firefox Windows 7 52.0] 
[firefox Windows 7 52.0] clear_authorship_colors.js
[firefox Windows 7 52.0]   clear authorship colors button
[firefox Windows 7 52.0]     -> PASSED : makes text clear authorship colors   70 ms
[firefox Windows 7 52.0]     -> PASSED : makes text clear authorship colors and checks it can't be undone   131 ms
[firefox Windows 7 52.0] 
[firefox Windows 7 52.0] delete.js
[firefox Windows 7 52.0]   delete keystroke
[firefox Windows 7 52.0]     -> PASSED : makes text delete   7 ms
[firefox Windows 7 52.0] 
[firefox Windows 7 52.0] drag_and_drop.js
[firefox Windows 7 52.0]   drag and drop
[firefox Windows 7 52.0]     when user drags part of one line and drops it far form its original place
[firefox Windows 7 52.0]       and user triggers UNDO
[firefox Windows 7 52.0]         -> PASSED : moves text back to its original place   4 ms
[firefox Windows 7 52.0]     when user drags some lines far form its original place
[firefox Windows 7 52.0]       and user triggers UNDO
[firefox Windows 7 52.0]         -> PASSED : moves text back to its original place   5 ms
[firefox Windows 7 52.0] 
[firefox Windows 7 52.0] embed_value.js
[firefox Windows 7 52.0]   embed links
[firefox Windows 7 52.0]     read and write
[firefox Windows 7 52.0]       the share link
[firefox Windows 7 52.0]         -> PASSED : is the actual pad url   17 ms
[firefox Windows 7 52.0]       the embed as iframe code
[firefox Windows 7 52.0]         -> PASSED : is an iframe with the the correct url parameters and correct size   15 ms
[firefox Windows 7 52.0]     when read only option is set
[firefox Windows 7 52.0]       the share link
[firefox Windows 7 52.0]         -> PASSED : shows a read only url   17 ms
[firefox Windows 7 52.0]       the embed as iframe code
[firefox Windows 7 52.0]         -> PASSED : is an iframe with the the correct url parameters and correct size   19 ms
[firefox Windows 7 52.0] 
[firefox Windows 7 52.0] enter.js
[firefox Windows 7 52.0]   enter keystroke
[firefox Windows 7 52.0]     -> PASSED : creates a new line & puts cursor onto a new line   49 ms
[firefox Windows 7 52.0] 
[firefox Windows 7 52.0] font_type.js
[firefox Windows 7 52.0]   font select
[firefox Windows 7 52.0]     -> PASSED : makes text RobotoMono   29 ms
[firefox Windows 7 52.0] 
[firefox Windows 7 52.0] helper.js
[firefox Windows 7 52.0]   the test helper
[firefox Windows 7 52.0]     the newPad method
[firefox Windows 7 52.0]       -> PENDING: doesn't leak memory if you creates iframes over and over again
[firefox Windows 7 52.0]       -> PASSED : gives me 3 jquery instances of chrome, outer and inner   1236 ms
[firefox Windows 7 52.0]       -> PASSED : clears cookies   4340 ms
[firefox Windows 7 52.0]       -> PASSED : sets pad prefs cookie   1294 ms
[firefox Windows 7 52.0]     the waitFor method
[firefox Windows 7 52.0]       -> PASSED : takes a timeout and waits long enough   1515 ms
[firefox Windows 7 52.0]       -> PASSED : takes an interval and checks on every interval   2008 ms
[firefox Windows 7 52.0]       returns a deferred object
[firefox Windows 7 52.0]         -> PASSED : it calls done after success   16 ms
[firefox Windows 7 52.0]         -> PASSED : calls fail after failure   1907 ms
[firefox Windows 7 52.0]         -> PENDING: throws if you don't listen for fails
[firefox Windows 7 52.0]     the selectLines method
[firefox Windows 7 52.0]       -> PASSED : changes editor selection to be between startOffset of $startLine and endOf
[firefox Windows 7 52.0]       fset of $endLine   4 ms
[firefox Windows 7 52.0]       -> PASSED : ends selection at beginning of $endLine when it is an empty line   3 ms
[firefox Windows 7 52.0]       -> PASSED : ends selection at beginning of $endLine when its offset is zero   4 ms
[firefox Windows 7 52.0]       -> PASSED : selects full line when offset is longer than line content   1 ms
[firefox Windows 7 52.0]       -> PASSED : selects all text between beginning of $startLine and end of $endLine when 
[firefox Windows 7 52.0]       no offset is provided   1 ms
[firefox Windows 7 52.0] 
[firefox Windows 7 52.0] importexport.js
[firefox Windows 7 52.0]   import functionality
[firefox Windows 7 52.0]     -> PENDING: import a pad with newlines from txt
[firefox Windows 7 52.0]     -> PENDING: import a pad with newlines from html
[firefox Windows 7 52.0]     -> PENDING: import a pad with attributes from html
[firefox Windows 7 52.0]     -> PENDING: import a pad with bullets from html
[firefox Windows 7 52.0]     -> PENDING: import a pad with bullets and newlines from html
[firefox Windows 7 52.0]     -> PENDING: import a pad with bullets and newlines and attributes from html
[firefox Windows 7 52.0]     -> PENDING: import a pad with nested bullets from html
[firefox Windows 7 52.0]     -> PENDING: import a pad with 8 levels of bullets and newlines and attributes from ht
[firefox Windows 7 52.0]     ml
[firefox Windows 7 52.0]     -> PENDING: import a pad with ordered lists from html
[firefox Windows 7 52.0]     -> PENDING: import a pad with ordered lists and newlines from html
[firefox Windows 7 52.0]     -> PENDING: import a pad with nested ordered lists and attributes and newlines from h
[firefox Windows 7 52.0]     tml
[firefox Windows 7 52.0] 
[firefox Windows 7 52.0] importindents.js
[firefox Windows 7 52.0]   import indents functionality
[firefox Windows 7 52.0]     -> PENDING: import a pad with indents from html
[firefox Windows 7 52.0]     -> PENDING: import a pad with indented lists and newlines from html
[firefox Windows 7 52.0]     -> PENDING: import a pad with 8 levels of indents and newlines and attributes from ht
[firefox Windows 7 52.0]     ml
[firefox Windows 7 52.0] 
[firefox Windows 7 52.0] indentation.js
[firefox Windows 7 52.0]   indentation button
[firefox Windows 7 52.0]     -> PASSED : indent text with keypress   41 ms
[firefox Windows 7 52.0]     -> PASSED : indent text with button   47 ms
[firefox Windows 7 52.0]     -> PASSED : keeps the indent on enter for the new line   117 ms
[firefox Windows 7 52.0]     -> PASSED : indents text with spaces on enter if previous line ends with ':', '[', '('
[firefox Windows 7 52.0]     , or '{'   173 ms
[firefox Windows 7 52.0]     -> PASSED : appends indentation to the indent of previous line if previous line ends w
[firefox Windows 7 52.0]     ith ':', '[', '(', or '{'   92 ms
[firefox Windows 7 52.0]     -> PASSED : issue #2772 shows '*' when multiple indented lines receive a style and are
[firefox Windows 7 52.0]      outdented   168 ms
[firefox Windows 7 52.0] 
[firefox Windows 7 52.0] italic.js
[firefox Windows 7 52.0]   italic some text
[firefox Windows 7 52.0]     -> PASSED : makes text italic using button   33 ms
[firefox Windows 7 52.0]     -> PASSED : makes text italic using keypress   19 ms
[firefox Windows 7 52.0] 
[firefox Windows 7 52.0] language.js
[firefox Windows 7 52.0]   Language select and change
[firefox Windows 7 52.0]     -> PASSED : makes text german   232 ms
[firefox Windows 7 52.0]     -> PASSED : makes text English   65 ms
[firefox Windows 7 52.0]     -> PASSED : changes direction when picking an rtl lang   346 ms
[firefox Windows 7 52.0]     -> PASSED : changes direction when picking an ltr lang   89 ms
[firefox Windows 7 52.0] 
[firefox Windows 7 52.0] multiple_authors_clear_authorship_colors.js
[firefox Windows 7 52.0]   author of pad edition
[firefox Windows 7 52.0]     -> PASSED : Clears Authorship by second user   28 ms
[firefox Windows 7 52.0] 
[firefox Windows 7 52.0] ordered_list.js
[firefox Windows 7 52.0]   assign ordered list
[firefox Windows 7 52.0]     -> PASSED : inserts ordered list text   115 ms
[firefox Windows 7 52.0]     -> PENDING: issue #1125 keeps the numbered list on enter for the new line - EMULATES 
[firefox Windows 7 52.0]     PASTING INTO A PAD
[firefox Windows 7 52.0]     when user presses Ctrl+Shift+N
[firefox Windows 7 52.0]       and pad shortcut is enabled
[firefox Windows 7 52.0]         -> PASSED : inserts unordered list   20 ms
[firefox Windows 7 52.0]       and pad shortcut is disabled
[firefox Windows 7 52.0]         -> PASSED : does not insert unordered list   1902 ms
[firefox Windows 7 52.0]     when user presses Ctrl+Shift+1
[firefox Windows 7 52.0]       and pad shortcut is enabled
[firefox Windows 7 52.0]         -> PASSED : inserts unordered list   23 ms
[firefox Windows 7 52.0]       and pad shortcut is disabled
[firefox Windows 7 52.0]         -> PASSED : does not insert unordered list   1903 ms
[firefox Windows 7 52.0]   Pressing Tab in an OL increases and decreases indentation
[firefox Windows 7 52.0]     -> PASSED : indent and de-indent list item with keypress   77 ms
[firefox Windows 7 52.0]   Pressing indent/outdent button in an OL increases and decreases indentation and bullet / ol formatti
[firefox Windows 7 52.0]   ng
[firefox Windows 7 52.0]     -> PASSED : indent and de-indent list item with indent button   113 ms
[firefox Windows 7 52.0] 
[firefox Windows 7 52.0] pad_modal.js
[firefox Windows 7 52.0]   Pad modal
[firefox Windows 7 52.0]     when modal is a "force reconnect" message
[firefox Windows 7 52.0]       -> PASSED : disables editor   10 ms
[firefox Windows 7 52.0]       and user clicks on editor
[firefox Windows 7 52.0]         -> PASSED : does not close the modal   2 ms
[firefox Windows 7 52.0]       and user clicks on pad outer
[firefox Windows 7 52.0]         -> PASSED : does not close the modal   3 ms
[firefox Windows 7 52.0]     when modal is not an error message
[firefox Windows 7 52.0]       and user clicks on editor
[firefox Windows 7 52.0]         -> PASSED : closes the modal   2 ms
[firefox Windows 7 52.0]       and user clicks on pad outer
[firefox Windows 7 52.0]         -> PASSED : closes the modal   2 ms
[firefox Windows 7 52.0] 
[firefox Windows 7 52.0] redo.js
[firefox Windows 7 52.0]   undo button then redo button
[firefox Windows 7 52.0]     -> PASSED : redo some typing with button   66 ms
[firefox Windows 7 52.0]     -> PASSED : redo some typing with keypress   69 ms
[firefox Windows 7 52.0] 
[firefox Windows 7 52.0] responsiveness.js
[firefox Windows 7 52.0]   Responsiveness of Editor
[firefox Windows 7 52.0]     -> PENDING: Fast response to keypress in pad with large amount of contents
[firefox Windows 7 52.0] 
[firefox Windows 7 52.0] scroll.js
[firefox Windows 7 52.0]   scroll when focus line is out of viewport
[firefox Windows 7 52.0]     when user presses any arrow keys on a line above the viewport
[firefox Windows 7 52.0]       and scroll percentage config is set to 0.2 on settings.json
[firefox Windows 7 52.0]         -> PASSED : keeps the focus line scrolled 20% from the top of the viewport   12 ms
[firefox Windows 7 52.0]     when user presses any arrow keys on a line below the viewport
[firefox Windows 7 52.0]       and scroll percentage config is set to 0.7 on settings.json
[firefox Windows 7 52.0]         -> FAILED : keeps the focus line scrolled 70% from the bottom of the viewport expected 5
[firefox Windows 7 52.0]         0 to equal 49
[firefox Windows 7 52.0]         Assertion.prototype.assert@http://localhost:9001/tests/frontend/lib/expect.js:99:13
[firefox Windows 7 52.0]         Assertion.prototype.equal@http://localhost:9001/tests/frontend/lib/expect.js:200:5
[firefox Windows 7 52.0]         Assertion/this[name]@http://localhost:9001/tests/frontend/lib/expect.js:73:20
[firefox Windows 7 52.0]         @http://localhost:9001/tests/frontend/:62:9
[firefox Windows 7 52.0]     when user presses arrow up on the first line of the viewport
[firefox Windows 7 52.0]       and percentageToScrollWhenUserPressesArrowUp is set to 0.3
[firefox Windows 7 52.0]         -> FAILED : keeps the focus line scrolled 30% of the top of the viewport expected 87 to 
[firefox Windows 7 52.0]         equal 89
[firefox Windows 7 52.0]         Assertion.prototype.assert@http://localhost:9001/tests/frontend/lib/expect.js:99:13
[firefox Windows 7 52.0]         Assertion.prototype.equal@http://localhost:9001/tests/frontend/lib/expect.js:200:5
[firefox Windows 7 52.0]         Assertion/this[name]@http://localhost:9001/tests/frontend/lib/expect.js:73:20
[firefox Windows 7 52.0]         @http://localhost:9001/tests/frontend/:89:9
[firefox Windows 7 52.0]     when user edits the last line of viewport
[firefox Windows 7 52.0]       and scroll percentage config is set to 0 on settings.json
[firefox Windows 7 52.0]         -> FAILED : keeps the focus line on the bottom of the viewport expected 11 to equal 12
[firefox Windows 7 52.0]         Assertion.prototype.assert@http://localhost:9001/tests/frontend/lib/expect.js:99:13
[firefox Windows 7 52.0]         Assertion.prototype.equal@http://localhost:9001/tests/frontend/lib/expect.js:200:5
[firefox Windows 7 52.0]         Assertion/this[name]@http://localhost:9001/tests/frontend/lib/expect.js:73:20
[firefox Windows 7 52.0]         @http://localhost:9001/tests/frontend/:109:9
[firefox Windows 7 52.0]       and scrollPercentageWhenFocusLineIsOutOfViewport is set to 0.3
[firefox Windows 7 52.0]         -> FAILED : scrolls 30% of viewport up expected 12 to equal 13
[firefox Windows 7 52.0]         Assertion.prototype.assert@http://localhost:9001/tests/frontend/lib/expect.js:99:13
[firefox Windows 7 52.0]         Assertion.prototype.equal@http://localhost:9001/tests/frontend/lib/expect.js:200:5
[firefox Windows 7 52.0]         Assertion/this[name]@http://localhost:9001/tests/frontend/lib/expect.js:73:20
[firefox Windows 7 52.0]         @http://localhost:9001/tests/frontend/:129:9
[firefox Windows 7 52.0]       and it is set to a value that overflow the interval [0, 1]
[firefox Windows 7 52.0]         -> FAILED : keeps the default behavior of moving the focus line on the bottom of the vie
[firefox Windows 7 52.0]         wport expected 11 to equal 12
[firefox Windows 7 52.0]         Assertion.prototype.assert@http://localhost:9001/tests/frontend/lib/expect.js:99:13
[firefox Windows 7 52.0]         Assertion.prototype.equal@http://localhost:9001/tests/frontend/lib/expect.js:200:5
[firefox Windows 7 52.0]         Assertion/this[name]@http://localhost:9001/tests/frontend/lib/expect.js:73:20
[firefox Windows 7 52.0]         @http://localhost:9001/tests/frontend/:145:9
[firefox Windows 7 52.0]     when user edits a line above the viewport
[firefox Windows 7 52.0]       and scroll percentage config is set to 0 on settings.json
[firefox Windows 7 52.0]         -> PASSED : keeps the focus line on the top of the viewport   3 ms
[firefox Windows 7 52.0]       and scrollPercentageWhenFocusLineIsOutOfViewport is set to 0.2
[firefox Windows 7 52.0]         -> PASSED : scrolls 20% of viewport down   9 ms
[firefox Windows 7 52.0]     when user places the caret at the last line visible of viewport
[firefox Windows 7 52.0]       and scroll percentage config is set to 0 on settings.json
[firefox Windows 7 52.0]         -> PASSED : does not scroll   1022 ms
[firefox Windows 7 52.0]       and scroll percentage config is set to 0.5 on settings.json
[firefox Windows 7 52.0]         -> PENDING: scrolls line to 50% of the viewport
[firefox Windows 7 52.0]     when the first line selected is out of the viewport and user presses shift arrow down
[firefox Windows 7 52.0]       -> PASSED : keeps the last line selected on focus   1 ms
[firefox Windows 7 52.0]     integration with plugins which changes the margin of editor
[firefox Windows 7 52.0]       when editor dimensions changes
[firefox Windows 7 52.0]         and user places the caret in the last line visible of the pad
[firefox Windows 7 52.0]           -> PENDING: scrolls the line where caret is
[firefox Windows 7 52.0] 
[firefox Windows 7 52.0] select_formatting_buttons.js
[firefox Windows 7 52.0]   select formatting buttons when selection has style applied
[firefox Windows 7 52.0]     when selection is in a text with italic applied
[firefox Windows 7 52.0]       -> PASSED : selects the italic button   16 ms
[firefox Windows 7 52.0]     when caret is in a position with italic applied
[firefox Windows 7 52.0]       -> PASSED : selects the italic button   13 ms
[firefox Windows 7 52.0]     when selection is in a text with bold applied
[firefox Windows 7 52.0]       -> PASSED : selects the bold button   11 ms
[firefox Windows 7 52.0]     when caret is in a position with bold applied
[firefox Windows 7 52.0]       -> PASSED : selects the bold button   13 ms
[firefox Windows 7 52.0]     when selection is in a text with underline applied
[firefox Windows 7 52.0]       -> PASSED : selects the underline button   26 ms
[firefox Windows 7 52.0]     when caret is in a position with underline applied
[firefox Windows 7 52.0]       -> PASSED : selects the underline button   31 ms
[firefox Windows 7 52.0]     when selection is in a text with strikethrough applied
[firefox Windows 7 52.0]       -> PASSED : selects the strikethrough button   17 ms
[firefox Windows 7 52.0]     when caret is in a position with strikethrough applied
[firefox Windows 7 52.0]       -> PASSED : selects the strikethrough button   32 ms
[firefox Windows 7 52.0]     when user applies a style and the selection does not change
[firefox Windows 7 52.0]       -> PASSED : selects the style button   2 ms
[firefox Windows 7 52.0]     when user presses CMD + I
[firefox Windows 7 52.0]       -> PASSED : selects the italic button   21 ms
[firefox Windows 7 52.0]       and user presses CMD + I again
[firefox Windows 7 52.0]         -> PASSED : deselects the italic button   16 ms
[firefox Windows 7 52.0]     when user presses CMD + B
[firefox Windows 7 52.0]       -> PASSED : selects the bold button   33 ms
[firefox Windows 7 52.0]       and user presses CMD + B again
[firefox Windows 7 52.0]         -> PASSED : deselects the bold button   17 ms
[firefox Windows 7 52.0]     when user presses CMD + U
[firefox Windows 7 52.0]       -> PASSED : selects the underline button   31 ms
[firefox Windows 7 52.0]       and user presses CMD + U again
[firefox Windows 7 52.0]         -> PASSED : deselects the underline button   17 ms
[firefox Windows 7 52.0]     when user presses CMD + 5
[firefox Windows 7 52.0]       -> PASSED : selects the strikethrough button   73 ms
[firefox Windows 7 52.0]       and user presses CMD + 5 again
[firefox Windows 7 52.0]         -> PASSED : deselects the strikethrough button   26 ms
[firefox Windows 7 52.0] 
[firefox Windows 7 52.0] strikethrough.js
[firefox Windows 7 52.0]   strikethrough button
[firefox Windows 7 52.0]     -> PASSED : makes text strikethrough   26 ms
[firefox Windows 7 52.0] 
[firefox Windows 7 52.0] timeslider.js
[firefox Windows 7 52.0]   timeslider button takes you to the timeslider of a pad
[firefox Windows 7 52.0]     -> PENDING: timeslider contained in URL
[firefox Windows 7 52.0] 
[firefox Windows 7 52.0] timeslider_follow.js
[firefox Windows 7 52.0]   timeslider
[firefox Windows 7 52.0]     -> FAILED : follow content as it's added to timeslider Error: Error: expected { top: 0, 
[firefox Windows 7 52.0]     left: 0 } to sort of not equal { top: 0, left: 0 } (http://localhost:9001/tests/frontend/lib/expect.
[firefox Windows 7 52.0]     js:99)
[firefox Windows 7 52.0] 
[firefox Windows 7 52.0] timeslider_labels.js
[firefox Windows 7 52.0]   timeslider
[firefox Windows 7 52.0]     -> PASSED : Shows a date and time in the timeslider and make sure it doesn't include N
[firefox Windows 7 52.0]     aN   4469 ms
[firefox Windows 7 52.0] 
[firefox Windows 7 52.0] timeslider_numeric_padID.js
[firefox Windows 7 52.0]   timeslider
[firefox Windows 7 52.0]     -> PASSED : Makes sure the export URIs are as expected when the padID is numeric   446
[firefox Windows 7 52.0]     2 ms
[firefox Windows 7 52.0] 
[firefox Windows 7 52.0] timeslider_revisions.js
[firefox Windows 7 52.0]   timeslider
[firefox Windows 7 52.0]     -> PASSED : loads adds a hundred revisions   96169 ms
[firefox Windows 7 52.0]     -> PENDING: changes the url when clicking on the timeslider
[firefox Windows 7 52.0]     -> PASSED : jumps to a revision given in the url   1737 ms
[firefox Windows 7 52.0]     -> PASSED : checks the export url   3563 ms
[firefox Windows 7 52.0] 
[firefox Windows 7 52.0] undo.js
[firefox Windows 7 52.0]   undo button
[firefox Windows 7 52.0]     -> PASSED : undo some typing by clicking undo button   76 ms
[firefox Windows 7 52.0]     -> PASSED : undo some typing using a keypress   55 ms
[firefox Windows 7 52.0] 
[firefox Windows 7 52.0] unordered_list.js
[firefox Windows 7 52.0]   assign unordered list
[firefox Windows 7 52.0]     -> PASSED : insert unordered list text then removes by outdent   95 ms
[firefox Windows 7 52.0]   unassign unordered list
[firefox Windows 7 52.0]     -> PASSED : insert unordered list text then remove by clicking list again   73 ms
[firefox Windows 7 52.0]   keep unordered list on enter key
[firefox Windows 7 52.0]     -> PASSED : Keeps the unordered list on enter for the new line   117 ms
[firefox Windows 7 52.0]   Pressing Tab in an UL increases and decreases indentation
[firefox Windows 7 52.0]     -> PASSED : indent and de-indent list item with keypress   75 ms
[firefox Windows 7 52.0]   Pressing indent/outdent button in an UL increases and decreases indentation and bullet / ol formatti
[firefox Windows 7 52.0]   ng
[firefox Windows 7 52.0]     -> PASSED : indent and de-indent list item with indent button   120 ms
[firefox Windows 7 52.0] 
[firefox Windows 7 52.0] urls_become_clickable.js
[firefox Windows 7 52.0]   urls
[firefox Windows 7 52.0]     -> PASSED : when you enter an url, it becomes clickable   64 ms
[firefox Windows 7 52.0]     -> PASSED : when you enter a url containing a !, it becomes clickable and contains the
[firefox Windows 7 52.0]      whole URL   90 ms
[firefox Windows 7 52.0]     -> PASSED : when you enter a url followed by a ], the ] is not included in the URL   7
[firefox Windows 7 52.0]     5 ms
[firefox Windows 7 52.0] 
[firefox Windows 7 52.0] xxauto_reconnect.js
[firefox Windows 7 52.0]   Automatic pad reload on Force Reconnect message
[firefox Windows 7 52.0]     -> PASSED : displays a count down timer to automatically reconnect   3 ms
[firefox Windows 7 52.0]     and user clicks on Cancel
[firefox Windows 7 52.0]       -> PASSED : does not show Cancel button nor timer anymore   3 ms
[firefox Windows 7 52.0]     and user does not click on Cancel until timer expires
[firefox Windows 7 52.0]       -> PASSED : reloads the pad   2491 ms
[firefox Windows 7 52.0] 
[firefox Windows 7 52.0] FINISHED - 110 tests passed, 6 tests failed, duration: 4:31
[firefox Windows 7 52.0] 
Remote sauce test '2a28ff8 - firefox 52.0, Windows 7' finished! https://saucelabs.com/jobs/28112fdee61b47788d0e5a2a3c9d2cfd
[microsoftedge Windows 10 83.0] alphabet.js
[microsoftedge Windows 10 83.0]   All the alphabet works n stuff
[microsoftedge Windows 10 83.0]     -> PASSED : when you enter any char it appears right   58 ms
[microsoftedge Windows 10 83.0] 
[microsoftedge Windows 10 83.0] authorship_of_editions.js
[microsoftedge Windows 10 83.0]   author of pad edition
[microsoftedge Windows 10 83.0]     -> PASSED : marks only the new content as changes of the second user on a regular line
[microsoftedge Windows 10 83.0]        1008 ms
[microsoftedge Windows 10 83.0]     -> PASSED : marks only the new content as changes of the second user on a line with or
[microsoftedge Windows 10 83.0]     dered list   995 ms
[microsoftedge Windows 10 83.0]     -> PASSED : marks only the new content as changes of the second user on a line with un
[microsoftedge Windows 10 83.0]     ordered list   998 ms
[microsoftedge Windows 10 83.0] 
[microsoftedge Windows 10 83.0] bold.js
[microsoftedge Windows 10 83.0]   bold button
[microsoftedge Windows 10 83.0]     -> PASSED : makes text bold on click   8 ms
[microsoftedge Windows 10 83.0]     -> PASSED : makes text bold on keypress   6 ms
[microsoftedge Windows 10 83.0] 
[microsoftedge Windows 10 83.0] change_user_color.js
[microsoftedge Windows 10 83.0]   change user color
[microsoftedge Windows 10 83.0]     -> PASSED : Color picker matches original color and remembers the user color after a r
[microsoftedge Windows 10 83.0]     efresh   2265 ms
[microsoftedge Windows 10 83.0]     -> PASSED : Own user color is shown when you enter a chat   192 ms
[microsoftedge Windows 10 83.0] 
[microsoftedge Windows 10 83.0] change_user_name.js
[microsoftedge Windows 10 83.0]   change username value
[microsoftedge Windows 10 83.0]     -> PASSED : Remembers the user name after a refresh   2184 ms
[microsoftedge Windows 10 83.0]     -> PASSED : Own user name is shown when you enter a chat   197 ms
[microsoftedge Windows 10 83.0] 
[microsoftedge Windows 10 83.0] chat.js
[microsoftedge Windows 10 83.0]   Chat messages and UI
[microsoftedge Windows 10 83.0]     -> PASSED : opens chat, sends a message and makes sure it exists on the page   104 ms
[microsoftedge Windows 10 83.0]     -> PASSED : makes sure that an empty message can't be sent   112 ms
[microsoftedge Windows 10 83.0]     -> PASSED : makes chat stick to right side of the screen   103 ms
[microsoftedge Windows 10 83.0]     -> PASSED : makes chat stick to right side of the screen then makes it one step smalle
[microsoftedge Windows 10 83.0]     r   76 ms
[microsoftedge Windows 10 83.0]     -> PENDING: Checks showChat=false URL Parameter hides chat then when removed it shows
[microsoftedge Windows 10 83.0]      chat
[microsoftedge Windows 10 83.0] 
[microsoftedge Windows 10 83.0] chat_load_messages.js
[microsoftedge Windows 10 83.0]   chat-load-messages
[microsoftedge Windows 10 83.0]     -> PASSED : creates a pad   1176 ms
[microsoftedge Windows 10 83.0]     -> PASSED : adds a lot of messages   1759 ms
[microsoftedge Windows 10 83.0]     -> PASSED : checks initial message count   22 ms
[microsoftedge Windows 10 83.0]     -> PASSED : loads more messages   94 ms
[microsoftedge Windows 10 83.0]     -> PASSED : checks for button vanishing   125 ms
[microsoftedge Windows 10 83.0] 
[microsoftedge Windows 10 83.0] clear_authorship_colors.js
[microsoftedge Windows 10 83.0]   clear authorship colors button
[microsoftedge Windows 10 83.0]     -> PASSED : makes text clear authorship colors   542 ms
[microsoftedge Windows 10 83.0]     -> PASSED : makes text clear authorship colors and checks it can't be undone   36 ms
[microsoftedge Windows 10 83.0] 
[microsoftedge Windows 10 83.0] delete.js
[microsoftedge Windows 10 83.0]   delete keystroke
[microsoftedge Windows 10 83.0]     -> PASSED : makes text delete   3 ms
[microsoftedge Windows 10 83.0] 
[microsoftedge Windows 10 83.0] drag_and_drop.js
[microsoftedge Windows 10 83.0]   drag and drop
[microsoftedge Windows 10 83.0]     when user drags part of one line and drops it far form its original place
[microsoftedge Windows 10 83.0]       and user triggers UNDO
[microsoftedge Windows 10 83.0]         -> PASSED : moves text back to its original place   2 ms
[microsoftedge Windows 10 83.0]     when user drags some lines far form its original place
[microsoftedge Windows 10 83.0]       and user triggers UNDO
[microsoftedge Windows 10 83.0]         -> PASSED : moves text back to its original place   12 ms
[microsoftedge Windows 10 83.0] 
[microsoftedge Windows 10 83.0] embed_value.js
[microsoftedge Windows 10 83.0]   embed links
[microsoftedge Windows 10 83.0]     read and write
[microsoftedge Windows 10 83.0]       the share link
[microsoftedge Windows 10 83.0]         -> PASSED : is the actual pad url   8 ms
[microsoftedge Windows 10 83.0]       the embed as iframe code
[microsoftedge Windows 10 83.0]         -> PASSED : is an iframe with the the correct url parameters and correct size   22 ms
[microsoftedge Windows 10 83.0]     when read only option is set
[microsoftedge Windows 10 83.0]       the share link
[microsoftedge Windows 10 83.0]         -> PASSED : shows a read only url   8 ms
[microsoftedge Windows 10 83.0]       the embed as iframe code
[microsoftedge Windows 10 83.0]         -> PASSED : is an iframe with the the correct url parameters and correct size   8 ms
[microsoftedge Windows 10 83.0] 
[microsoftedge Windows 10 83.0] enter.js
[microsoftedge Windows 10 83.0]   enter keystroke
[microsoftedge Windows 10 83.0]     -> PASSED : creates a new line & puts cursor onto a new line   514 ms
[microsoftedge Windows 10 83.0] 
[microsoftedge Windows 10 83.0] font_type.js
[microsoftedge Windows 10 83.0]   font select
[microsoftedge Windows 10 83.0]     -> PASSED : makes text RobotoMono   14 ms
[microsoftedge Windows 10 83.0] 
[microsoftedge Windows 10 83.0] helper.js
[microsoftedge Windows 10 83.0]   the test helper
[microsoftedge Windows 10 83.0]     the newPad method
[microsoftedge Windows 10 83.0]       -> PENDING: doesn't leak memory if you creates iframes over and over again
[microsoftedge Windows 10 83.0]       -> PASSED : gives me 3 jquery instances of chrome, outer and inner   1147 ms
[microsoftedge Windows 10 83.0]       -> PASSED : clears cookies   3589 ms
[microsoftedge Windows 10 83.0]       -> PASSED : sets pad prefs cookie   1198 ms
[microsoftedge Windows 10 83.0]     the waitFor method
[microsoftedge Windows 10 83.0]       -> PASSED : takes a timeout and waits long enough   1506 ms
[microsoftedge Windows 10 83.0]       -> PASSED : takes an interval and checks on every interval   2010 ms
[microsoftedge Windows 10 83.0]       returns a deferred object
[microsoftedge Windows 10 83.0]         -> PASSED : it calls done after success   11 ms
[microsoftedge Windows 10 83.0]         -> PASSED : calls fail after failure   1906 ms
[microsoftedge Windows 10 83.0]         -> PENDING: throws if you don't listen for fails
[microsoftedge Windows 10 83.0]     the selectLines method
[microsoftedge Windows 10 83.0]       -> PASSED : changes editor selection to be between startOffset of $startLine and endOf
[microsoftedge Windows 10 83.0]       fset of $endLine   3 ms
[microsoftedge Windows 10 83.0]       -> PASSED : ends selection at beginning of $endLine when it is an empty line   1 ms
[microsoftedge Windows 10 83.0]       -> PASSED : ends selection at beginning of $endLine when its offset is zero   1 ms
[microsoftedge Windows 10 83.0]       -> PASSED : selects full line when offset is longer than line content   1 ms
[microsoftedge Windows 10 83.0]       -> PASSED : selects all text between beginning of $startLine and end of $endLine when 
[microsoftedge Windows 10 83.0]       no offset is provided   1 ms
[microsoftedge Windows 10 83.0] 
[microsoftedge Windows 10 83.0] importexport.js
[microsoftedge Windows 10 83.0]   import functionality
[microsoftedge Windows 10 83.0]     -> PENDING: import a pad with newlines from txt
[microsoftedge Windows 10 83.0]     -> PENDING: import a pad with newlines from html
[microsoftedge Windows 10 83.0]     -> PENDING: import a pad with attributes from html
[microsoftedge Windows 10 83.0]     -> PENDING: import a pad with bullets from html
[microsoftedge Windows 10 83.0]     -> PENDING: import a pad with bullets and newlines from html
[microsoftedge Windows 10 83.0]     -> PENDING: import a pad with bullets and newlines and attributes from html
[microsoftedge Windows 10 83.0]     -> PENDING: import a pad with nested bullets from html
[microsoftedge Windows 10 83.0]     -> PENDING: import a pad with 8 levels of bullets and newlines and attributes from ht
[microsoftedge Windows 10 83.0]     ml
[microsoftedge Windows 10 83.0]     -> PENDING: import a pad with ordered lists from html
[microsoftedge Windows 10 83.0]     -> PENDING: import a pad with ordered lists and newlines from html
[microsoftedge Windows 10 83.0]     -> PENDING: import a pad with nested ordered lists and attributes and newlines from h
[microsoftedge Windows 10 83.0]     tml
[microsoftedge Windows 10 83.0] 
[microsoftedge Windows 10 83.0] importindents.js
[microsoftedge Windows 10 83.0]   import indents functionality
[microsoftedge Windows 10 83.0]     -> PENDING: import a pad with indents from html
[microsoftedge Windows 10 83.0]     -> PENDING: import a pad with indented lists and newlines from html
[microsoftedge Windows 10 83.0]     -> PENDING: import a pad with 8 levels of indents and newlines and attributes from ht
[microsoftedge Windows 10 83.0]     ml
[microsoftedge Windows 10 83.0] 
[microsoftedge Windows 10 83.0] indentation.js
[microsoftedge Windows 10 83.0]   indentation button
[microsoftedge Windows 10 83.0]     -> PASSED : indent text with keypress   21 ms
[microsoftedge Windows 10 83.0]     -> PASSED : indent text with button   17 ms
[microsoftedge Windows 10 83.0]     -> PASSED : keeps the indent on enter for the new line   31 ms
[microsoftedge Windows 10 83.0]     -> PASSED : indents text with spaces on enter if previous line ends with ':', '[', '('
[microsoftedge Windows 10 83.0]     , or '{'   69 ms
[microsoftedge Windows 10 83.0]     -> PASSED : appends indentation to the indent of previous line if previous line ends w
[microsoftedge Windows 10 83.0]     ith ':', '[', '(', or '{'   37 ms
[microsoftedge Windows 10 83.0]     -> PASSED : issue #2772 shows '*' when multiple indented lines receive a style and are
[microsoftedge Windows 10 83.0]      outdented   71 ms
[microsoftedge Windows 10 83.0] 
[microsoftedge Windows 10 83.0] italic.js
[microsoftedge Windows 10 83.0]   italic some text
[microsoftedge Windows 10 83.0]     -> PASSED : makes text italic using button   10 ms
[microsoftedge Windows 10 83.0]     -> PASSED : makes text italic using keypress   6 ms
[microsoftedge Windows 10 83.0] 
[microsoftedge Windows 10 83.0] language.js
[microsoftedge Windows 10 83.0]   Language select and change
[microsoftedge Windows 10 83.0]     -> PASSED : makes text german   178 ms
[microsoftedge Windows 10 83.0]     -> PASSED : makes text English   30 ms
[microsoftedge Windows 10 83.0]     -> PASSED : changes direction when picking an rtl lang   211 ms
[microsoftedge Windows 10 83.0]     -> PASSED : changes direction when picking an ltr lang   50 ms
[microsoftedge Windows 10 83.0] 
[microsoftedge Windows 10 83.0] multiple_authors_clear_authorship_colors.js
[microsoftedge Windows 10 83.0]   author of pad edition
[microsoftedge Windows 10 83.0]     -> PASSED : Clears Authorship by second user   19 ms
[microsoftedge Windows 10 83.0] 
[microsoftedge Windows 10 83.0] ordered_list.js
[microsoftedge Windows 10 83.0]   assign ordered list
[microsoftedge Windows 10 83.0]     -> PASSED : inserts ordered list text   17 ms
[microsoftedge Windows 10 83.0]     -> PENDING: issue #1125 keeps the numbered list on enter for the new line - EMULATES 
[microsoftedge Windows 10 83.0]     PASTING INTO A PAD
[microsoftedge Windows 10 83.0]     when user presses Ctrl+Shift+N
[microsoftedge Windows 10 83.0]       and pad shortcut is enabled
[microsoftedge Windows 10 83.0]         -> PASSED : inserts unordered list   10 ms
[microsoftedge Windows 10 83.0]       and pad shortcut is disabled
[microsoftedge Windows 10 83.0]         -> PASSED : does not insert unordered list   1907 ms
[microsoftedge Windows 10 83.0]     when user presses Ctrl+Shift+1
[microsoftedge Windows 10 83.0]       and pad shortcut is enabled
[microsoftedge Windows 10 83.0]         -> PASSED : inserts unordered list   12 ms
[microsoftedge Windows 10 83.0]       and pad shortcut is disabled
[microsoftedge Windows 10 83.0]         -> PASSED : does not insert unordered list   1907 ms
[microsoftedge Windows 10 83.0]   Pressing Tab in an OL increases and decreases indentation
[microsoftedge Windows 10 83.0]     -> PASSED : indent and de-indent list item with keypress   29 ms
[microsoftedge Windows 10 83.0]   Pressing indent/outdent button in an OL increases and decreases indentation and bullet / ol formatti
[microsoftedge Windows 10 83.0]   ng
[microsoftedge Windows 10 83.0]     -> PASSED : indent and de-indent list item with indent button   37 ms
[microsoftedge Windows 10 83.0] 
[microsoftedge Windows 10 83.0] pad_modal.js
[microsoftedge Windows 10 83.0]   Pad modal
[microsoftedge Windows 10 83.0]     when modal is a "force reconnect" message
[microsoftedge Windows 10 83.0]       -> PASSED : disables editor   1 ms
[microsoftedge Windows 10 83.0]       and user clicks on editor
[microsoftedge Windows 10 83.0]         -> PASSED : does not close the modal   1 ms
[microsoftedge Windows 10 83.0]       and user clicks on pad outer
[microsoftedge Windows 10 83.0]         -> PASSED : does not close the modal   1 ms
[microsoftedge Windows 10 83.0]     when modal is not an error message
[microsoftedge Windows 10 83.0]       and user clicks on editor
[microsoftedge Windows 10 83.0]         -> PASSED : closes the modal   1 ms
[microsoftedge Windows 10 83.0]       and user clicks on pad outer
[microsoftedge Windows 10 83.0]         -> PASSED : closes the modal   1 ms
[microsoftedge Windows 10 83.0] 
[microsoftedge Windows 10 83.0] redo.js
[microsoftedge Windows 10 83.0]   undo button then redo button
[microsoftedge Windows 10 83.0]     -> PASSED : redo some typing with button   33 ms
[microsoftedge Windows 10 83.0]     -> PASSED : redo some typing with keypress   39 ms
[microsoftedge Windows 10 83.0] 
[microsoftedge Windows 10 83.0] responsiveness.js
[microsoftedge Windows 10 83.0]   Responsiveness of Editor
[microsoftedge Windows 10 83.0]     -> PENDING: Fast response to keypress in pad with large amount of contents
[microsoftedge Windows 10 83.0] 
[microsoftedge Windows 10 83.0] scroll.js
[microsoftedge Windows 10 83.0]   scroll when focus line is out of viewport
[microsoftedge Windows 10 83.0]     when user presses any arrow keys on a line above the viewport
[microsoftedge Windows 10 83.0]       and scroll percentage config is set to 0.2 on settings.json
[microsoftedge Windows 10 83.0]         -> PASSED : keeps the focus line scrolled 20% from the top of the viewport   4 ms
[microsoftedge Windows 10 83.0]     when user presses any arrow keys on a line below the viewport
[microsoftedge Windows 10 83.0]       and scroll percentage config is set to 0.7 on settings.json
[microsoftedge Windows 10 83.0]         -> FAILED : keeps the focus line scrolled 70% from the bottom of the viewport Error: exp
[microsoftedge Windows 10 83.0]         ected 50 to equal 49
[microsoftedge Windows 10 83.0]             at Assertion.assert (lib/expect.js:99:13)
[microsoftedge Windows 10 83.0]             at Assertion.be.Assertion.equal (lib/expect.js:200:10)
[microsoftedge Windows 10 83.0]             at Assertion.<computed> [as be] (lib/expect.js:73:24)
[microsoftedge Windows 10 83.0]             at Context.<anonymous> (<anonymous>:62:43)
[microsoftedge Windows 10 83.0]     when user presses arrow up on the first line of the viewport
[microsoftedge Windows 10 83.0]       and percentageToScrollWhenUserPressesArrowUp is set to 0.3
[microsoftedge Windows 10 83.0]         -> FAILED : keeps the focus line scrolled 30% of the top of the viewport Error: expected
[microsoftedge Windows 10 83.0]          87 to equal 89
[microsoftedge Windows 10 83.0]             at Assertion.assert (lib/expect.js:99:13)
[microsoftedge Windows 10 83.0]             at Assertion.be.Assertion.equal (lib/expect.js:200:10)
[microsoftedge Windows 10 83.0]             at Assertion.<computed> [as be] (lib/expect.js:73:24)
[microsoftedge Windows 10 83.0]             at Context.<anonymous> (<anonymous>:89:40)
[microsoftedge Windows 10 83.0]     when user edits the last line of viewport
[microsoftedge Windows 10 83.0]       and scroll percentage config is set to 0 on settings.json
[microsoftedge Windows 10 83.0]         -> FAILED : keeps the focus line on the bottom of the viewport Error: expected 11 to equ
[microsoftedge Windows 10 83.0]         al 12
[microsoftedge Windows 10 83.0]             at Assertion.assert (lib/expect.js:99:13)
[microsoftedge Windows 10 83.0]             at Assertion.be.Assertion.equal (lib/expect.js:200:10)
[microsoftedge Windows 10 83.0]             at Assertion.<computed> [as be] (lib/expect.js:73:24)
[microsoftedge Windows 10 83.0]             at Context.<anonymous> (<anonymous>:109:49)
[microsoftedge Windows 10 83.0]       and scrollPercentageWhenFocusLineIsOutOfViewport is set to 0.3
[microsoftedge Windows 10 83.0]         -> FAILED : scrolls 30% of viewport up Error: expected 12 to equal 13
[microsoftedge Windows 10 83.0]             at Assertion.assert (lib/expect.js:99:13)
[microsoftedge Windows 10 83.0]             at Assertion.be.Assertion.equal (lib/expect.js:200:10)
[microsoftedge Windows 10 83.0]             at Assertion.<computed> [as be] (lib/expect.js:73:24)
[microsoftedge Windows 10 83.0]             at Context.<anonymous> (<anonymous>:129:49)
[microsoftedge Windows 10 83.0]       and it is set to a value that overflow the interval [0, 1]
[microsoftedge Windows 10 83.0]         -> FAILED : keeps the default behavior of moving the focus line on the bottom of the vie
[microsoftedge Windows 10 83.0]         wport Error: expected 11 to equal 12
[microsoftedge Windows 10 83.0]             at Assertion.assert (lib/expect.js:99:13)
[microsoftedge Windows 10 83.0]             at Assertion.be.Assertion.equal (lib/expect.js:200:10)
[microsoftedge Windows 10 83.0]             at Assertion.<computed> [as be] (lib/expect.js:73:24)
[microsoftedge Windows 10 83.0]             at Context.<anonymous> (<anonymous>:145:49)
[microsoftedge Windows 10 83.0]     when user edits a line above the viewport
[microsoftedge Windows 10 83.0]       and scroll percentage config is set to 0 on settings.json
[microsoftedge Windows 10 83.0]         -> PASSED : keeps the focus line on the top of the viewport   2 ms
[microsoftedge Windows 10 83.0]       and scrollPercentageWhenFocusLineIsOutOfViewport is set to 0.2
[microsoftedge Windows 10 83.0]         -> PASSED : scrolls 20% of viewport down   6 ms
[microsoftedge Windows 10 83.0]     when user places the caret at the last line visible of viewport
[microsoftedge Windows 10 83.0]       and scroll percentage config is set to 0 on settings.json
[microsoftedge Windows 10 83.0]         -> PASSED : does not scroll   1006 ms
[microsoftedge Windows 10 83.0]       and scroll percentage config is set to 0.5 on settings.json
[microsoftedge Windows 10 83.0]         -> PENDING: scrolls line to 50% of the viewport
[microsoftedge Windows 10 83.0]     when the first line selected is out of the viewport and user presses shift arrow down
[microsoftedge Windows 10 83.0]       -> PASSED : keeps the last line selected on focus   0 ms
[microsoftedge Windows 10 83.0]     integration with plugins which changes the margin of editor
[microsoftedge Windows 10 83.0]       when editor dimensions changes
[microsoftedge Windows 10 83.0]         and user places the caret in the last line visible of the pad
[microsoftedge Windows 10 83.0]           -> PENDING: scrolls the line where caret is
[microsoftedge Windows 10 83.0] 
[microsoftedge Windows 10 83.0] select_formatting_buttons.js
[microsoftedge Windows 10 83.0]   select formatting buttons when selection has style applied
[microsoftedge Windows 10 83.0]     when selection is in a text with italic applied
[microsoftedge Windows 10 83.0]       -> PASSED : selects the italic button   12 ms
[microsoftedge Windows 10 83.0]     when caret is in a position with italic applied
[microsoftedge Windows 10 83.0]       -> PASSED : selects the italic button   11 ms
[microsoftedge Windows 10 83.0]     when selection is in a text with bold applied
[microsoftedge Windows 10 83.0]       -> PASSED : selects the bold button   10 ms
[microsoftedge Windows 10 83.0]     when caret is in a position with bold applied
[microsoftedge Windows 10 83.0]       -> PASSED : selects the bold button   10 ms
[microsoftedge Windows 10 83.0]     when selection is in a text with underline applied
[microsoftedge Windows 10 83.0]       -> PASSED : selects the underline button   11 ms
[microsoftedge Windows 10 83.0]     when caret is in a position with underline applied
[microsoftedge Windows 10 83.0]       -> PASSED : selects the underline button   21 ms
[microsoftedge Windows 10 83.0]     when selection is in a text with strikethrough applied
[microsoftedge Windows 10 83.0]       -> PASSED : selects the strikethrough button   10 ms
[microsoftedge Windows 10 83.0]     when caret is in a position with strikethrough applied
[microsoftedge Windows 10 83.0]       -> PASSED : selects the strikethrough button   11 ms
[microsoftedge Windows 10 83.0]     when user applies a style and the selection does not change
[microsoftedge Windows 10 83.0]       -> PASSED : selects the style button   0 ms
[microsoftedge Windows 10 83.0]     when user presses CMD + I
[microsoftedge Windows 10 83.0]       -> PASSED : selects the italic button   10 ms
[microsoftedge Windows 10 83.0]       and user presses CMD + I again
[microsoftedge Windows 10 83.0]         -> PASSED : deselects the italic button   14 ms
[microsoftedge Windows 10 83.0]     when user presses CMD + B
[microsoftedge Windows 10 83.0]       -> PASSED : selects the bold button   10 ms
[microsoftedge Windows 10 83.0]       and user presses CMD + B again
[microsoftedge Windows 10 83.0]         -> PASSED : deselects the bold button   11 ms
[microsoftedge Windows 10 83.0]     when user presses CMD + U
[microsoftedge Windows 10 83.0]       -> PASSED : selects the underline button   12 ms
[microsoftedge Windows 10 83.0]       and user presses CMD + U again
[microsoftedge Windows 10 83.0]         -> PASSED : deselects the underline button   11 ms
[microsoftedge Windows 10 83.0]     when user presses CMD + 5
[microsoftedge Windows 10 83.0]       -> PASSED : selects the strikethrough button   12 ms
[microsoftedge Windows 10 83.0]       and user presses CMD + 5 again
[microsoftedge Windows 10 83.0]         -> PASSED : deselects the strikethrough button   12 ms
[microsoftedge Windows 10 83.0] 
[microsoftedge Windows 10 83.0] strikethrough.js
[microsoftedge Windows 10 83.0]   strikethrough button
[microsoftedge Windows 10 83.0]     -> PASSED : makes text strikethrough   8 ms
[microsoftedge Windows 10 83.0] 
[microsoftedge Windows 10 83.0] timeslider.js
[microsoftedge Windows 10 83.0]   timeslider button takes you to the timeslider of a pad
[microsoftedge Windows 10 83.0]     -> PENDING: timeslider contained in URL
[microsoftedge Windows 10 83.0] 
[microsoftedge Windows 10 83.0] timeslider_follow.js
[microsoftedge Windows 10 83.0]   timeslider
[microsoftedge Windows 10 83.0]     -> FAILED : follow content as it's added to timeslider Error: Uncaught Error: expected {
[microsoftedge Windows 10 83.0]      top: 0, left: 0 } to sort of not equal { top: 0, left: 0 } (http://localhost:9001/tests/frontend/li
[microsoftedge Windows 10 83.0]     b/expect.js:99)
[microsoftedge Windows 10 83.0] 
[microsoftedge Windows 10 83.0] timeslider_labels.js
[microsoftedge Windows 10 83.0]   timeslider
[microsoftedge Windows 10 83.0]     -> PASSED : Shows a date and time in the timeslider and make sure it doesn't include N
[microsoftedge Windows 10 83.0]     aN   4443 ms
[microsoftedge Windows 10 83.0] 
[microsoftedge Windows 10 83.0] timeslider_numeric_padID.js
[microsoftedge Windows 10 83.0]   timeslider
[microsoftedge Windows 10 83.0]     -> PASSED : Makes sure the export URIs are as expected when the padID is numeric   441
[microsoftedge Windows 10 83.0]     6 ms
[microsoftedge Windows 10 83.0] 
[microsoftedge Windows 10 83.0] timeslider_revisions.js
[microsoftedge Windows 10 83.0]   timeslider
[microsoftedge Windows 10 83.0]     -> PASSED : loads adds a hundred revisions   96158 ms
[microsoftedge Windows 10 83.0]     -> PENDING: changes the url when clicking on the timeslider
[microsoftedge Windows 10 83.0]     -> PASSED : jumps to a revision given in the url   1385 ms
[microsoftedge Windows 10 83.0]     -> PASSED : checks the export url   3341 ms
[microsoftedge Windows 10 83.0] 
[microsoftedge Windows 10 83.0] undo.js
[microsoftedge Windows 10 83.0]   undo button
[microsoftedge Windows 10 83.0]     -> PASSED : undo some typing by clicking undo button   27 ms
[microsoftedge Windows 10 83.0]     -> PASSED : undo some typing using a keypress   17 ms
[microsoftedge Windows 10 83.0] 
[microsoftedge Windows 10 83.0] unordered_list.js
[microsoftedge Windows 10 83.0]   assign unordered list
[microsoftedge Windows 10 83.0]     -> PASSED : insert unordered list text then removes by outdent   41 ms
[microsoftedge Windows 10 83.0]   unassign unordered list
[microsoftedge Windows 10 83.0]     -> PASSED : insert unordered list text then remove by clicking list again   37 ms
[microsoftedge Windows 10 83.0]   keep unordered list on enter key
[microsoftedge Windows 10 83.0]     -> PASSED : Keeps the unordered list on enter for the new line   38 ms
[microsoftedge Windows 10 83.0]   Pressing Tab in an UL increases and decreases indentation
[microsoftedge Windows 10 83.0]     -> PASSED : indent and de-indent list item with keypress   32 ms
[microsoftedge Windows 10 83.0]   Pressing indent/outdent button in an UL increases and decreases indentation and bullet / ol formatti
[microsoftedge Windows 10 83.0]   ng
[microsoftedge Windows 10 83.0]     -> PASSED : indent and de-indent list item with indent button   25 ms
[microsoftedge Windows 10 83.0] 
[microsoftedge Windows 10 83.0] urls_become_clickable.js
[microsoftedge Windows 10 83.0]   urls
[microsoftedge Windows 10 83.0]     -> PASSED : when you enter an url, it becomes clickable   19 ms
[microsoftedge Windows 10 83.0]     -> PASSED : when you enter a url containing a !, it becomes clickable and contains the
[microsoftedge Windows 10 83.0]      whole URL   516 ms
[microsoftedge Windows 10 83.0]     -> PASSED : when you enter a url followed by a ], the ] is not included in the URL   5
[microsoftedge Windows 10 83.0]     18 ms
[microsoftedge Windows 10 83.0] 
[microsoftedge Windows 10 83.0] xxauto_reconnect.js
[microsoftedge Windows 10 83.0]   Automatic pad reload on Force Reconnect message
[microsoftedge Windows 10 83.0]     -> PASSED : displays a count down timer to automatically reconnect   1 ms
[microsoftedge Windows 10 83.0]     and user clicks on Cancel
[microsoftedge Windows 10 83.0]       -> PASSED : does not show Cancel button nor timer anymore   4 ms
[microsoftedge Windows 10 83.0]     and user does not click on Cancel until timer expires
[microsoftedge Windows 10 83.0]       -> PASSED : reloads the pad   2378 ms
[microsoftedge Windows 10 83.0] 
[microsoftedge Windows 10 83.0] FINISHED - 110 tests passed, 6 tests failed, duration: 4:10
[microsoftedge Windows 10 83.0] 
Remote sauce test '2a28ff8 - microsoftedge 83.0, Windows 10' finished! https://saucelabs.com/jobs/fe0483c8f85749d089db316c25247ee4


No output has been received in the last 10m0s, this potentially indicates a stalled build or something wrong with the build itself.
Check the details on how to adjust your build configuration on: https://docs.travis-ci.com/user/common-build-problems/#build-times-out-because-no-output-was-received

The build has been terminated

