travis_fold:start:worker_infoWorker information
hostname: 54418e6f-774f-4beb-aa84-2e5d8aeb6596@1.worker-org-77db9856dc-nhzng.gce-production-3
version: v6.2.17 https://github.com/travis-ci/worker/tree/bc420764f334fe0d096a417c80426f672f1b7d18
instance: travis-job-07427875-f035-44ff-bd5b-66e4114e3266 travis-ci-sardonyx-xenial-1553530528-f909ac5 (via amqp)
startup: 6.206195954s
travis_fold:end:worker_infoe:start:00cf1c00e:end:00cf1c00:start=1595233885699134955,finish=1595233885832947627,duration=133812672,event=no_world_writable_dirse:start:14dce2f8e:end:14dce2f8:start=1595233885835451776,finish=1595233885841172740,duration=5720964,event=setup_filtere:start:00ddbab2e:end:00ddbab2:start=1595233885844374801,finish=1595233885851796852,duration=7422051,event=agente:start:092fe8d6e:end:092fe8d6:start=1595233885854211533,finish=1595233885856386139,duration=2174606,event=check_unsupportede:start:0209496d_infoBuild system information
Build language: node_js
Build dist: xenial
Build id: 709908203
Job id: 709908204
Runtime kernel version: 4.15.0-1028-gcp
travis-build version: 01e86bea
Build image provisioning date and time
Mon Mar 25 16:43:24 UTC 2019
Operating System Details
Distributor ID:Ubuntu
Description:Ubuntu 16.04.6 LTS
Release:16.04
Codename:xenial
Systemd Version
systemd 229
Cookbooks Version
42e42e4 https://github.com/travis-ci/travis-cookbooks/tree/42e42e4
git version
git version 2.21.0
bash version
GNU bash, version 4.3.48(1)-release (x86_64-pc-linux-gnu)
gcc version
gcc (Ubuntu 5.4.0-6ubuntu1~16.04.11) 5.4.0 20160609
docker version
Client:
 Version:           18.06.0-ce
 API version:       1.38
 Go version:        go1.10.3
 Git commit:        0ffa825
 Built:             Wed Jul 18 19:11:02 2018
 OS/Arch:           linux/amd64
 Experimental:      false

Server:
 Engine:
  Version:          18.06.0-ce
  API version:      1.38 (minimum version 1.12)
  Go version:       go1.10.3
  Git commit:       0ffa825
  Built:            Wed Jul 18 19:09:05 2018
  OS/Arch:          linux/amd64
  Experimental:     false
clang version
clang version 7.0.0 (tags/RELEASE_700/final)
jq version
jq-1.5
bats version
Bats 0.4.0
shellcheck version
0.6.0
shfmt version
v2.6.3
ccache version
3.2.4
cmake version
cmake version 3.12.4
heroku version
heroku/7.22.7 linux-x64 node-v11.10.1
imagemagick version
Version: ImageMagick 6.8.9-9 Q16 x86_64 2018-09-28 http://www.imagemagick.org
md5deep version
4.4
mercurial version
version 4.8
mysql version
mysql  Ver 14.14 Distrib 5.7.25, for Linux (x86_64) using  EditLine wrapper
openssl version
OpenSSL 1.0.2g  1 Mar 2016
packer version
1.3.3
postgresql client version
psql (PostgreSQL) 10.7 (Ubuntu 10.7-1.pgdg16.04+1)
ragel version
Ragel State Machine Compiler version 6.8 Feb 2013
sudo version
1.8.16
gzip version
gzip 1.6
zip version
Zip 3.0
vim version
VIM - Vi IMproved 7.4 (2013 Aug 10, compiled Nov 24 2016 16:44:48)
iptables version
iptables v1.6.0
curl version
curl 7.47.0 (x86_64-pc-linux-gnu) libcurl/7.47.0 GnuTLS/3.4.10 zlib/1.2.8 libidn/1.32 librtmp/2.3
wget version
GNU Wget 1.17.1 built on linux-gnu.
rsync version
rsync  version 3.1.1  protocol version 31
gimme version
v1.5.3
nvm version
0.34.0
perlbrew version
/home/travis/perl5/perlbrew/bin/perlbrew  - App::perlbrew/0.86
phpenv version
rbenv 1.1.2
rvm version
rvm 1.29.7 (latest) by Michal Papis, Piotr Kuczynski, Wayne E. Seguin [https://rvm.io]
default ruby version
ruby 2.5.3p105 (2018-10-18 revision 65156) [x86_64-linux]
CouchDB version
couchdb 1.6.1
ElasticSearch version
5.5.0
Installed Firefox version
firefox 63.0.1
MongoDB version
MongoDB 4.0.7
PhantomJS version
2.1.1
Pre-installed PostgreSQL versions
9.4.21
9.5.16
9.6.12
Redis version
redis-server 5.0.4
Pre-installed Go versions
1.11.1
mvn version
Apache Maven 3.6.0 (97c98ec64a1fdfee7767ce5ffb20918da4f719f3; 2018-10-24T18:41:47Z)
gradle version
Gradle 4.10.2!
lein version
Leiningen 2.9.1 on Java 11.0.2 OpenJDK 64-Bit Server VM
Pre-installed Node.js versions
v10.15.3
v11.0.0
v4.9.1
v6.17.0
v8.12.0
v8.15.1
v8.9
phpenv versions
  system
  5.6
  5.6.40
  7.1
  7.1.27
  7.2
* 7.2.15 (set by /home/travis/.phpenv/version)
  hhvm
  hhvm-stable
composer --version
Composer version 1.8.4 2019-02-11 10:52:10
Pre-installed Ruby versions
ruby-2.3.8
ruby-2.4.5
ruby-2.5.3
travis_fold:end:system_infoe:end:0209496d:start=1595233885858844804,finish=1595233885863276625,duration=4431821,event=show_system_infoe:start:1c6cded6e:end:1c6cded6:start=1595233885865797518,finish=1595233885877546420,duration=11748902,event=rm_riak_sourcee:start:1161bb6ee:end:1161bb6e:start=1595233885897610742,finish=1595233885936114586,duration=38503844,event=fix_rwky_redise:start:025866a2e:end:025866a2:start=1595233885946273384,finish=1595233886621562853,duration=675289469,event=wait_for_networke:start:06e6828de:end:06e6828d:start=1595233886626838845,finish=1595233886813011313,duration=186172468,event=update_apt_keyse:start:06eda47ce:end:06eda47c:start=1595233886817644797,finish=1595233886867677467,duration=50032670,event=fix_hhvm_sourcee:start:03f41a3ae:end:03f41a3a:start=1595233886871257108,finish=1595233886873882504,duration=2625396,event=update_mongo_arche:start:0507bf68e:end:0507bf68:start=1595233886880943919,finish=1595233886921617067,duration=40673148,event=fix_sudo_enabled_trustye:start:26cc3d24e:end:26cc3d24:start=1595233886926331250,finish=1595233886928525433,duration=2194183,event=update_glibce:start:1132d76ce:end:1132d76c:start=1595233886932924874,finish=1595233886940371777,duration=7446903,event=clean_up_pathe:start:0c12b10ce:end:0c12b10c:start=1595233886945156859,finish=1595233886952376226,duration=7219367,event=fix_resolv_confe:start:19257d20e:end:19257d20:start=1595233886957734162,finish=1595233886965888755,duration=8154593,event=fix_etc_hostse:start:135adaeae:end:135adaea:start=1595233886970005555,finish=1595233886977647400,duration=7641845,event=fix_mvn_settings_xmle:start:0ba62c13e:end:0ba62c13:start=1595233886985593084,finish=1595233886994748874,duration=9155790,event=no_ipv6_localhoste:start:05fb1e86e:end:05fb1e86:start=1595233887001778631,finish=1595233887004095222,duration=2316591,event=fix_etc_mavenrce:start:084b122be:end:084b122b:start=1595233887008265749,finish=1595233887011778240,duration=3512491,event=fix_wwdr_certificatee:start:170ccc28e:end:170ccc28:start=1595233887016053876,finish=1595233887038891354,duration=22837478,event=put_localhost_firste:start:086fa204e:end:086fa204:start=1595233887042339013,finish=1595233887045313635,duration=2974622,event=home_pathse:start:17730afee:end:17730afe:start=1595233887048652722,finish=1595233887060325634,duration=11672912,event=disable_initramfse:start:2607d7c7e:end:2607d7c7:start=1595233887067430047,finish=1595233887292851352,duration=225421305,event=disable_ssh_roaminge:start:0135d1dee:end:0135d1de:start=1595233887299463999,finish=1595233887302672484,duration=3208485,event=debug_toolse:start:24f4146ce:end:24f4146c:start=1595233887306955446,finish=1595233887309794623,duration=2839177,event=uninstall_oclinte:start:190d202de:end:190d202d:start=1595233887314364817,finish=1595233887317888211,duration=3523394,event=rvm_usee:start:1885d772e:end:1885d772:start=1595233887324210654,finish=1595233887332308601,duration=8097947,event=rm_etc_boto_cfge:start:2ee81e16e:end:2ee81e16:start=1595233887335704921,finish=1595233887338674994,duration=2970073,event=rm_oraclejdk8_symlinke:start:18fe7c78e:end:18fe7c78:start=1595233887343111269,finish=1595233887436574968,duration=93463699,event=enable_i386e:start:00b78634e:end:00b78634:start=1595233887441184881,finish=1595233887445918684,duration=4733803,event=update_rubygemse:start:04edf2a6e:end:04edf2a6:start=1595233887453459156,finish=1595233888205198783,duration=751739627,event=ensure_path_componentse:start:16085151e:end:16085151:start=1595233888209982973,finish=1595233888212271430,duration=2288457,event=redefine_curle:start:09963a7ce:end:09963a7c:start=1595233888219228523,finish=1595233888301939749,duration=82711226,event=nonblock_pipee:start:16996a5ee:end:16996a5e:start=1595233888306403032,finish=1595233906076850420,duration=17770447388,event=apt_get_updatee:start:1f48d874e:end:1f48d874:start=1595233906080761347,finish=1595233906083122220,duration=2360873,event=deprecate_xcode_64e:start:1e11dae2e:end:1e11dae2:start=1595233906086219592,finish=1595233908529772332,duration=2443552740,event=update_herokue:start:0e0155b4e:end:0e0155b4:start=1595233908533853434,finish=1595233908536678094,duration=2824660,event=shell_session_updatee:start:1dcd0c18tutue:end:1dcd0c18:start=1595233908541034990,finish=1595233912202558080,duration=3661523090,event=set_docker_mtue:start:05c21d60e:end:05c21d60:start=1595233912208528628,finish=1595233912266727934,duration=58199306,event=resolvconfe:start:0cf47282e:end:0cf47282:start=1595233912273353782,finish=1595233912401795176,duration=128441394,event=maven_central_mirrore:start:0d91179ee:end:0d91179e:start=1595233912406395232,finish=1595233912493287464,duration=86892232,event=maven_httpse:start:08fab4c0e:start:0a787864ctl start docker
travis_time:end:0a787864:start=1595233912502822990,finish=1595233912514374770,duration=11551780,event=preparee:end:0a787864:start=1595233912502822990,finish=1595233915519088631,duration=3016265641,event=servicese:start:038f54b2e:end:038f54b2:start=1595233915524053763,finish=1595233915527198794,duration=3145031,event=fix_ps4e:start:0f471d23e:start:07fe9b7c/ether/[secure].git ether/[secure]
Cloning into 'ether/[secure]'...
travis_time:end:07fe9b7c:start=1595233915539217710,finish=1595233916767228242,duration=1228010532,event=checkoute:end:07fe9b7c:start=1595233915539217710,finish=1595233916832922783,duration=1293705073,event=checkoute:start:11c6f898Setting environment variables from repository settings
$ export SAUCE_USERNAME=[secure]
$ export SAUCE_ACCESS_KEY=[secure]

Setting environment variables from .travis.yml
$ export SAUCE_USERNAME=[secure]
$ export SAUCE_ACCESS_KEY=[secure]

travis_time:end:11c6f898:start=1595233916837466948,finish=1595233916854107166,duration=16640218,event=env.installe:start:002b8057 install lts/*
Downloading and installing node v12.18.2...
Downloading https://nodejs.org/dist/v12.18.2/node-v12.18.2-linux-x64.tar.xz...
Computing checksum with sha256sum
Checksums matched!
Now using node v12.18.2 (npm v6.14.5)
travis_time:end:002b8057:start=1595233917801487667,finish=1595233920448117692,duration=2646630025,event=setup.install --version
6.14.5
$ nvm --version
0.35.3

travis_fold:start:before_install.1e:start:014c660dp/tmp05la41qr/secring.gpg' created
gpg: keyring `/tmp/tmp05la41qr/pubring.gpg' created
gpg: requesting key 1378B444 from hkp server keyserver.ubuntu.com
gpg: /tmp/tmp05la41qr/trustdb.gpg: trustdb created
gpg: key 1378B444: public key "Launchpad PPA for LibreOffice Packaging" imported
gpg: no ultimately trusted keys found
gpg: Total number processed: 1
gpg:               imported: 1  (RSA: 1)
OK
travis_time:end:014c660d:start=1595233920948327101,finish=1595233922704548275,duration=1756221174,event=before_installe:start:0ad7f3f0/ubuntu xenial-security InRelease
Get:2 http://ppa.launchpad.net/libreoffice/ppa/ubuntu xenial InRelease [23.8 kB]
Hit:3 http://apt.postgresql.org/pub/repos/apt xenial-pgdg InRelease
Hit:4 http://archive.ubuntu.com/ubuntu xenial InRelease
Hit:5 http://archive.ubuntu.com/ubuntu xenial-updates InRelease
Hit:6 http://archive.ubuntu.com/ubuntu xenial-backports InRelease
Get:7 http://ppa.launchpad.net/libreoffice/ppa/ubuntu xenial/main amd64 Packages [34.4 kB]
Get:8 http://ppa.launchpad.net/libreoffice/ppa/ubuntu xenial/main i386 Packages [34.4 kB]
Get:9 http://ppa.launchpad.net/libreoffice/ppa/ubuntu xenial/main Translation-en [13.8 kB]
Fetched 106 kB in 1s (76.7 kB/s)
Reading package lists...
travis_time:end:0ad7f3f0:start=1595233922713691296,finish=1595233928770392364,duration=6056701068,event=before_installe:start:05e856f7ation...
The following additional packages will be installed:
  fonts-opensymbol libboost-date-time1.58.0 libboost-locale1.58.0
  libboost-thread1.58.0 libclucene-contribs1v5 libclucene-core1v5
  libcolamd2.9.1 libexttextcat-2.0-0 libexttextcat-data
  libgstreamer-plugins-base1.0-0 libgstreamer1.0-0 libharfbuzz-icu0
  libhunspell-1.3-0 libhyphen0 liblangtag-common liblangtag1 libmythes-1.2-0
  libneon27-gnutls liborc-0.4-0 libpoppler58 libraptor2-0 librasqal3 librdf0
  libreoffice-avmedia-backend-gstreamer libreoffice-base libreoffice-base-core
  libreoffice-base-drivers libreoffice-calc libreoffice-common
  libreoffice-core libreoffice-draw libreoffice-impress libreoffice-math
  libreoffice-report-builder-bin libreoffice-style-colibre
  libreoffice-style-tango libreoffice-writer libsuitesparseconfig4.4.6
  libyajl2 lp-solve python3-uno uno-libs3 ure
Suggested packages:
  libvisual-0.4-plugins gstreamer1.0-tools poppler-data raptor2-utils
  rasqal-utils librdf-storage-postgresql librdf-storage-mysql
  librdf-storage-sqlite librdf-storage-virtuoso redland-utils cups-bsd
  firefox-esr | thunderbird | firefox ghostscript gpa hunspell-dictionary
  hyphen-hyphenation-patterns libreoffice-grammarcheck libreoffice-help
  libreoffice-l10n myspell-dictionary mythes-thesaurus
  openclipart2-libreoffice | openclipart-libreoffice pstoedit unixodbc
  gstreamer1.0-plugins-base gstreamer1.0-plugins-good
  gstreamer1.0-plugins-ugly gstreamer1.0-plugins-bad gstreamer1.0-libav
  libsane libreoffice-officebean libreoffice-report-builder libjtds-java
  libreoffice-sdbc-hsqldb libreoffice-sdbc-mysql | libmyodbc | libmariadb-java
  libreoffice-sdbc-postgresql | odbc-postgresql | libpg-java libsqliteodbc
  | tdsodbc | mdbtools ocl-icd-libopencl1 | mesa-opencl-icd
  | beignet-opencl-icd bluez tango-icon-theme fonts-crosextra-caladea
  fonts-crosextra-carlito libreoffice-java-common
Recommended packages:
  gstreamer1.0-plugins-base hunspell-en-us | hunspell-dictionary
  | myspell-dictionary fonts-crosextra-caladea fonts-crosextra-carlito
  fonts-dejavu fonts-liberation2 fonts-linuxlibertine fonts-noto-core
  fonts-noto-mono fonts-noto-ui-core fonts-sil-gentium-basic libreoffice-gnome
  | libreoffice-kde4 libreoffice-librelogo libreoffice-nlpsolver
  libreoffice-report-builder libreoffice-script-provider-bsh
  libreoffice-script-provider-js libreoffice-script-provider-python
  libreoffice-sdbc-mysql libreoffice-sdbc-postgresql
  libreoffice-wiki-publisher libreoffice-java-common fonts-liberation2
  | ttf-mscorefonts-installer libpaper-utils
The following NEW packages will be installed:
  fonts-opensymbol libboost-date-time1.58.0 libboost-locale1.58.0
  libboost-thread1.58.0 libclucene-contribs1v5 libclucene-core1v5
  libcolamd2.9.1 libexttextcat-2.0-0 libexttextcat-data
  libgstreamer-plugins-base1.0-0 libgstreamer1.0-0 libharfbuzz-icu0
  libhunspell-1.3-0 libhyphen0 liblangtag-common liblangtag1 libmythes-1.2-0
  libneon27-gnutls liborc-0.4-0 libpoppler58 libraptor2-0 librasqal3 librdf0
  libreoffice libreoffice-avmedia-backend-gstreamer libreoffice-base
  libreoffice-base-core libreoffice-base-drivers libreoffice-calc
  libreoffice-common libreoffice-core libreoffice-draw libreoffice-impress
  libreoffice-math libreoffice-report-builder-bin libreoffice-style-colibre
  libreoffice-style-tango libreoffice-writer libsuitesparseconfig4.4.6
  libyajl2 lp-solve python3-uno uno-libs3 ure
0 upgraded, 44 newly installed, 0 to remove and 305 not upgraded.
Need to get 105 MB of archives.
After this operation, 369 MB of additional disk space will be used.
Get:1 http://archive.ubuntu.com/ubuntu xenial/main amd64 libyajl2 amd64 2.1.0-2 [19.6 kB]
Get:2 http://ppa.launchpad.net/libreoffice/ppa/ubuntu xenial/main amd64 fonts-opensymbol all 2:102.10+LibO6.2.8~rc2-0ubuntu0.16.04.1 [293 kB]
Get:3 http://archive.ubuntu.com/ubuntu xenial/main amd64 libraptor2-0 amd64 2.0.14-1 [154 kB]
Get:4 http://archive.ubuntu.com/ubuntu xenial/main amd64 librasqal3 amd64 0.9.32-1 [163 kB]
Get:5 http://archive.ubuntu.com/ubuntu xenial-updates/main amd64 libboost-date-time1.58.0 amd64 1.58.0+dfsg-5ubuntu3.1 [20.7 kB]
Get:6 http://ppa.launchpad.net/libreoffice/ppa/ubuntu xenial/main amd64 libreoffice-style-colibre all 1:6.2.8~rc2-0ubuntu0.16.04.1 [1,013 kB]
Get:7 http://archive.ubuntu.com/ubuntu xenial-updates/main amd64 libboost-thread1.58.0 amd64 1.58.0+dfsg-5ubuntu3.1 [47.0 kB]
Get:8 http://archive.ubuntu.com/ubuntu xenial-updates/universe amd64 libboost-locale1.58.0 amd64 1.58.0+dfsg-5ubuntu3.1 [242 kB]
Get:9 http://archive.ubuntu.com/ubuntu xenial/main amd64 libclucene-core1v5 amd64 2.3.3.4-4.1 [461 kB]
Get:10 http://archive.ubuntu.com/ubuntu xenial/main amd64 libclucene-contribs1v5 amd64 2.3.3.4-4.1 [79.3 kB]
Get:11 http://archive.ubuntu.com/ubuntu xenial/main amd64 libsuitesparseconfig4.4.6 amd64 1:4.4.6-1 [9,322 B]
Get:12 http://archive.ubuntu.com/ubuntu xenial/main amd64 libcolamd2.9.1 amd64 1:4.4.6-1 [15.7 kB]
Get:13 http://archive.ubuntu.com/ubuntu xenial/main amd64 libexttextcat-data all 3.4.4-1ubuntu3 [164 kB]
Get:14 http://ppa.launchpad.net/libreoffice/ppa/ubuntu xenial/main amd64 libreoffice-style-tango all 1:6.2.8~rc2-0ubuntu0.16.04.1 [1,208 kB]
Get:15 http://archive.ubuntu.com/ubuntu xenial/main amd64 libexttextcat-2.0-0 amd64 3.4.4-1ubuntu3 [13.1 kB]
Get:16 http://archive.ubuntu.com/ubuntu xenial-updates/main amd64 libgstreamer1.0-0 amd64 1.8.3-1~ubuntu0.1 [769 kB]
Get:17 http://archive.ubuntu.com/ubuntu xenial/main amd64 liborc-0.4-0 amd64 1:0.4.25-1 [138 kB]
Get:18 http://archive.ubuntu.com/ubuntu xenial-updates/main amd64 libgstreamer-plugins-base1.0-0 amd64 1.8.3-1ubuntu0.3 [593 kB]
Get:19 http://archive.ubuntu.com/ubuntu xenial-updates/main amd64 libharfbuzz-icu0 amd64 1.0.1-1ubuntu0.1 [5,198 B]
Get:20 http://archive.ubuntu.com/ubuntu xenial/main amd64 libhunspell-1.3-0 amd64 1.3.3-4ubuntu1 [108 kB]
Get:21 http://archive.ubuntu.com/ubuntu xenial/main amd64 libhyphen0 amd64 2.8.8-2ubuntu1 [18.4 kB]
Get:22 http://archive.ubuntu.com/ubuntu xenial/main amd64 liblangtag-common all 0.5.7-2ubuntu1 [112 kB]
Get:23 http://archive.ubuntu.com/ubuntu xenial/main amd64 liblangtag1 amd64 0.5.7-2ubuntu1 [45.5 kB]
Get:24 http://archive.ubuntu.com/ubuntu xenial/main amd64 libmythes-1.2-0 amd64 2:1.2.4-1ubuntu3 [8,366 B]
Get:25 http://archive.ubuntu.com/ubuntu xenial/main amd64 libneon27-gnutls amd64 0.30.1-3build1 [65.7 kB]
Get:26 http://ppa.launchpad.net/libreoffice/ppa/ubuntu xenial/main amd64 uno-libs3 amd64 6.2.8~rc2-0ubuntu0.16.04.1 [902 kB]
Get:27 http://archive.ubuntu.com/ubuntu xenial-updates/main amd64 libpoppler58 amd64 0.41.0-0ubuntu1.14 [757 kB]
Get:28 http://archive.ubuntu.com/ubuntu xenial/main amd64 librdf0 amd64 1.0.17-1build1 [95.6 kB]
Get:29 http://archive.ubuntu.com/ubuntu xenial/main amd64 lp-solve amd64 5.5.0.13-7build2 [277 kB]
Get:30 http://ppa.launchpad.net/libreoffice/ppa/ubuntu xenial/main amd64 ure amd64 6.2.8~rc2-0ubuntu0.16.04.1 [1,738 kB]
Get:31 http://ppa.launchpad.net/libreoffice/ppa/ubuntu xenial/main amd64 libreoffice-common all 1:6.2.8~rc2-0ubuntu0.16.04.1 [33.4 MB]
Get:32 http://ppa.launchpad.net/libreoffice/ppa/ubuntu xenial/main amd64 libreoffice-core amd64 1:6.2.8~rc2-0ubuntu0.16.04.1 [37.7 MB]
Get:33 http://ppa.launchpad.net/libreoffice/ppa/ubuntu xenial/main amd64 libreoffice-base-core amd64 1:6.2.8~rc2-0ubuntu0.16.04.1 [765 kB]
Get:34 http://ppa.launchpad.net/libreoffice/ppa/ubuntu xenial/main amd64 libreoffice-base-drivers amd64 1:6.2.8~rc2-0ubuntu0.16.04.1 [497 kB]
Get:35 http://ppa.launchpad.net/libreoffice/ppa/ubuntu xenial/main amd64 libreoffice-base amd64 1:6.2.8~rc2-0ubuntu0.16.04.1 [1,719 kB]
Get:36 http://ppa.launchpad.net/libreoffice/ppa/ubuntu xenial/main amd64 libreoffice-calc amd64 1:6.2.8~rc2-0ubuntu0.16.04.1 [7,220 kB]
Get:37 http://ppa.launchpad.net/libreoffice/ppa/ubuntu xenial/main amd64 libreoffice-draw amd64 1:6.2.8~rc2-0ubuntu0.16.04.1 [3,392 kB]
Get:38 http://ppa.launchpad.net/libreoffice/ppa/ubuntu xenial/main amd64 libreoffice-impress amd64 1:6.2.8~rc2-0ubuntu0.16.04.1 [971 kB]
Get:39 http://ppa.launchpad.net/libreoffice/ppa/ubuntu xenial/main amd64 libreoffice-math amd64 1:6.2.8~rc2-0ubuntu0.16.04.1 [377 kB]
Get:40 http://ppa.launchpad.net/libreoffice/ppa/ubuntu xenial/main amd64 libreoffice-report-builder-bin amd64 1:6.2.8~rc2-0ubuntu0.16.04.1 [811 kB]
Get:41 http://ppa.launchpad.net/libreoffice/ppa/ubuntu xenial/main amd64 libreoffice-writer amd64 1:6.2.8~rc2-0ubuntu0.16.04.1 [8,749 kB]
Get:42 http://ppa.launchpad.net/libreoffice/ppa/ubuntu xenial/main amd64 libreoffice-avmedia-backend-gstreamer amd64 1:6.2.8~rc2-0ubuntu0.16.04.1 [25.2 kB]
Get:43 http://ppa.launchpad.net/libreoffice/ppa/ubuntu xenial/main amd64 python3-uno amd64 1:6.2.8~rc2-0ubuntu0.16.04.1 [214 kB]
Get:44 http://ppa.launchpad.net/libreoffice/ppa/ubuntu xenial/main amd64 libreoffice amd64 1:6.2.8~rc2-0ubuntu0.16.04.1 [98.0 kB]
Extracting templates from packages: 68%Extracting templates from packages: 100%
Fetched 105 MB in 19s (5,297 kB/s)
Selecting previously unselected package libyajl2:amd64.
(Reading database ... (Reading database ... 5%(Reading database ... 10%(Reading database ... 15%(Reading database ... 20%(Reading database ... 25%(Reading database ... 30%(Reading database ... 35%(Reading database ... 40%(Reading database ... 45%(Reading database ... 50%(Reading database ... 55%(Reading database ... 60%(Reading database ... 65%(Reading database ... 70%(Reading database ... 75%(Reading database ... 80%(Reading database ... 85%(Reading database ... 90%(Reading database ... 95%(Reading database ... 100%(Reading database ... 124189 files and directories currently installed.)
Preparing to unpack .../libyajl2_2.1.0-2_amd64.deb ...
Unpacking libyajl2:amd64 (2.1.0-2) ...
Selecting previously unselected package libraptor2-0:amd64.
Preparing to unpack .../libraptor2-0_2.0.14-1_amd64.deb ...
Unpacking libraptor2-0:amd64 (2.0.14-1) ...
Selecting previously unselected package librasqal3:amd64.
Preparing to unpack .../librasqal3_0.9.32-1_amd64.deb ...
Unpacking librasqal3:amd64 (0.9.32-1) ...
Selecting previously unselected package fonts-opensymbol.
Preparing to unpack .../fonts-opensymbol_2%3a102.10+LibO6.2.8~rc2-0ubuntu0.16.04.1_all.deb ...
Unpacking fonts-opensymbol (2:102.10+LibO6.2.8~rc2-0ubuntu0.16.04.1) ...
Selecting previously unselected package libboost-date-time1.58.0:amd64.
Preparing to unpack .../libboost-date-time1.58.0_1.58.0+dfsg-5ubuntu3.1_amd64.deb ...
Unpacking libboost-date-time1.58.0:amd64 (1.58.0+dfsg-5ubuntu3.1) ...
Selecting previously unselected package libboost-thread1.58.0:amd64.
Preparing to unpack .../libboost-thread1.58.0_1.58.0+dfsg-5ubuntu3.1_amd64.deb ...
Unpacking libboost-thread1.58.0:amd64 (1.58.0+dfsg-5ubuntu3.1) ...
Selecting previously unselected package libboost-locale1.58.0:amd64.
Preparing to unpack .../libboost-locale1.58.0_1.58.0+dfsg-5ubuntu3.1_amd64.deb ...
Unpacking libboost-locale1.58.0:amd64 (1.58.0+dfsg-5ubuntu3.1) ...
Selecting previously unselected package libclucene-core1v5:amd64.
Preparing to unpack .../libclucene-core1v5_2.3.3.4-4.1_amd64.deb ...
Unpacking libclucene-core1v5:amd64 (2.3.3.4-4.1) ...
Selecting previously unselected package libclucene-contribs1v5:amd64.
Preparing to unpack .../libclucene-contribs1v5_2.3.3.4-4.1_amd64.deb ...
Unpacking libclucene-contribs1v5:amd64 (2.3.3.4-4.1) ...
Selecting previously unselected package libsuitesparseconfig4.4.6:amd64.
Preparing to unpack .../libsuitesparseconfig4.4.6_1%3a4.4.6-1_amd64.deb ...
Unpacking libsuitesparseconfig4.4.6:amd64 (1:4.4.6-1) ...
Selecting previously unselected package libcolamd2.9.1:amd64.
Preparing to unpack .../libcolamd2.9.1_1%3a4.4.6-1_amd64.deb ...
Unpacking libcolamd2.9.1:amd64 (1:4.4.6-1) ...
Selecting previously unselected package libexttextcat-data.
Preparing to unpack .../libexttextcat-data_3.4.4-1ubuntu3_all.deb ...
Unpacking libexttextcat-data (3.4.4-1ubuntu3) ...
Selecting previously unselected package libexttextcat-2.0-0:amd64.
Preparing to unpack .../libexttextcat-2.0-0_3.4.4-1ubuntu3_amd64.deb ...
Unpacking libexttextcat-2.0-0:amd64 (3.4.4-1ubuntu3) ...
Selecting previously unselected package libgstreamer1.0-0:amd64.
Preparing to unpack .../libgstreamer1.0-0_1.8.3-1~ubuntu0.1_amd64.deb ...
Unpacking libgstreamer1.0-0:amd64 (1.8.3-1~ubuntu0.1) ...
Selecting previously unselected package liborc-0.4-0:amd64.
Preparing to unpack .../liborc-0.4-0_1%3a0.4.25-1_amd64.deb ...
Unpacking liborc-0.4-0:amd64 (1:0.4.25-1) ...
Selecting previously unselected package libgstreamer-plugins-base1.0-0:amd64.
Preparing to unpack .../libgstreamer-plugins-base1.0-0_1.8.3-1ubuntu0.3_amd64.deb ...
Unpacking libgstreamer-plugins-base1.0-0:amd64 (1.8.3-1ubuntu0.3) ...
Selecting previously unselected package libharfbuzz-icu0:amd64.
Preparing to unpack .../libharfbuzz-icu0_1.0.1-1ubuntu0.1_amd64.deb ...
Unpacking libharfbuzz-icu0:amd64 (1.0.1-1ubuntu0.1) ...
Selecting previously unselected package libhunspell-1.3-0:amd64.
Preparing to unpack .../libhunspell-1.3-0_1.3.3-4ubuntu1_amd64.deb ...
Unpacking libhunspell-1.3-0:amd64 (1.3.3-4ubuntu1) ...
Selecting previously unselected package libhyphen0:amd64.
Preparing to unpack .../libhyphen0_2.8.8-2ubuntu1_amd64.deb ...
Unpacking libhyphen0:amd64 (2.8.8-2ubuntu1) ...
Selecting previously unselected package liblangtag-common.
Preparing to unpack .../liblangtag-common_0.5.7-2ubuntu1_all.deb ...
Unpacking liblangtag-common (0.5.7-2ubuntu1) ...
Selecting previously unselected package liblangtag1:amd64.
Preparing to unpack .../liblangtag1_0.5.7-2ubuntu1_amd64.deb ...
Unpacking liblangtag1:amd64 (0.5.7-2ubuntu1) ...
Selecting previously unselected package libmythes-1.2-0:amd64.
Preparing to unpack .../libmythes-1.2-0_2%3a1.2.4-1ubuntu3_amd64.deb ...
Unpacking libmythes-1.2-0:amd64 (2:1.2.4-1ubuntu3) ...
Selecting previously unselected package libneon27-gnutls:amd64.
Preparing to unpack .../libneon27-gnutls_0.30.1-3build1_amd64.deb ...
Unpacking libneon27-gnutls:amd64 (0.30.1-3build1) ...
Selecting previously unselected package libpoppler58:amd64.
Preparing to unpack .../libpoppler58_0.41.0-0ubuntu1.14_amd64.deb ...
Unpacking libpoppler58:amd64 (0.41.0-0ubuntu1.14) ...
Selecting previously unselected package librdf0:amd64.
Preparing to unpack .../librdf0_1.0.17-1build1_amd64.deb ...
Unpacking librdf0:amd64 (1.0.17-1build1) ...
Selecting previously unselected package libreoffice-style-colibre.
Preparing to unpack .../libreoffice-style-colibre_1%3a6.2.8~rc2-0ubuntu0.16.04.1_all.deb ...
Unpacking libreoffice-style-colibre (1:6.2.8~rc2-0ubuntu0.16.04.1) ...
Selecting previously unselected package libreoffice-style-tango.
Preparing to unpack .../libreoffice-style-tango_1%3a6.2.8~rc2-0ubuntu0.16.04.1_all.deb ...
Unpacking libreoffice-style-tango (1:6.2.8~rc2-0ubuntu0.16.04.1) ...
Selecting previously unselected package uno-libs3.
Preparing to unpack .../uno-libs3_6.2.8~rc2-0ubuntu0.16.04.1_amd64.deb ...
Unpacking uno-libs3 (6.2.8~rc2-0ubuntu0.16.04.1) ...
Selecting previously unselected package ure.
Preparing to unpack .../ure_6.2.8~rc2-0ubuntu0.16.04.1_amd64.deb ...
Unpacking ure (6.2.8~rc2-0ubuntu0.16.04.1) ...
Selecting previously unselected package libreoffice-common.
Preparing to unpack .../libreoffice-common_1%3a6.2.8~rc2-0ubuntu0.16.04.1_all.deb ...
Unpacking libreoffice-common (1:6.2.8~rc2-0ubuntu0.16.04.1) ...
Selecting previously unselected package libreoffice-core.
Preparing to unpack .../libreoffice-core_1%3a6.2.8~rc2-0ubuntu0.16.04.1_amd64.deb ...
Unpacking libreoffice-core (1:6.2.8~rc2-0ubuntu0.16.04.1) ...
Selecting previously unselected package libreoffice-base-core.
Preparing to unpack .../libreoffice-base-core_1%3a6.2.8~rc2-0ubuntu0.16.04.1_amd64.deb ...
Unpacking libreoffice-base-core (1:6.2.8~rc2-0ubuntu0.16.04.1) ...
Selecting previously unselected package libreoffice-base-drivers.
Preparing to unpack .../libreoffice-base-drivers_1%3a6.2.8~rc2-0ubuntu0.16.04.1_amd64.deb ...
Unpacking libreoffice-base-drivers (1:6.2.8~rc2-0ubuntu0.16.04.1) ...
Selecting previously unselected package libreoffice-base.
Preparing to unpack .../libreoffice-base_1%3a6.2.8~rc2-0ubuntu0.16.04.1_amd64.deb ...
Adding 'diversion of /usr/lib/libreoffice/share/basic/dialog.xlc to /usr/lib/libreoffice/share/basic/dialog.xlc.noaccess by libreoffice-base'
Adding 'diversion of /usr/lib/libreoffice/share/basic/script.xlc to /usr/lib/libreoffice/share/basic/script.xlc.noaccess by libreoffice-base'
Unpacking libreoffice-base (1:6.2.8~rc2-0ubuntu0.16.04.1) ...
Selecting previously unselected package lp-solve.
Preparing to unpack .../lp-solve_5.5.0.13-7build2_amd64.deb ...
Unpacking lp-solve (5.5.0.13-7build2) ...
Selecting previously unselected package libreoffice-calc.
Preparing to unpack .../libreoffice-calc_1%3a6.2.8~rc2-0ubuntu0.16.04.1_amd64.deb ...
Unpacking libreoffice-calc (1:6.2.8~rc2-0ubuntu0.16.04.1) ...
Selecting previously unselected package libreoffice-draw.
Preparing to unpack .../libreoffice-draw_1%3a6.2.8~rc2-0ubuntu0.16.04.1_amd64.deb ...
Unpacking libreoffice-draw (1:6.2.8~rc2-0ubuntu0.16.04.1) ...
Selecting previously unselected package libreoffice-impress.
Preparing to unpack .../libreoffice-impress_1%3a6.2.8~rc2-0ubuntu0.16.04.1_amd64.deb ...
Unpacking libreoffice-impress (1:6.2.8~rc2-0ubuntu0.16.04.1) ...
Selecting previously unselected package libreoffice-math.
Preparing to unpack .../libreoffice-math_1%3a6.2.8~rc2-0ubuntu0.16.04.1_amd64.deb ...
Unpacking libreoffice-math (1:6.2.8~rc2-0ubuntu0.16.04.1) ...
Selecting previously unselected package libreoffice-report-builder-bin.
Preparing to unpack .../libreoffice-report-builder-bin_1%3a6.2.8~rc2-0ubuntu0.16.04.1_amd64.deb ...
Unpacking libreoffice-report-builder-bin (1:6.2.8~rc2-0ubuntu0.16.04.1) ...
Selecting previously unselected package libreoffice-writer.
Preparing to unpack .../libreoffice-writer_1%3a6.2.8~rc2-0ubuntu0.16.04.1_amd64.deb ...
Unpacking libreoffice-writer (1:6.2.8~rc2-0ubuntu0.16.04.1) ...
Selecting previously unselected package libreoffice-avmedia-backend-gstreamer.
Preparing to unpack .../libreoffice-avmedia-backend-gstreamer_1%3a6.2.8~rc2-0ubuntu0.16.04.1_amd64.deb ...
Unpacking libreoffice-avmedia-backend-gstreamer (1:6.2.8~rc2-0ubuntu0.16.04.1) ...
Selecting previously unselected package python3-uno.
Preparing to unpack .../python3-uno_1%3a6.2.8~rc2-0ubuntu0.16.04.1_amd64.deb ...
Unpacking python3-uno (1:6.2.8~rc2-0ubuntu0.16.04.1) ...
Selecting previously unselected package libreoffice.
Preparing to unpack .../libreoffice_1%3a6.2.8~rc2-0ubuntu0.16.04.1_amd64.deb ...
Unpacking libreoffice (1:6.2.8~rc2-0ubuntu0.16.04.1) ...
Processing triggers for fontconfig (2.11.94-0ubuntu1.1) ...
Processing triggers for libc-bin (2.23-0ubuntu11) ...
Processing triggers for man-db (2.7.5-1) ...
Processing triggers for mime-support (3.59ubuntu1) ...
Processing triggers for shared-mime-info (1.5-2ubuntu0.2) ...
Processing triggers for hicolor-icon-theme (0.15-0ubuntu1.1) ...
Setting up libyajl2:amd64 (2.1.0-2) ...
Setting up libraptor2-0:amd64 (2.0.14-1) ...
Setting up librasqal3:amd64 (0.9.32-1) ...
Setting up fonts-opensymbol (2:102.10+LibO6.2.8~rc2-0ubuntu0.16.04.1) ...
Setting up libboost-date-time1.58.0:amd64 (1.58.0+dfsg-5ubuntu3.1) ...
Setting up libboost-thread1.58.0:amd64 (1.58.0+dfsg-5ubuntu3.1) ...
Setting up libboost-locale1.58.0:amd64 (1.58.0+dfsg-5ubuntu3.1) ...
Setting up libclucene-core1v5:amd64 (2.3.3.4-4.1) ...
Setting up libclucene-contribs1v5:amd64 (2.3.3.4-4.1) ...
Setting up libsuitesparseconfig4.4.6:amd64 (1:4.4.6-1) ...
Setting up libcolamd2.9.1:amd64 (1:4.4.6-1) ...
Setting up libexttextcat-data (3.4.4-1ubuntu3) ...
Setting up libexttextcat-2.0-0:amd64 (3.4.4-1ubuntu3) ...
Setting up libgstreamer1.0-0:amd64 (1.8.3-1~ubuntu0.1) ...
Setcap worked! gst-ptp-helper is not suid!
Setting up liborc-0.4-0:amd64 (1:0.4.25-1) ...
Setting up libgstreamer-plugins-base1.0-0:amd64 (1.8.3-1ubuntu0.3) ...
Setting up libharfbuzz-icu0:amd64 (1.0.1-1ubuntu0.1) ...
Setting up libhunspell-1.3-0:amd64 (1.3.3-4ubuntu1) ...
Setting up libhyphen0:amd64 (2.8.8-2ubuntu1) ...
Setting up liblangtag-common (0.5.7-2ubuntu1) ...
Setting up liblangtag1:amd64 (0.5.7-2ubuntu1) ...
Setting up libmythes-1.2-0:amd64 (2:1.2.4-1ubuntu3) ...
Setting up libneon27-gnutls:amd64 (0.30.1-3build1) ...
Setting up libpoppler58:amd64 (0.41.0-0ubuntu1.14) ...
Setting up librdf0:amd64 (1.0.17-1build1) ...
Setting up uno-libs3 (6.2.8~rc2-0ubuntu0.16.04.1) ...
Setting up ure (6.2.8~rc2-0ubuntu0.16.04.1) ...
Setting up lp-solve (5.5.0.13-7build2) ...
Setting up libreoffice-style-colibre (1:6.2.8~rc2-0ubuntu0.16.04.1) ...
Setting up libreoffice-style-tango (1:6.2.8~rc2-0ubuntu0.16.04.1) ...
Setting up libreoffice-common (1:6.2.8~rc2-0ubuntu0.16.04.1) ...
Setting up libreoffice-core (1:6.2.8~rc2-0ubuntu0.16.04.1) ...
Setting up libreoffice-base-core (1:6.2.8~rc2-0ubuntu0.16.04.1) ...
Setting up libreoffice-base-drivers (1:6.2.8~rc2-0ubuntu0.16.04.1) ...
Setting up libreoffice-base (1:6.2.8~rc2-0ubuntu0.16.04.1) ...
Setting up libreoffice-calc (1:6.2.8~rc2-0ubuntu0.16.04.1) ...
Setting up libreoffice-draw (1:6.2.8~rc2-0ubuntu0.16.04.1) ...
Setting up libreoffice-impress (1:6.2.8~rc2-0ubuntu0.16.04.1) ...
Setting up libreoffice-math (1:6.2.8~rc2-0ubuntu0.16.04.1) ...
Setting up libreoffice-report-builder-bin (1:6.2.8~rc2-0ubuntu0.16.04.1) ...
Setting up libreoffice-writer (1:6.2.8~rc2-0ubuntu0.16.04.1) ...
Setting up libreoffice-avmedia-backend-gstreamer (1:6.2.8~rc2-0ubuntu0.16.04.1) ...
Setting up python3-uno (1:6.2.8~rc2-0ubuntu0.16.04.1) ...
Setting up libreoffice (1:6.2.8~rc2-0ubuntu0.16.04.1) ...
Processing triggers for libc-bin (2.23-0ubuntu11) ...
travis_time:end:05e856f7:start=1595233928775586608,finish=1595233968536797091,duration=39761210483,event=before_installe:start:011704b6port
Reading package lists...
Building dependency tree...
Reading state information...
The following NEW packages will be installed:
  libreoffice-pdfimport
0 upgraded, 1 newly installed, 0 to remove and 305 not upgraded.
Need to get 2,824 B of archives.
After this operation, 12.3 kB of additional disk space will be used.
Get:1 http://ppa.launchpad.net/libreoffice/ppa/ubuntu xenial/main amd64 libreoffice-pdfimport all 1:6.2.8~rc2-0ubuntu0.16.04.1 [2,824 B]
Fetched 2,824 B in 0s (12.6 kB/s)
Selecting previously unselected package libreoffice-pdfimport.
(Reading database ... (Reading database ... 5%(Reading database ... 10%(Reading database ... 15%(Reading database ... 20%(Reading database ... 25%(Reading database ... 30%(Reading database ... 35%(Reading database ... 40%(Reading database ... 45%(Reading database ... 50%(Reading database ... 55%(Reading database ... 60%(Reading database ... 65%(Reading database ... 70%(Reading database ... 75%(Reading database ... 80%(Reading database ... 85%(Reading database ... 90%(Reading database ... 95%(Reading database ... 100%(Reading database ... 129616 files and directories currently installed.)
Preparing to unpack .../libreoffice-pdfimport_1%3a6.2.8~rc2-0ubuntu0.16.04.1_all.deb ...
Unpacking libreoffice-pdfimport (1:6.2.8~rc2-0ubuntu0.16.04.1) ...
Setting up libreoffice-pdfimport (1:6.2.8~rc2-0ubuntu0.16.04.1) ...
travis_time:end:011704b6:start=1595233968542420936,finish=1595233971022131236,duration=2479710300,event=before_installe:start:2694e0aae    Time     Time  Current
                                 Dload  Upload   Total   Spent    Left  Speed
  0     0    0     0    0     0      0      0 --:--:-- --:--:-- --:--:--     0  0     0    0     0    0     0      0      0 --:--:-- --:--:-- --:--:--     0100  9.8M  100  9.8M    0     0  10.6M      0 --:--:-- --:--:-- --:--:-- 10.6M
travis_time:end:2694e0aa:start=1595233971029147986,finish=1595233995226992104,duration=24197844118,event=installe:start:0ae0fab0plate to settings.json...
Ensure that all dependencies are up to date...  If this is the first time you have run Etherpad please be patient.

> wd@1.12.1 install /home/travis/build/ether/[secure]/src/node_modules/wd
> node scripts/build-browser-scripts

added 1126 packages in 9.824s
Clearing minified cache...
travis_time:end:0ae0fab0:start=1595233995234523305,finish=1595234005584908604,duration=10350385299,event=installe:start:1926b054e:end:1926b054:start=1595234005590030482,finish=1595234005597482061,duration=7451579,event=installe:start:2223821aing bin/installDeps.sh has already been run
Now I will try for 15 seconds to connect to Etherpad on http://localhost:9001
bash: connect: Connection refused
bash: /dev/tcp/localhost/9001: Connection refused
bash: connect: Connection refused
bash: /dev/tcp/localhost/9001: Connection refused
bash: connect: Connection refused
bash: /dev/tcp/localhost/9001: Connection refused
bash: connect: Connection refused
bash: /dev/tcp/localhost/9001: Connection refused
bash: connect: Connection refused
bash: /dev/tcp/localhost/9001: Connection refused
bash: connect: Connection refused
bash: /dev/tcp/localhost/9001: Connection refused
Successfully connected to Etherpad on http://localhost:9001
Now starting the remote runner
Remote sauce test 'c394b65 - firefox 52.0, Windows 7' started! https://saucelabs.com/jobs/2d3936528e7d41b48968ed008a64e0ef
Remote sauce test 'c394b65 - safari 13.1, OS X 10.15' started! https://saucelabs.com/jobs/af4c7faaccdd4ecd982c866a0bb6b461
Remote sauce test 'c394b65 - safari 12.0, OS X 10.14' started! https://saucelabs.com/jobs/2946029162e74ae0bf9927a399db4122
Remote sauce test 'c394b65 - chrome 55.0, Windows 7' started! https://saucelabs.com/jobs/e37ac888f72547d1b0e49f5dbfdf957e
Remote sauce test 'c394b65 - firefox 78.0, Windows 7' started! https://saucelabs.com/jobs/8153c2e84dc242738ea3cd110e9f328e
Remote sauce test 'c394b65 - microsoftedge 83.0, Windows 10' started! https://saucelabs.com/jobs/c61e6cd045cd49f098a24b48d8c22ba0
[chrome Windows 7 55.0] alphabet.js
[chrome Windows 7 55.0]   All the alphabet works n stuff
[chrome Windows 7 55.0]     -> PASSED : when you enter any char it appears right   62 ms
[chrome Windows 7 55.0] 
[chrome Windows 7 55.0] authorship_of_editions.js
[chrome Windows 7 55.0]   author of pad edition
[chrome Windows 7 55.0]     -> PASSED : marks only the new content as changes of the second user on a regular line
[chrome Windows 7 55.0]        539 ms
[chrome Windows 7 55.0]     -> PASSED : marks only the new content as changes of the second user on a line with or
[chrome Windows 7 55.0]     dered list   991 ms
[chrome Windows 7 55.0]     -> PASSED : marks only the new content as changes of the second user on a line with un
[chrome Windows 7 55.0]     ordered list   1001 ms
[chrome Windows 7 55.0] 
[chrome Windows 7 55.0] bold.js
[chrome Windows 7 55.0]   bold button
[chrome Windows 7 55.0]     -> PASSED : makes text bold on click   24 ms
[chrome Windows 7 55.0]     -> PASSED : makes text bold on keypress   12 ms
[chrome Windows 7 55.0] 
[chrome Windows 7 55.0] change_user_color.js
[chrome Windows 7 55.0]   change user color
[chrome Windows 7 55.0]     -> PASSED : Color picker matches original color and remembers the user color after a r
[chrome Windows 7 55.0]     efresh   1977 ms
[chrome Windows 7 55.0]     -> PASSED : Own user color is shown when you enter a chat   152 ms
[chrome Windows 7 55.0] 
[chrome Windows 7 55.0] change_user_name.js
[chrome Windows 7 55.0]   change username value
[chrome Windows 7 55.0]     -> PASSED : Remembers the user name after a refresh   2146 ms
[chrome Windows 7 55.0]     -> PASSED : Own user name is shown when you enter a chat   166 ms
[chrome Windows 7 55.0] 
[chrome Windows 7 55.0] chat.js
[chrome Windows 7 55.0]   Chat messages and UI
[chrome Windows 7 55.0]     -> PASSED : opens chat, sends a message and makes sure it exists on the page   101 ms
[chrome Windows 7 55.0]     -> PASSED : makes sure that an empty message can't be sent   136 ms
[chrome Windows 7 55.0]     -> PASSED : makes chat stick to right side of the screen   51 ms
[chrome Windows 7 55.0]     -> FAILED : makes chat stick to right side of the screen then makes it one step smaller 
[chrome Windows 7 55.0]     Error: Uncaught Error: expected false to equal true (http://localhost:9001/tests/frontend/lib/expect
[chrome Windows 7 55.0]     .js:99)
[chrome Windows 7 55.0]     -> PENDING: Checks showChat=false URL Parameter hides chat then when removed it shows
[chrome Windows 7 55.0]      chat
[chrome Windows 7 55.0] 
[chrome Windows 7 55.0] chat_load_messages.js
[chrome Windows 7 55.0]   chat-load-messages
[chrome Windows 7 55.0]     -> PASSED : creates a pad   944 ms
[chrome Windows 7 55.0]     -> PASSED : adds a lot of messages   1721 ms
[chrome Windows 7 55.0]     -> PASSED : checks initial message count   30 ms
[chrome Windows 7 55.0]     -> PASSED : loads more messages   110 ms
[chrome Windows 7 55.0]     -> PASSED : checks for button vanishing   80 ms
[chrome Windows 7 55.0] 
[chrome Windows 7 55.0] clear_authorship_colors.js
[chrome Windows 7 55.0]   clear authorship colors button
[chrome Windows 7 55.0]     -> PASSED : makes text clear authorship colors   72 ms
[chrome Windows 7 55.0]     -> PASSED : makes text clear authorship colors and checks it can't be undone   43 ms
[chrome Windows 7 55.0] 
[chrome Windows 7 55.0] delete.js
[chrome Windows 7 55.0]   delete keystroke
[chrome Windows 7 55.0]     -> PASSED : makes text delete   5 ms
[chrome Windows 7 55.0] 
[chrome Windows 7 55.0] drag_and_drop.js
[chrome Windows 7 55.0]   drag and drop
[chrome Windows 7 55.0]     when user drags part of one line and drops it far form its original place
[chrome Windows 7 55.0]       and user triggers UNDO
[chrome Windows 7 55.0]         -> PASSED : moves text back to its original place   2 ms
[chrome Windows 7 55.0]     when user drags some lines far form its original place
[chrome Windows 7 55.0]       and user triggers UNDO
[chrome Windows 7 55.0]         -> PASSED : moves text back to its original place   1 ms
[chrome Windows 7 55.0] 
[chrome Windows 7 55.0] embed_value.js
[chrome Windows 7 55.0]   embed links
[chrome Windows 7 55.0]     read and write
[chrome Windows 7 55.0]       the share link
[chrome Windows 7 55.0]         -> PASSED : is the actual pad url   14 ms
[chrome Windows 7 55.0]       the embed as iframe code
[chrome Windows 7 55.0]         -> PASSED : is an iframe with the the correct url parameters and correct size   16 ms
[chrome Windows 7 55.0]     when read only option is set
[chrome Windows 7 55.0]       the share link
[chrome Windows 7 55.0]         -> PASSED : shows a read only url   13 ms
[chrome Windows 7 55.0]       the embed as iframe code
[chrome Windows 7 55.0]         -> PASSED : is an iframe with the the correct url parameters and correct size   14 ms
[chrome Windows 7 55.0] 
[chrome Windows 7 55.0] enter.js
[chrome Windows 7 55.0]   enter keystroke
[chrome Windows 7 55.0]     -> PASSED : creates a new line & puts cursor onto a new line   527 ms
[chrome Windows 7 55.0] 
[chrome Windows 7 55.0] font_type.js
[chrome Windows 7 55.0]   font select
[chrome Windows 7 55.0]     -> PASSED : makes text RobotoMono   37 ms
[chrome Windows 7 55.0] 
[chrome Windows 7 55.0] helper.js
[chrome Windows 7 55.0]   the test helper
[chrome Windows 7 55.0]     the newPad method
[chrome Windows 7 55.0]       -> PENDING: doesn't leak memory if you creates iframes over and over again
[chrome Windows 7 55.0]       -> PASSED : gives me 3 jquery instances of chrome, outer and inner   1039 ms
[chrome Windows 7 55.0]       -> PASSED : clears cookies   3122 ms
[chrome Windows 7 55.0]       -> PASSED : sets pad prefs cookie   1023 ms
[chrome Windows 7 55.0]     the waitFor method
[chrome Windows 7 55.0]       -> PASSED : takes a timeout and waits long enough   1502 ms
[chrome Windows 7 55.0]       -> PASSED : takes an interval and checks on every interval   2009 ms
[chrome Windows 7 55.0]       returns a deferred object
[chrome Windows 7 55.0]         -> PASSED : it calls done after success   15 ms
[chrome Windows 7 55.0]         -> PASSED : calls fail after failure   1900 ms
[chrome Windows 7 55.0]         -> PENDING: throws if you don't listen for fails
[chrome Windows 7 55.0]     the selectLines method
[chrome Windows 7 55.0]       -> PASSED : changes editor selection to be between startOffset of $startLine and endOf
[chrome Windows 7 55.0]       fset of $endLine   4 ms
[chrome Windows 7 55.0]       -> PASSED : ends selection at beginning of $endLine when it is an empty line   1 ms
[chrome Windows 7 55.0]       -> PASSED : ends selection at beginning of $endLine when its offset is zero   1 ms
[chrome Windows 7 55.0]       -> PASSED : selects full line when offset is longer than line content   0 ms
[chrome Windows 7 55.0]       -> PASSED : selects all text between beginning of $startLine and end of $endLine when 
[chrome Windows 7 55.0]       no offset is provided   0 ms
[chrome Windows 7 55.0] 
[chrome Windows 7 55.0] importexport.js
[chrome Windows 7 55.0]   import functionality
[chrome Windows 7 55.0]     -> PENDING: import a pad with newlines from txt
[chrome Windows 7 55.0]     -> PENDING: import a pad with newlines from html
[chrome Windows 7 55.0]     -> PENDING: import a pad with attributes from html
[chrome Windows 7 55.0]     -> PENDING: import a pad with bullets from html
[chrome Windows 7 55.0]     -> PENDING: import a pad with bullets and newlines from html
[chrome Windows 7 55.0]     -> PENDING: import a pad with bullets and newlines and attributes from html
[chrome Windows 7 55.0]     -> PENDING: import a pad with nested bullets from html
[chrome Windows 7 55.0]     -> PENDING: import a pad with 8 levels of bullets and newlines and attributes from ht
[chrome Windows 7 55.0]     ml
[chrome Windows 7 55.0]     -> PENDING: import a pad with ordered lists from html
[chrome Windows 7 55.0]     -> PENDING: import a pad with ordered lists and newlines from html
[chrome Windows 7 55.0]     -> PENDING: import a pad with nested ordered lists and attributes and newlines from h
[chrome Windows 7 55.0]     tml
[chrome Windows 7 55.0] 
[chrome Windows 7 55.0] importindents.js
[chrome Windows 7 55.0]   import indents functionality
[chrome Windows 7 55.0]     -> PENDING: import a pad with indents from html
[chrome Windows 7 55.0]     -> PENDING: import a pad with indented lists and newlines from html
[chrome Windows 7 55.0]     -> PENDING: import a pad with 8 levels of indents and newlines and attributes from ht
[chrome Windows 7 55.0]     ml
[chrome Windows 7 55.0] 
[chrome Windows 7 55.0] indentation.js
[chrome Windows 7 55.0]   indentation button
[chrome Windows 7 55.0]     -> PASSED : indent text with keypress   24 ms
[chrome Windows 7 55.0]     -> PASSED : indent text with button   20 ms
[chrome Windows 7 55.0]     -> PASSED : keeps the indent on enter for the new line   49 ms
[chrome Windows 7 55.0]     -> PASSED : indents text with spaces on enter if previous line ends with ':', '[', '('
[chrome Windows 7 55.0]     , or '{'   87 ms
[chrome Windows 7 55.0]     -> PASSED : appends indentation to the indent of previous line if previous line ends w
[chrome Windows 7 55.0]     ith ':', '[', '(', or '{'   548 ms
[chrome Windows 7 55.0]     -> PASSED : issue #2772 shows '*' when multiple indented lines receive a style and are
[chrome Windows 7 55.0]      outdented   116 ms
[chrome Windows 7 55.0] 
[chrome Windows 7 55.0] italic.js
[chrome Windows 7 55.0]   italic some text
[chrome Windows 7 55.0]     -> PASSED : makes text italic using button   18 ms
[chrome Windows 7 55.0]     -> PASSED : makes text italic using keypress   13 ms
[chrome Windows 7 55.0] 
[chrome Windows 7 55.0] language.js
[chrome Windows 7 55.0]   Language select and change
[chrome Windows 7 55.0]     -> PASSED : makes text german   102 ms
[chrome Windows 7 55.0]     -> PASSED : makes text English   35 ms
[chrome Windows 7 55.0]     -> PASSED : changes direction when picking an rtl lang   221 ms
[chrome Windows 7 55.0]     -> PASSED : changes direction when picking an ltr lang   47 ms
[chrome Windows 7 55.0] 
[chrome Windows 7 55.0] multiple_authors_clear_authorship_colors.js
[chrome Windows 7 55.0]   author of pad edition
[chrome Windows 7 55.0]     -> PASSED : Clears Authorship by second user   44 ms
[chrome Windows 7 55.0] 
[chrome Windows 7 55.0] ordered_list.js
[chrome Windows 7 55.0]   assign ordered list
[chrome Windows 7 55.0]     -> PASSED : inserts ordered list text   25 ms
[chrome Windows 7 55.0]     -> PENDING: issue #1125 keeps the numbered list on enter for the new line - EMULATES 
[chrome Windows 7 55.0]     PASTING INTO A PAD
[chrome Windows 7 55.0]     when user presses Ctrl+Shift+N
[chrome Windows 7 55.0]       and pad shortcut is enabled
[chrome Windows 7 55.0]         -> PASSED : inserts unordered list   10 ms
[chrome Windows 7 55.0]       and pad shortcut is disabled
[chrome Windows 7 55.0]         -> PASSED : does not insert unordered list   1900 ms
[chrome Windows 7 55.0]     when user presses Ctrl+Shift+1
[chrome Windows 7 55.0]       and pad shortcut is enabled
[chrome Windows 7 55.0]         -> PASSED : inserts unordered list   13 ms
[chrome Windows 7 55.0]       and pad shortcut is disabled
[chrome Windows 7 55.0]         -> PASSED : does not insert unordered list   1901 ms
[chrome Windows 7 55.0]   Pressing Tab in an OL increases and decreases indentation
[chrome Windows 7 55.0]     -> PASSED : indent and de-indent list item with keypress   69 ms
[chrome Windows 7 55.0]   Pressing indent/outdent button in an OL increases and decreases indentation and bullet / ol formatti
[chrome Windows 7 55.0]   ng
[chrome Windows 7 55.0]     -> PASSED : indent and de-indent list item with indent button   55 ms
[chrome Windows 7 55.0] 
[chrome Windows 7 55.0] pad_modal.js
[chrome Windows 7 55.0]   Pad modal
[chrome Windows 7 55.0]     when modal is a "force reconnect" message
[chrome Windows 7 55.0]       -> PASSED : disables editor   2 ms
[chrome Windows 7 55.0]       and user clicks on editor
[chrome Windows 7 55.0]         -> PASSED : does not close the modal   3 ms
[chrome Windows 7 55.0]       and user clicks on pad outer
[chrome Windows 7 55.0]         -> PASSED : does not close the modal   2 ms
[chrome Windows 7 55.0]     when modal is not an error message
[chrome Windows 7 55.0]       and user clicks on editor
[chrome Windows 7 55.0]         -> PASSED : closes the modal   3 ms
[chrome Windows 7 55.0]       and user clicks on pad outer
[chrome Windows 7 55.0]         -> PASSED : closes the modal   1 ms
[chrome Windows 7 55.0] 
[chrome Windows 7 55.0] redo.js
[chrome Windows 7 55.0]   undo button then redo button
[chrome Windows 7 55.0]     -> PASSED : redo some typing with button   60 ms
[chrome Windows 7 55.0]     -> PASSED : redo some typing with keypress   30 ms
[chrome Windows 7 55.0] 
[chrome Windows 7 55.0] responsiveness.js
[chrome Windows 7 55.0]   Responsiveness of Editor
[chrome Windows 7 55.0]     -> PENDING: Fast response to keypress in pad with large amount of contents
[chrome Windows 7 55.0] 
[chrome Windows 7 55.0] select_formatting_buttons.js
[chrome Windows 7 55.0]   select formatting buttons when selection has style applied
[chrome Windows 7 55.0]     when selection is in a text with italic applied
[chrome Windows 7 55.0]       -> PASSED : selects the italic button   11 ms
[chrome Windows 7 55.0]     when caret is in a position with italic applied
[chrome Windows 7 55.0]       -> PASSED : selects the italic button   10 ms
[chrome Windows 7 55.0]     when selection is in a text with bold applied
[chrome Windows 7 55.0]       -> PASSED : selects the bold button   10 ms
[chrome Windows 7 55.0]     when caret is in a position with bold applied
[chrome Windows 7 55.0]       -> PASSED : selects the bold button   10 ms
[chrome Windows 7 55.0]     when selection is in a text with underline applied
[chrome Windows 7 55.0]       -> PASSED : selects the underline button   10 ms
[chrome Windows 7 55.0]     when caret is in a position with underline applied
[chrome Windows 7 55.0]       -> PASSED : selects the underline button   10 ms
[chrome Windows 7 55.0]     when selection is in a text with strikethrough applied
[chrome Windows 7 55.0]       -> PASSED : selects the strikethrough button   10 ms
[chrome Windows 7 55.0]     when caret is in a position with strikethrough applied
[chrome Windows 7 55.0]       -> PASSED : selects the strikethrough button   30 ms
[chrome Windows 7 55.0]     when user applies a style and the selection does not change
[chrome Windows 7 55.0]       -> PASSED : selects the style button   0 ms
[chrome Windows 7 55.0]     when user presses CMD + I
[chrome Windows 7 55.0]       -> PASSED : selects the italic button   10 ms
[chrome Windows 7 55.0]       and user presses CMD + I again
[chrome Windows 7 55.0]         -> PASSED : deselects the italic button   10 ms
[chrome Windows 7 55.0]     when user presses CMD + B
[chrome Windows 7 55.0]       -> PASSED : selects the bold button   11 ms
[chrome Windows 7 55.0]       and user presses CMD + B again
[chrome Windows 7 55.0]         -> PASSED : deselects the bold button   10 ms
[chrome Windows 7 55.0]     when user presses CMD + U
[chrome Windows 7 55.0]       -> PASSED : selects the underline button   12 ms
[chrome Windows 7 55.0]       and user presses CMD + U again
[chrome Windows 7 55.0]         -> PASSED : deselects the underline button   10 ms
[chrome Windows 7 55.0]     when user presses CMD + 5
[chrome Windows 7 55.0]       -> PASSED : selects the strikethrough button   10 ms
[chrome Windows 7 55.0]       and user presses CMD + 5 again
[chrome Windows 7 55.0]         -> PASSED : deselects the strikethrough button   10 ms
[chrome Windows 7 55.0] 
[chrome Windows 7 55.0] strikethrough.js
[chrome Windows 7 55.0]   strikethrough button
[chrome Windows 7 55.0]     -> PASSED : makes text strikethrough   18 ms
[chrome Windows 7 55.0] 
[chrome Windows 7 55.0] timeslider.js
[chrome Windows 7 55.0]   timeslider button takes you to the timeslider of a pad
[chrome Windows 7 55.0]     -> PENDING: timeslider contained in URL
[chrome Windows 7 55.0] 
[chrome Windows 7 55.0] timeslider_follow.js
[chrome Windows 7 55.0]   timeslider
[chrome Windows 7 55.0]     -> FAILED : follow content as it's added to timeslider Error: Uncaught TypeError: ecb.sc
[chrome Windows 7 55.0]     rollTo is not a function (http://localhost:9001/javascripts/lib/ep_[secure]/static/js/timeslide
[chrome Windows 7 55.0]     r.js?callback=require.define&v=31b90030:6341)
[chrome Windows 7 55.0] 
[chrome Windows 7 55.0] timeslider_labels.js
[chrome Windows 7 55.0]   timeslider
[chrome Windows 7 55.0]     -> PASSED : Shows a date and time in the timeslider and make sure it doesn't include N
[chrome Windows 7 55.0]     aN   4449 ms
[chrome Windows 7 55.0] 
[chrome Windows 7 55.0] timeslider_numeric_padID.js
[chrome Windows 7 55.0]   timeslider
[chrome Windows 7 55.0]     -> PASSED : Makes sure the export URIs are as expected when the padID is numeric   442
[chrome Windows 7 55.0]     8 ms
[chrome Windows 7 55.0] 
[chrome Windows 7 55.0] timeslider_revisions.js
[chrome Windows 7 55.0]   timeslider
[chrome Windows 7 55.0]     -> FAILED : loads adds a hundred revisions Error: Uncaught Error: expected 'aaaaaaaaaaaa
[chrome Windows 7 55.0]     aaaaaaaaaaaaaaaaaaaaaaaaaaaaaaaaaaaaaaaaaaaaaaaaaaaaaaaaaaaaaaaaaaaaaaaaaaaaaaaaaaaaaaaWelcome to Et
[chrome Windows 7 55.0]     herpad!This pad text is synchronized as you type, so that everyone viewing this page sees the same 
[chrome Windows 7 55.0]     text. This allows you to collaborate seamlessly on documents!Get involved with Etherpad at https://
[chrome Windows 7 55.0]     etherpad.orgWarning: DirtyDB is used. This is fine for testing but not recommended for production. 
[chrome Windows 7 55.0]     -- To suppress these warning messages change suppressErrorsInPadText to true in your settings.json'
[chrome Windows 7 55.0]      to sort of not equal 'aaaaaaaaaaaaaaaaaaaaaaaaaaaaaaaaaaaaaaaaaaaaaaaaaaaaaaaaaaaaaaaaaaaaaaaaaaaaa
[chrome Windows 7 55.0]     aaaaaaaaaaaaaaaaaaaaaaWelcome to Etherpad!This pad text is synchronized as you type, so that everyo
[chrome Windows 7 55.0]     ne viewing this page sees the same text. This allows you to collaborate seamlessly on documents!Get
[chrome Windows 7 55.0]      involved with Etherpad at https://etherpad.orgWarning: DirtyDB is used. This is fine for testing b
[chrome Windows 7 55.0]     ut not recommended for production. -- To suppress these warning messages change suppressErrorsInPadT
[chrome Windows 7 55.0]     ext to true in your settings.json' (http://localhost:9001/tests/frontend/lib/expect.js:99)
[chrome Windows 7 55.0]     -> PENDING: changes the url when clicking on the timeslider
[chrome Windows 7 55.0]     -> FAILED : jumps to a revision given in the url Error: Uncaught Error: expected 413 to 
[chrome Windows 7 55.0]     sort of equal 412 (http://localhost:9001/tests/frontend/lib/expect.js:99)
[chrome Windows 7 55.0]     -> PASSED : checks the export url   3259 ms
[chrome Windows 7 55.0] 
[chrome Windows 7 55.0] undo.js
[chrome Windows 7 55.0]   undo button
[chrome Windows 7 55.0]     -> PASSED : undo some typing by clicking undo button   37 ms
[chrome Windows 7 55.0]     -> PASSED : undo some typing using a keypress   32 ms
[chrome Windows 7 55.0] 
[chrome Windows 7 55.0] unordered_list.js
[chrome Windows 7 55.0]   assign unordered list
[chrome Windows 7 55.0]     -> PASSED : insert unordered list text then removes by outdent   50 ms
[chrome Windows 7 55.0]   unassign unordered list
[chrome Windows 7 55.0]     -> PASSED : insert unordered list text then remove by clicking list again   48 ms
[chrome Windows 7 55.0]   keep unordered list on enter key
[chrome Windows 7 55.0]     -> PASSED : Keeps the unordered list on enter for the new line   551 ms
[chrome Windows 7 55.0]   Pressing Tab in an UL increases and decreases indentation
[chrome Windows 7 55.0]     -> PASSED : indent and de-indent list item with keypress   46 ms
[chrome Windows 7 55.0]   Pressing indent/outdent button in an UL increases and decreases indentation and bullet / ol formatti
[chrome Windows 7 55.0]   ng
[chrome Windows 7 55.0]     -> PASSED : indent and de-indent list item with indent button   86 ms
[chrome Windows 7 55.0] 
[chrome Windows 7 55.0] urls_become_clickable.js
[chrome Windows 7 55.0]   urls
[chrome Windows 7 55.0]     -> PASSED : when you enter an url, it becomes clickable   24 ms
[chrome Windows 7 55.0]     -> PASSED : when you enter a url containing a !, it becomes clickable and contains the
[chrome Windows 7 55.0]      whole URL   22 ms
[chrome Windows 7 55.0]     -> PASSED : when you enter a url followed by a ], the ] is not included in the URL   3
[chrome Windows 7 55.0]     3 ms
[chrome Windows 7 55.0] 
[chrome Windows 7 55.0] xxauto_reconnect.js
[chrome Windows 7 55.0]   Automatic pad reload on Force Reconnect message
[chrome Windows 7 55.0]     -> PASSED : displays a count down timer to automatically reconnect   5 ms
[chrome Windows 7 55.0]     and user clicks on Cancel
[chrome Windows 7 55.0]       -> PASSED : does not show Cancel button nor timer anymore   3 ms
[chrome Windows 7 55.0]     and user does not click on Cancel until timer expires
[chrome Windows 7 55.0]       -> PASSED : reloads the pad   2511 ms
[chrome Windows 7 55.0] 
[chrome Windows 7 55.0] FINISHED - 102 tests passed, 4 tests failed, duration: 4:1
[chrome Windows 7 55.0] 
Remote sauce test 'c394b65 - chrome 55.0, Windows 7' finished! https://saucelabs.com/jobs/e37ac888f72547d1b0e49f5dbfdf957e
[safari OS X 10.15 13.1] alphabet.js
[safari OS X 10.15 13.1]   All the alphabet works n stuff
[safari OS X 10.15 13.1]     -> PASSED : when you enter any char it appears right   52 ms
[safari OS X 10.15 13.1] 
[safari OS X 10.15 13.1] authorship_of_editions.js
[safari OS X 10.15 13.1]   author of pad edition
[safari OS X 10.15 13.1]     -> PASSED : marks only the new content as changes of the second user on a regular line
[safari OS X 10.15 13.1]        525 ms
[safari OS X 10.15 13.1]     -> PASSED : marks only the new content as changes of the second user on a line with or
[safari OS X 10.15 13.1]     dered list   997 ms
[safari OS X 10.15 13.1]     -> PASSED : marks only the new content as changes of the second user on a line with un
[safari OS X 10.15 13.1]     ordered list   1002 ms
[safari OS X 10.15 13.1] 
[safari OS X 10.15 13.1] bold.js
[safari OS X 10.15 13.1]   bold button
[safari OS X 10.15 13.1]     -> PASSED : makes text bold on click   8 ms
[safari OS X 10.15 13.1]     -> PASSED : makes text bold on keypress   8 ms
[safari OS X 10.15 13.1] 
[safari OS X 10.15 13.1] change_user_color.js
[safari OS X 10.15 13.1]   change user color
[safari OS X 10.15 13.1]     -> PASSED : Color picker matches original color and remembers the user color after a r
[safari OS X 10.15 13.1]     efresh   3625 ms
[safari OS X 10.15 13.1]     -> PASSED : Own user color is shown when you enter a chat   263 ms
[safari OS X 10.15 13.1] 
[safari OS X 10.15 13.1] change_user_name.js
[safari OS X 10.15 13.1]   change username value
[safari OS X 10.15 13.1]     -> PASSED : Remembers the user name after a refresh   3696 ms
[safari OS X 10.15 13.1]     -> PASSED : Own user name is shown when you enter a chat   283 ms
[safari OS X 10.15 13.1] 
[safari OS X 10.15 13.1] chat.js
[safari OS X 10.15 13.1]   Chat messages and UI
[safari OS X 10.15 13.1]     -> PASSED : opens chat, sends a message and makes sure it exists on the page   135 ms
[safari OS X 10.15 13.1]     -> PASSED : makes sure that an empty message can't be sent   140 ms
[safari OS X 10.15 13.1]     -> PASSED : makes chat stick to right side of the screen   144 ms
[safari OS X 10.15 13.1]     -> PASSED : makes chat stick to right side of the screen then makes it one step smalle
[safari OS X 10.15 13.1]     r   32 ms
[safari OS X 10.15 13.1]     -> PENDING: Checks showChat=false URL Parameter hides chat then when removed it shows
[safari OS X 10.15 13.1]      chat
[safari OS X 10.15 13.1] 
[safari OS X 10.15 13.1] chat_load_messages.js
[safari OS X 10.15 13.1]   chat-load-messages
[safari OS X 10.15 13.1]     -> PASSED : creates a pad   2598 ms
[safari OS X 10.15 13.1]     -> PASSED : adds a lot of messages   4118 ms
[safari OS X 10.15 13.1]     -> PASSED : checks initial message count   24 ms
[safari OS X 10.15 13.1]     -> PASSED : loads more messages   153 ms
[safari OS X 10.15 13.1]     -> PASSED : checks for button vanishing   156 ms
[safari OS X 10.15 13.1] 
[safari OS X 10.15 13.1] clear_authorship_colors.js
[safari OS X 10.15 13.1]   clear authorship colors button
[safari OS X 10.15 13.1]     -> PASSED : makes text clear authorship colors   44 ms
[safari OS X 10.15 13.1]     -> PASSED : makes text clear authorship colors and checks it can't be undone   540 ms
[safari OS X 10.15 13.1] 
[safari OS X 10.15 13.1] delete.js
[safari OS X 10.15 13.1]   delete keystroke
[safari OS X 10.15 13.1]     -> PASSED : makes text delete   3 ms
[safari OS X 10.15 13.1] 
[safari OS X 10.15 13.1] drag_and_drop.js
[safari OS X 10.15 13.1]   drag and drop
[safari OS X 10.15 13.1]     when user drags part of one line and drops it far form its original place
[safari OS X 10.15 13.1]       and user triggers UNDO
[safari OS X 10.15 13.1]         -> PASSED : moves text back to its original place   2 ms
[safari OS X 10.15 13.1]     when user drags some lines far form its original place
[safari OS X 10.15 13.1]       and user triggers UNDO
[safari OS X 10.15 13.1]         -> PASSED : moves text back to its original place   1 ms
[safari OS X 10.15 13.1] 
[safari OS X 10.15 13.1] embed_value.js
[safari OS X 10.15 13.1]   embed links
[safari OS X 10.15 13.1]     read and write
[safari OS X 10.15 13.1]       the share link
[safari OS X 10.15 13.1]         -> PASSED : is the actual pad url   3 ms
[safari OS X 10.15 13.1]       the embed as iframe code
[safari OS X 10.15 13.1]         -> PASSED : is an iframe with the the correct url parameters and correct size   7 ms
[safari OS X 10.15 13.1]     when read only option is set
[safari OS X 10.15 13.1]       the share link
[safari OS X 10.15 13.1]         -> PASSED : shows a read only url   7 ms
[safari OS X 10.15 13.1]       the embed as iframe code
[safari OS X 10.15 13.1]         -> PASSED : is an iframe with the the correct url parameters and correct size   6 ms
[safari OS X 10.15 13.1] 
[safari OS X 10.15 13.1] enter.js
[safari OS X 10.15 13.1]   enter keystroke
[safari OS X 10.15 13.1]     -> PASSED : creates a new line & puts cursor onto a new line   525 ms
[safari OS X 10.15 13.1] 
[safari OS X 10.15 13.1] font_type.js
[safari OS X 10.15 13.1]   font select
[safari OS X 10.15 13.1]     -> PASSED : makes text RobotoMono   9 ms
[safari OS X 10.15 13.1] 
[safari OS X 10.15 13.1] helper.js
[safari OS X 10.15 13.1]   the test helper
[safari OS X 10.15 13.1]     the newPad method
[safari OS X 10.15 13.1]       -> PENDING: doesn't leak memory if you creates iframes over and over again
[safari OS X 10.15 13.1]       -> PASSED : gives me 3 jquery instances of chrome, outer and inner   2745 ms
[safari OS X 10.15 13.1]       -> PASSED : clears cookies   6454 ms
[safari OS X 10.15 13.1]       -> PASSED : sets pad prefs cookie   2667 ms
[safari OS X 10.15 13.1]     the waitFor method
[safari OS X 10.15 13.1]       -> PASSED : takes a timeout and waits long enough   1502 ms
[safari OS X 10.15 13.1]       -> PASSED : takes an interval and checks on every interval   2002 ms
[safari OS X 10.15 13.1]       returns a deferred object
[safari OS X 10.15 13.1]         -> PASSED : it calls done after success   11 ms
[safari OS X 10.15 13.1]         -> PASSED : calls fail after failure   1901 ms
[safari OS X 10.15 13.1]         -> PENDING: throws if you don't listen for fails
[safari OS X 10.15 13.1]     the selectLines method
[safari OS X 10.15 13.1]       -> PASSED : changes editor selection to be between startOffset of $startLine and endOf
[safari OS X 10.15 13.1]       fset of $endLine   3 ms
[safari OS X 10.15 13.1]       -> PASSED : ends selection at beginning of $endLine when it is an empty line   1 ms
[safari OS X 10.15 13.1]       -> PASSED : ends selection at beginning of $endLine when its offset is zero   1 ms
[safari OS X 10.15 13.1]       -> PASSED : selects full line when offset is longer than line content   1 ms
[safari OS X 10.15 13.1]       -> PASSED : selects all text between beginning of $startLine and end of $endLine when 
[safari OS X 10.15 13.1]       no offset is provided   1 ms
[safari OS X 10.15 13.1] 
[safari OS X 10.15 13.1] importexport.js
[safari OS X 10.15 13.1]   import functionality
[safari OS X 10.15 13.1]     -> PENDING: import a pad with newlines from txt
[safari OS X 10.15 13.1]     -> PENDING: import a pad with newlines from html
[safari OS X 10.15 13.1]     -> PENDING: import a pad with attributes from html
[safari OS X 10.15 13.1]     -> PENDING: import a pad with bullets from html
[safari OS X 10.15 13.1]     -> PENDING: import a pad with bullets and newlines from html
[safari OS X 10.15 13.1]     -> PENDING: import a pad with bullets and newlines and attributes from html
[safari OS X 10.15 13.1]     -> PENDING: import a pad with nested bullets from html
[safari OS X 10.15 13.1]     -> PENDING: import a pad with 8 levels of bullets and newlines and attributes from ht
[safari OS X 10.15 13.1]     ml
[safari OS X 10.15 13.1]     -> PENDING: import a pad with ordered lists from html
[safari OS X 10.15 13.1]     -> PENDING: import a pad with ordered lists and newlines from html
[safari OS X 10.15 13.1]     -> PENDING: import a pad with nested ordered lists and attributes and newlines from h
[safari OS X 10.15 13.1]     tml
[safari OS X 10.15 13.1] 
[safari OS X 10.15 13.1] importindents.js
[safari OS X 10.15 13.1]   import indents functionality
[safari OS X 10.15 13.1]     -> PENDING: import a pad with indents from html
[safari OS X 10.15 13.1]     -> PENDING: import a pad with indented lists and newlines from html
[safari OS X 10.15 13.1]     -> PENDING: import a pad with 8 levels of indents and newlines and attributes from ht
[safari OS X 10.15 13.1]     ml
[safari OS X 10.15 13.1] 
[safari OS X 10.15 13.1] indentation.js
[safari OS X 10.15 13.1]   indentation button
[safari OS X 10.15 13.1]     -> PASSED : indent text with keypress   24 ms
[safari OS X 10.15 13.1]     -> PASSED : indent text with button   22 ms
[safari OS X 10.15 13.1]     -> PASSED : keeps the indent on enter for the new line   544 ms
[safari OS X 10.15 13.1]     -> PASSED : indents text with spaces on enter if previous line ends with ':', '[', '('
[safari OS X 10.15 13.1]     , or '{'   102 ms
[safari OS X 10.15 13.1]     -> PASSED : appends indentation to the indent of previous line if previous line ends w
[safari OS X 10.15 13.1]     ith ':', '[', '(', or '{'   48 ms
[safari OS X 10.15 13.1]     -> PASSED : issue #2772 shows '*' when multiple indented lines receive a style and are
[safari OS X 10.15 13.1]      outdented   119 ms
[safari OS X 10.15 13.1] 
[safari OS X 10.15 13.1] italic.js
[safari OS X 10.15 13.1]   italic some text
[safari OS X 10.15 13.1]     -> PASSED : makes text italic using button   8 ms
[safari OS X 10.15 13.1]     -> PASSED : makes text italic using keypress   7 ms
[safari OS X 10.15 13.1] 
[safari OS X 10.15 13.1] language.js
[safari OS X 10.15 13.1]   Language select and change
[safari OS X 10.15 13.1]     -> PASSED : makes text german   207 ms
[safari OS X 10.15 13.1]     -> PASSED : makes text English   43 ms
[safari OS X 10.15 13.1]     -> PASSED : changes direction when picking an rtl lang   250 ms
[safari OS X 10.15 13.1]     -> PASSED : changes direction when picking an ltr lang   29 ms
[safari OS X 10.15 13.1] 
[safari OS X 10.15 13.1] multiple_authors_clear_authorship_colors.js
[safari OS X 10.15 13.1]   author of pad edition
[safari OS X 10.15 13.1]     -> PASSED : Clears Authorship by second user   16 ms
[safari OS X 10.15 13.1] 
[safari OS X 10.15 13.1] ordered_list.js
[safari OS X 10.15 13.1]   assign ordered list
[safari OS X 10.15 13.1]     -> PASSED : inserts ordered list text   19 ms
[safari OS X 10.15 13.1]     -> PENDING: issue #1125 keeps the numbered list on enter for the new line - EMULATES 
[safari OS X 10.15 13.1]     PASTING INTO A PAD
[safari OS X 10.15 13.1]     when user presses Ctrl+Shift+N
[safari OS X 10.15 13.1]       and pad shortcut is enabled
[safari OS X 10.15 13.1]         -> PASSED : inserts unordered list   11 ms
[safari OS X 10.15 13.1]       and pad shortcut is disabled
[safari OS X 10.15 13.1]         -> PASSED : does not insert unordered list   1901 ms
[safari OS X 10.15 13.1]     when user presses Ctrl+Shift+1
[safari OS X 10.15 13.1]       and pad shortcut is enabled
[safari OS X 10.15 13.1]         -> PASSED : inserts unordered list   10 ms
[safari OS X 10.15 13.1]       and pad shortcut is disabled
[safari OS X 10.15 13.1]         -> PASSED : does not insert unordered list   1901 ms
[safari OS X 10.15 13.1]   Pressing Tab in an OL increases and decreases indentation
[safari OS X 10.15 13.1]     -> PASSED : indent and de-indent list item with keypress   32 ms
[safari OS X 10.15 13.1]   Pressing indent/outdent button in an OL increases and decreases indentation and bullet / ol formatti
[safari OS X 10.15 13.1]   ng
[safari OS X 10.15 13.1]     -> PASSED : indent and de-indent list item with indent button   46 ms
[safari OS X 10.15 13.1] 
[safari OS X 10.15 13.1] pad_modal.js
[safari OS X 10.15 13.1]   Pad modal
[safari OS X 10.15 13.1]     when modal is a "force reconnect" message
[safari OS X 10.15 13.1]       -> PASSED : disables editor   1 ms
[safari OS X 10.15 13.1]       and user clicks on editor
[safari OS X 10.15 13.1]         -> PASSED : does not close the modal   1 ms
[safari OS X 10.15 13.1]       and user clicks on pad outer
[safari OS X 10.15 13.1]         -> PASSED : does not close the modal   0 ms
[safari OS X 10.15 13.1]     when modal is not an error message
[safari OS X 10.15 13.1]       and user clicks on editor
[safari OS X 10.15 13.1]         -> PASSED : closes the modal   1 ms
[safari OS X 10.15 13.1]       and user clicks on pad outer
[safari OS X 10.15 13.1]         -> PASSED : closes the modal   1 ms
[safari OS X 10.15 13.1] 
[safari OS X 10.15 13.1] redo.js
[safari OS X 10.15 13.1]   undo button then redo button
[safari OS X 10.15 13.1]     -> PASSED : redo some typing with button   34 ms
[safari OS X 10.15 13.1]     -> PASSED : redo some typing with keypress   23 ms
[safari OS X 10.15 13.1] 
[safari OS X 10.15 13.1] responsiveness.js
[safari OS X 10.15 13.1]   Responsiveness of Editor
[safari OS X 10.15 13.1]     -> PENDING: Fast response to keypress in pad with large amount of contents
[safari OS X 10.15 13.1] 
[safari OS X 10.15 13.1] select_formatting_buttons.js
[safari OS X 10.15 13.1]   select formatting buttons when selection has style applied
[safari OS X 10.15 13.1]     when selection is in a text with italic applied
[safari OS X 10.15 13.1]       -> PASSED : selects the italic button   18 ms
[safari OS X 10.15 13.1]     when caret is in a position with italic applied
[safari OS X 10.15 13.1]       -> PASSED : selects the italic button   15 ms
[safari OS X 10.15 13.1]     when selection is in a text with bold applied
[safari OS X 10.15 13.1]       -> PASSED : selects the bold button   21 ms
[safari OS X 10.15 13.1]     when caret is in a position with bold applied
[safari OS X 10.15 13.1]       -> PASSED : selects the bold button   29 ms
[safari OS X 10.15 13.1]     when selection is in a text with underline applied
[safari OS X 10.15 13.1]       -> PASSED : selects the underline button   16 ms
[safari OS X 10.15 13.1]     when caret is in a position with underline applied
[safari OS X 10.15 13.1]       -> PASSED : selects the underline button   15 ms
[safari OS X 10.15 13.1]     when selection is in a text with strikethrough applied
[safari OS X 10.15 13.1]       -> PASSED : selects the strikethrough button   28 ms
[safari OS X 10.15 13.1]     when caret is in a position with strikethrough applied
[safari OS X 10.15 13.1]       -> PASSED : selects the strikethrough button   17 ms
[safari OS X 10.15 13.1]     when user applies a style and the selection does not change
[safari OS X 10.15 13.1]       -> PASSED : selects the style button   1 ms
[safari OS X 10.15 13.1]     when user presses CMD + I
[safari OS X 10.15 13.1]       -> PASSED : selects the italic button   12 ms
[safari OS X 10.15 13.1]       and user presses CMD + I again
[safari OS X 10.15 13.1]         -> PASSED : deselects the italic button   15 ms
[safari OS X 10.15 13.1]     when user presses CMD + B
[safari OS X 10.15 13.1]       -> PASSED : selects the bold button   20 ms
[safari OS X 10.15 13.1]       and user presses CMD + B again
[safari OS X 10.15 13.1]         -> PASSED : deselects the bold button   35 ms
[safari OS X 10.15 13.1]     when user presses CMD + U
[safari OS X 10.15 13.1]       -> PASSED : selects the underline button   13 ms
[safari OS X 10.15 13.1]       and user presses CMD + U again
[safari OS X 10.15 13.1]         -> PASSED : deselects the underline button   54 ms
[safari OS X 10.15 13.1]     when user presses CMD + 5
[safari OS X 10.15 13.1]       -> PASSED : selects the strikethrough button   18 ms
[safari OS X 10.15 13.1]       and user presses CMD + 5 again
[safari OS X 10.15 13.1]         -> PASSED : deselects the strikethrough button   29 ms
[safari OS X 10.15 13.1] 
[safari OS X 10.15 13.1] strikethrough.js
[safari OS X 10.15 13.1]   strikethrough button
[safari OS X 10.15 13.1]     -> PASSED : makes text strikethrough   8 ms
[safari OS X 10.15 13.1] 
[safari OS X 10.15 13.1] timeslider.js
[safari OS X 10.15 13.1]   timeslider button takes you to the timeslider of a pad
[safari OS X 10.15 13.1]     -> PENDING: timeslider contained in URL
[safari OS X 10.15 13.1] 
[safari OS X 10.15 13.1] timeslider_follow.js
[safari OS X 10.15 13.1]   timeslider
[safari OS X 10.15 13.1]     -> PASSED : follow content as it's added to timeslider   12014 ms
[safari OS X 10.15 13.1] 
[safari OS X 10.15 13.1] timeslider_labels.js
[safari OS X 10.15 13.1]   timeslider
[safari OS X 10.15 13.1]     -> PASSED : Shows a date and time in the timeslider and make sure it doesn't include N
[safari OS X 10.15 13.1]     aN   4425 ms
[safari OS X 10.15 13.1] 
[safari OS X 10.15 13.1] timeslider_numeric_padID.js
[safari OS X 10.15 13.1]   timeslider
[safari OS X 10.15 13.1]     -> PASSED : Makes sure the export URIs are as expected when the padID is numeric   442
[safari OS X 10.15 13.1]     3 ms
[safari OS X 10.15 13.1] 
[safari OS X 10.15 13.1] timeslider_revisions.js
[safari OS X 10.15 13.1]   timeslider
[safari OS X 10.15 13.1]     -> PASSED : loads adds a hundred revisions   96138 ms
[safari OS X 10.15 13.1]     -> PENDING: changes the url when clicking on the timeslider
[safari OS X 10.15 13.1]     -> PASSED : jumps to a revision given in the url   2399 ms
[safari OS X 10.15 13.1]     -> PASSED : checks the export url   4159 ms
[safari OS X 10.15 13.1] 
[safari OS X 10.15 13.1] undo.js
[safari OS X 10.15 13.1]   undo button
[safari OS X 10.15 13.1]     -> PASSED : undo some typing by clicking undo button   47 ms
[safari OS X 10.15 13.1]     -> PASSED : undo some typing using a keypress   22 ms
[safari OS X 10.15 13.1] 
[safari OS X 10.15 13.1] unordered_list.js
[safari OS X 10.15 13.1]   assign unordered list
[safari OS X 10.15 13.1]     -> PASSED : insert unordered list text then removes by outdent   47 ms
[safari OS X 10.15 13.1]   unassign unordered list
[safari OS X 10.15 13.1]     -> PASSED : insert unordered list text then remove by clicking list again   49 ms
[safari OS X 10.15 13.1]   keep unordered list on enter key
[safari OS X 10.15 13.1]     -> PASSED : Keeps the unordered list on enter for the new line   48 ms
[safari OS X 10.15 13.1]   Pressing Tab in an UL increases and decreases indentation
[safari OS X 10.15 13.1]     -> PASSED : indent and de-indent list item with keypress   35 ms
[safari OS X 10.15 13.1]   Pressing indent/outdent button in an UL increases and decreases indentation and bullet / ol formatti
[safari OS X 10.15 13.1]   ng
[safari OS X 10.15 13.1]     -> PASSED : indent and de-indent list item with indent button   35 ms
[safari OS X 10.15 13.1] 
[safari OS X 10.15 13.1] urls_become_clickable.js
[safari OS X 10.15 13.1]   urls
[safari OS X 10.15 13.1]     -> PASSED : when you enter an url, it becomes clickable   527 ms
[safari OS X 10.15 13.1]     -> PASSED : when you enter a url containing a !, it becomes clickable and contains the
[safari OS X 10.15 13.1]      whole URL   33 ms
[safari OS X 10.15 13.1]     -> PASSED : when you enter a url followed by a ], the ] is not included in the URL   5
[safari OS X 10.15 13.1]     27 ms
[safari OS X 10.15 13.1] 
[safari OS X 10.15 13.1] xxauto_reconnect.js
[safari OS X 10.15 13.1]   Automatic pad reload on Force Reconnect message
[safari OS X 10.15 13.1]     -> PASSED : displays a count down timer to automatically reconnect   1 ms
[safari OS X 10.15 13.1]     and user clicks on Cancel
[safari OS X 10.15 13.1]       -> PASSED : does not show Cancel button nor timer anymore   2 ms
[safari OS X 10.15 13.1]     and user does not click on Cancel until timer expires
[safari OS X 10.15 13.1]       -> PASSED : reloads the pad   2074 ms
[safari OS X 10.15 13.1] 
[safari OS X 10.15 13.1] FINISHED - 106 tests passed, 0 tests failed, duration: 6:19
[safari OS X 10.15 13.1] 
Remote sauce test 'c394b65 - safari 13.1, OS X 10.15' finished! https://saucelabs.com/jobs/af4c7faaccdd4ecd982c866a0bb6b461


Done: Job Cancelled

