travis_fold:start:worker_infoWorker information
hostname: f0814084-c5f0-444f-b44a-e8e823f703dc@1.worker-org-576dc846d-6jz9p.gce-production-2
version: v6.2.17 https://github.com/travis-ci/worker/tree/bc420764f334fe0d096a417c80426f672f1b7d18
instance: travis-job-03ddb8c9-9d8e-45d6-ae10-99fd5b804fdf travis-ci-sardonyx-xenial-1553530528-f909ac5 (via amqp)
startup: 6.435394809s
travis_fold:end:worker_infoe:start:04afa165e:end:04afa165:start=1595238975928071914,finish=1595238976054237085,duration=126165171,event=no_world_writable_dirse:start:00988e2ee:end:00988e2e:start=1595238976056556660,finish=1595238976059020901,duration=2464241,event=setup_filtere:start:01d95fb4e:end:01d95fb4:start=1595238976062831761,finish=1595238976069327305,duration=6495544,event=agente:start:14a4e4f4e:end:14a4e4f4:start=1595238976071564142,finish=1595238976073493501,duration=1929359,event=check_unsupportede:start:20c94b9a_infoBuild system information
Build language: node_js
Build dist: xenial
Build id: 709918997
Job id: 709918998
Runtime kernel version: 4.15.0-1028-gcp
travis-build version: 01e86bea
Build image provisioning date and time
Mon Mar 25 16:43:24 UTC 2019
Operating System Details
Distributor ID:Ubuntu
Description:Ubuntu 16.04.6 LTS
Release:16.04
Codename:xenial
Systemd Version
systemd 229
Cookbooks Version
42e42e4 https://github.com/travis-ci/travis-cookbooks/tree/42e42e4
git version
git version 2.21.0
bash version
GNU bash, version 4.3.48(1)-release (x86_64-pc-linux-gnu)
gcc version
gcc (Ubuntu 5.4.0-6ubuntu1~16.04.11) 5.4.0 20160609
docker version
Client:
 Version:           18.06.0-ce
 API version:       1.38
 Go version:        go1.10.3
 Git commit:        0ffa825
 Built:             Wed Jul 18 19:11:02 2018
 OS/Arch:           linux/amd64
 Experimental:      false

Server:
 Engine:
  Version:          18.06.0-ce
  API version:      1.38 (minimum version 1.12)
  Go version:       go1.10.3
  Git commit:       0ffa825
  Built:            Wed Jul 18 19:09:05 2018
  OS/Arch:          linux/amd64
  Experimental:     false
clang version
clang version 7.0.0 (tags/RELEASE_700/final)
jq version
jq-1.5
bats version
Bats 0.4.0
shellcheck version
0.6.0
shfmt version
v2.6.3
ccache version
3.2.4
cmake version
cmake version 3.12.4
heroku version
heroku/7.22.7 linux-x64 node-v11.10.1
imagemagick version
Version: ImageMagick 6.8.9-9 Q16 x86_64 2018-09-28 http://www.imagemagick.org
md5deep version
4.4
mercurial version
version 4.8
mysql version
mysql  Ver 14.14 Distrib 5.7.25, for Linux (x86_64) using  EditLine wrapper
openssl version
OpenSSL 1.0.2g  1 Mar 2016
packer version
1.3.3
postgresql client version
psql (PostgreSQL) 10.7 (Ubuntu 10.7-1.pgdg16.04+1)
ragel version
Ragel State Machine Compiler version 6.8 Feb 2013
sudo version
1.8.16
gzip version
gzip 1.6
zip version
Zip 3.0
vim version
VIM - Vi IMproved 7.4 (2013 Aug 10, compiled Nov 24 2016 16:44:48)
iptables version
iptables v1.6.0
curl version
curl 7.47.0 (x86_64-pc-linux-gnu) libcurl/7.47.0 GnuTLS/3.4.10 zlib/1.2.8 libidn/1.32 librtmp/2.3
wget version
GNU Wget 1.17.1 built on linux-gnu.
rsync version
rsync  version 3.1.1  protocol version 31
gimme version
v1.5.3
nvm version
0.34.0
perlbrew version
/home/travis/perl5/perlbrew/bin/perlbrew  - App::perlbrew/0.86
phpenv version
rbenv 1.1.2
rvm version
rvm 1.29.7 (latest) by Michal Papis, Piotr Kuczynski, Wayne E. Seguin [https://rvm.io]
default ruby version
ruby 2.5.3p105 (2018-10-18 revision 65156) [x86_64-linux]
CouchDB version
couchdb 1.6.1
ElasticSearch version
5.5.0
Installed Firefox version
firefox 63.0.1
MongoDB version
MongoDB 4.0.7
PhantomJS version
2.1.1
Pre-installed PostgreSQL versions
9.4.21
9.5.16
9.6.12
Redis version
redis-server 5.0.4
Pre-installed Go versions
1.11.1
mvn version
Apache Maven 3.6.0 (97c98ec64a1fdfee7767ce5ffb20918da4f719f3; 2018-10-24T18:41:47Z)
gradle version
Gradle 4.10.2!
lein version
Leiningen 2.9.1 on Java 11.0.2 OpenJDK 64-Bit Server VM
Pre-installed Node.js versions
v10.15.3
v11.0.0
v4.9.1
v6.17.0
v8.12.0
v8.15.1
v8.9
phpenv versions
  system
  5.6
  5.6.40
  7.1
  7.1.27
  7.2
* 7.2.15 (set by /home/travis/.phpenv/version)
  hhvm
  hhvm-stable
composer --version
Composer version 1.8.4 2019-02-11 10:52:10
Pre-installed Ruby versions
ruby-2.3.8
ruby-2.4.5
ruby-2.5.3
travis_fold:end:system_infoe:end:20c94b9a:start=1595238976075963035,finish=1595238976080448587,duration=4485552,event=show_system_infoe:start:23cc9c10e:end:23cc9c10:start=1595238976083023474,finish=1595238976093656737,duration=10633263,event=rm_riak_sourcee:start:17b16acce:end:17b16acc:start=1595238976096181530,finish=1595238976101198914,duration=5017384,event=fix_rwky_redise:start:18f899d4e:end:18f899d4:start=1595238976104162986,finish=1595238976740110066,duration=635947080,event=wait_for_networke:start:08e0cd80e:end:08e0cd80:start=1595238976745030050,finish=1595238976919893241,duration=174863191,event=update_apt_keyse:start:13cbdb9ee:end:13cbdb9e:start=1595238976924331646,finish=1595238976971862775,duration=47531129,event=fix_hhvm_sourcee:start:20eada38e:end:20eada38:start=1595238976975684997,finish=1595238976978124245,duration=2439248,event=update_mongo_arche:start:0bf6c942e:end:0bf6c942:start=1595238976982871382,finish=1595238977019692603,duration=36821221,event=fix_sudo_enabled_trustye:start:003bb0bae:end:003bb0ba:start=1595238977024470967,finish=1595238977026852882,duration=2381915,event=update_glibce:start:0c89ddbce:end:0c89ddbc:start=1595238977029916476,finish=1595238977036887546,duration=6971070,event=clean_up_pathe:start:21a8210ce:end:21a8210c:start=1595238977039940776,finish=1595238977046831320,duration=6890544,event=fix_resolv_confe:start:06166ddfe:end:06166ddf:start=1595238977049936624,finish=1595238977057618088,duration=7681464,event=fix_etc_hostse:start:24897320e:end:24897320:start=1595238977061130239,finish=1595238977068214151,duration=7083912,event=fix_mvn_settings_xmle:start:04294af1e:end:04294af1:start=1595238977071227780,finish=1595238977079180918,duration=7953138,event=no_ipv6_localhoste:start:0310bf3ce:end:0310bf3c:start=1595238977082212821,finish=1595238977084077479,duration=1864658,event=fix_etc_mavenrce:start:0057f888e:end:0057f888:start=1595238977087580150,finish=1595238977090158633,duration=2578483,event=fix_wwdr_certificatee:start:2d2e5cede:end:2d2e5ced:start=1595238977093709243,finish=1595238977113686896,duration=19977653,event=put_localhost_firste:start:036bf3d7e:end:036bf3d7:start=1595238977117381160,finish=1595238977120636200,duration=3255040,event=home_pathse:start:091455b1e:end:091455b1:start=1595238977124263298,finish=1595238977135349909,duration=11086611,event=disable_initramfse:start:15d77836e:end:15d77836:start=1595238977138861255,finish=1595238977387309349,duration=248448094,event=disable_ssh_roaminge:start:16e25692e:end:16e25692:start=1595238977391473659,finish=1595238977394207481,duration=2733822,event=debug_toolse:start:216f0768e:end:216f0768:start=1595238977398508807,finish=1595238977401728449,duration=3219642,event=uninstall_oclinte:start:0c5ddcf0e:end:0c5ddcf0:start=1595238977405699273,finish=1595238977408277470,duration=2578197,event=rvm_usee:start:0094939fe:end:0094939f:start=1595238977411881283,finish=1595238977418591777,duration=6710494,event=rm_etc_boto_cfge:start:1b25bfc0e:end:1b25bfc0:start=1595238977422218786,finish=1595238977425115122,duration=2896336,event=rm_oraclejdk8_symlinke:start:0a9e06abe:end:0a9e06ab:start=1595238977430419665,finish=1595238977539472242,duration=109052577,event=enable_i386e:start:0676270be:end:0676270b:start=1595238977543473621,finish=1595238977548347354,duration=4873733,event=update_rubygemse:start:0175f3f2e:end:0175f3f2:start=1595238977552035955,finish=1595238978276611132,duration=724575177,event=ensure_path_componentse:start:1f319e38e:end:1f319e38:start=1595238978280573764,finish=1595238978282739169,duration=2165405,event=redefine_curle:start:1584ddf2e:end:1584ddf2:start=1595238978286397227,finish=1595238978374297191,duration=87899964,event=nonblock_pipee:start:07c215ace:end:07c215ac:start=1595238978378395475,finish=1595238994820186769,duration=16441791294,event=apt_get_updatee:start:196fad90e:end:196fad90:start=1595238994826443409,finish=1595238994831088348,duration=4644939,event=deprecate_xcode_64e:start:276c1018e:end:276c1018:start=1595238994836345706,finish=1595238997195670165,duration=2359324459,event=update_herokue:start:005d0888e:end:005d0888:start=1595238997201693855,finish=1595238997204334483,duration=2640628,event=shell_session_updatee:start:03c696e0tutue:end:03c696e0:start=1595238997208609057,finish=1595239000793847314,duration=3585238257,event=set_docker_mtue:start:05a779c7e:end:05a779c7:start=1595239000799260748,finish=1595239000856717082,duration=57456334,event=resolvconfe:start:1ba45800e:end:1ba45800:start=1595239000865721295,finish=1595239000987952768,duration=122231473,event=maven_central_mirrore:start:07318c36e:end:07318c36:start=1595239000992426028,finish=1595239001073631881,duration=81205853,event=maven_httpse:start:1a649044e:start:044e5141ctl start docker
travis_time:end:044e5141:start=1595239001086273113,finish=1595239001097443504,duration=11170391,event=preparee:end:044e5141:start=1595239001086273113,finish=1595239004106625035,duration=3020351922,event=servicese:start:0c7b7d00e:end:0c7b7d00:start=1595239004111098112,finish=1595239004113537825,duration=2439713,event=fix_ps4e:start:05417391e:start:014d5d91/ether/[secure].git ether/[secure]
Cloning into 'ether/[secure]'...
travis_time:end:014d5d91:start=1595239004120435684,finish=1595239005136017528,duration=1015581844,event=checkoute:end:014d5d91:start=1595239004120435684,finish=1595239005197125781,duration=1076690097,event=checkoute:start:04f6f218Setting environment variables from repository settings
$ export SAUCE_USERNAME=[secure]
$ export SAUCE_ACCESS_KEY=[secure]

Setting environment variables from .travis.yml
$ export SAUCE_USERNAME=[secure]
$ export SAUCE_ACCESS_KEY=[secure]

travis_time:end:04f6f218:start=1595239005204082095,finish=1595239005212980788,duration=8898693,event=env.installe:start:3b35090f install lts/*
Downloading and installing node v12.18.2...
Downloading https://nodejs.org/dist/v12.18.2/node-v12.18.2-linux-x64.tar.xz...
Computing checksum with sha256sum
Checksums matched!
Now using node v12.18.2 (npm v6.14.5)
travis_time:end:3b35090f:start=1595239005833862543,finish=1595239008597155656,duration=2763293113,event=setup.install --version
6.14.5
$ nvm --version
0.35.3

travis_fold:start:before_install.1e:start:1deeac9cp/tmpcqbdhb3b/secring.gpg' created
gpg: keyring `/tmp/tmpcqbdhb3b/pubring.gpg' created
gpg: requesting key 1378B444 from hkp server keyserver.ubuntu.com
gpg: /tmp/tmpcqbdhb3b/trustdb.gpg: trustdb created
gpg: key 1378B444: public key "Launchpad PPA for LibreOffice Packaging" imported
gpg: no ultimately trusted keys found
gpg: Total number processed: 1
gpg:               imported: 1  (RSA: 1)
OK
travis_time:end:1deeac9c:start=1595239009076754971,finish=1595239010530077577,duration=1453322606,event=before_installe:start:064c5bd4/ubuntu xenial-security InRelease
Get:2 http://ppa.launchpad.net/libreoffice/ppa/ubuntu xenial InRelease [23.8 kB]
Hit:3 http://archive.ubuntu.com/ubuntu xenial InRelease
Hit:4 http://apt.postgresql.org/pub/repos/apt xenial-pgdg InRelease
Hit:5 http://archive.ubuntu.com/ubuntu xenial-updates InRelease
Hit:6 http://archive.ubuntu.com/ubuntu xenial-backports InRelease
Get:7 http://ppa.launchpad.net/libreoffice/ppa/ubuntu xenial/main amd64 Packages [34.4 kB]
Get:8 http://ppa.launchpad.net/libreoffice/ppa/ubuntu xenial/main i386 Packages [34.4 kB]
Get:9 http://ppa.launchpad.net/libreoffice/ppa/ubuntu xenial/main Translation-en [13.8 kB]
Fetched 106 kB in 1s (79.1 kB/s)
Reading package lists...
travis_time:end:064c5bd4:start=1595239010534867676,finish=1595239016074268909,duration=5539401233,event=before_installe:start:0015487bation...
The following additional packages will be installed:
  fonts-opensymbol libboost-date-time1.58.0 libboost-locale1.58.0
  libboost-thread1.58.0 libclucene-contribs1v5 libclucene-core1v5
  libcolamd2.9.1 libexttextcat-2.0-0 libexttextcat-data
  libgstreamer-plugins-base1.0-0 libgstreamer1.0-0 libharfbuzz-icu0
  libhunspell-1.3-0 libhyphen0 liblangtag-common liblangtag1 libmythes-1.2-0
  libneon27-gnutls liborc-0.4-0 libpoppler58 libraptor2-0 librasqal3 librdf0
  libreoffice-avmedia-backend-gstreamer libreoffice-base libreoffice-base-core
  libreoffice-base-drivers libreoffice-calc libreoffice-common
  libreoffice-core libreoffice-draw libreoffice-impress libreoffice-math
  libreoffice-report-builder-bin libreoffice-style-colibre
  libreoffice-style-tango libreoffice-writer libsuitesparseconfig4.4.6
  libyajl2 lp-solve python3-uno uno-libs3 ure
Suggested packages:
  libvisual-0.4-plugins gstreamer1.0-tools poppler-data raptor2-utils
  rasqal-utils librdf-storage-postgresql librdf-storage-mysql
  librdf-storage-sqlite librdf-storage-virtuoso redland-utils cups-bsd
  firefox-esr | thunderbird | firefox ghostscript gpa hunspell-dictionary
  hyphen-hyphenation-patterns libreoffice-grammarcheck libreoffice-help
  libreoffice-l10n myspell-dictionary mythes-thesaurus
  openclipart2-libreoffice | openclipart-libreoffice pstoedit unixodbc
  gstreamer1.0-plugins-base gstreamer1.0-plugins-good
  gstreamer1.0-plugins-ugly gstreamer1.0-plugins-bad gstreamer1.0-libav
  libsane libreoffice-officebean libreoffice-report-builder libjtds-java
  libreoffice-sdbc-hsqldb libreoffice-sdbc-mysql | libmyodbc | libmariadb-java
  libreoffice-sdbc-postgresql | odbc-postgresql | libpg-java libsqliteodbc
  | tdsodbc | mdbtools ocl-icd-libopencl1 | mesa-opencl-icd
  | beignet-opencl-icd bluez tango-icon-theme fonts-crosextra-caladea
  fonts-crosextra-carlito libreoffice-java-common
Recommended packages:
  gstreamer1.0-plugins-base hunspell-en-us | hunspell-dictionary
  | myspell-dictionary fonts-crosextra-caladea fonts-crosextra-carlito
  fonts-dejavu fonts-liberation2 fonts-linuxlibertine fonts-noto-core
  fonts-noto-mono fonts-noto-ui-core fonts-sil-gentium-basic libreoffice-gnome
  | libreoffice-kde4 libreoffice-librelogo libreoffice-nlpsolver
  libreoffice-report-builder libreoffice-script-provider-bsh
  libreoffice-script-provider-js libreoffice-script-provider-python
  libreoffice-sdbc-mysql libreoffice-sdbc-postgresql
  libreoffice-wiki-publisher libreoffice-java-common fonts-liberation2
  | ttf-mscorefonts-installer libpaper-utils
The following NEW packages will be installed:
  fonts-opensymbol libboost-date-time1.58.0 libboost-locale1.58.0
  libboost-thread1.58.0 libclucene-contribs1v5 libclucene-core1v5
  libcolamd2.9.1 libexttextcat-2.0-0 libexttextcat-data
  libgstreamer-plugins-base1.0-0 libgstreamer1.0-0 libharfbuzz-icu0
  libhunspell-1.3-0 libhyphen0 liblangtag-common liblangtag1 libmythes-1.2-0
  libneon27-gnutls liborc-0.4-0 libpoppler58 libraptor2-0 librasqal3 librdf0
  libreoffice libreoffice-avmedia-backend-gstreamer libreoffice-base
  libreoffice-base-core libreoffice-base-drivers libreoffice-calc
  libreoffice-common libreoffice-core libreoffice-draw libreoffice-impress
  libreoffice-math libreoffice-report-builder-bin libreoffice-style-colibre
  libreoffice-style-tango libreoffice-writer libsuitesparseconfig4.4.6
  libyajl2 lp-solve python3-uno uno-libs3 ure
0 upgraded, 44 newly installed, 0 to remove and 305 not upgraded.
Need to get 105 MB of archives.
After this operation, 369 MB of additional disk space will be used.
Get:1 http://archive.ubuntu.com/ubuntu xenial/main amd64 libyajl2 amd64 2.1.0-2 [19.6 kB]
Get:2 http://ppa.launchpad.net/libreoffice/ppa/ubuntu xenial/main amd64 fonts-opensymbol all 2:102.10+LibO6.2.8~rc2-0ubuntu0.16.04.1 [293 kB]
Get:3 http://archive.ubuntu.com/ubuntu xenial/main amd64 libraptor2-0 amd64 2.0.14-1 [154 kB]
Get:4 http://archive.ubuntu.com/ubuntu xenial/main amd64 librasqal3 amd64 0.9.32-1 [163 kB]
Get:5 http://archive.ubuntu.com/ubuntu xenial-updates/main amd64 libboost-date-time1.58.0 amd64 1.58.0+dfsg-5ubuntu3.1 [20.7 kB]
Get:6 http://ppa.launchpad.net/libreoffice/ppa/ubuntu xenial/main amd64 libreoffice-style-colibre all 1:6.2.8~rc2-0ubuntu0.16.04.1 [1,013 kB]
Get:7 http://archive.ubuntu.com/ubuntu xenial-updates/main amd64 libboost-thread1.58.0 amd64 1.58.0+dfsg-5ubuntu3.1 [47.0 kB]
Get:8 http://archive.ubuntu.com/ubuntu xenial-updates/universe amd64 libboost-locale1.58.0 amd64 1.58.0+dfsg-5ubuntu3.1 [242 kB]
Get:9 http://archive.ubuntu.com/ubuntu xenial/main amd64 libclucene-core1v5 amd64 2.3.3.4-4.1 [461 kB]
Get:10 http://archive.ubuntu.com/ubuntu xenial/main amd64 libclucene-contribs1v5 amd64 2.3.3.4-4.1 [79.3 kB]
Get:11 http://archive.ubuntu.com/ubuntu xenial/main amd64 libsuitesparseconfig4.4.6 amd64 1:4.4.6-1 [9,322 B]
Get:12 http://archive.ubuntu.com/ubuntu xenial/main amd64 libcolamd2.9.1 amd64 1:4.4.6-1 [15.7 kB]
Get:13 http://archive.ubuntu.com/ubuntu xenial/main amd64 libexttextcat-data all 3.4.4-1ubuntu3 [164 kB]
Get:14 http://ppa.launchpad.net/libreoffice/ppa/ubuntu xenial/main amd64 libreoffice-style-tango all 1:6.2.8~rc2-0ubuntu0.16.04.1 [1,208 kB]
Get:15 http://archive.ubuntu.com/ubuntu xenial/main amd64 libexttextcat-2.0-0 amd64 3.4.4-1ubuntu3 [13.1 kB]
Get:16 http://archive.ubuntu.com/ubuntu xenial-updates/main amd64 libgstreamer1.0-0 amd64 1.8.3-1~ubuntu0.1 [769 kB]
Get:17 http://archive.ubuntu.com/ubuntu xenial/main amd64 liborc-0.4-0 amd64 1:0.4.25-1 [138 kB]
Get:18 http://archive.ubuntu.com/ubuntu xenial-updates/main amd64 libgstreamer-plugins-base1.0-0 amd64 1.8.3-1ubuntu0.3 [593 kB]
Get:19 http://archive.ubuntu.com/ubuntu xenial-updates/main amd64 libharfbuzz-icu0 amd64 1.0.1-1ubuntu0.1 [5,198 B]
Get:20 http://archive.ubuntu.com/ubuntu xenial/main amd64 libhunspell-1.3-0 amd64 1.3.3-4ubuntu1 [108 kB]
Get:21 http://archive.ubuntu.com/ubuntu xenial/main amd64 libhyphen0 amd64 2.8.8-2ubuntu1 [18.4 kB]
Get:22 http://archive.ubuntu.com/ubuntu xenial/main amd64 liblangtag-common all 0.5.7-2ubuntu1 [112 kB]
Get:23 http://ppa.launchpad.net/libreoffice/ppa/ubuntu xenial/main amd64 uno-libs3 amd64 6.2.8~rc2-0ubuntu0.16.04.1 [902 kB]
Get:24 http://archive.ubuntu.com/ubuntu xenial/main amd64 liblangtag1 amd64 0.5.7-2ubuntu1 [45.5 kB]
Get:25 http://archive.ubuntu.com/ubuntu xenial/main amd64 libmythes-1.2-0 amd64 2:1.2.4-1ubuntu3 [8,366 B]
Get:26 http://archive.ubuntu.com/ubuntu xenial/main amd64 libneon27-gnutls amd64 0.30.1-3build1 [65.7 kB]
Get:27 http://archive.ubuntu.com/ubuntu xenial-updates/main amd64 libpoppler58 amd64 0.41.0-0ubuntu1.14 [757 kB]
Get:28 http://archive.ubuntu.com/ubuntu xenial/main amd64 librdf0 amd64 1.0.17-1build1 [95.6 kB]
Get:29 http://archive.ubuntu.com/ubuntu xenial/main amd64 lp-solve amd64 5.5.0.13-7build2 [277 kB]
Get:30 http://ppa.launchpad.net/libreoffice/ppa/ubuntu xenial/main amd64 ure amd64 6.2.8~rc2-0ubuntu0.16.04.1 [1,738 kB]
Get:31 http://ppa.launchpad.net/libreoffice/ppa/ubuntu xenial/main amd64 libreoffice-common all 1:6.2.8~rc2-0ubuntu0.16.04.1 [33.4 MB]
Get:32 http://ppa.launchpad.net/libreoffice/ppa/ubuntu xenial/main amd64 libreoffice-core amd64 1:6.2.8~rc2-0ubuntu0.16.04.1 [37.7 MB]
Get:33 http://ppa.launchpad.net/libreoffice/ppa/ubuntu xenial/main amd64 libreoffice-base-core amd64 1:6.2.8~rc2-0ubuntu0.16.04.1 [765 kB]
Get:34 http://ppa.launchpad.net/libreoffice/ppa/ubuntu xenial/main amd64 libreoffice-base-drivers amd64 1:6.2.8~rc2-0ubuntu0.16.04.1 [497 kB]
Get:35 http://ppa.launchpad.net/libreoffice/ppa/ubuntu xenial/main amd64 libreoffice-base amd64 1:6.2.8~rc2-0ubuntu0.16.04.1 [1,719 kB]
Get:36 http://ppa.launchpad.net/libreoffice/ppa/ubuntu xenial/main amd64 libreoffice-calc amd64 1:6.2.8~rc2-0ubuntu0.16.04.1 [7,220 kB]
Get:37 http://ppa.launchpad.net/libreoffice/ppa/ubuntu xenial/main amd64 libreoffice-draw amd64 1:6.2.8~rc2-0ubuntu0.16.04.1 [3,392 kB]
Get:38 http://ppa.launchpad.net/libreoffice/ppa/ubuntu xenial/main amd64 libreoffice-impress amd64 1:6.2.8~rc2-0ubuntu0.16.04.1 [971 kB]
Get:39 http://ppa.launchpad.net/libreoffice/ppa/ubuntu xenial/main amd64 libreoffice-math amd64 1:6.2.8~rc2-0ubuntu0.16.04.1 [377 kB]
Get:40 http://ppa.launchpad.net/libreoffice/ppa/ubuntu xenial/main amd64 libreoffice-report-builder-bin amd64 1:6.2.8~rc2-0ubuntu0.16.04.1 [811 kB]
Get:41 http://ppa.launchpad.net/libreoffice/ppa/ubuntu xenial/main amd64 libreoffice-writer amd64 1:6.2.8~rc2-0ubuntu0.16.04.1 [8,749 kB]
Get:42 http://ppa.launchpad.net/libreoffice/ppa/ubuntu xenial/main amd64 libreoffice-avmedia-backend-gstreamer amd64 1:6.2.8~rc2-0ubuntu0.16.04.1 [25.2 kB]
Get:43 http://ppa.launchpad.net/libreoffice/ppa/ubuntu xenial/main amd64 python3-uno amd64 1:6.2.8~rc2-0ubuntu0.16.04.1 [214 kB]
Get:44 http://ppa.launchpad.net/libreoffice/ppa/ubuntu xenial/main amd64 libreoffice amd64 1:6.2.8~rc2-0ubuntu0.16.04.1 [98.0 kB]
Extracting templates from packages: 68%Extracting templates from packages: 100%
Fetched 105 MB in 16s (6,393 kB/s)
Selecting previously unselected package libyajl2:amd64.
(Reading database ... (Reading database ... 5%(Reading database ... 10%(Reading database ... 15%(Reading database ... 20%(Reading database ... 25%(Reading database ... 30%(Reading database ... 35%(Reading database ... 40%(Reading database ... 45%(Reading database ... 50%(Reading database ... 55%(Reading database ... 60%(Reading database ... 65%(Reading database ... 70%(Reading database ... 75%(Reading database ... 80%(Reading database ... 85%(Reading database ... 90%(Reading database ... 95%(Reading database ... 100%(Reading database ... 124189 files and directories currently installed.)
Preparing to unpack .../libyajl2_2.1.0-2_amd64.deb ...
Unpacking libyajl2:amd64 (2.1.0-2) ...
Selecting previously unselected package libraptor2-0:amd64.
Preparing to unpack .../libraptor2-0_2.0.14-1_amd64.deb ...
Unpacking libraptor2-0:amd64 (2.0.14-1) ...
Selecting previously unselected package librasqal3:amd64.
Preparing to unpack .../librasqal3_0.9.32-1_amd64.deb ...
Unpacking librasqal3:amd64 (0.9.32-1) ...
Selecting previously unselected package fonts-opensymbol.
Preparing to unpack .../fonts-opensymbol_2%3a102.10+LibO6.2.8~rc2-0ubuntu0.16.04.1_all.deb ...
Unpacking fonts-opensymbol (2:102.10+LibO6.2.8~rc2-0ubuntu0.16.04.1) ...
Selecting previously unselected package libboost-date-time1.58.0:amd64.
Preparing to unpack .../libboost-date-time1.58.0_1.58.0+dfsg-5ubuntu3.1_amd64.deb ...
Unpacking libboost-date-time1.58.0:amd64 (1.58.0+dfsg-5ubuntu3.1) ...
Selecting previously unselected package libboost-thread1.58.0:amd64.
Preparing to unpack .../libboost-thread1.58.0_1.58.0+dfsg-5ubuntu3.1_amd64.deb ...
Unpacking libboost-thread1.58.0:amd64 (1.58.0+dfsg-5ubuntu3.1) ...
Selecting previously unselected package libboost-locale1.58.0:amd64.
Preparing to unpack .../libboost-locale1.58.0_1.58.0+dfsg-5ubuntu3.1_amd64.deb ...
Unpacking libboost-locale1.58.0:amd64 (1.58.0+dfsg-5ubuntu3.1) ...
Selecting previously unselected package libclucene-core1v5:amd64.
Preparing to unpack .../libclucene-core1v5_2.3.3.4-4.1_amd64.deb ...
Unpacking libclucene-core1v5:amd64 (2.3.3.4-4.1) ...
Selecting previously unselected package libclucene-contribs1v5:amd64.
Preparing to unpack .../libclucene-contribs1v5_2.3.3.4-4.1_amd64.deb ...
Unpacking libclucene-contribs1v5:amd64 (2.3.3.4-4.1) ...
Selecting previously unselected package libsuitesparseconfig4.4.6:amd64.
Preparing to unpack .../libsuitesparseconfig4.4.6_1%3a4.4.6-1_amd64.deb ...
Unpacking libsuitesparseconfig4.4.6:amd64 (1:4.4.6-1) ...
Selecting previously unselected package libcolamd2.9.1:amd64.
Preparing to unpack .../libcolamd2.9.1_1%3a4.4.6-1_amd64.deb ...
Unpacking libcolamd2.9.1:amd64 (1:4.4.6-1) ...
Selecting previously unselected package libexttextcat-data.
Preparing to unpack .../libexttextcat-data_3.4.4-1ubuntu3_all.deb ...
Unpacking libexttextcat-data (3.4.4-1ubuntu3) ...
Selecting previously unselected package libexttextcat-2.0-0:amd64.
Preparing to unpack .../libexttextcat-2.0-0_3.4.4-1ubuntu3_amd64.deb ...
Unpacking libexttextcat-2.0-0:amd64 (3.4.4-1ubuntu3) ...
Selecting previously unselected package libgstreamer1.0-0:amd64.
Preparing to unpack .../libgstreamer1.0-0_1.8.3-1~ubuntu0.1_amd64.deb ...
Unpacking libgstreamer1.0-0:amd64 (1.8.3-1~ubuntu0.1) ...
Selecting previously unselected package liborc-0.4-0:amd64.
Preparing to unpack .../liborc-0.4-0_1%3a0.4.25-1_amd64.deb ...
Unpacking liborc-0.4-0:amd64 (1:0.4.25-1) ...
Selecting previously unselected package libgstreamer-plugins-base1.0-0:amd64.
Preparing to unpack .../libgstreamer-plugins-base1.0-0_1.8.3-1ubuntu0.3_amd64.deb ...
Unpacking libgstreamer-plugins-base1.0-0:amd64 (1.8.3-1ubuntu0.3) ...
Selecting previously unselected package libharfbuzz-icu0:amd64.
Preparing to unpack .../libharfbuzz-icu0_1.0.1-1ubuntu0.1_amd64.deb ...
Unpacking libharfbuzz-icu0:amd64 (1.0.1-1ubuntu0.1) ...
Selecting previously unselected package libhunspell-1.3-0:amd64.
Preparing to unpack .../libhunspell-1.3-0_1.3.3-4ubuntu1_amd64.deb ...
Unpacking libhunspell-1.3-0:amd64 (1.3.3-4ubuntu1) ...
Selecting previously unselected package libhyphen0:amd64.
Preparing to unpack .../libhyphen0_2.8.8-2ubuntu1_amd64.deb ...
Unpacking libhyphen0:amd64 (2.8.8-2ubuntu1) ...
Selecting previously unselected package liblangtag-common.
Preparing to unpack .../liblangtag-common_0.5.7-2ubuntu1_all.deb ...
Unpacking liblangtag-common (0.5.7-2ubuntu1) ...
Selecting previously unselected package liblangtag1:amd64.
Preparing to unpack .../liblangtag1_0.5.7-2ubuntu1_amd64.deb ...
Unpacking liblangtag1:amd64 (0.5.7-2ubuntu1) ...
Selecting previously unselected package libmythes-1.2-0:amd64.
Preparing to unpack .../libmythes-1.2-0_2%3a1.2.4-1ubuntu3_amd64.deb ...
Unpacking libmythes-1.2-0:amd64 (2:1.2.4-1ubuntu3) ...
Selecting previously unselected package libneon27-gnutls:amd64.
Preparing to unpack .../libneon27-gnutls_0.30.1-3build1_amd64.deb ...
Unpacking libneon27-gnutls:amd64 (0.30.1-3build1) ...
Selecting previously unselected package libpoppler58:amd64.
Preparing to unpack .../libpoppler58_0.41.0-0ubuntu1.14_amd64.deb ...
Unpacking libpoppler58:amd64 (0.41.0-0ubuntu1.14) ...
Selecting previously unselected package librdf0:amd64.
Preparing to unpack .../librdf0_1.0.17-1build1_amd64.deb ...
Unpacking librdf0:amd64 (1.0.17-1build1) ...
Selecting previously unselected package libreoffice-style-colibre.
Preparing to unpack .../libreoffice-style-colibre_1%3a6.2.8~rc2-0ubuntu0.16.04.1_all.deb ...
Unpacking libreoffice-style-colibre (1:6.2.8~rc2-0ubuntu0.16.04.1) ...
Selecting previously unselected package libreoffice-style-tango.
Preparing to unpack .../libreoffice-style-tango_1%3a6.2.8~rc2-0ubuntu0.16.04.1_all.deb ...
Unpacking libreoffice-style-tango (1:6.2.8~rc2-0ubuntu0.16.04.1) ...
Selecting previously unselected package uno-libs3.
Preparing to unpack .../uno-libs3_6.2.8~rc2-0ubuntu0.16.04.1_amd64.deb ...
Unpacking uno-libs3 (6.2.8~rc2-0ubuntu0.16.04.1) ...
Selecting previously unselected package ure.
Preparing to unpack .../ure_6.2.8~rc2-0ubuntu0.16.04.1_amd64.deb ...
Unpacking ure (6.2.8~rc2-0ubuntu0.16.04.1) ...
Selecting previously unselected package libreoffice-common.
Preparing to unpack .../libreoffice-common_1%3a6.2.8~rc2-0ubuntu0.16.04.1_all.deb ...
Unpacking libreoffice-common (1:6.2.8~rc2-0ubuntu0.16.04.1) ...
Selecting previously unselected package libreoffice-core.
Preparing to unpack .../libreoffice-core_1%3a6.2.8~rc2-0ubuntu0.16.04.1_amd64.deb ...
Unpacking libreoffice-core (1:6.2.8~rc2-0ubuntu0.16.04.1) ...
Selecting previously unselected package libreoffice-base-core.
Preparing to unpack .../libreoffice-base-core_1%3a6.2.8~rc2-0ubuntu0.16.04.1_amd64.deb ...
Unpacking libreoffice-base-core (1:6.2.8~rc2-0ubuntu0.16.04.1) ...
Selecting previously unselected package libreoffice-base-drivers.
Preparing to unpack .../libreoffice-base-drivers_1%3a6.2.8~rc2-0ubuntu0.16.04.1_amd64.deb ...
Unpacking libreoffice-base-drivers (1:6.2.8~rc2-0ubuntu0.16.04.1) ...
Selecting previously unselected package libreoffice-base.
Preparing to unpack .../libreoffice-base_1%3a6.2.8~rc2-0ubuntu0.16.04.1_amd64.deb ...
Adding 'diversion of /usr/lib/libreoffice/share/basic/dialog.xlc to /usr/lib/libreoffice/share/basic/dialog.xlc.noaccess by libreoffice-base'
Adding 'diversion of /usr/lib/libreoffice/share/basic/script.xlc to /usr/lib/libreoffice/share/basic/script.xlc.noaccess by libreoffice-base'
Unpacking libreoffice-base (1:6.2.8~rc2-0ubuntu0.16.04.1) ...
Selecting previously unselected package lp-solve.
Preparing to unpack .../lp-solve_5.5.0.13-7build2_amd64.deb ...
Unpacking lp-solve (5.5.0.13-7build2) ...
Selecting previously unselected package libreoffice-calc.
Preparing to unpack .../libreoffice-calc_1%3a6.2.8~rc2-0ubuntu0.16.04.1_amd64.deb ...
Unpacking libreoffice-calc (1:6.2.8~rc2-0ubuntu0.16.04.1) ...
Selecting previously unselected package libreoffice-draw.
Preparing to unpack .../libreoffice-draw_1%3a6.2.8~rc2-0ubuntu0.16.04.1_amd64.deb ...
Unpacking libreoffice-draw (1:6.2.8~rc2-0ubuntu0.16.04.1) ...
Selecting previously unselected package libreoffice-impress.
Preparing to unpack .../libreoffice-impress_1%3a6.2.8~rc2-0ubuntu0.16.04.1_amd64.deb ...
Unpacking libreoffice-impress (1:6.2.8~rc2-0ubuntu0.16.04.1) ...
Selecting previously unselected package libreoffice-math.
Preparing to unpack .../libreoffice-math_1%3a6.2.8~rc2-0ubuntu0.16.04.1_amd64.deb ...
Unpacking libreoffice-math (1:6.2.8~rc2-0ubuntu0.16.04.1) ...
Selecting previously unselected package libreoffice-report-builder-bin.
Preparing to unpack .../libreoffice-report-builder-bin_1%3a6.2.8~rc2-0ubuntu0.16.04.1_amd64.deb ...
Unpacking libreoffice-report-builder-bin (1:6.2.8~rc2-0ubuntu0.16.04.1) ...
Selecting previously unselected package libreoffice-writer.
Preparing to unpack .../libreoffice-writer_1%3a6.2.8~rc2-0ubuntu0.16.04.1_amd64.deb ...
Unpacking libreoffice-writer (1:6.2.8~rc2-0ubuntu0.16.04.1) ...
Selecting previously unselected package libreoffice-avmedia-backend-gstreamer.
Preparing to unpack .../libreoffice-avmedia-backend-gstreamer_1%3a6.2.8~rc2-0ubuntu0.16.04.1_amd64.deb ...
Unpacking libreoffice-avmedia-backend-gstreamer (1:6.2.8~rc2-0ubuntu0.16.04.1) ...
Selecting previously unselected package python3-uno.
Preparing to unpack .../python3-uno_1%3a6.2.8~rc2-0ubuntu0.16.04.1_amd64.deb ...
Unpacking python3-uno (1:6.2.8~rc2-0ubuntu0.16.04.1) ...
Selecting previously unselected package libreoffice.
Preparing to unpack .../libreoffice_1%3a6.2.8~rc2-0ubuntu0.16.04.1_amd64.deb ...
Unpacking libreoffice (1:6.2.8~rc2-0ubuntu0.16.04.1) ...
Processing triggers for fontconfig (2.11.94-0ubuntu1.1) ...
Processing triggers for libc-bin (2.23-0ubuntu11) ...
Processing triggers for man-db (2.7.5-1) ...
Processing triggers for mime-support (3.59ubuntu1) ...
Processing triggers for shared-mime-info (1.5-2ubuntu0.2) ...
Processing triggers for hicolor-icon-theme (0.15-0ubuntu1.1) ...
Setting up libyajl2:amd64 (2.1.0-2) ...
Setting up libraptor2-0:amd64 (2.0.14-1) ...
Setting up librasqal3:amd64 (0.9.32-1) ...
Setting up fonts-opensymbol (2:102.10+LibO6.2.8~rc2-0ubuntu0.16.04.1) ...
Setting up libboost-date-time1.58.0:amd64 (1.58.0+dfsg-5ubuntu3.1) ...
Setting up libboost-thread1.58.0:amd64 (1.58.0+dfsg-5ubuntu3.1) ...
Setting up libboost-locale1.58.0:amd64 (1.58.0+dfsg-5ubuntu3.1) ...
Setting up libclucene-core1v5:amd64 (2.3.3.4-4.1) ...
Setting up libclucene-contribs1v5:amd64 (2.3.3.4-4.1) ...
Setting up libsuitesparseconfig4.4.6:amd64 (1:4.4.6-1) ...
Setting up libcolamd2.9.1:amd64 (1:4.4.6-1) ...
Setting up libexttextcat-data (3.4.4-1ubuntu3) ...
Setting up libexttextcat-2.0-0:amd64 (3.4.4-1ubuntu3) ...
Setting up libgstreamer1.0-0:amd64 (1.8.3-1~ubuntu0.1) ...
Setcap worked! gst-ptp-helper is not suid!
Setting up liborc-0.4-0:amd64 (1:0.4.25-1) ...
Setting up libgstreamer-plugins-base1.0-0:amd64 (1.8.3-1ubuntu0.3) ...
Setting up libharfbuzz-icu0:amd64 (1.0.1-1ubuntu0.1) ...
Setting up libhunspell-1.3-0:amd64 (1.3.3-4ubuntu1) ...
Setting up libhyphen0:amd64 (2.8.8-2ubuntu1) ...
Setting up liblangtag-common (0.5.7-2ubuntu1) ...
Setting up liblangtag1:amd64 (0.5.7-2ubuntu1) ...
Setting up libmythes-1.2-0:amd64 (2:1.2.4-1ubuntu3) ...
Setting up libneon27-gnutls:amd64 (0.30.1-3build1) ...
Setting up libpoppler58:amd64 (0.41.0-0ubuntu1.14) ...
Setting up librdf0:amd64 (1.0.17-1build1) ...
Setting up uno-libs3 (6.2.8~rc2-0ubuntu0.16.04.1) ...
Setting up ure (6.2.8~rc2-0ubuntu0.16.04.1) ...
Setting up lp-solve (5.5.0.13-7build2) ...
Setting up libreoffice-style-colibre (1:6.2.8~rc2-0ubuntu0.16.04.1) ...
Setting up libreoffice-style-tango (1:6.2.8~rc2-0ubuntu0.16.04.1) ...
Setting up libreoffice-common (1:6.2.8~rc2-0ubuntu0.16.04.1) ...
Setting up libreoffice-core (1:6.2.8~rc2-0ubuntu0.16.04.1) ...
Setting up libreoffice-base-core (1:6.2.8~rc2-0ubuntu0.16.04.1) ...
Setting up libreoffice-base-drivers (1:6.2.8~rc2-0ubuntu0.16.04.1) ...
Setting up libreoffice-base (1:6.2.8~rc2-0ubuntu0.16.04.1) ...
Setting up libreoffice-calc (1:6.2.8~rc2-0ubuntu0.16.04.1) ...
Setting up libreoffice-draw (1:6.2.8~rc2-0ubuntu0.16.04.1) ...
Setting up libreoffice-impress (1:6.2.8~rc2-0ubuntu0.16.04.1) ...
Setting up libreoffice-math (1:6.2.8~rc2-0ubuntu0.16.04.1) ...
Setting up libreoffice-report-builder-bin (1:6.2.8~rc2-0ubuntu0.16.04.1) ...
Setting up libreoffice-writer (1:6.2.8~rc2-0ubuntu0.16.04.1) ...
Setting up libreoffice-avmedia-backend-gstreamer (1:6.2.8~rc2-0ubuntu0.16.04.1) ...
Setting up python3-uno (1:6.2.8~rc2-0ubuntu0.16.04.1) ...
Setting up libreoffice (1:6.2.8~rc2-0ubuntu0.16.04.1) ...
Processing triggers for libc-bin (2.23-0ubuntu11) ...
travis_time:end:0015487b:start=1595239016078915324,finish=1595239051281709213,duration=35202793889,event=before_installe:start:01d69dddport
Reading package lists...
Building dependency tree...
Reading state information...
The following NEW packages will be installed:
  libreoffice-pdfimport
0 upgraded, 1 newly installed, 0 to remove and 305 not upgraded.
Need to get 2,824 B of archives.
After this operation, 12.3 kB of additional disk space will be used.
Get:1 http://ppa.launchpad.net/libreoffice/ppa/ubuntu xenial/main amd64 libreoffice-pdfimport all 1:6.2.8~rc2-0ubuntu0.16.04.1 [2,824 B]
Fetched 2,824 B in 0s (11.0 kB/s)
Selecting previously unselected package libreoffice-pdfimport.
(Reading database ... (Reading database ... 5%(Reading database ... 10%(Reading database ... 15%(Reading database ... 20%(Reading database ... 25%(Reading database ... 30%(Reading database ... 35%(Reading database ... 40%(Reading database ... 45%(Reading database ... 50%(Reading database ... 55%(Reading database ... 60%(Reading database ... 65%(Reading database ... 70%(Reading database ... 75%(Reading database ... 80%(Reading database ... 85%(Reading database ... 90%(Reading database ... 95%(Reading database ... 100%(Reading database ... 129616 files and directories currently installed.)
Preparing to unpack .../libreoffice-pdfimport_1%3a6.2.8~rc2-0ubuntu0.16.04.1_all.deb ...
Unpacking libreoffice-pdfimport (1:6.2.8~rc2-0ubuntu0.16.04.1) ...
Setting up libreoffice-pdfimport (1:6.2.8~rc2-0ubuntu0.16.04.1) ...
travis_time:end:01d69ddd:start=1595239051286146834,finish=1595239053596245255,duration=2310098421,event=before_installe:start:1c468bfce    Time     Time  Current
                                 Dload  Upload   Total   Spent    Left  Speed
  0     0    0     0    0     0      0      0 --:--:-- --:--:-- --:--:--     0  2  9.8M    2  206k    0     0   242k      0  0:00:41 --:--:--  0:00:41  241k100  9.8M  100  9.8M    0     0  7845k      0  0:00:01  0:00:01 --:--:-- 7847k
travis_time:end:1c468bfc:start=1595239053601279606,finish=1595239075155605589,duration=21554325983,event=installe:start:02197c3dplate to settings.json...
Ensure that all dependencies are up to date...  If this is the first time you have run Etherpad please be patient.

> wd@1.12.1 install /home/travis/build/ether/[secure]/src/node_modules/wd
> node scripts/build-browser-scripts

added 1126 packages in 9.465s
Clearing minified cache...
travis_time:end:02197c3d:start=1595239075162770289,finish=1595239085133430337,duration=9970660048,event=installe:start:0ddd638ee:end:0ddd638e:start=1595239085138623736,finish=1595239085145306547,duration=6682811,event=installe:start:104a4fd4ing bin/installDeps.sh has already been run
Now I will try for 15 seconds to connect to Etherpad on http://localhost:9001
bash: connect: Connection refused
bash: /dev/tcp/localhost/9001: Connection refused
bash: connect: Connection refused
bash: /dev/tcp/localhost/9001: Connection refused
bash: connect: Connection refused
bash: /dev/tcp/localhost/9001: Connection refused
bash: connect: Connection refused
bash: /dev/tcp/localhost/9001: Connection refused
bash: connect: Connection refused
bash: /dev/tcp/localhost/9001: Connection refused
bash: connect: Connection refused
bash: /dev/tcp/localhost/9001: Connection refused
Successfully connected to Etherpad on http://localhost:9001
Now starting the remote runner
Remote sauce test '3d89eed - firefox 52.0, Windows 7' started! https://saucelabs.com/jobs/ac317c1095234d99b0ec60f72088d101
Remote sauce test '3d89eed - safari 12.0, OS X 10.14' started! https://saucelabs.com/jobs/983297d0693744ebb6deb61d18a98edf
Remote sauce test '3d89eed - safari 13.1, OS X 10.15' started! https://saucelabs.com/jobs/0e3b7f65afbb4539959d5e7b7171686c
Remote sauce test '3d89eed - chrome 55.0, Windows 7' started! https://saucelabs.com/jobs/2599eac655564b998c6a957d13d910de
Remote sauce test '3d89eed - firefox 78.0, Windows 7' started! https://saucelabs.com/jobs/ba845fc3881e41b1823fe9d2824c652d
Remote sauce test '3d89eed - microsoftedge 83.0, Windows 10' started! https://saucelabs.com/jobs/a5062c6911564c498db0eaf844b10eb8
[chrome Windows 7 55.0] alphabet.js
[chrome Windows 7 55.0]   All the alphabet works n stuff
[chrome Windows 7 55.0]     -> PASSED : when you enter any char it appears right   79 ms
[chrome Windows 7 55.0] 
[chrome Windows 7 55.0] authorship_of_editions.js
[chrome Windows 7 55.0]   author of pad edition
[chrome Windows 7 55.0]     -> PASSED : marks only the new content as changes of the second user on a regular line
[chrome Windows 7 55.0]        1014 ms
[chrome Windows 7 55.0]     -> PASSED : marks only the new content as changes of the second user on a line with or
[chrome Windows 7 55.0]     dered list   997 ms
[chrome Windows 7 55.0]     -> PASSED : marks only the new content as changes of the second user on a line with un
[chrome Windows 7 55.0]     ordered list   1008 ms
[chrome Windows 7 55.0] 
[chrome Windows 7 55.0] bold.js
[chrome Windows 7 55.0]   bold button
[chrome Windows 7 55.0]     -> PASSED : makes text bold on click   20 ms
[chrome Windows 7 55.0]     -> PASSED : makes text bold on keypress   11 ms
[chrome Windows 7 55.0] 
[chrome Windows 7 55.0] change_user_color.js
[chrome Windows 7 55.0]   change user color
[chrome Windows 7 55.0]     -> PASSED : Color picker matches original color and remembers the user color after a r
[chrome Windows 7 55.0]     efresh   2422 ms
[chrome Windows 7 55.0]     -> PASSED : Own user color is shown when you enter a chat   221 ms
[chrome Windows 7 55.0] 
[chrome Windows 7 55.0] change_user_name.js
[chrome Windows 7 55.0]   change username value
[chrome Windows 7 55.0]     -> PASSED : Remembers the user name after a refresh   2253 ms
[chrome Windows 7 55.0]     -> PASSED : Own user name is shown when you enter a chat   208 ms
[chrome Windows 7 55.0] 
[chrome Windows 7 55.0] chat.js
[chrome Windows 7 55.0]   Chat messages and UI
[chrome Windows 7 55.0]     -> PASSED : opens chat, sends a message and makes sure it exists on the page   138 ms
[chrome Windows 7 55.0]     -> PASSED : makes sure that an empty message can't be sent   175 ms
[chrome Windows 7 55.0]     -> PASSED : makes chat stick to right side of the screen   83 ms
[chrome Windows 7 55.0]     -> PASSED : makes chat stick to right side of the screen then makes it one step smalle
[chrome Windows 7 55.0]     r   98 ms
[chrome Windows 7 55.0]     -> PENDING: Checks showChat=false URL Parameter hides chat then when removed it shows
[chrome Windows 7 55.0]      chat
[chrome Windows 7 55.0] 
[chrome Windows 7 55.0] chat_load_messages.js
[chrome Windows 7 55.0]   chat-load-messages
[chrome Windows 7 55.0]     -> PASSED : creates a pad   1329 ms
[chrome Windows 7 55.0]     -> PASSED : adds a lot of messages   2102 ms
[chrome Windows 7 55.0]     -> PASSED : checks initial message count   23 ms
[chrome Windows 7 55.0]     -> PASSED : loads more messages   140 ms
[chrome Windows 7 55.0]     -> PASSED : checks for button vanishing   132 ms
[chrome Windows 7 55.0] 
[chrome Windows 7 55.0] clear_authorship_colors.js
[chrome Windows 7 55.0]   clear authorship colors button
[chrome Windows 7 55.0]     -> PASSED : makes text clear authorship colors   51 ms
[chrome Windows 7 55.0]     -> PASSED : makes text clear authorship colors and checks it can't be undone   1027 ms
[chrome Windows 7 55.0] 
[chrome Windows 7 55.0] delete.js
[chrome Windows 7 55.0]   delete keystroke
[chrome Windows 7 55.0]     -> PASSED : makes text delete   5 ms
[chrome Windows 7 55.0] 
[chrome Windows 7 55.0] drag_and_drop.js
[chrome Windows 7 55.0]   drag and drop
[chrome Windows 7 55.0]     when user drags part of one line and drops it far form its original place
[chrome Windows 7 55.0]       and user triggers UNDO
[chrome Windows 7 55.0]         -> PASSED : moves text back to its original place   1 ms
[chrome Windows 7 55.0]     when user drags some lines far form its original place
[chrome Windows 7 55.0]       and user triggers UNDO
[chrome Windows 7 55.0]         -> PASSED : moves text back to its original place   1 ms
[chrome Windows 7 55.0] 
[chrome Windows 7 55.0] embed_value.js
[chrome Windows 7 55.0]   embed links
[chrome Windows 7 55.0]     read and write
[chrome Windows 7 55.0]       the share link
[chrome Windows 7 55.0]         -> PASSED : is the actual pad url   10 ms
[chrome Windows 7 55.0]       the embed as iframe code
[chrome Windows 7 55.0]         -> PASSED : is an iframe with the the correct url parameters and correct size   14 ms
[chrome Windows 7 55.0]     when read only option is set
[chrome Windows 7 55.0]       the share link
[chrome Windows 7 55.0]         -> PASSED : shows a read only url   12 ms
[chrome Windows 7 55.0]       the embed as iframe code
[chrome Windows 7 55.0]         -> PASSED : is an iframe with the the correct url parameters and correct size   13 ms
[chrome Windows 7 55.0] 
[chrome Windows 7 55.0] enter.js
[chrome Windows 7 55.0]   enter keystroke
[chrome Windows 7 55.0]     -> PASSED : creates a new line & puts cursor onto a new line   36 ms
[chrome Windows 7 55.0] 
[chrome Windows 7 55.0] font_type.js
[chrome Windows 7 55.0]   font select
[chrome Windows 7 55.0]     -> PASSED : makes text RobotoMono   28 ms
[chrome Windows 7 55.0] 
[chrome Windows 7 55.0] helper.js
[chrome Windows 7 55.0]   the test helper
[chrome Windows 7 55.0]     the newPad method
[chrome Windows 7 55.0]       -> PENDING: doesn't leak memory if you creates iframes over and over again
[chrome Windows 7 55.0]       -> PASSED : gives me 3 jquery instances of chrome, outer and inner   1303 ms
[chrome Windows 7 55.0]       -> PASSED : clears cookies   3504 ms
[chrome Windows 7 55.0]       -> PASSED : sets pad prefs cookie   1279 ms
[chrome Windows 7 55.0]     the waitFor method
[chrome Windows 7 55.0]       -> PASSED : takes a timeout and waits long enough   1503 ms
[chrome Windows 7 55.0]       -> PASSED : takes an interval and checks on every interval   2006 ms
[chrome Windows 7 55.0]       returns a deferred object
[chrome Windows 7 55.0]         -> PASSED : it calls done after success   16 ms
[chrome Windows 7 55.0]         -> PASSED : calls fail after failure   1900 ms
[chrome Windows 7 55.0]         -> PENDING: throws if you don't listen for fails
[chrome Windows 7 55.0]     the selectLines method
[chrome Windows 7 55.0]       -> PASSED : changes editor selection to be between startOffset of $startLine and endOf
[chrome Windows 7 55.0]       fset of $endLine   7 ms
[chrome Windows 7 55.0]       -> PASSED : ends selection at beginning of $endLine when it is an empty line   2 ms
[chrome Windows 7 55.0]       -> PASSED : ends selection at beginning of $endLine when its offset is zero   1 ms
[chrome Windows 7 55.0]       -> PASSED : selects full line when offset is longer than line content   1 ms
[chrome Windows 7 55.0]       -> PASSED : selects all text between beginning of $startLine and end of $endLine when 
[chrome Windows 7 55.0]       no offset is provided   1 ms
[chrome Windows 7 55.0] 
[chrome Windows 7 55.0] importexport.js
[chrome Windows 7 55.0]   import functionality
[chrome Windows 7 55.0]     -> PENDING: import a pad with newlines from txt
[chrome Windows 7 55.0]     -> PENDING: import a pad with newlines from html
[chrome Windows 7 55.0]     -> PENDING: import a pad with attributes from html
[chrome Windows 7 55.0]     -> PENDING: import a pad with bullets from html
[chrome Windows 7 55.0]     -> PENDING: import a pad with bullets and newlines from html
[chrome Windows 7 55.0]     -> PENDING: import a pad with bullets and newlines and attributes from html
[chrome Windows 7 55.0]     -> PENDING: import a pad with nested bullets from html
[chrome Windows 7 55.0]     -> PENDING: import a pad with 8 levels of bullets and newlines and attributes from ht
[chrome Windows 7 55.0]     ml
[chrome Windows 7 55.0]     -> PENDING: import a pad with ordered lists from html
[chrome Windows 7 55.0]     -> PENDING: import a pad with ordered lists and newlines from html
[chrome Windows 7 55.0]     -> PENDING: import a pad with nested ordered lists and attributes and newlines from h
[chrome Windows 7 55.0]     tml
[chrome Windows 7 55.0] 
[chrome Windows 7 55.0] importindents.js
[chrome Windows 7 55.0]   import indents functionality
[chrome Windows 7 55.0]     -> PENDING: import a pad with indents from html
[chrome Windows 7 55.0]     -> PENDING: import a pad with indented lists and newlines from html
[chrome Windows 7 55.0]     -> PENDING: import a pad with 8 levels of indents and newlines and attributes from ht
[chrome Windows 7 55.0]     ml
[chrome Windows 7 55.0] 
[chrome Windows 7 55.0] indentation.js
[chrome Windows 7 55.0]   indentation button
[chrome Windows 7 55.0]     -> PASSED : indent text with keypress   39 ms
[chrome Windows 7 55.0]     -> PASSED : indent text with button   32 ms
[chrome Windows 7 55.0]     -> PASSED : keeps the indent on enter for the new line   554 ms
[chrome Windows 7 55.0]     -> PASSED : indents text with spaces on enter if previous line ends with ':', '[', '('
[chrome Windows 7 55.0]     , or '{'   628 ms
[chrome Windows 7 55.0]     -> PASSED : appends indentation to the indent of previous line if previous line ends w
[chrome Windows 7 55.0]     ith ':', '[', '(', or '{'   46 ms
[chrome Windows 7 55.0]     -> PASSED : issue #2772 shows '*' when multiple indented lines receive a style and are
[chrome Windows 7 55.0]      outdented   149 ms
[chrome Windows 7 55.0] 
[chrome Windows 7 55.0] italic.js
[chrome Windows 7 55.0]   italic some text
[chrome Windows 7 55.0]     -> PASSED : makes text italic using button   24 ms
[chrome Windows 7 55.0]     -> PASSED : makes text italic using keypress   11 ms
[chrome Windows 7 55.0] 
[chrome Windows 7 55.0] language.js
[chrome Windows 7 55.0]   Language select and change
[chrome Windows 7 55.0]     -> PASSED : makes text german   187 ms
[chrome Windows 7 55.0]     -> PASSED : makes text English   34 ms
[chrome Windows 7 55.0]     -> PASSED : changes direction when picking an rtl lang   243 ms
[chrome Windows 7 55.0]     -> PASSED : changes direction when picking an ltr lang   38 ms
[chrome Windows 7 55.0] 
[chrome Windows 7 55.0] multiple_authors_clear_authorship_colors.js
[chrome Windows 7 55.0]   author of pad edition
[chrome Windows 7 55.0]     -> PASSED : Clears Authorship by second user   22 ms
[chrome Windows 7 55.0] 
[chrome Windows 7 55.0] ordered_list.js
[chrome Windows 7 55.0]   assign ordered list
[chrome Windows 7 55.0]     -> PASSED : inserts ordered list text   33 ms
[chrome Windows 7 55.0]     -> PENDING: issue #1125 keeps the numbered list on enter for the new line - EMULATES 
[chrome Windows 7 55.0]     PASTING INTO A PAD
[chrome Windows 7 55.0]     when user presses Ctrl+Shift+N
[chrome Windows 7 55.0]       and pad shortcut is enabled
[chrome Windows 7 55.0]         -> PASSED : inserts unordered list   12 ms
[chrome Windows 7 55.0]       and pad shortcut is disabled
[chrome Windows 7 55.0]         -> PASSED : does not insert unordered list   1900 ms
[chrome Windows 7 55.0]     when user presses Ctrl+Shift+1
[chrome Windows 7 55.0]       and pad shortcut is enabled
[chrome Windows 7 55.0]         -> PASSED : inserts unordered list   11 ms
[chrome Windows 7 55.0]       and pad shortcut is disabled
[chrome Windows 7 55.0]         -> PASSED : does not insert unordered list   1900 ms
[chrome Windows 7 55.0]   Pressing Tab in an OL increases and decreases indentation
[chrome Windows 7 55.0]     -> PASSED : indent and de-indent list item with keypress   53 ms
[chrome Windows 7 55.0]   Pressing indent/outdent button in an OL increases and decreases indentation and bullet / ol formatti
[chrome Windows 7 55.0]   ng
[chrome Windows 7 55.0]     -> PASSED : indent and de-indent list item with indent button   58 ms
[chrome Windows 7 55.0] 
[chrome Windows 7 55.0] pad_modal.js
[chrome Windows 7 55.0]   Pad modal
[chrome Windows 7 55.0]     when modal is a "force reconnect" message
[chrome Windows 7 55.0]       -> PASSED : disables editor   3 ms
[chrome Windows 7 55.0]       and user clicks on editor
[chrome Windows 7 55.0]         -> PASSED : does not close the modal   3 ms
[chrome Windows 7 55.0]       and user clicks on pad outer
[chrome Windows 7 55.0]         -> PASSED : does not close the modal   1 ms
[chrome Windows 7 55.0]     when modal is not an error message
[chrome Windows 7 55.0]       and user clicks on editor
[chrome Windows 7 55.0]         -> PASSED : closes the modal   2 ms
[chrome Windows 7 55.0]       and user clicks on pad outer
[chrome Windows 7 55.0]         -> PASSED : closes the modal   3 ms
[chrome Windows 7 55.0] 
[chrome Windows 7 55.0] redo.js
[chrome Windows 7 55.0]   undo button then redo button
[chrome Windows 7 55.0]     -> PASSED : redo some typing with button   82 ms
[chrome Windows 7 55.0]     -> PASSED : redo some typing with keypress   34 ms
[chrome Windows 7 55.0] 
[chrome Windows 7 55.0] responsiveness.js
[chrome Windows 7 55.0]   Responsiveness of Editor
[chrome Windows 7 55.0]     -> PENDING: Fast response to keypress in pad with large amount of contents
[chrome Windows 7 55.0] 
[chrome Windows 7 55.0] select_formatting_buttons.js
[chrome Windows 7 55.0]   select formatting buttons when selection has style applied
[chrome Windows 7 55.0]     when selection is in a text with italic applied
[chrome Windows 7 55.0]       -> PASSED : selects the italic button   10 ms
[chrome Windows 7 55.0]     when caret is in a position with italic applied
[chrome Windows 7 55.0]       -> PASSED : selects the italic button   12 ms
[chrome Windows 7 55.0]     when selection is in a text with bold applied
[chrome Windows 7 55.0]       -> PASSED : selects the bold button   10 ms
[chrome Windows 7 55.0]     when caret is in a position with bold applied
[chrome Windows 7 55.0]       -> PASSED : selects the bold button   10 ms
[chrome Windows 7 55.0]     when selection is in a text with underline applied
[chrome Windows 7 55.0]       -> PASSED : selects the underline button   10 ms
[chrome Windows 7 55.0]     when caret is in a position with underline applied
[chrome Windows 7 55.0]       -> PASSED : selects the underline button   11 ms
[chrome Windows 7 55.0]     when selection is in a text with strikethrough applied
[chrome Windows 7 55.0]       -> PASSED : selects the strikethrough button   10 ms
[chrome Windows 7 55.0]     when caret is in a position with strikethrough applied
[chrome Windows 7 55.0]       -> PASSED : selects the strikethrough button   10 ms
[chrome Windows 7 55.0]     when user applies a style and the selection does not change
[chrome Windows 7 55.0]       -> PASSED : selects the style button   2 ms
[chrome Windows 7 55.0]     when user presses CMD + I
[chrome Windows 7 55.0]       -> PASSED : selects the italic button   26 ms
[chrome Windows 7 55.0]       and user presses CMD + I again
[chrome Windows 7 55.0]         -> PASSED : deselects the italic button   10 ms
[chrome Windows 7 55.0]     when user presses CMD + B
[chrome Windows 7 55.0]       -> PASSED : selects the bold button   13 ms
[chrome Windows 7 55.0]       and user presses CMD + B again
[chrome Windows 7 55.0]         -> PASSED : deselects the bold button   10 ms
[chrome Windows 7 55.0]     when user presses CMD + U
[chrome Windows 7 55.0]       -> PASSED : selects the underline button   10 ms
[chrome Windows 7 55.0]       and user presses CMD + U again
[chrome Windows 7 55.0]         -> PASSED : deselects the underline button   10 ms
[chrome Windows 7 55.0]     when user presses CMD + 5
[chrome Windows 7 55.0]       -> PASSED : selects the strikethrough button   11 ms
[chrome Windows 7 55.0]       and user presses CMD + 5 again
[chrome Windows 7 55.0]         -> PASSED : deselects the strikethrough button   10 ms
[chrome Windows 7 55.0] 
[chrome Windows 7 55.0] strikethrough.js
[chrome Windows 7 55.0]   strikethrough button
[chrome Windows 7 55.0]     -> PASSED : makes text strikethrough   22 ms
[chrome Windows 7 55.0] 
[chrome Windows 7 55.0] timeslider.js
[chrome Windows 7 55.0]   timeslider button takes you to the timeslider of a pad
[chrome Windows 7 55.0]     -> PENDING: timeslider contained in URL
[chrome Windows 7 55.0] 
[chrome Windows 7 55.0] timeslider_follow.js
[chrome Windows 7 55.0]   timeslider
[chrome Windows 7 55.0]     -> FAILED : follow content as it's added to timeslider Error: Uncaught TypeError: ecb.sc
[chrome Windows 7 55.0]     rollTop is not a function (http://localhost:9001/javascripts/lib/ep_[secure]/static/js/timeslid
[chrome Windows 7 55.0]     er.js?callback=require.define&v=1f04ed00:6346)
[chrome Windows 7 55.0] 
[chrome Windows 7 55.0] timeslider_labels.js
[chrome Windows 7 55.0]   timeslider
[chrome Windows 7 55.0]     -> PASSED : Shows a date and time in the timeslider and make sure it doesn't include N
[chrome Windows 7 55.0]     aN   4408 ms
[chrome Windows 7 55.0] 
[chrome Windows 7 55.0] timeslider_numeric_padID.js
[chrome Windows 7 55.0]   timeslider
[chrome Windows 7 55.0]     -> PASSED : Makes sure the export URIs are as expected when the padID is numeric   442
[chrome Windows 7 55.0]     3 ms
[chrome Windows 7 55.0] 
[chrome Windows 7 55.0] timeslider_revisions.js
[chrome Windows 7 55.0]   timeslider
[chrome Windows 7 55.0]     -> FAILED : loads adds a hundred revisions Error: Uncaught Error: expected 'aaaaaaaaaaaa
[chrome Windows 7 55.0]     aaaaaaaaaaaaaaaaaaaaaaaaaaaaaaaaaaaaaaaaaaaaaaaaaaaaaaaaaaaaaaaaaaaaaaaaaaaaaaaaaaaaaaaWelcome to Et
[chrome Windows 7 55.0]     herpad!This pad text is synchronized as you type, so that everyone viewing this page sees the same 
[chrome Windows 7 55.0]     text. This allows you to collaborate seamlessly on documents!Get involved with Etherpad at https://
[chrome Windows 7 55.0]     etherpad.orgWarning: DirtyDB is used. This is fine for testing but not recommended for production. 
[chrome Windows 7 55.0]     -- To suppress these warning messages change suppressErrorsInPadText to true in your settings.json'
[chrome Windows 7 55.0]      to sort of not equal 'aaaaaaaaaaaaaaaaaaaaaaaaaaaaaaaaaaaaaaaaaaaaaaaaaaaaaaaaaaaaaaaaaaaaaaaaaaaaa
[chrome Windows 7 55.0]     aaaaaaaaaaaaaaaaaaaaaaWelcome to Etherpad!This pad text is synchronized as you type, so that everyo
[chrome Windows 7 55.0]     ne viewing this page sees the same text. This allows you to collaborate seamlessly on documents!Get
[chrome Windows 7 55.0]      involved with Etherpad at https://etherpad.orgWarning: DirtyDB is used. This is fine for testing b
[chrome Windows 7 55.0]     ut not recommended for production. -- To suppress these warning messages change suppressErrorsInPadT
[chrome Windows 7 55.0]     ext to true in your settings.json' (http://localhost:9001/tests/frontend/lib/expect.js:99)
[chrome Windows 7 55.0]     -> PENDING: changes the url when clicking on the timeslider
[chrome Windows 7 55.0]     -> FAILED : jumps to a revision given in the url Error: Uncaught Error: expected 413 to 
[chrome Windows 7 55.0]     sort of equal 412 (http://localhost:9001/tests/frontend/lib/expect.js:99)
[chrome Windows 7 55.0]     -> PASSED : checks the export url   3352 ms
[chrome Windows 7 55.0] 
[chrome Windows 7 55.0] undo.js
[chrome Windows 7 55.0]   undo button
[chrome Windows 7 55.0]     -> PASSED : undo some typing by clicking undo button   39 ms
[chrome Windows 7 55.0]     -> PASSED : undo some typing using a keypress   27 ms
[chrome Windows 7 55.0] 
[chrome Windows 7 55.0] unordered_list.js
[chrome Windows 7 55.0]   assign unordered list
[chrome Windows 7 55.0]     -> PASSED : insert unordered list text then removes by outdent   55 ms
[chrome Windows 7 55.0]   unassign unordered list
[chrome Windows 7 55.0]     -> PASSED : insert unordered list text then remove by clicking list again   49 ms
[chrome Windows 7 55.0]   keep unordered list on enter key
[chrome Windows 7 55.0]     -> PASSED : Keeps the unordered list on enter for the new line   49 ms
[chrome Windows 7 55.0]   Pressing Tab in an UL increases and decreases indentation
[chrome Windows 7 55.0]     -> PASSED : indent and de-indent list item with keypress   84 ms
[chrome Windows 7 55.0]   Pressing indent/outdent button in an UL increases and decreases indentation and bullet / ol formatti
[chrome Windows 7 55.0]   ng
[chrome Windows 7 55.0]     -> PASSED : indent and de-indent list item with indent button   49 ms
[chrome Windows 7 55.0] 
[chrome Windows 7 55.0] urls_become_clickable.js
[chrome Windows 7 55.0]   urls
[chrome Windows 7 55.0]     -> PASSED : when you enter an url, it becomes clickable   22 ms
[chrome Windows 7 55.0]     -> PASSED : when you enter a url containing a !, it becomes clickable and contains the
[chrome Windows 7 55.0]      whole URL   34 ms
[chrome Windows 7 55.0]     -> PASSED : when you enter a url followed by a ], the ] is not included in the URL   2
[chrome Windows 7 55.0]     5 ms
[chrome Windows 7 55.0] 
[chrome Windows 7 55.0] xxauto_reconnect.js
[chrome Windows 7 55.0]   Automatic pad reload on Force Reconnect message
[chrome Windows 7 55.0]     -> PASSED : displays a count down timer to automatically reconnect   3 ms
[chrome Windows 7 55.0]     and user clicks on Cancel
[chrome Windows 7 55.0]       -> PASSED : does not show Cancel button nor timer anymore   3 ms
[chrome Windows 7 55.0]     and user does not click on Cancel until timer expires
[chrome Windows 7 55.0]       -> PASSED : reloads the pad   2674 ms
[chrome Windows 7 55.0] 
[chrome Windows 7 55.0] FINISHED - 103 tests passed, 3 tests failed, duration: 4:22
[chrome Windows 7 55.0] 
Remote sauce test '3d89eed - chrome 55.0, Windows 7' finished! https://saucelabs.com/jobs/2599eac655564b998c6a957d13d910de
[firefox Windows 7 52.0] alphabet.js
[firefox Windows 7 52.0]   All the alphabet works n stuff
[firefox Windows 7 52.0]     -> PASSED : when you enter any char it appears right   119 ms
[firefox Windows 7 52.0] 
[firefox Windows 7 52.0] authorship_of_editions.js
[firefox Windows 7 52.0]   author of pad edition
[firefox Windows 7 52.0]     -> PASSED : marks only the new content as changes of the second user on a regular line
[firefox Windows 7 52.0]        1014 ms
[firefox Windows 7 52.0]     -> PASSED : marks only the new content as changes of the second user on a line with or
[firefox Windows 7 52.0]     dered list   988 ms
[firefox Windows 7 52.0]     -> PASSED : marks only the new content as changes of the second user on a line with un
[firefox Windows 7 52.0]     ordered list   1006 ms
[firefox Windows 7 52.0] 
[firefox Windows 7 52.0] bold.js
[firefox Windows 7 52.0]   bold button
[firefox Windows 7 52.0]     -> PASSED : makes text bold on click   32 ms
[firefox Windows 7 52.0]     -> PASSED : makes text bold on keypress   21 ms
[firefox Windows 7 52.0] 
[firefox Windows 7 52.0] change_user_color.js
[firefox Windows 7 52.0]   change user color
[firefox Windows 7 52.0]     -> PASSED : Color picker matches original color and remembers the user color after a r
[firefox Windows 7 52.0]     efresh   2675 ms
[firefox Windows 7 52.0]     -> PASSED : Own user color is shown when you enter a chat   368 ms
[firefox Windows 7 52.0] 
[firefox Windows 7 52.0] change_user_name.js
[firefox Windows 7 52.0]   change username value
[firefox Windows 7 52.0]     -> PASSED : Remembers the user name after a refresh   2719 ms
[firefox Windows 7 52.0]     -> PASSED : Own user name is shown when you enter a chat   453 ms
[firefox Windows 7 52.0] 
[firefox Windows 7 52.0] chat.js
[firefox Windows 7 52.0]   Chat messages and UI
[firefox Windows 7 52.0]     -> PASSED : opens chat, sends a message and makes sure it exists on the page   167 ms
[firefox Windows 7 52.0]     -> PASSED : makes sure that an empty message can't be sent   232 ms
[firefox Windows 7 52.0]     -> PASSED : makes chat stick to right side of the screen   333 ms
[firefox Windows 7 52.0]     -> PASSED : makes chat stick to right side of the screen then makes it one step smalle
[firefox Windows 7 52.0]     r   139 ms
[firefox Windows 7 52.0]     -> PENDING: Checks showChat=false URL Parameter hides chat then when removed it shows
[firefox Windows 7 52.0]      chat
[firefox Windows 7 52.0] 
[firefox Windows 7 52.0] chat_load_messages.js
[firefox Windows 7 52.0]   chat-load-messages
[firefox Windows 7 52.0]     -> PASSED : creates a pad   1621 ms
[firefox Windows 7 52.0]     -> PASSED : adds a lot of messages   3024 ms
[firefox Windows 7 52.0]     -> PASSED : checks initial message count   34 ms
[firefox Windows 7 52.0]     -> PASSED : loads more messages   133 ms
[firefox Windows 7 52.0]     -> PASSED : checks for button vanishing   141 ms
[firefox Windows 7 52.0] 
[firefox Windows 7 52.0] clear_authorship_colors.js
[firefox Windows 7 52.0]   clear authorship colors button
[firefox Windows 7 52.0]     -> PASSED : makes text clear authorship colors   83 ms
[firefox Windows 7 52.0]     -> PASSED : makes text clear authorship colors and checks it can't be undone   95 ms
[firefox Windows 7 52.0] 
[firefox Windows 7 52.0] delete.js
[firefox Windows 7 52.0]   delete keystroke
[firefox Windows 7 52.0]     -> PASSED : makes text delete   11 ms
[firefox Windows 7 52.0] 
[firefox Windows 7 52.0] drag_and_drop.js
[firefox Windows 7 52.0]   drag and drop
[firefox Windows 7 52.0]     when user drags part of one line and drops it far form its original place
[firefox Windows 7 52.0]       and user triggers UNDO
[firefox Windows 7 52.0]         -> PASSED : moves text back to its original place   7 ms
[firefox Windows 7 52.0]     when user drags some lines far form its original place
[firefox Windows 7 52.0]       and user triggers UNDO
[firefox Windows 7 52.0]         -> PASSED : moves text back to its original place   5 ms
[firefox Windows 7 52.0] 
[firefox Windows 7 52.0] embed_value.js
[firefox Windows 7 52.0]   embed links
[firefox Windows 7 52.0]     read and write
[firefox Windows 7 52.0]       the share link
[firefox Windows 7 52.0]         -> PASSED : is the actual pad url   27 ms
[firefox Windows 7 52.0]       the embed as iframe code
[firefox Windows 7 52.0]         -> PASSED : is an iframe with the the correct url parameters and correct size   18 ms
[firefox Windows 7 52.0]     when read only option is set
[firefox Windows 7 52.0]       the share link
[firefox Windows 7 52.0]         -> PASSED : shows a read only url   19 ms
[firefox Windows 7 52.0]       the embed as iframe code
[firefox Windows 7 52.0]         -> PASSED : is an iframe with the the correct url parameters and correct size   21 ms
[firefox Windows 7 52.0] 
[firefox Windows 7 52.0] enter.js
[firefox Windows 7 52.0]   enter keystroke
[firefox Windows 7 52.0]     -> PASSED : creates a new line & puts cursor onto a new line   54 ms
[firefox Windows 7 52.0] 
[firefox Windows 7 52.0] font_type.js
[firefox Windows 7 52.0]   font select
[firefox Windows 7 52.0]     -> PASSED : makes text RobotoMono   29 ms
[firefox Windows 7 52.0] 
[firefox Windows 7 52.0] helper.js
[firefox Windows 7 52.0]   the test helper
[firefox Windows 7 52.0]     the newPad method
[firefox Windows 7 52.0]       -> PENDING: doesn't leak memory if you creates iframes over and over again
[firefox Windows 7 52.0]       -> PASSED : gives me 3 jquery instances of chrome, outer and inner   1532 ms
[firefox Windows 7 52.0]       -> PASSED : clears cookies   4352 ms
[firefox Windows 7 52.0]       -> PASSED : sets pad prefs cookie   2906 ms
[firefox Windows 7 52.0]     the waitFor method
[firefox Windows 7 52.0]       -> PASSED : takes a timeout and waits long enough   1513 ms
[firefox Windows 7 52.0]       -> PASSED : takes an interval and checks on every interval   2015 ms
[firefox Windows 7 52.0]       returns a deferred object
[firefox Windows 7 52.0]         -> PASSED : it calls done after success   18 ms
[firefox Windows 7 52.0]         -> PASSED : calls fail after failure   1909 ms
[firefox Windows 7 52.0]         -> PENDING: throws if you don't listen for fails
[firefox Windows 7 52.0]     the selectLines method
[firefox Windows 7 52.0]       -> PASSED : changes editor selection to be between startOffset of $startLine and endOf
[firefox Windows 7 52.0]       fset of $endLine   8 ms
[firefox Windows 7 52.0]       -> PASSED : ends selection at beginning of $endLine when it is an empty line   6 ms
[firefox Windows 7 52.0]       -> PASSED : ends selection at beginning of $endLine when its offset is zero   7 ms
[firefox Windows 7 52.0]       -> PASSED : selects full line when offset is longer than line content   2 ms
[firefox Windows 7 52.0]       -> PASSED : selects all text between beginning of $startLine and end of $endLine when 
[firefox Windows 7 52.0]       no offset is provided   3 ms
[firefox Windows 7 52.0] 
[firefox Windows 7 52.0] importexport.js
[firefox Windows 7 52.0]   import functionality
[firefox Windows 7 52.0]     -> PENDING: import a pad with newlines from txt
[firefox Windows 7 52.0]     -> PENDING: import a pad with newlines from html
[firefox Windows 7 52.0]     -> PENDING: import a pad with attributes from html
[firefox Windows 7 52.0]     -> PENDING: import a pad with bullets from html
[firefox Windows 7 52.0]     -> PENDING: import a pad with bullets and newlines from html
[firefox Windows 7 52.0]     -> PENDING: import a pad with bullets and newlines and attributes from html
[firefox Windows 7 52.0]     -> PENDING: import a pad with nested bullets from html
[firefox Windows 7 52.0]     -> PENDING: import a pad with 8 levels of bullets and newlines and attributes from ht
[firefox Windows 7 52.0]     ml
[firefox Windows 7 52.0]     -> PENDING: import a pad with ordered lists from html
[firefox Windows 7 52.0]     -> PENDING: import a pad with ordered lists and newlines from html
[firefox Windows 7 52.0]     -> PENDING: import a pad with nested ordered lists and attributes and newlines from h
[firefox Windows 7 52.0]     tml
[firefox Windows 7 52.0] 
[firefox Windows 7 52.0] importindents.js
[firefox Windows 7 52.0]   import indents functionality
[firefox Windows 7 52.0]     -> PENDING: import a pad with indents from html
[firefox Windows 7 52.0]     -> PENDING: import a pad with indented lists and newlines from html
[firefox Windows 7 52.0]     -> PENDING: import a pad with 8 levels of indents and newlines and attributes from ht
[firefox Windows 7 52.0]     ml
[firefox Windows 7 52.0] 
[firefox Windows 7 52.0] indentation.js
[firefox Windows 7 52.0]   indentation button
[firefox Windows 7 52.0]     -> PASSED : indent text with keypress   56 ms
[firefox Windows 7 52.0]     -> PASSED : indent text with button   84 ms
[firefox Windows 7 52.0]     -> PASSED : keeps the indent on enter for the new line   95 ms
[firefox Windows 7 52.0]     -> PASSED : indents text with spaces on enter if previous line ends with ':', '[', '('
[firefox Windows 7 52.0]     , or '{'   181 ms
[firefox Windows 7 52.0]     -> PASSED : appends indentation to the indent of previous line if previous line ends w
[firefox Windows 7 52.0]     ith ':', '[', '(', or '{'   94 ms
[firefox Windows 7 52.0]     -> PASSED : issue #2772 shows '*' when multiple indented lines receive a style and are
[firefox Windows 7 52.0]      outdented   183 ms
[firefox Windows 7 52.0] 
[firefox Windows 7 52.0] italic.js
[firefox Windows 7 52.0]   italic some text
[firefox Windows 7 52.0]     -> PASSED : makes text italic using button   44 ms
[firefox Windows 7 52.0]     -> PASSED : makes text italic using keypress   29 ms
[firefox Windows 7 52.0] 
[firefox Windows 7 52.0] language.js
[firefox Windows 7 52.0]   Language select and change
[firefox Windows 7 52.0]     -> PASSED : makes text german   301 ms
[firefox Windows 7 52.0]     -> PASSED : makes text English   150 ms
[firefox Windows 7 52.0]     -> PASSED : changes direction when picking an rtl lang   424 ms
[firefox Windows 7 52.0]     -> PASSED : changes direction when picking an ltr lang   109 ms
[firefox Windows 7 52.0] 
[firefox Windows 7 52.0] multiple_authors_clear_authorship_colors.js
[firefox Windows 7 52.0]   author of pad edition
[firefox Windows 7 52.0]     -> PASSED : Clears Authorship by second user   34 ms
[firefox Windows 7 52.0] 
[firefox Windows 7 52.0] ordered_list.js
[firefox Windows 7 52.0]   assign ordered list
[firefox Windows 7 52.0]     -> PASSED : inserts ordered list text   63 ms
[firefox Windows 7 52.0]     -> PENDING: issue #1125 keeps the numbered list on enter for the new line - EMULATES 
[firefox Windows 7 52.0]     PASTING INTO A PAD
[firefox Windows 7 52.0]     when user presses Ctrl+Shift+N
[firefox Windows 7 52.0]       and pad shortcut is enabled
[firefox Windows 7 52.0]         -> PASSED : inserts unordered list   22 ms
[firefox Windows 7 52.0]       and pad shortcut is disabled
[firefox Windows 7 52.0]         -> PASSED : does not insert unordered list   1903 ms
[firefox Windows 7 52.0]     when user presses Ctrl+Shift+1
[firefox Windows 7 52.0]       and pad shortcut is enabled
[firefox Windows 7 52.0]         -> PASSED : inserts unordered list   21 ms
[firefox Windows 7 52.0]       and pad shortcut is disabled
[firefox Windows 7 52.0]         -> PASSED : does not insert unordered list   1915 ms
[firefox Windows 7 52.0]   Pressing Tab in an OL increases and decreases indentation
[firefox Windows 7 52.0]     -> PASSED : indent and de-indent list item with keypress   93 ms
[firefox Windows 7 52.0]   Pressing indent/outdent button in an OL increases and decreases indentation and bullet / ol formatti
[firefox Windows 7 52.0]   ng
[firefox Windows 7 52.0]     -> PASSED : indent and de-indent list item with indent button   122 ms
[firefox Windows 7 52.0] 
[firefox Windows 7 52.0] pad_modal.js
[firefox Windows 7 52.0]   Pad modal
[firefox Windows 7 52.0]     when modal is a "force reconnect" message
[firefox Windows 7 52.0]       -> PASSED : disables editor   2 ms
[firefox Windows 7 52.0]       and user clicks on editor
[firefox Windows 7 52.0]         -> PASSED : does not close the modal   3 ms
[firefox Windows 7 52.0]       and user clicks on pad outer
[firefox Windows 7 52.0]         -> PASSED : does not close the modal   4 ms
[firefox Windows 7 52.0]     when modal is not an error message
[firefox Windows 7 52.0]       and user clicks on editor
[firefox Windows 7 52.0]         -> PASSED : closes the modal   3 ms
[firefox Windows 7 52.0]       and user clicks on pad outer
[firefox Windows 7 52.0]         -> PASSED : closes the modal   1 ms
[firefox Windows 7 52.0] 
[firefox Windows 7 52.0] redo.js
[firefox Windows 7 52.0]   undo button then redo button
[firefox Windows 7 52.0]     -> PASSED : redo some typing with button   98 ms
[firefox Windows 7 52.0]     -> PASSED : redo some typing with keypress   61 ms
[firefox Windows 7 52.0] 
[firefox Windows 7 52.0] responsiveness.js
[firefox Windows 7 52.0]   Responsiveness of Editor
[firefox Windows 7 52.0]     -> PENDING: Fast response to keypress in pad with large amount of contents
[firefox Windows 7 52.0] 
[firefox Windows 7 52.0] select_formatting_buttons.js
[firefox Windows 7 52.0]   select formatting buttons when selection has style applied
[firefox Windows 7 52.0]     when selection is in a text with italic applied
[firefox Windows 7 52.0]       -> PASSED : selects the italic button   16 ms
[firefox Windows 7 52.0]     when caret is in a position with italic applied
[firefox Windows 7 52.0]       -> PASSED : selects the italic button   21 ms
[firefox Windows 7 52.0]     when selection is in a text with bold applied
[firefox Windows 7 52.0]       -> PASSED : selects the bold button   22 ms
[firefox Windows 7 52.0]     when caret is in a position with bold applied
[firefox Windows 7 52.0]       -> PASSED : selects the bold button   15 ms
[firefox Windows 7 52.0]     when selection is in a text with underline applied
[firefox Windows 7 52.0]       -> PASSED : selects the underline button   17 ms
[firefox Windows 7 52.0]     when caret is in a position with underline applied
[firefox Windows 7 52.0]       -> PASSED : selects the underline button   12 ms
[firefox Windows 7 52.0]     when selection is in a text with strikethrough applied
[firefox Windows 7 52.0]       -> PASSED : selects the strikethrough button   16 ms
[firefox Windows 7 52.0]     when caret is in a position with strikethrough applied
[firefox Windows 7 52.0]       -> PASSED : selects the strikethrough button   17 ms
[firefox Windows 7 52.0]     when user applies a style and the selection does not change
[firefox Windows 7 52.0]       -> PASSED : selects the style button   3 ms
[firefox Windows 7 52.0]     when user presses CMD + I
[firefox Windows 7 52.0]       -> PASSED : selects the italic button   18 ms
[firefox Windows 7 52.0]       and user presses CMD + I again
[firefox Windows 7 52.0]         -> PASSED : deselects the italic button   13 ms
[firefox Windows 7 52.0]     when user presses CMD + B
[firefox Windows 7 52.0]       -> PASSED : selects the bold button   13 ms
[firefox Windows 7 52.0]       and user presses CMD + B again
[firefox Windows 7 52.0]         -> PASSED : deselects the bold button   24 ms
[firefox Windows 7 52.0]     when user presses CMD + U
[firefox Windows 7 52.0]       -> PASSED : selects the underline button   14 ms
[firefox Windows 7 52.0]       and user presses CMD + U again
[firefox Windows 7 52.0]         -> PASSED : deselects the underline button   15 ms
[firefox Windows 7 52.0]     when user presses CMD + 5
[firefox Windows 7 52.0]       -> PASSED : selects the strikethrough button   13 ms
[firefox Windows 7 52.0]       and user presses CMD + 5 again
[firefox Windows 7 52.0]         -> PASSED : deselects the strikethrough button   14 ms
[firefox Windows 7 52.0] 
[firefox Windows 7 52.0] strikethrough.js
[firefox Windows 7 52.0]   strikethrough button
[firefox Windows 7 52.0]     -> PASSED : makes text strikethrough   26 ms
[firefox Windows 7 52.0] 
[firefox Windows 7 52.0] timeslider.js
[firefox Windows 7 52.0]   timeslider button takes you to the timeslider of a pad
[firefox Windows 7 52.0]     -> PENDING: timeslider contained in URL
[firefox Windows 7 52.0] 
[firefox Windows 7 52.0] timeslider_follow.js
[firefox Windows 7 52.0]   timeslider
[firefox Windows 7 52.0]     -> PASSED : follow content as it's added to timeslider   12048 ms
[firefox Windows 7 52.0] 
[firefox Windows 7 52.0] timeslider_labels.js
[firefox Windows 7 52.0]   timeslider
[firefox Windows 7 52.0]     -> PASSED : Shows a date and time in the timeslider and make sure it doesn't include N
[firefox Windows 7 52.0]     aN   4466 ms
[firefox Windows 7 52.0] 
[firefox Windows 7 52.0] timeslider_numeric_padID.js
[firefox Windows 7 52.0]   timeslider
[firefox Windows 7 52.0]     -> PASSED : Makes sure the export URIs are as expected when the padID is numeric   445
[firefox Windows 7 52.0]     8 ms
[firefox Windows 7 52.0] 
[firefox Windows 7 52.0] timeslider_revisions.js
[firefox Windows 7 52.0]   timeslider
[firefox Windows 7 52.0]     -> PASSED : loads adds a hundred revisions   96183 ms
[firefox Windows 7 52.0]     -> PENDING: changes the url when clicking on the timeslider
[firefox Windows 7 52.0]     -> PASSED : jumps to a revision given in the url   2040 ms
[firefox Windows 7 52.0]     -> PASSED : checks the export url   3465 ms
[firefox Windows 7 52.0] 
[firefox Windows 7 52.0] undo.js
[firefox Windows 7 52.0]   undo button
[firefox Windows 7 52.0]     -> PASSED : undo some typing by clicking undo button   89 ms
[firefox Windows 7 52.0]     -> PASSED : undo some typing using a keypress   84 ms
[firefox Windows 7 52.0] 
[firefox Windows 7 52.0] unordered_list.js
[firefox Windows 7 52.0]   assign unordered list
[firefox Windows 7 52.0]     -> PASSED : insert unordered list text then removes by outdent   99 ms
[firefox Windows 7 52.0]   unassign unordered list
[firefox Windows 7 52.0]     -> PASSED : insert unordered list text then remove by clicking list again   118 ms
[firefox Windows 7 52.0]   keep unordered list on enter key
[firefox Windows 7 52.0]     -> PASSED : Keeps the unordered list on enter for the new line   112 ms
[firefox Windows 7 52.0]   Pressing Tab in an UL increases and decreases indentation
[firefox Windows 7 52.0]     -> PASSED : indent and de-indent list item with keypress   115 ms
[firefox Windows 7 52.0]   Pressing indent/outdent button in an UL increases and decreases indentation and bullet / ol formatti
[firefox Windows 7 52.0]   ng
[firefox Windows 7 52.0]     -> PASSED : indent and de-indent list item with indent button   138 ms
[firefox Windows 7 52.0] 
[firefox Windows 7 52.0] urls_become_clickable.js
[firefox Windows 7 52.0]   urls
[firefox Windows 7 52.0]     -> PASSED : when you enter an url, it becomes clickable   75 ms
[firefox Windows 7 52.0]     -> PASSED : when you enter a url containing a !, it becomes clickable and contains the
[firefox Windows 7 52.0]      whole URL   72 ms
[firefox Windows 7 52.0]     -> PASSED : when you enter a url followed by a ], the ] is not included in the URL   9
[firefox Windows 7 52.0]     8 ms
[firefox Windows 7 52.0] 
[firefox Windows 7 52.0] xxauto_reconnect.js
[firefox Windows 7 52.0]   Automatic pad reload on Force Reconnect message
[firefox Windows 7 52.0]     -> PASSED : displays a count down timer to automatically reconnect   2 ms
[firefox Windows 7 52.0]     and user clicks on Cancel
[firefox Windows 7 52.0]       -> PASSED : does not show Cancel button nor timer anymore   7 ms
[firefox Windows 7 52.0]     and user does not click on Cancel until timer expires
[firefox Windows 7 52.0]       -> PASSED : reloads the pad   2648 ms
[firefox Windows 7 52.0] 
[firefox Windows 7 52.0] FINISHED - 106 tests passed, 0 tests failed, duration: 5:1
[firefox Windows 7 52.0] 
Remote sauce test '3d89eed - firefox 52.0, Windows 7' finished! https://saucelabs.com/jobs/ac317c1095234d99b0ec60f72088d101
[safari OS X 10.14 12.0] alphabet.js
[safari OS X 10.14 12.0]   All the alphabet works n stuff
[safari OS X 10.14 12.0]     -> PASSED : when you enter any char it appears right   36 ms
[safari OS X 10.14 12.0] 
[safari OS X 10.14 12.0] authorship_of_editions.js
[safari OS X 10.14 12.0]   author of pad edition
[safari OS X 10.14 12.0]     -> PASSED : marks only the new content as changes of the second user on a regular line
[safari OS X 10.14 12.0]        525 ms
[safari OS X 10.14 12.0]     -> PASSED : marks only the new content as changes of the second user on a line with or
[safari OS X 10.14 12.0]     dered list   999 ms
[safari OS X 10.14 12.0]     -> PASSED : marks only the new content as changes of the second user on a line with un
[safari OS X 10.14 12.0]     ordered list   1000 ms
[safari OS X 10.14 12.0] 
[safari OS X 10.14 12.0] bold.js
[safari OS X 10.14 12.0]   bold button
[safari OS X 10.14 12.0]     -> PASSED : makes text bold on click   9 ms
[safari OS X 10.14 12.0]     -> PASSED : makes text bold on keypress   8 ms
[safari OS X 10.14 12.0] 
[safari OS X 10.14 12.0] change_user_color.js
[safari OS X 10.14 12.0]   change user color
[safari OS X 10.14 12.0]     -> PASSED : Color picker matches original color and remembers the user color after a r
[safari OS X 10.14 12.0]     efresh   4154 ms
[safari OS X 10.14 12.0]     -> PASSED : Own user color is shown when you enter a chat   367 ms
[safari OS X 10.14 12.0] 
[safari OS X 10.14 12.0] change_user_name.js
[safari OS X 10.14 12.0]   change username value
[safari OS X 10.14 12.0]     -> PASSED : Remembers the user name after a refresh   4144 ms
[safari OS X 10.14 12.0]     -> PASSED : Own user name is shown when you enter a chat   331 ms
[safari OS X 10.14 12.0] 
[safari OS X 10.14 12.0] chat.js
[safari OS X 10.14 12.0]   Chat messages and UI
[safari OS X 10.14 12.0]     -> PASSED : opens chat, sends a message and makes sure it exists on the page   213 ms
[safari OS X 10.14 12.0]     -> PASSED : makes sure that an empty message can't be sent   168 ms
[safari OS X 10.14 12.0]     -> PASSED : makes chat stick to right side of the screen   473 ms
[safari OS X 10.14 12.0]     -> PASSED : makes chat stick to right side of the screen then makes it one step smalle
[safari OS X 10.14 12.0]     r   70 ms
[safari OS X 10.14 12.0]     -> PENDING: Checks showChat=false URL Parameter hides chat then when removed it shows
[safari OS X 10.14 12.0]      chat
[safari OS X 10.14 12.0] 
[safari OS X 10.14 12.0] chat_load_messages.js
[safari OS X 10.14 12.0]   chat-load-messages
[safari OS X 10.14 12.0]     -> PASSED : creates a pad   3095 ms
[safari OS X 10.14 12.0]     -> PASSED : adds a lot of messages   4753 ms
[safari OS X 10.14 12.0]     -> PASSED : checks initial message count   59 ms
[safari OS X 10.14 12.0]     -> PASSED : loads more messages   174 ms
[safari OS X 10.14 12.0]     -> PASSED : checks for button vanishing   203 ms
[safari OS X 10.14 12.0] 
[safari OS X 10.14 12.0] clear_authorship_colors.js
[safari OS X 10.14 12.0]   clear authorship colors button
[safari OS X 10.14 12.0]     -> PASSED : makes text clear authorship colors   573 ms
[safari OS X 10.14 12.0]     -> PASSED : makes text clear authorship colors and checks it can't be undone   567 ms
[safari OS X 10.14 12.0] 
[safari OS X 10.14 12.0] delete.js
[safari OS X 10.14 12.0]   delete keystroke
[safari OS X 10.14 12.0]     -> PASSED : makes text delete   8 ms
[safari OS X 10.14 12.0] 
[safari OS X 10.14 12.0] drag_and_drop.js
[safari OS X 10.14 12.0]   drag and drop
[safari OS X 10.14 12.0]     when user drags part of one line and drops it far form its original place
[safari OS X 10.14 12.0]       and user triggers UNDO
[safari OS X 10.14 12.0]         -> PASSED : moves text back to its original place   2 ms
[safari OS X 10.14 12.0]     when user drags some lines far form its original place
[safari OS X 10.14 12.0]       and user triggers UNDO
[safari OS X 10.14 12.0]         -> PASSED : moves text back to its original place   2 ms
[safari OS X 10.14 12.0] 
[safari OS X 10.14 12.0] embed_value.js
[safari OS X 10.14 12.0]   embed links
[safari OS X 10.14 12.0]     read and write
[safari OS X 10.14 12.0]       the share link
[safari OS X 10.14 12.0]         -> PASSED : is the actual pad url   8 ms
[safari OS X 10.14 12.0]       the embed as iframe code
[safari OS X 10.14 12.0]         -> PASSED : is an iframe with the the correct url parameters and correct size   11 ms
[safari OS X 10.14 12.0]     when read only option is set
[safari OS X 10.14 12.0]       the share link
[safari OS X 10.14 12.0]         -> PASSED : shows a read only url   9 ms
[safari OS X 10.14 12.0]       the embed as iframe code
[safari OS X 10.14 12.0]         -> PASSED : is an iframe with the the correct url parameters and correct size   6 ms
[safari OS X 10.14 12.0] 
[safari OS X 10.14 12.0] enter.js
[safari OS X 10.14 12.0]   enter keystroke
[safari OS X 10.14 12.0]     -> PASSED : creates a new line & puts cursor onto a new line   26 ms
[safari OS X 10.14 12.0] 
[safari OS X 10.14 12.0] font_type.js
[safari OS X 10.14 12.0]   font select
[safari OS X 10.14 12.0]     -> PASSED : makes text RobotoMono   19 ms
[safari OS X 10.14 12.0] 
[safari OS X 10.14 12.0] helper.js
[safari OS X 10.14 12.0]   the test helper
[safari OS X 10.14 12.0]     the newPad method
[safari OS X 10.14 12.0]       -> PENDING: doesn't leak memory if you creates iframes over and over again
[safari OS X 10.14 12.0]       -> PASSED : gives me 3 jquery instances of chrome, outer and inner   3226 ms
[safari OS X 10.14 12.0]       -> FAILED : clears cookies Error: Error: Pad never loaded (http://localhost:9001/tests/f
[safari OS X 10.14 12.0]       rontend/helper.js:143)
[safari OS X 10.14 12.0]       (http://localhost:9001/tests/frontend/lib/mocha.js:64)
[safari OS X 10.14 12.0]       -> PASSED : sets pad prefs cookie   3330 ms
[safari OS X 10.14 12.0]     the waitFor method
[safari OS X 10.14 12.0]       -> PASSED : takes a timeout and waits long enough   1502 ms
[safari OS X 10.14 12.0]       -> PASSED : takes an interval and checks on every interval   2002 ms
[safari OS X 10.14 12.0]       returns a deferred object
[safari OS X 10.14 12.0]         -> PASSED : it calls done after success   16 ms
[safari OS X 10.14 12.0]         -> PASSED : calls fail after failure   1901 ms
[safari OS X 10.14 12.0]         -> PENDING: throws if you don't listen for fails
[safari OS X 10.14 12.0]     the selectLines method
[safari OS X 10.14 12.0]       -> PASSED : changes editor selection to be between startOffset of $startLine and endOf
[safari OS X 10.14 12.0]       fset of $endLine   5 ms
[safari OS X 10.14 12.0]       -> PASSED : ends selection at beginning of $endLine when it is an empty line   1 ms
[safari OS X 10.14 12.0]       -> PASSED : ends selection at beginning of $endLine when its offset is zero   1 ms
[safari OS X 10.14 12.0]       -> PASSED : selects full line when offset is longer than line content   1 ms
[safari OS X 10.14 12.0]       -> PASSED : selects all text between beginning of $startLine and end of $endLine when 
[safari OS X 10.14 12.0]       no offset is provided   1 ms
[safari OS X 10.14 12.0] 
[safari OS X 10.14 12.0] importexport.js
[safari OS X 10.14 12.0]   import functionality
[safari OS X 10.14 12.0]     -> PENDING: import a pad with newlines from txt
[safari OS X 10.14 12.0]     -> PENDING: import a pad with newlines from html
[safari OS X 10.14 12.0]     -> PENDING: import a pad with attributes from html
[safari OS X 10.14 12.0]     -> PENDING: import a pad with bullets from html
[safari OS X 10.14 12.0]     -> PENDING: import a pad with bullets and newlines from html
[safari OS X 10.14 12.0]     -> PENDING: import a pad with bullets and newlines and attributes from html
[safari OS X 10.14 12.0]     -> PENDING: import a pad with nested bullets from html
[safari OS X 10.14 12.0]     -> PENDING: import a pad with 8 levels of bullets and newlines and attributes from ht
[safari OS X 10.14 12.0]     ml
[safari OS X 10.14 12.0]     -> PENDING: import a pad with ordered lists from html
[safari OS X 10.14 12.0]     -> PENDING: import a pad with ordered lists and newlines from html
[safari OS X 10.14 12.0]     -> PENDING: import a pad with nested ordered lists and attributes and newlines from h
[safari OS X 10.14 12.0]     tml
[safari OS X 10.14 12.0] 
[safari OS X 10.14 12.0] importindents.js
[safari OS X 10.14 12.0]   import indents functionality
[safari OS X 10.14 12.0]     -> PENDING: import a pad with indents from html
[safari OS X 10.14 12.0]     -> PENDING: import a pad with indented lists and newlines from html
[safari OS X 10.14 12.0]     -> PENDING: import a pad with 8 levels of indents and newlines and attributes from ht
[safari OS X 10.14 12.0]     ml
[safari OS X 10.14 12.0] 
[safari OS X 10.14 12.0] indentation.js
[safari OS X 10.14 12.0]   indentation button
[safari OS X 10.14 12.0]     -> PASSED : indent text with keypress   22 ms
[safari OS X 10.14 12.0]     -> PASSED : indent text with button   19 ms
[safari OS X 10.14 12.0]     -> PASSED : keeps the indent on enter for the new line   69 ms
[safari OS X 10.14 12.0]     -> PASSED : indents text with spaces on enter if previous line ends with ':', '[', '('
[safari OS X 10.14 12.0]     , or '{'   107 ms
[safari OS X 10.14 12.0]     -> PASSED : appends indentation to the indent of previous line if previous line ends w
[safari OS X 10.14 12.0]     ith ':', '[', '(', or '{'   559 ms
[safari OS X 10.14 12.0]     -> PASSED : issue #2772 shows '*' when multiple indented lines receive a style and are
[safari OS X 10.14 12.0]      outdented   121 ms
[safari OS X 10.14 12.0] 
[safari OS X 10.14 12.0] italic.js
[safari OS X 10.14 12.0]   italic some text
[safari OS X 10.14 12.0]     -> PASSED : makes text italic using button   10 ms
[safari OS X 10.14 12.0]     -> PASSED : makes text italic using keypress   13 ms
[safari OS X 10.14 12.0] 
[safari OS X 10.14 12.0] language.js
[safari OS X 10.14 12.0]   Language select and change
[safari OS X 10.14 12.0]     -> PASSED : makes text german   283 ms
[safari OS X 10.14 12.0]     -> PASSED : makes text English   61 ms
[safari OS X 10.14 12.0]     -> PASSED : changes direction when picking an rtl lang   434 ms
[safari OS X 10.14 12.0]     -> PASSED : changes direction when picking an ltr lang   78 ms
[safari OS X 10.14 12.0] 
[safari OS X 10.14 12.0] multiple_authors_clear_authorship_colors.js
[safari OS X 10.14 12.0]   author of pad edition
[safari OS X 10.14 12.0]     -> PASSED : Clears Authorship by second user   16 ms
[safari OS X 10.14 12.0] 
[safari OS X 10.14 12.0] ordered_list.js
[safari OS X 10.14 12.0]   assign ordered list
[safari OS X 10.14 12.0]     -> PASSED : inserts ordered list text   44 ms
[safari OS X 10.14 12.0]     -> PENDING: issue #1125 keeps the numbered list on enter for the new line - EMULATES 
[safari OS X 10.14 12.0]     PASTING INTO A PAD
[safari OS X 10.14 12.0]     when user presses Ctrl+Shift+N
[safari OS X 10.14 12.0]       and pad shortcut is enabled
[safari OS X 10.14 12.0]         -> PASSED : inserts unordered list   11 ms
[safari OS X 10.14 12.0]       and pad shortcut is disabled
[safari OS X 10.14 12.0]         -> PASSED : does not insert unordered list   1901 ms
[safari OS X 10.14 12.0]     when user presses Ctrl+Shift+1
[safari OS X 10.14 12.0]       and pad shortcut is enabled
[safari OS X 10.14 12.0]         -> PASSED : inserts unordered list   15 ms
[safari OS X 10.14 12.0]       and pad shortcut is disabled
[safari OS X 10.14 12.0]         -> PASSED : does not insert unordered list   1902 ms
[safari OS X 10.14 12.0]   Pressing Tab in an OL increases and decreases indentation
[safari OS X 10.14 12.0]     -> PASSED : indent and de-indent list item with keypress   56 ms
[safari OS X 10.14 12.0]   Pressing indent/outdent button in an OL increases and decreases indentation and bullet / ol formatti
[safari OS X 10.14 12.0]   ng
[safari OS X 10.14 12.0]     -> PASSED : indent and de-indent list item with indent button   49 ms
[safari OS X 10.14 12.0] 
[safari OS X 10.14 12.0] pad_modal.js
[safari OS X 10.14 12.0]   Pad modal
[safari OS X 10.14 12.0]     when modal is a "force reconnect" message
[safari OS X 10.14 12.0]       -> PASSED : disables editor   1 ms
[safari OS X 10.14 12.0]       and user clicks on editor
[safari OS X 10.14 12.0]         -> PASSED : does not close the modal   0 ms
[safari OS X 10.14 12.0]       and user clicks on pad outer
[safari OS X 10.14 12.0]         -> PASSED : does not close the modal   1 ms
[safari OS X 10.14 12.0]     when modal is not an error message
[safari OS X 10.14 12.0]       and user clicks on editor
[safari OS X 10.14 12.0]         -> PASSED : closes the modal   1 ms
[safari OS X 10.14 12.0]       and user clicks on pad outer
[safari OS X 10.14 12.0]         -> PASSED : closes the modal   1 ms
[safari OS X 10.14 12.0] 
[safari OS X 10.14 12.0] redo.js
[safari OS X 10.14 12.0]   undo button then redo button
[safari OS X 10.14 12.0]     -> PASSED : redo some typing with button   60 ms
[safari OS X 10.14 12.0]     -> PASSED : redo some typing with keypress   40 ms
[safari OS X 10.14 12.0] 
[safari OS X 10.14 12.0] responsiveness.js
[safari OS X 10.14 12.0]   Responsiveness of Editor
[safari OS X 10.14 12.0]     -> PENDING: Fast response to keypress in pad with large amount of contents
[safari OS X 10.14 12.0] 
[safari OS X 10.14 12.0] select_formatting_buttons.js
[safari OS X 10.14 12.0]   select formatting buttons when selection has style applied
[safari OS X 10.14 12.0]     when selection is in a text with italic applied
[safari OS X 10.14 12.0]       -> PASSED : selects the italic button   43 ms
[safari OS X 10.14 12.0]     when caret is in a position with italic applied
[safari OS X 10.14 12.0]       -> PASSED : selects the italic button   17 ms
[safari OS X 10.14 12.0]     when selection is in a text with bold applied
[safari OS X 10.14 12.0]       -> PASSED : selects the bold button   47 ms
[safari OS X 10.14 12.0]     when caret is in a position with bold applied
[safari OS X 10.14 12.0]       -> PASSED : selects the bold button   47 ms
[safari OS X 10.14 12.0]     when selection is in a text with underline applied
[safari OS X 10.14 12.0]       -> PASSED : selects the underline button   25 ms
[safari OS X 10.14 12.0]     when caret is in a position with underline applied
[safari OS X 10.14 12.0]       -> PASSED : selects the underline button   21 ms
[safari OS X 10.14 12.0]     when selection is in a text with strikethrough applied
[safari OS X 10.14 12.0]       -> PASSED : selects the strikethrough button   35 ms
[safari OS X 10.14 12.0]     when caret is in a position with strikethrough applied
[safari OS X 10.14 12.0]       -> PASSED : selects the strikethrough button   22 ms
[safari OS X 10.14 12.0]     when user applies a style and the selection does not change
[safari OS X 10.14 12.0]       -> PASSED : selects the style button   2 ms
[safari OS X 10.14 12.0]     when user presses CMD + I
[safari OS X 10.14 12.0]       -> PASSED : selects the italic button   49 ms
[safari OS X 10.14 12.0]       and user presses CMD + I again
[safari OS X 10.14 12.0]         -> PASSED : deselects the italic button   43 ms
[safari OS X 10.14 12.0]     when user presses CMD + B
[safari OS X 10.14 12.0]       -> PASSED : selects the bold button   36 ms
[safari OS X 10.14 12.0]       and user presses CMD + B again
[safari OS X 10.14 12.0]         -> PASSED : deselects the bold button   42 ms
[safari OS X 10.14 12.0]     when user presses CMD + U
[safari OS X 10.14 12.0]       -> PASSED : selects the underline button   56 ms
[safari OS X 10.14 12.0]       and user presses CMD + U again
[safari OS X 10.14 12.0]         -> PASSED : deselects the underline button   32 ms
[safari OS X 10.14 12.0]     when user presses CMD + 5
[safari OS X 10.14 12.0]       -> PASSED : selects the strikethrough button   34 ms
[safari OS X 10.14 12.0]       and user presses CMD + 5 again
[safari OS X 10.14 12.0]         -> PASSED : deselects the strikethrough button   81 ms
[safari OS X 10.14 12.0] 
[safari OS X 10.14 12.0] strikethrough.js
[safari OS X 10.14 12.0]   strikethrough button
[safari OS X 10.14 12.0]     -> PASSED : makes text strikethrough   15 ms
[safari OS X 10.14 12.0] 
[safari OS X 10.14 12.0] timeslider.js
[safari OS X 10.14 12.0]   timeslider button takes you to the timeslider of a pad
[safari OS X 10.14 12.0]     -> PENDING: timeslider contained in URL
[safari OS X 10.14 12.0] 
[safari OS X 10.14 12.0] timeslider_follow.js
[safari OS X 10.14 12.0]   timeslider
[safari OS X 10.14 12.0]     -> PASSED : follow content as it's added to timeslider   12121 ms
[safari OS X 10.14 12.0] 
[safari OS X 10.14 12.0] timeslider_labels.js
[safari OS X 10.14 12.0]   timeslider
[safari OS X 10.14 12.0]     -> PASSED : Shows a date and time in the timeslider and make sure it doesn't include N
[safari OS X 10.14 12.0]     aN   4488 ms
[safari OS X 10.14 12.0] 
[safari OS X 10.14 12.0] timeslider_numeric_padID.js
[safari OS X 10.14 12.0]   timeslider
[safari OS X 10.14 12.0]     -> PASSED : Makes sure the export URIs are as expected when the padID is numeric   441
[safari OS X 10.14 12.0]     9 ms
[safari OS X 10.14 12.0] 
[safari OS X 10.14 12.0] timeslider_revisions.js
[safari OS X 10.14 12.0]   timeslider
[safari OS X 10.14 12.0]     -> PASSED : loads adds a hundred revisions   96134 ms
[safari OS X 10.14 12.0]     -> PENDING: changes the url when clicking on the timeslider
[safari OS X 10.14 12.0]     -> PASSED : jumps to a revision given in the url   2702 ms
[safari OS X 10.14 12.0]     -> PASSED : checks the export url   4376 ms
[safari OS X 10.14 12.0] 
[safari OS X 10.14 12.0] undo.js
[safari OS X 10.14 12.0]   undo button
[safari OS X 10.14 12.0]     -> PASSED : undo some typing by clicking undo button   27 ms
[safari OS X 10.14 12.0]     -> PASSED : undo some typing using a keypress   27 ms
[safari OS X 10.14 12.0] 
[safari OS X 10.14 12.0] unordered_list.js
[safari OS X 10.14 12.0]   assign unordered list
[safari OS X 10.14 12.0]     -> PASSED : insert unordered list text then removes by outdent   43 ms
[safari OS X 10.14 12.0]   unassign unordered list
[safari OS X 10.14 12.0]     -> PASSED : insert unordered list text then remove by clicking list again   48 ms
[safari OS X 10.14 12.0]   keep unordered list on enter key
[safari OS X 10.14 12.0]     -> PASSED : Keeps the unordered list on enter for the new line   47 ms
[safari OS X 10.14 12.0]   Pressing Tab in an UL increases and decreases indentation
[safari OS X 10.14 12.0]     -> PASSED : indent and de-indent list item with keypress   59 ms
[safari OS X 10.14 12.0]   Pressing indent/outdent button in an UL increases and decreases indentation and bullet / ol formatti
[safari OS X 10.14 12.0]   ng
[safari OS X 10.14 12.0]     -> PASSED : indent and de-indent list item with indent button   48 ms
[safari OS X 10.14 12.0] 
[safari OS X 10.14 12.0] urls_become_clickable.js
[safari OS X 10.14 12.0]   urls
[safari OS X 10.14 12.0]     -> PASSED : when you enter an url, it becomes clickable   31 ms
[safari OS X 10.14 12.0]     -> PASSED : when you enter a url containing a !, it becomes clickable and contains the
[safari OS X 10.14 12.0]      whole URL   34 ms
[safari OS X 10.14 12.0]     -> PASSED : when you enter a url followed by a ], the ] is not included in the URL   2
[safari OS X 10.14 12.0]     7 ms
[safari OS X 10.14 12.0] 
[safari OS X 10.14 12.0] xxauto_reconnect.js
[safari OS X 10.14 12.0]   Automatic pad reload on Force Reconnect message
[safari OS X 10.14 12.0]     -> PASSED : displays a count down timer to automatically reconnect   1 ms
[safari OS X 10.14 12.0]     and user clicks on Cancel
[safari OS X 10.14 12.0]       -> PASSED : does not show Cancel button nor timer anymore   3 ms
[safari OS X 10.14 12.0]     and user does not click on Cancel until timer expires
[safari OS X 10.14 12.0]       -> PASSED : reloads the pad   3815 ms
[safari OS X 10.14 12.0] 
[safari OS X 10.14 12.0] FINISHED - 105 tests passed, 1 tests failed, duration: 7:47
[safari OS X 10.14 12.0] 
Remote sauce test '3d89eed - safari 12.0, OS X 10.14' finished! https://saucelabs.com/jobs/983297d0693744ebb6deb61d18a98edf


No output has been received in the last 10m0s, this potentially indicates a stalled build or something wrong with the build itself.
Check the details on how to adjust your build configuration on: https://docs.travis-ci.com/user/common-build-problems/#build-times-out-because-no-output-was-received

The build has been terminated

