travis_fold:start:worker_infoWorker information
hostname: 610ff7a5-0552-4d8c-9c8a-d1a942972910@1.worker-org-69b85cc685-nr8sh.gce-production-1
version: v6.2.17 https://github.com/travis-ci/worker/tree/bc420764f334fe0d096a417c80426f672f1b7d18
instance: travis-job-83b11a09-ef47-447a-8a8c-7f262894717b travis-ci-sardonyx-xenial-1553530528-f909ac5 (via amqp)
startup: 6.031721029s
travis_fold:end:worker_infoe:start:01a67fc0e:end:01a67fc0:start=1595253382345676998,finish=1595253382491228312,duration=145551314,event=no_world_writable_dirse:start:2b767ba0e:end:2b767ba0:start=1595253382493976249,finish=1595253382500726078,duration=6749829,event=setup_filtere:start:08a90b15e:end:08a90b15:start=1595253382504421987,finish=1595253382520761482,duration=16339495,event=agente:start:03c0be6ce:end:03c0be6c:start=1595253382524744160,finish=1595253382527524898,duration=2780738,event=check_unsupportede:start:2bd7bc9a_infoBuild system information
Build language: node_js
Build dist: xenial
Build id: 710003227
Job id: 710003228
Runtime kernel version: 4.15.0-1028-gcp
travis-build version: 01e86bea
Build image provisioning date and time
Mon Mar 25 16:43:24 UTC 2019
Operating System Details
Distributor ID:Ubuntu
Description:Ubuntu 16.04.6 LTS
Release:16.04
Codename:xenial
Systemd Version
systemd 229
Cookbooks Version
42e42e4 https://github.com/travis-ci/travis-cookbooks/tree/42e42e4
git version
git version 2.21.0
bash version
GNU bash, version 4.3.48(1)-release (x86_64-pc-linux-gnu)
gcc version
gcc (Ubuntu 5.4.0-6ubuntu1~16.04.11) 5.4.0 20160609
docker version
Client:
 Version:           18.06.0-ce
 API version:       1.38
 Go version:        go1.10.3
 Git commit:        0ffa825
 Built:             Wed Jul 18 19:11:02 2018
 OS/Arch:           linux/amd64
 Experimental:      false

Server:
 Engine:
  Version:          18.06.0-ce
  API version:      1.38 (minimum version 1.12)
  Go version:       go1.10.3
  Git commit:       0ffa825
  Built:            Wed Jul 18 19:09:05 2018
  OS/Arch:          linux/amd64
  Experimental:     false
clang version
clang version 7.0.0 (tags/RELEASE_700/final)
jq version
jq-1.5
bats version
Bats 0.4.0
shellcheck version
0.6.0
shfmt version
v2.6.3
ccache version
3.2.4
cmake version
cmake version 3.12.4
heroku version
heroku/7.22.7 linux-x64 node-v11.10.1
imagemagick version
Version: ImageMagick 6.8.9-9 Q16 x86_64 2018-09-28 http://www.imagemagick.org
md5deep version
4.4
mercurial version
version 4.8
mysql version
mysql  Ver 14.14 Distrib 5.7.25, for Linux (x86_64) using  EditLine wrapper
openssl version
OpenSSL 1.0.2g  1 Mar 2016
packer version
1.3.3
postgresql client version
psql (PostgreSQL) 10.7 (Ubuntu 10.7-1.pgdg16.04+1)
ragel version
Ragel State Machine Compiler version 6.8 Feb 2013
sudo version
1.8.16
gzip version
gzip 1.6
zip version
Zip 3.0
vim version
VIM - Vi IMproved 7.4 (2013 Aug 10, compiled Nov 24 2016 16:44:48)
iptables version
iptables v1.6.0
curl version
curl 7.47.0 (x86_64-pc-linux-gnu) libcurl/7.47.0 GnuTLS/3.4.10 zlib/1.2.8 libidn/1.32 librtmp/2.3
wget version
GNU Wget 1.17.1 built on linux-gnu.
rsync version
rsync  version 3.1.1  protocol version 31
gimme version
v1.5.3
nvm version
0.34.0
perlbrew version
/home/travis/perl5/perlbrew/bin/perlbrew  - App::perlbrew/0.86
phpenv version
rbenv 1.1.2
rvm version
rvm 1.29.7 (latest) by Michal Papis, Piotr Kuczynski, Wayne E. Seguin [https://rvm.io]
default ruby version
ruby 2.5.3p105 (2018-10-18 revision 65156) [x86_64-linux]
CouchDB version
couchdb 1.6.1
ElasticSearch version
5.5.0
Installed Firefox version
firefox 63.0.1
MongoDB version
MongoDB 4.0.7
PhantomJS version
2.1.1
Pre-installed PostgreSQL versions
9.4.21
9.5.16
9.6.12
Redis version
redis-server 5.0.4
Pre-installed Go versions
1.11.1
mvn version
Apache Maven 3.6.0 (97c98ec64a1fdfee7767ce5ffb20918da4f719f3; 2018-10-24T18:41:47Z)
gradle version
Gradle 4.10.2!
lein version
Leiningen 2.9.1 on Java 11.0.2 OpenJDK 64-Bit Server VM
Pre-installed Node.js versions
v10.15.3
v11.0.0
v4.9.1
v6.17.0
v8.12.0
v8.15.1
v8.9
phpenv versions
  system
  5.6
  5.6.40
  7.1
  7.1.27
  7.2
* 7.2.15 (set by /home/travis/.phpenv/version)
  hhvm
  hhvm-stable
composer --version
Composer version 1.8.4 2019-02-11 10:52:10
Pre-installed Ruby versions
ruby-2.3.8
ruby-2.4.5
ruby-2.5.3
travis_fold:end:system_infoe:end:2bd7bc9a:start=1595253382530952448,finish=1595253382539486995,duration=8534547,event=show_system_infoe:start:0eb43ccfe:end:0eb43ccf:start=1595253382549774280,finish=1595253382570054751,duration=20280471,event=rm_riak_sourcee:start:0b0306d8e:end:0b0306d8:start=1595253382573386015,finish=1595253382578319907,duration=4933892,event=fix_rwky_redise:start:1d0c4406e:end:1d0c4406:start=1595253382581318390,finish=1595253383006491175,duration=425172785,event=wait_for_networke:start:08697330e:end:08697330:start=1595253383010585416,finish=1595253383229640146,duration=219054730,event=update_apt_keyse:start:146e086be:end:146e086b:start=1595253383234466240,finish=1595253383287922961,duration=53456721,event=fix_hhvm_sourcee:start:32606390e:end:32606390:start=1595253383292774242,finish=1595253383295944568,duration=3170326,event=update_mongo_arche:start:0a50cbc2e:end:0a50cbc2:start=1595253383300910399,finish=1595253383342607031,duration=41696632,event=fix_sudo_enabled_trustye:start:109b7c41e:end:109b7c41:start=1595253383348229934,finish=1595253383350532164,duration=2302230,event=update_glibce:start:06e6cc04e:end:06e6cc04:start=1595253383355707024,finish=1595253383363739764,duration=8032740,event=clean_up_pathe:start:1c2eea52e:end:1c2eea52:start=1595253383368712535,finish=1595253383377253706,duration=8541171,event=fix_resolv_confe:start:02be6e9ae:end:02be6e9a:start=1595253383382410988,finish=1595253383391321991,duration=8911003,event=fix_etc_hostse:start:00bf02e8e:end:00bf02e8:start=1595253383396053860,finish=1595253383404786767,duration=8732907,event=fix_mvn_settings_xmle:start:37ecc0b8e:end:37ecc0b8:start=1595253383409532770,finish=1595253383419114050,duration=9581280,event=no_ipv6_localhoste:start:31cff9d6e:end:31cff9d6:start=1595253383423641661,finish=1595253383426184176,duration=2542515,event=fix_etc_mavenrce:start:29f8ab8ce:end:29f8ab8c:start=1595253383431206422,finish=1595253383434261773,duration=3055351,event=fix_wwdr_certificatee:start:0129c594e:end:0129c594:start=1595253383439349507,finish=1595253383463212927,duration=23863420,event=put_localhost_firste:start:21eb5fa0e:end:21eb5fa0:start=1595253383466725384,finish=1595253383469659284,duration=2933900,event=home_pathse:start:03237301e:end:03237301:start=1595253383473417959,finish=1595253383485332300,duration=11914341,event=disable_initramfse:start:1c5c39a8e:end:1c5c39a8:start=1595253383488803993,finish=1595253383802390362,duration=313586369,event=disable_ssh_roaminge:start:099e39abe:end:099e39ab:start=1595253383807074118,finish=1595253383809251332,duration=2177214,event=debug_toolse:start:11e4aa88e:end:11e4aa88:start=1595253383813263099,finish=1595253383816622432,duration=3359333,event=uninstall_oclinte:start:15546874e:end:15546874:start=1595253383821244834,finish=1595253383824733865,duration=3489031,event=rvm_usee:start:2a3e0bc4e:end:2a3e0bc4:start=1595253383828050618,finish=1595253383835567615,duration=7516997,event=rm_etc_boto_cfge:start:320a5ecee:end:320a5ece:start=1595253383838946198,finish=1595253383841681733,duration=2735535,event=rm_oraclejdk8_symlinke:start:0efe17c0e:end:0efe17c0:start=1595253383845846422,finish=1595253383944510169,duration=98663747,event=enable_i386e:start:14b7649ae:end:14b7649a:start=1595253383949278482,finish=1595253383954706264,duration=5427782,event=update_rubygemse:start:005e7654e:end:005e7654:start=1595253383958305683,finish=1595253384757972359,duration=799666676,event=ensure_path_componentse:start:0f1b5bb8e:end:0f1b5bb8:start=1595253384762982624,finish=1595253384765865715,duration=2883091,event=redefine_curle:start:03a5307ee:end:03a5307e:start=1595253384770906544,finish=1595253384880828044,duration=109921500,event=nonblock_pipee:start:165316bce:end:165316bc:start=1595253384885785911,finish=1595253401847296960,duration=16961511049,event=apt_get_updatee:start:000ab362e:end:000ab362:start=1595253401851934655,finish=1595253401855214206,duration=3279551,event=deprecate_xcode_64e:start:076ce780e:end:076ce780:start=1595253401859604886,finish=1595253404373187312,duration=2513582426,event=update_herokue:start:19d8a3b5e:end:19d8a3b5:start=1595253404379621928,finish=1595253404381763574,duration=2141646,event=shell_session_updatee:start:05d6d526tutue:end:05d6d526:start=1595253404385806067,finish=1595253408037015381,duration=3651209314,event=set_docker_mtue:start:34b18ea4e:end:34b18ea4:start=1595253408041966356,finish=1595253408109319026,duration=67352670,event=resolvconfe:start:00178f82e:end:00178f82:start=1595253408126166092,finish=1595253408267492492,duration=141326400,event=maven_central_mirrore:start:228aef72e:end:228aef72:start=1595253408272681636,finish=1595253408362791069,duration=90109433,event=maven_httpse:start:29e9cd88e:start:022818d6ctl start docker
travis_time:end:022818d6:start=1595253408376294430,finish=1595253408389349447,duration=13055017,event=preparee:end:022818d6:start=1595253408376294430,finish=1595253411393852715,duration=3017558285,event=servicese:start:094151c4e:end:094151c4:start=1595253411400197997,finish=1595253411403234594,duration=3036597,event=fix_ps4e:start:0652d9bbe:start:18499ad0/ether/[secure].git ether/[secure]
Cloning into 'ether/[secure]'...
travis_time:end:18499ad0:start=1595253411416720066,finish=1595253412388768907,duration=972048841,event=checkoute:end:18499ad0:start=1595253411416720066,finish=1595253412454702011,duration=1037981945,event=checkoute:start:1bdabc9eSetting environment variables from repository settings
$ export SAUCE_USERNAME=[secure]
$ export SAUCE_ACCESS_KEY=[secure]

Setting environment variables from .travis.yml
$ export SAUCE_USERNAME=[secure]
$ export SAUCE_ACCESS_KEY=[secure]

travis_time:end:1bdabc9e:start=1595253412458894392,finish=1595253412474085183,duration=15190791,event=env.installe:start:1e745d65 install lts/*
Downloading and installing node v12.18.2...
Downloading https://nodejs.org/dist/v12.18.2/node-v12.18.2-linux-x64.tar.xz...
Computing checksum with sha256sum
Checksums matched!
Now using node v12.18.2 (npm v6.14.5)
travis_time:end:1e745d65:start=1595253413006516884,finish=1595253415741148687,duration=2734631803,event=setup.install --version
6.14.5
$ nvm --version
0.35.3

travis_fold:start:before_install.1e:start:0d9e8f60p/tmp4jp2amxj/secring.gpg' created
gpg: keyring `/tmp/tmp4jp2amxj/pubring.gpg' created
gpg: requesting key 1378B444 from hkp server keyserver.ubuntu.com
gpg: /tmp/tmp4jp2amxj/trustdb.gpg: trustdb created
gpg: key 1378B444: public key "Launchpad PPA for LibreOffice Packaging" imported
gpg: no ultimately trusted keys found
gpg: Total number processed: 1
gpg:               imported: 1  (RSA: 1)
OK
travis_time:end:0d9e8f60:start=1595253416273298150,finish=1595253417855894149,duration=1582595999,event=before_installe:start:32a25c9b/ubuntu xenial-security InRelease
Hit:2 http://archive.ubuntu.com/ubuntu xenial InRelease
Get:3 http://ppa.launchpad.net/libreoffice/ppa/ubuntu xenial InRelease [23.8 kB]
Hit:4 http://apt.postgresql.org/pub/repos/apt xenial-pgdg InRelease
Hit:5 http://archive.ubuntu.com/ubuntu xenial-updates InRelease
Hit:6 http://archive.ubuntu.com/ubuntu xenial-backports InRelease
Get:7 http://ppa.launchpad.net/libreoffice/ppa/ubuntu xenial/main amd64 Packages [34.4 kB]
Get:8 http://ppa.launchpad.net/libreoffice/ppa/ubuntu xenial/main i386 Packages [34.4 kB]
Get:9 http://ppa.launchpad.net/libreoffice/ppa/ubuntu xenial/main Translation-en [13.8 kB]
Fetched 106 kB in 1s (81.9 kB/s)
Reading package lists...
travis_time:end:32a25c9b:start=1595253417861236530,finish=1595253424094999980,duration=6233763450,event=before_installe:start:04935266ation...
The following additional packages will be installed:
  fonts-opensymbol libboost-date-time1.58.0 libboost-locale1.58.0
  libboost-thread1.58.0 libclucene-contribs1v5 libclucene-core1v5
  libcolamd2.9.1 libexttextcat-2.0-0 libexttextcat-data
  libgstreamer-plugins-base1.0-0 libgstreamer1.0-0 libharfbuzz-icu0
  libhunspell-1.3-0 libhyphen0 liblangtag-common liblangtag1 libmythes-1.2-0
  libneon27-gnutls liborc-0.4-0 libpoppler58 libraptor2-0 librasqal3 librdf0
  libreoffice-avmedia-backend-gstreamer libreoffice-base libreoffice-base-core
  libreoffice-base-drivers libreoffice-calc libreoffice-common
  libreoffice-core libreoffice-draw libreoffice-impress libreoffice-math
  libreoffice-report-builder-bin libreoffice-style-colibre
  libreoffice-style-tango libreoffice-writer libsuitesparseconfig4.4.6
  libyajl2 lp-solve python3-uno uno-libs3 ure
Suggested packages:
  libvisual-0.4-plugins gstreamer1.0-tools poppler-data raptor2-utils
  rasqal-utils librdf-storage-postgresql librdf-storage-mysql
  librdf-storage-sqlite librdf-storage-virtuoso redland-utils cups-bsd
  firefox-esr | thunderbird | firefox ghostscript gpa hunspell-dictionary
  hyphen-hyphenation-patterns libreoffice-grammarcheck libreoffice-help
  libreoffice-l10n myspell-dictionary mythes-thesaurus
  openclipart2-libreoffice | openclipart-libreoffice pstoedit unixodbc
  gstreamer1.0-plugins-base gstreamer1.0-plugins-good
  gstreamer1.0-plugins-ugly gstreamer1.0-plugins-bad gstreamer1.0-libav
  libsane libreoffice-officebean libreoffice-report-builder libjtds-java
  libreoffice-sdbc-hsqldb libreoffice-sdbc-mysql | libmyodbc | libmariadb-java
  libreoffice-sdbc-postgresql | odbc-postgresql | libpg-java libsqliteodbc
  | tdsodbc | mdbtools ocl-icd-libopencl1 | mesa-opencl-icd
  | beignet-opencl-icd bluez tango-icon-theme fonts-crosextra-caladea
  fonts-crosextra-carlito libreoffice-java-common
Recommended packages:
  gstreamer1.0-plugins-base hunspell-en-us | hunspell-dictionary
  | myspell-dictionary fonts-crosextra-caladea fonts-crosextra-carlito
  fonts-dejavu fonts-liberation2 fonts-linuxlibertine fonts-noto-core
  fonts-noto-mono fonts-noto-ui-core fonts-sil-gentium-basic libreoffice-gnome
  | libreoffice-kde4 libreoffice-librelogo libreoffice-nlpsolver
  libreoffice-report-builder libreoffice-script-provider-bsh
  libreoffice-script-provider-js libreoffice-script-provider-python
  libreoffice-sdbc-mysql libreoffice-sdbc-postgresql
  libreoffice-wiki-publisher libreoffice-java-common fonts-liberation2
  | ttf-mscorefonts-installer libpaper-utils
The following NEW packages will be installed:
  fonts-opensymbol libboost-date-time1.58.0 libboost-locale1.58.0
  libboost-thread1.58.0 libclucene-contribs1v5 libclucene-core1v5
  libcolamd2.9.1 libexttextcat-2.0-0 libexttextcat-data
  libgstreamer-plugins-base1.0-0 libgstreamer1.0-0 libharfbuzz-icu0
  libhunspell-1.3-0 libhyphen0 liblangtag-common liblangtag1 libmythes-1.2-0
  libneon27-gnutls liborc-0.4-0 libpoppler58 libraptor2-0 librasqal3 librdf0
  libreoffice libreoffice-avmedia-backend-gstreamer libreoffice-base
  libreoffice-base-core libreoffice-base-drivers libreoffice-calc
  libreoffice-common libreoffice-core libreoffice-draw libreoffice-impress
  libreoffice-math libreoffice-report-builder-bin libreoffice-style-colibre
  libreoffice-style-tango libreoffice-writer libsuitesparseconfig4.4.6
  libyajl2 lp-solve python3-uno uno-libs3 ure
0 upgraded, 44 newly installed, 0 to remove and 305 not upgraded.
Need to get 105 MB of archives.
After this operation, 369 MB of additional disk space will be used.
Get:1 http://ppa.launchpad.net/libreoffice/ppa/ubuntu xenial/main amd64 fonts-opensymbol all 2:102.10+LibO6.2.8~rc2-0ubuntu0.16.04.1 [293 kB]
Get:2 http://archive.ubuntu.com/ubuntu xenial/main amd64 libyajl2 amd64 2.1.0-2 [19.6 kB]
Get:3 http://archive.ubuntu.com/ubuntu xenial/main amd64 libraptor2-0 amd64 2.0.14-1 [154 kB]
Get:4 http://archive.ubuntu.com/ubuntu xenial/main amd64 librasqal3 amd64 0.9.32-1 [163 kB]
Get:5 http://ppa.launchpad.net/libreoffice/ppa/ubuntu xenial/main amd64 libreoffice-style-colibre all 1:6.2.8~rc2-0ubuntu0.16.04.1 [1,013 kB]
Get:6 http://archive.ubuntu.com/ubuntu xenial-updates/main amd64 libboost-date-time1.58.0 amd64 1.58.0+dfsg-5ubuntu3.1 [20.7 kB]
Get:7 http://archive.ubuntu.com/ubuntu xenial-updates/main amd64 libboost-thread1.58.0 amd64 1.58.0+dfsg-5ubuntu3.1 [47.0 kB]
Get:8 http://archive.ubuntu.com/ubuntu xenial-updates/universe amd64 libboost-locale1.58.0 amd64 1.58.0+dfsg-5ubuntu3.1 [242 kB]
Get:9 http://archive.ubuntu.com/ubuntu xenial/main amd64 libclucene-core1v5 amd64 2.3.3.4-4.1 [461 kB]
Get:10 http://archive.ubuntu.com/ubuntu xenial/main amd64 libclucene-contribs1v5 amd64 2.3.3.4-4.1 [79.3 kB]
Get:11 http://archive.ubuntu.com/ubuntu xenial/main amd64 libsuitesparseconfig4.4.6 amd64 1:4.4.6-1 [9,322 B]
Get:12 http://archive.ubuntu.com/ubuntu xenial/main amd64 libcolamd2.9.1 amd64 1:4.4.6-1 [15.7 kB]
Get:13 http://ppa.launchpad.net/libreoffice/ppa/ubuntu xenial/main amd64 libreoffice-style-tango all 1:6.2.8~rc2-0ubuntu0.16.04.1 [1,208 kB]
Get:14 http://archive.ubuntu.com/ubuntu xenial/main amd64 libexttextcat-data all 3.4.4-1ubuntu3 [164 kB]
Get:15 http://archive.ubuntu.com/ubuntu xenial/main amd64 libexttextcat-2.0-0 amd64 3.4.4-1ubuntu3 [13.1 kB]
Get:16 http://archive.ubuntu.com/ubuntu xenial-updates/main amd64 libgstreamer1.0-0 amd64 1.8.3-1~ubuntu0.1 [769 kB]
Get:17 http://archive.ubuntu.com/ubuntu xenial/main amd64 liborc-0.4-0 amd64 1:0.4.25-1 [138 kB]
Get:18 http://archive.ubuntu.com/ubuntu xenial-updates/main amd64 libgstreamer-plugins-base1.0-0 amd64 1.8.3-1ubuntu0.3 [593 kB]
Get:19 http://archive.ubuntu.com/ubuntu xenial-updates/main amd64 libharfbuzz-icu0 amd64 1.0.1-1ubuntu0.1 [5,198 B]
Get:20 http://archive.ubuntu.com/ubuntu xenial/main amd64 libhunspell-1.3-0 amd64 1.3.3-4ubuntu1 [108 kB]
Get:21 http://archive.ubuntu.com/ubuntu xenial/main amd64 libhyphen0 amd64 2.8.8-2ubuntu1 [18.4 kB]
Get:22 http://ppa.launchpad.net/libreoffice/ppa/ubuntu xenial/main amd64 uno-libs3 amd64 6.2.8~rc2-0ubuntu0.16.04.1 [902 kB]
Get:23 http://archive.ubuntu.com/ubuntu xenial/main amd64 liblangtag-common all 0.5.7-2ubuntu1 [112 kB]
Get:24 http://archive.ubuntu.com/ubuntu xenial/main amd64 liblangtag1 amd64 0.5.7-2ubuntu1 [45.5 kB]
Get:25 http://archive.ubuntu.com/ubuntu xenial/main amd64 libmythes-1.2-0 amd64 2:1.2.4-1ubuntu3 [8,366 B]
Get:26 http://archive.ubuntu.com/ubuntu xenial/main amd64 libneon27-gnutls amd64 0.30.1-3build1 [65.7 kB]
Get:27 http://archive.ubuntu.com/ubuntu xenial-updates/main amd64 libpoppler58 amd64 0.41.0-0ubuntu1.14 [757 kB]
Get:28 http://archive.ubuntu.com/ubuntu xenial/main amd64 librdf0 amd64 1.0.17-1build1 [95.6 kB]
Get:29 http://archive.ubuntu.com/ubuntu xenial/main amd64 lp-solve amd64 5.5.0.13-7build2 [277 kB]
Get:30 http://ppa.launchpad.net/libreoffice/ppa/ubuntu xenial/main amd64 ure amd64 6.2.8~rc2-0ubuntu0.16.04.1 [1,738 kB]
Get:31 http://ppa.launchpad.net/libreoffice/ppa/ubuntu xenial/main amd64 libreoffice-common all 1:6.2.8~rc2-0ubuntu0.16.04.1 [33.4 MB]
Get:32 http://ppa.launchpad.net/libreoffice/ppa/ubuntu xenial/main amd64 libreoffice-core amd64 1:6.2.8~rc2-0ubuntu0.16.04.1 [37.7 MB]
Get:33 http://ppa.launchpad.net/libreoffice/ppa/ubuntu xenial/main amd64 libreoffice-base-core amd64 1:6.2.8~rc2-0ubuntu0.16.04.1 [765 kB]
Get:34 http://ppa.launchpad.net/libreoffice/ppa/ubuntu xenial/main amd64 libreoffice-base-drivers amd64 1:6.2.8~rc2-0ubuntu0.16.04.1 [497 kB]
Get:35 http://ppa.launchpad.net/libreoffice/ppa/ubuntu xenial/main amd64 libreoffice-base amd64 1:6.2.8~rc2-0ubuntu0.16.04.1 [1,719 kB]
Get:36 http://ppa.launchpad.net/libreoffice/ppa/ubuntu xenial/main amd64 libreoffice-calc amd64 1:6.2.8~rc2-0ubuntu0.16.04.1 [7,220 kB]
Get:37 http://ppa.launchpad.net/libreoffice/ppa/ubuntu xenial/main amd64 libreoffice-draw amd64 1:6.2.8~rc2-0ubuntu0.16.04.1 [3,392 kB]
Get:38 http://ppa.launchpad.net/libreoffice/ppa/ubuntu xenial/main amd64 libreoffice-impress amd64 1:6.2.8~rc2-0ubuntu0.16.04.1 [971 kB]
Get:39 http://ppa.launchpad.net/libreoffice/ppa/ubuntu xenial/main amd64 libreoffice-math amd64 1:6.2.8~rc2-0ubuntu0.16.04.1 [377 kB]
Get:40 http://ppa.launchpad.net/libreoffice/ppa/ubuntu xenial/main amd64 libreoffice-report-builder-bin amd64 1:6.2.8~rc2-0ubuntu0.16.04.1 [811 kB]
Get:41 http://ppa.launchpad.net/libreoffice/ppa/ubuntu xenial/main amd64 libreoffice-writer amd64 1:6.2.8~rc2-0ubuntu0.16.04.1 [8,749 kB]
Get:42 http://ppa.launchpad.net/libreoffice/ppa/ubuntu xenial/main amd64 libreoffice-avmedia-backend-gstreamer amd64 1:6.2.8~rc2-0ubuntu0.16.04.1 [25.2 kB]
Get:43 http://ppa.launchpad.net/libreoffice/ppa/ubuntu xenial/main amd64 python3-uno amd64 1:6.2.8~rc2-0ubuntu0.16.04.1 [214 kB]
Get:44 http://ppa.launchpad.net/libreoffice/ppa/ubuntu xenial/main amd64 libreoffice amd64 1:6.2.8~rc2-0ubuntu0.16.04.1 [98.0 kB]
Extracting templates from packages: 68%Extracting templates from packages: 100%
Fetched 105 MB in 16s (6,351 kB/s)
Selecting previously unselected package libyajl2:amd64.
(Reading database ... (Reading database ... 5%(Reading database ... 10%(Reading database ... 15%(Reading database ... 20%(Reading database ... 25%(Reading database ... 30%(Reading database ... 35%(Reading database ... 40%(Reading database ... 45%(Reading database ... 50%(Reading database ... 55%(Reading database ... 60%(Reading database ... 65%(Reading database ... 70%(Reading database ... 75%(Reading database ... 80%(Reading database ... 85%(Reading database ... 90%(Reading database ... 95%(Reading database ... 100%(Reading database ... 124189 files and directories currently installed.)
Preparing to unpack .../libyajl2_2.1.0-2_amd64.deb ...
Unpacking libyajl2:amd64 (2.1.0-2) ...
Selecting previously unselected package libraptor2-0:amd64.
Preparing to unpack .../libraptor2-0_2.0.14-1_amd64.deb ...
Unpacking libraptor2-0:amd64 (2.0.14-1) ...
Selecting previously unselected package librasqal3:amd64.
Preparing to unpack .../librasqal3_0.9.32-1_amd64.deb ...
Unpacking librasqal3:amd64 (0.9.32-1) ...
Selecting previously unselected package fonts-opensymbol.
Preparing to unpack .../fonts-opensymbol_2%3a102.10+LibO6.2.8~rc2-0ubuntu0.16.04.1_all.deb ...
Unpacking fonts-opensymbol (2:102.10+LibO6.2.8~rc2-0ubuntu0.16.04.1) ...
Selecting previously unselected package libboost-date-time1.58.0:amd64.
Preparing to unpack .../libboost-date-time1.58.0_1.58.0+dfsg-5ubuntu3.1_amd64.deb ...
Unpacking libboost-date-time1.58.0:amd64 (1.58.0+dfsg-5ubuntu3.1) ...
Selecting previously unselected package libboost-thread1.58.0:amd64.
Preparing to unpack .../libboost-thread1.58.0_1.58.0+dfsg-5ubuntu3.1_amd64.deb ...
Unpacking libboost-thread1.58.0:amd64 (1.58.0+dfsg-5ubuntu3.1) ...
Selecting previously unselected package libboost-locale1.58.0:amd64.
Preparing to unpack .../libboost-locale1.58.0_1.58.0+dfsg-5ubuntu3.1_amd64.deb ...
Unpacking libboost-locale1.58.0:amd64 (1.58.0+dfsg-5ubuntu3.1) ...
Selecting previously unselected package libclucene-core1v5:amd64.
Preparing to unpack .../libclucene-core1v5_2.3.3.4-4.1_amd64.deb ...
Unpacking libclucene-core1v5:amd64 (2.3.3.4-4.1) ...
Selecting previously unselected package libclucene-contribs1v5:amd64.
Preparing to unpack .../libclucene-contribs1v5_2.3.3.4-4.1_amd64.deb ...
Unpacking libclucene-contribs1v5:amd64 (2.3.3.4-4.1) ...
Selecting previously unselected package libsuitesparseconfig4.4.6:amd64.
Preparing to unpack .../libsuitesparseconfig4.4.6_1%3a4.4.6-1_amd64.deb ...
Unpacking libsuitesparseconfig4.4.6:amd64 (1:4.4.6-1) ...
Selecting previously unselected package libcolamd2.9.1:amd64.
Preparing to unpack .../libcolamd2.9.1_1%3a4.4.6-1_amd64.deb ...
Unpacking libcolamd2.9.1:amd64 (1:4.4.6-1) ...
Selecting previously unselected package libexttextcat-data.
Preparing to unpack .../libexttextcat-data_3.4.4-1ubuntu3_all.deb ...
Unpacking libexttextcat-data (3.4.4-1ubuntu3) ...
Selecting previously unselected package libexttextcat-2.0-0:amd64.
Preparing to unpack .../libexttextcat-2.0-0_3.4.4-1ubuntu3_amd64.deb ...
Unpacking libexttextcat-2.0-0:amd64 (3.4.4-1ubuntu3) ...
Selecting previously unselected package libgstreamer1.0-0:amd64.
Preparing to unpack .../libgstreamer1.0-0_1.8.3-1~ubuntu0.1_amd64.deb ...
Unpacking libgstreamer1.0-0:amd64 (1.8.3-1~ubuntu0.1) ...
Selecting previously unselected package liborc-0.4-0:amd64.
Preparing to unpack .../liborc-0.4-0_1%3a0.4.25-1_amd64.deb ...
Unpacking liborc-0.4-0:amd64 (1:0.4.25-1) ...
Selecting previously unselected package libgstreamer-plugins-base1.0-0:amd64.
Preparing to unpack .../libgstreamer-plugins-base1.0-0_1.8.3-1ubuntu0.3_amd64.deb ...
Unpacking libgstreamer-plugins-base1.0-0:amd64 (1.8.3-1ubuntu0.3) ...
Selecting previously unselected package libharfbuzz-icu0:amd64.
Preparing to unpack .../libharfbuzz-icu0_1.0.1-1ubuntu0.1_amd64.deb ...
Unpacking libharfbuzz-icu0:amd64 (1.0.1-1ubuntu0.1) ...
Selecting previously unselected package libhunspell-1.3-0:amd64.
Preparing to unpack .../libhunspell-1.3-0_1.3.3-4ubuntu1_amd64.deb ...
Unpacking libhunspell-1.3-0:amd64 (1.3.3-4ubuntu1) ...
Selecting previously unselected package libhyphen0:amd64.
Preparing to unpack .../libhyphen0_2.8.8-2ubuntu1_amd64.deb ...
Unpacking libhyphen0:amd64 (2.8.8-2ubuntu1) ...
Selecting previously unselected package liblangtag-common.
Preparing to unpack .../liblangtag-common_0.5.7-2ubuntu1_all.deb ...
Unpacking liblangtag-common (0.5.7-2ubuntu1) ...
Selecting previously unselected package liblangtag1:amd64.
Preparing to unpack .../liblangtag1_0.5.7-2ubuntu1_amd64.deb ...
Unpacking liblangtag1:amd64 (0.5.7-2ubuntu1) ...
Selecting previously unselected package libmythes-1.2-0:amd64.
Preparing to unpack .../libmythes-1.2-0_2%3a1.2.4-1ubuntu3_amd64.deb ...
Unpacking libmythes-1.2-0:amd64 (2:1.2.4-1ubuntu3) ...
Selecting previously unselected package libneon27-gnutls:amd64.
Preparing to unpack .../libneon27-gnutls_0.30.1-3build1_amd64.deb ...
Unpacking libneon27-gnutls:amd64 (0.30.1-3build1) ...
Selecting previously unselected package libpoppler58:amd64.
Preparing to unpack .../libpoppler58_0.41.0-0ubuntu1.14_amd64.deb ...
Unpacking libpoppler58:amd64 (0.41.0-0ubuntu1.14) ...
Selecting previously unselected package librdf0:amd64.
Preparing to unpack .../librdf0_1.0.17-1build1_amd64.deb ...
Unpacking librdf0:amd64 (1.0.17-1build1) ...
Selecting previously unselected package libreoffice-style-colibre.
Preparing to unpack .../libreoffice-style-colibre_1%3a6.2.8~rc2-0ubuntu0.16.04.1_all.deb ...
Unpacking libreoffice-style-colibre (1:6.2.8~rc2-0ubuntu0.16.04.1) ...
Selecting previously unselected package libreoffice-style-tango.
Preparing to unpack .../libreoffice-style-tango_1%3a6.2.8~rc2-0ubuntu0.16.04.1_all.deb ...
Unpacking libreoffice-style-tango (1:6.2.8~rc2-0ubuntu0.16.04.1) ...
Selecting previously unselected package uno-libs3.
Preparing to unpack .../uno-libs3_6.2.8~rc2-0ubuntu0.16.04.1_amd64.deb ...
Unpacking uno-libs3 (6.2.8~rc2-0ubuntu0.16.04.1) ...
Selecting previously unselected package ure.
Preparing to unpack .../ure_6.2.8~rc2-0ubuntu0.16.04.1_amd64.deb ...
Unpacking ure (6.2.8~rc2-0ubuntu0.16.04.1) ...
Selecting previously unselected package libreoffice-common.
Preparing to unpack .../libreoffice-common_1%3a6.2.8~rc2-0ubuntu0.16.04.1_all.deb ...
Unpacking libreoffice-common (1:6.2.8~rc2-0ubuntu0.16.04.1) ...
Selecting previously unselected package libreoffice-core.
Preparing to unpack .../libreoffice-core_1%3a6.2.8~rc2-0ubuntu0.16.04.1_amd64.deb ...
Unpacking libreoffice-core (1:6.2.8~rc2-0ubuntu0.16.04.1) ...
Selecting previously unselected package libreoffice-base-core.
Preparing to unpack .../libreoffice-base-core_1%3a6.2.8~rc2-0ubuntu0.16.04.1_amd64.deb ...
Unpacking libreoffice-base-core (1:6.2.8~rc2-0ubuntu0.16.04.1) ...
Selecting previously unselected package libreoffice-base-drivers.
Preparing to unpack .../libreoffice-base-drivers_1%3a6.2.8~rc2-0ubuntu0.16.04.1_amd64.deb ...
Unpacking libreoffice-base-drivers (1:6.2.8~rc2-0ubuntu0.16.04.1) ...
Selecting previously unselected package libreoffice-base.
Preparing to unpack .../libreoffice-base_1%3a6.2.8~rc2-0ubuntu0.16.04.1_amd64.deb ...
Adding 'diversion of /usr/lib/libreoffice/share/basic/dialog.xlc to /usr/lib/libreoffice/share/basic/dialog.xlc.noaccess by libreoffice-base'
Adding 'diversion of /usr/lib/libreoffice/share/basic/script.xlc to /usr/lib/libreoffice/share/basic/script.xlc.noaccess by libreoffice-base'
Unpacking libreoffice-base (1:6.2.8~rc2-0ubuntu0.16.04.1) ...
Selecting previously unselected package lp-solve.
Preparing to unpack .../lp-solve_5.5.0.13-7build2_amd64.deb ...
Unpacking lp-solve (5.5.0.13-7build2) ...
Selecting previously unselected package libreoffice-calc.
Preparing to unpack .../libreoffice-calc_1%3a6.2.8~rc2-0ubuntu0.16.04.1_amd64.deb ...
Unpacking libreoffice-calc (1:6.2.8~rc2-0ubuntu0.16.04.1) ...
Selecting previously unselected package libreoffice-draw.
Preparing to unpack .../libreoffice-draw_1%3a6.2.8~rc2-0ubuntu0.16.04.1_amd64.deb ...
Unpacking libreoffice-draw (1:6.2.8~rc2-0ubuntu0.16.04.1) ...
Selecting previously unselected package libreoffice-impress.
Preparing to unpack .../libreoffice-impress_1%3a6.2.8~rc2-0ubuntu0.16.04.1_amd64.deb ...
Unpacking libreoffice-impress (1:6.2.8~rc2-0ubuntu0.16.04.1) ...
Selecting previously unselected package libreoffice-math.
Preparing to unpack .../libreoffice-math_1%3a6.2.8~rc2-0ubuntu0.16.04.1_amd64.deb ...
Unpacking libreoffice-math (1:6.2.8~rc2-0ubuntu0.16.04.1) ...
Selecting previously unselected package libreoffice-report-builder-bin.
Preparing to unpack .../libreoffice-report-builder-bin_1%3a6.2.8~rc2-0ubuntu0.16.04.1_amd64.deb ...
Unpacking libreoffice-report-builder-bin (1:6.2.8~rc2-0ubuntu0.16.04.1) ...
Selecting previously unselected package libreoffice-writer.
Preparing to unpack .../libreoffice-writer_1%3a6.2.8~rc2-0ubuntu0.16.04.1_amd64.deb ...
Unpacking libreoffice-writer (1:6.2.8~rc2-0ubuntu0.16.04.1) ...
Selecting previously unselected package libreoffice-avmedia-backend-gstreamer.
Preparing to unpack .../libreoffice-avmedia-backend-gstreamer_1%3a6.2.8~rc2-0ubuntu0.16.04.1_amd64.deb ...
Unpacking libreoffice-avmedia-backend-gstreamer (1:6.2.8~rc2-0ubuntu0.16.04.1) ...
Selecting previously unselected package python3-uno.
Preparing to unpack .../python3-uno_1%3a6.2.8~rc2-0ubuntu0.16.04.1_amd64.deb ...
Unpacking python3-uno (1:6.2.8~rc2-0ubuntu0.16.04.1) ...
Selecting previously unselected package libreoffice.
Preparing to unpack .../libreoffice_1%3a6.2.8~rc2-0ubuntu0.16.04.1_amd64.deb ...
Unpacking libreoffice (1:6.2.8~rc2-0ubuntu0.16.04.1) ...
Processing triggers for fontconfig (2.11.94-0ubuntu1.1) ...
Processing triggers for libc-bin (2.23-0ubuntu11) ...
Processing triggers for man-db (2.7.5-1) ...
Processing triggers for mime-support (3.59ubuntu1) ...
Processing triggers for shared-mime-info (1.5-2ubuntu0.2) ...
Processing triggers for hicolor-icon-theme (0.15-0ubuntu1.1) ...
Setting up libyajl2:amd64 (2.1.0-2) ...
Setting up libraptor2-0:amd64 (2.0.14-1) ...
Setting up librasqal3:amd64 (0.9.32-1) ...
Setting up fonts-opensymbol (2:102.10+LibO6.2.8~rc2-0ubuntu0.16.04.1) ...
Setting up libboost-date-time1.58.0:amd64 (1.58.0+dfsg-5ubuntu3.1) ...
Setting up libboost-thread1.58.0:amd64 (1.58.0+dfsg-5ubuntu3.1) ...
Setting up libboost-locale1.58.0:amd64 (1.58.0+dfsg-5ubuntu3.1) ...
Setting up libclucene-core1v5:amd64 (2.3.3.4-4.1) ...
Setting up libclucene-contribs1v5:amd64 (2.3.3.4-4.1) ...
Setting up libsuitesparseconfig4.4.6:amd64 (1:4.4.6-1) ...
Setting up libcolamd2.9.1:amd64 (1:4.4.6-1) ...
Setting up libexttextcat-data (3.4.4-1ubuntu3) ...
Setting up libexttextcat-2.0-0:amd64 (3.4.4-1ubuntu3) ...
Setting up libgstreamer1.0-0:amd64 (1.8.3-1~ubuntu0.1) ...
Setcap worked! gst-ptp-helper is not suid!
Setting up liborc-0.4-0:amd64 (1:0.4.25-1) ...
Setting up libgstreamer-plugins-base1.0-0:amd64 (1.8.3-1ubuntu0.3) ...
Setting up libharfbuzz-icu0:amd64 (1.0.1-1ubuntu0.1) ...
Setting up libhunspell-1.3-0:amd64 (1.3.3-4ubuntu1) ...
Setting up libhyphen0:amd64 (2.8.8-2ubuntu1) ...
Setting up liblangtag-common (0.5.7-2ubuntu1) ...
Setting up liblangtag1:amd64 (0.5.7-2ubuntu1) ...
Setting up libmythes-1.2-0:amd64 (2:1.2.4-1ubuntu3) ...
Setting up libneon27-gnutls:amd64 (0.30.1-3build1) ...
Setting up libpoppler58:amd64 (0.41.0-0ubuntu1.14) ...
Setting up librdf0:amd64 (1.0.17-1build1) ...
Setting up uno-libs3 (6.2.8~rc2-0ubuntu0.16.04.1) ...
Setting up ure (6.2.8~rc2-0ubuntu0.16.04.1) ...
Setting up lp-solve (5.5.0.13-7build2) ...
Setting up libreoffice-style-colibre (1:6.2.8~rc2-0ubuntu0.16.04.1) ...
Setting up libreoffice-style-tango (1:6.2.8~rc2-0ubuntu0.16.04.1) ...
Setting up libreoffice-common (1:6.2.8~rc2-0ubuntu0.16.04.1) ...
Setting up libreoffice-core (1:6.2.8~rc2-0ubuntu0.16.04.1) ...
Setting up libreoffice-base-core (1:6.2.8~rc2-0ubuntu0.16.04.1) ...
Setting up libreoffice-base-drivers (1:6.2.8~rc2-0ubuntu0.16.04.1) ...
Setting up libreoffice-base (1:6.2.8~rc2-0ubuntu0.16.04.1) ...
Setting up libreoffice-calc (1:6.2.8~rc2-0ubuntu0.16.04.1) ...
Setting up libreoffice-draw (1:6.2.8~rc2-0ubuntu0.16.04.1) ...
Setting up libreoffice-impress (1:6.2.8~rc2-0ubuntu0.16.04.1) ...
Setting up libreoffice-math (1:6.2.8~rc2-0ubuntu0.16.04.1) ...
Setting up libreoffice-report-builder-bin (1:6.2.8~rc2-0ubuntu0.16.04.1) ...
Setting up libreoffice-writer (1:6.2.8~rc2-0ubuntu0.16.04.1) ...
Setting up libreoffice-avmedia-backend-gstreamer (1:6.2.8~rc2-0ubuntu0.16.04.1) ...
Setting up python3-uno (1:6.2.8~rc2-0ubuntu0.16.04.1) ...
Setting up libreoffice (1:6.2.8~rc2-0ubuntu0.16.04.1) ...
Processing triggers for libc-bin (2.23-0ubuntu11) ...
travis_time:end:04935266:start=1595253424099927472,finish=1595253462004067164,duration=37904139692,event=before_installe:start:08cc7bbeport
Reading package lists...
Building dependency tree...
Reading state information...
The following NEW packages will be installed:
  libreoffice-pdfimport
0 upgraded, 1 newly installed, 0 to remove and 305 not upgraded.
Need to get 2,824 B of archives.
After this operation, 12.3 kB of additional disk space will be used.
Get:1 http://ppa.launchpad.net/libreoffice/ppa/ubuntu xenial/main amd64 libreoffice-pdfimport all 1:6.2.8~rc2-0ubuntu0.16.04.1 [2,824 B]
Fetched 2,824 B in 0s (15.5 kB/s)
Selecting previously unselected package libreoffice-pdfimport.
(Reading database ... (Reading database ... 5%(Reading database ... 10%(Reading database ... 15%(Reading database ... 20%(Reading database ... 25%(Reading database ... 30%(Reading database ... 35%(Reading database ... 40%(Reading database ... 45%(Reading database ... 50%(Reading database ... 55%(Reading database ... 60%(Reading database ... 65%(Reading database ... 70%(Reading database ... 75%(Reading database ... 80%(Reading database ... 85%(Reading database ... 90%(Reading database ... 95%(Reading database ... 100%(Reading database ... 129616 files and directories currently installed.)
Preparing to unpack .../libreoffice-pdfimport_1%3a6.2.8~rc2-0ubuntu0.16.04.1_all.deb ...
Unpacking libreoffice-pdfimport (1:6.2.8~rc2-0ubuntu0.16.04.1) ...
Setting up libreoffice-pdfimport (1:6.2.8~rc2-0ubuntu0.16.04.1) ...
travis_time:end:08cc7bbe:start=1595253462011950420,finish=1595253464700853605,duration=2688903185,event=before_installe:start:0743fe34e    Time     Time  Current
                                 Dload  Upload   Total   Spent    Left  Speed
  0     0    0     0    0     0      0      0 --:--:-- --:--:-- --:--:--     0  0     0    0     0    0     0      0      0 --:--:-- --:--:-- --:--:--     0 78  9.8M   78 7958k    0     0  6485k      0  0:00:01  0:00:01 --:--:-- 6480k100  9.8M  100  9.8M    0     0  8185k      0  0:00:01  0:00:01 --:--:-- 8184k
travis_time:end:0743fe34:start=1595253464705585430,finish=1595253487211509291,duration=22505923861,event=installe:start:0e9ee798plate to settings.json...
Ensure that all dependencies are up to date...  If this is the first time you have run Etherpad please be patient.

> wd@1.12.1 install /home/travis/build/ether/[secure]/src/node_modules/wd
> node scripts/build-browser-scripts

added 1126 packages in 10.33s
Clearing minified cache...
travis_time:end:0e9ee798:start=1595253487218471095,finish=1595253498093307855,duration=10874836760,event=installe:start:1048e500e:end:1048e500:start=1595253498100816930,finish=1595253498108487007,duration=7670077,event=installe:start:0c9d18c6ing bin/installDeps.sh has already been run
Now I will try for 15 seconds to connect to Etherpad on http://localhost:9001
bash: connect: Connection refused
bash: /dev/tcp/localhost/9001: Connection refused
bash: connect: Connection refused
bash: /dev/tcp/localhost/9001: Connection refused
bash: connect: Connection refused
bash: /dev/tcp/localhost/9001: Connection refused
bash: connect: Connection refused
bash: /dev/tcp/localhost/9001: Connection refused
bash: connect: Connection refused
bash: /dev/tcp/localhost/9001: Connection refused
bash: connect: Connection refused
bash: /dev/tcp/localhost/9001: Connection refused
Successfully connected to Etherpad on http://localhost:9001
Now starting the remote runner
Remote sauce test '6298c95 - safari 12.0, OS X 10.14' started! https://saucelabs.com/jobs/aefad492004241b68881656fa537347a
Remote sauce test '6298c95 - firefox 52.0, Windows 7' started! https://saucelabs.com/jobs/0376a00c37444dfb813d02619a9863fe
Remote sauce test '6298c95 - chrome 55.0, Windows 7' started! https://saucelabs.com/jobs/33b6dd6302ef4eb88ea1cc0199afbfd5
Remote sauce test '6298c95 - safari 13.1, OS X 10.15' started! https://saucelabs.com/jobs/7ed4a2aa4d2c46eda6686a59b11b6d87
Remote sauce test '6298c95 - microsoftedge 83.0, Windows 10' started! https://saucelabs.com/jobs/08b6a9485c654322a9b5933c5872d61d
Remote sauce test '6298c95 - firefox 78.0, Windows 7' started! https://saucelabs.com/jobs/73ad87c558d642efb0ed85f5f87e3b58
[chrome Windows 7 55.0] alphabet.js
[chrome Windows 7 55.0]   All the alphabet works n stuff
[chrome Windows 7 55.0]     -> PASSED : when you enter any char it appears right   58 ms
[chrome Windows 7 55.0] 
[chrome Windows 7 55.0] authorship_of_editions.js
[chrome Windows 7 55.0]   author of pad edition
[chrome Windows 7 55.0]     -> PASSED : marks only the new content as changes of the second user on a regular line
[chrome Windows 7 55.0]        525 ms
[chrome Windows 7 55.0]     -> PASSED : marks only the new content as changes of the second user on a line with or
[chrome Windows 7 55.0]     dered list   999 ms
[chrome Windows 7 55.0]     -> PASSED : marks only the new content as changes of the second user on a line with un
[chrome Windows 7 55.0]     ordered list   1008 ms
[chrome Windows 7 55.0] 
[chrome Windows 7 55.0] bold.js
[chrome Windows 7 55.0]   bold button
[chrome Windows 7 55.0]     -> PASSED : makes text bold on click   19 ms
[chrome Windows 7 55.0]     -> PASSED : makes text bold on keypress   12 ms
[chrome Windows 7 55.0] 
[chrome Windows 7 55.0] change_user_color.js
[chrome Windows 7 55.0]   change user color
[chrome Windows 7 55.0]     -> PASSED : Color picker matches original color and remembers the user color after a r
[chrome Windows 7 55.0]     efresh   2283 ms
[chrome Windows 7 55.0]     -> PASSED : Own user color is shown when you enter a chat   205 ms
[chrome Windows 7 55.0] 
[chrome Windows 7 55.0] change_user_name.js
[chrome Windows 7 55.0]   change username value
[chrome Windows 7 55.0]     -> PASSED : Remembers the user name after a refresh   2133 ms
[chrome Windows 7 55.0]     -> PASSED : Own user name is shown when you enter a chat   217 ms
[chrome Windows 7 55.0] 
[chrome Windows 7 55.0] chat.js
[chrome Windows 7 55.0]   Chat messages and UI
[chrome Windows 7 55.0]     -> PASSED : opens chat, sends a message and makes sure it exists on the page   122 ms
[chrome Windows 7 55.0]     -> PASSED : makes sure that an empty message can't be sent   112 ms
[chrome Windows 7 55.0]     -> PASSED : makes chat stick to right side of the screen   64 ms
[chrome Windows 7 55.0]     -> PASSED : makes chat stick to right side of the screen then makes it one step smalle
[chrome Windows 7 55.0]     r   53 ms
[chrome Windows 7 55.0]     -> PENDING: Checks showChat=false URL Parameter hides chat then when removed it shows
[chrome Windows 7 55.0]      chat
[chrome Windows 7 55.0] 
[chrome Windows 7 55.0] chat_load_messages.js
[chrome Windows 7 55.0]   chat-load-messages
[chrome Windows 7 55.0]     -> PASSED : creates a pad   1212 ms
[chrome Windows 7 55.0]     -> PASSED : adds a lot of messages   1950 ms
[chrome Windows 7 55.0]     -> PASSED : checks initial message count   25 ms
[chrome Windows 7 55.0]     -> PASSED : loads more messages   137 ms
[chrome Windows 7 55.0]     -> PASSED : checks for button vanishing   136 ms
[chrome Windows 7 55.0] 
[chrome Windows 7 55.0] clear_authorship_colors.js
[chrome Windows 7 55.0]   clear authorship colors button
[chrome Windows 7 55.0]     -> PASSED : makes text clear authorship colors   559 ms
[chrome Windows 7 55.0]     -> PASSED : makes text clear authorship colors and checks it can't be undone   68 ms
[chrome Windows 7 55.0] 
[chrome Windows 7 55.0] delete.js
[chrome Windows 7 55.0]   delete keystroke
[chrome Windows 7 55.0]     -> PASSED : makes text delete   5 ms
[chrome Windows 7 55.0] 
[chrome Windows 7 55.0] drag_and_drop.js
[chrome Windows 7 55.0]   drag and drop
[chrome Windows 7 55.0]     when user drags part of one line and drops it far form its original place
[chrome Windows 7 55.0]       and user triggers UNDO
[chrome Windows 7 55.0]         -> PASSED : moves text back to its original place   2 ms
[chrome Windows 7 55.0]     when user drags some lines far form its original place
[chrome Windows 7 55.0]       and user triggers UNDO
[chrome Windows 7 55.0]         -> PASSED : moves text back to its original place   1 ms
[chrome Windows 7 55.0] 
[chrome Windows 7 55.0] embed_value.js
[chrome Windows 7 55.0]   embed links
[chrome Windows 7 55.0]     read and write
[chrome Windows 7 55.0]       the share link
[chrome Windows 7 55.0]         -> PASSED : is the actual pad url   17 ms
[chrome Windows 7 55.0]       the embed as iframe code
[chrome Windows 7 55.0]         -> PASSED : is an iframe with the the correct url parameters and correct size   10 ms
[chrome Windows 7 55.0]     when read only option is set
[chrome Windows 7 55.0]       the share link
[chrome Windows 7 55.0]         -> PASSED : shows a read only url   13 ms
[chrome Windows 7 55.0]       the embed as iframe code
[chrome Windows 7 55.0]         -> PASSED : is an iframe with the the correct url parameters and correct size   13 ms
[chrome Windows 7 55.0] 
[chrome Windows 7 55.0] enter.js
[chrome Windows 7 55.0]   enter keystroke
[chrome Windows 7 55.0]     -> PASSED : creates a new line & puts cursor onto a new line   22 ms
[chrome Windows 7 55.0] 
[chrome Windows 7 55.0] font_type.js
[chrome Windows 7 55.0]   font select
[chrome Windows 7 55.0]     -> PASSED : makes text RobotoMono   23 ms
[chrome Windows 7 55.0] 
[chrome Windows 7 55.0] helper.js
[chrome Windows 7 55.0]   the test helper
[chrome Windows 7 55.0]     the newPad method
[chrome Windows 7 55.0]       -> PENDING: doesn't leak memory if you creates iframes over and over again
[chrome Windows 7 55.0]       -> PASSED : gives me 3 jquery instances of chrome, outer and inner   1492 ms
[chrome Windows 7 55.0]       -> PASSED : clears cookies   3467 ms
[chrome Windows 7 55.0]       -> PASSED : sets pad prefs cookie   1215 ms
[chrome Windows 7 55.0]     the waitFor method
[chrome Windows 7 55.0]       -> PASSED : takes a timeout and waits long enough   1504 ms
[chrome Windows 7 55.0]       -> PASSED : takes an interval and checks on every interval   2010 ms
[chrome Windows 7 55.0]       returns a deferred object
[chrome Windows 7 55.0]         -> PASSED : it calls done after success   15 ms
[chrome Windows 7 55.0]         -> PASSED : calls fail after failure   1900 ms
[chrome Windows 7 55.0]         -> PENDING: throws if you don't listen for fails
[chrome Windows 7 55.0]     the selectLines method
[chrome Windows 7 55.0]       -> PASSED : changes editor selection to be between startOffset of $startLine and endOf
[chrome Windows 7 55.0]       fset of $endLine   5 ms
[chrome Windows 7 55.0]       -> PASSED : ends selection at beginning of $endLine when it is an empty line   2 ms
[chrome Windows 7 55.0]       -> PASSED : ends selection at beginning of $endLine when its offset is zero   2 ms
[chrome Windows 7 55.0]       -> PASSED : selects full line when offset is longer than line content   1 ms
[chrome Windows 7 55.0]       -> PASSED : selects all text between beginning of $startLine and end of $endLine when 
[chrome Windows 7 55.0]       no offset is provided   1 ms
[chrome Windows 7 55.0] 
[chrome Windows 7 55.0] importexport.js
[chrome Windows 7 55.0]   import functionality
[chrome Windows 7 55.0]     -> PENDING: import a pad with newlines from txt
[chrome Windows 7 55.0]     -> PENDING: import a pad with newlines from html
[chrome Windows 7 55.0]     -> PENDING: import a pad with attributes from html
[chrome Windows 7 55.0]     -> PENDING: import a pad with bullets from html
[chrome Windows 7 55.0]     -> PENDING: import a pad with bullets and newlines from html
[chrome Windows 7 55.0]     -> PENDING: import a pad with bullets and newlines and attributes from html
[chrome Windows 7 55.0]     -> PENDING: import a pad with nested bullets from html
[chrome Windows 7 55.0]     -> PENDING: import a pad with 8 levels of bullets and newlines and attributes from ht
[chrome Windows 7 55.0]     ml
[chrome Windows 7 55.0]     -> PENDING: import a pad with ordered lists from html
[chrome Windows 7 55.0]     -> PENDING: import a pad with ordered lists and newlines from html
[chrome Windows 7 55.0]     -> PENDING: import a pad with nested ordered lists and attributes and newlines from h
[chrome Windows 7 55.0]     tml
[chrome Windows 7 55.0] 
[chrome Windows 7 55.0] importindents.js
[chrome Windows 7 55.0]   import indents functionality
[chrome Windows 7 55.0]     -> PENDING: import a pad with indents from html
[chrome Windows 7 55.0]     -> PENDING: import a pad with indented lists and newlines from html
[chrome Windows 7 55.0]     -> PENDING: import a pad with 8 levels of indents and newlines and attributes from ht
[chrome Windows 7 55.0]     ml
[chrome Windows 7 55.0] 
[chrome Windows 7 55.0] indentation.js
[chrome Windows 7 55.0]   indentation button
[chrome Windows 7 55.0]     -> PASSED : indent text with keypress   22 ms
[chrome Windows 7 55.0]     -> PASSED : indent text with button   30 ms
[chrome Windows 7 55.0]     -> PASSED : keeps the indent on enter for the new line   569 ms
[chrome Windows 7 55.0]     -> PASSED : indents text with spaces on enter if previous line ends with ':', '[', '('
[chrome Windows 7 55.0]     , or '{'   126 ms
[chrome Windows 7 55.0]     -> PASSED : appends indentation to the indent of previous line if previous line ends w
[chrome Windows 7 55.0]     ith ':', '[', '(', or '{'   540 ms
[chrome Windows 7 55.0]     -> PASSED : issue #2772 shows '*' when multiple indented lines receive a style and are
[chrome Windows 7 55.0]      outdented   114 ms
[chrome Windows 7 55.0] 
[chrome Windows 7 55.0] italic.js
[chrome Windows 7 55.0]   italic some text
[chrome Windows 7 55.0]     -> PASSED : makes text italic using button   21 ms
[chrome Windows 7 55.0]     -> PASSED : makes text italic using keypress   10 ms
[chrome Windows 7 55.0] 
[chrome Windows 7 55.0] language.js
[chrome Windows 7 55.0]   Language select and change
[chrome Windows 7 55.0]     -> PASSED : makes text german   201 ms
[chrome Windows 7 55.0]     -> PASSED : makes text English   31 ms
[chrome Windows 7 55.0]     -> PASSED : changes direction when picking an rtl lang   223 ms
[chrome Windows 7 55.0]     -> PASSED : changes direction when picking an ltr lang   48 ms
[chrome Windows 7 55.0] 
[chrome Windows 7 55.0] multiple_authors_clear_authorship_colors.js
[chrome Windows 7 55.0]   author of pad edition
[chrome Windows 7 55.0]     -> PASSED : Clears Authorship by second user   16 ms
[chrome Windows 7 55.0] 
[chrome Windows 7 55.0] ordered_list.js
[chrome Windows 7 55.0]   assign ordered list
[chrome Windows 7 55.0]     -> PASSED : inserts ordered list text   25 ms
[chrome Windows 7 55.0]     -> PENDING: issue #1125 keeps the numbered list on enter for the new line - EMULATES 
[chrome Windows 7 55.0]     PASTING INTO A PAD
[chrome Windows 7 55.0]     when user presses Ctrl+Shift+N
[chrome Windows 7 55.0]       and pad shortcut is enabled
[chrome Windows 7 55.0]         -> PASSED : inserts unordered list   12 ms
[chrome Windows 7 55.0]       and pad shortcut is disabled
[chrome Windows 7 55.0]         -> PASSED : does not insert unordered list   1901 ms
[chrome Windows 7 55.0]     when user presses Ctrl+Shift+1
[chrome Windows 7 55.0]       and pad shortcut is enabled
[chrome Windows 7 55.0]         -> PASSED : inserts unordered list   32 ms
[chrome Windows 7 55.0]       and pad shortcut is disabled
[chrome Windows 7 55.0]         -> PASSED : does not insert unordered list   1901 ms
[chrome Windows 7 55.0]   Pressing Tab in an OL increases and decreases indentation
[chrome Windows 7 55.0]     -> PASSED : indent and de-indent list item with keypress   79 ms
[chrome Windows 7 55.0]   Pressing indent/outdent button in an OL increases and decreases indentation and bullet / ol formatti
[chrome Windows 7 55.0]   ng
[chrome Windows 7 55.0]     -> PASSED : indent and de-indent list item with indent button   47 ms
[chrome Windows 7 55.0] 
[chrome Windows 7 55.0] pad_modal.js
[chrome Windows 7 55.0]   Pad modal
[chrome Windows 7 55.0]     when modal is a "force reconnect" message
[chrome Windows 7 55.0]       -> PASSED : disables editor   2 ms
[chrome Windows 7 55.0]       and user clicks on editor
[chrome Windows 7 55.0]         -> PASSED : does not close the modal   2 ms
[chrome Windows 7 55.0]       and user clicks on pad outer
[chrome Windows 7 55.0]         -> PASSED : does not close the modal   2 ms
[chrome Windows 7 55.0]     when modal is not an error message
[chrome Windows 7 55.0]       and user clicks on editor
[chrome Windows 7 55.0]         -> PASSED : closes the modal   2 ms
[chrome Windows 7 55.0]       and user clicks on pad outer
[chrome Windows 7 55.0]         -> PASSED : closes the modal   1 ms
[chrome Windows 7 55.0] 
[chrome Windows 7 55.0] redo.js
[chrome Windows 7 55.0]   undo button then redo button
[chrome Windows 7 55.0]     -> PASSED : redo some typing with button   71 ms
[chrome Windows 7 55.0]     -> PASSED : redo some typing with keypress   50 ms
[chrome Windows 7 55.0] 
[chrome Windows 7 55.0] responsiveness.js
[chrome Windows 7 55.0]   Responsiveness of Editor
[chrome Windows 7 55.0]     -> PENDING: Fast response to keypress in pad with large amount of contents
[chrome Windows 7 55.0] 
[chrome Windows 7 55.0] select_formatting_buttons.js
[chrome Windows 7 55.0]   select formatting buttons when selection has style applied
[chrome Windows 7 55.0]     when selection is in a text with italic applied
[chrome Windows 7 55.0]       -> PASSED : selects the italic button   14 ms
[chrome Windows 7 55.0]     when caret is in a position with italic applied
[chrome Windows 7 55.0]       -> PASSED : selects the italic button   10 ms
[chrome Windows 7 55.0]     when selection is in a text with bold applied
[chrome Windows 7 55.0]       -> PASSED : selects the bold button   10 ms
[chrome Windows 7 55.0]     when caret is in a position with bold applied
[chrome Windows 7 55.0]       -> PASSED : selects the bold button   12 ms
[chrome Windows 7 55.0]     when selection is in a text with underline applied
[chrome Windows 7 55.0]       -> PASSED : selects the underline button   11 ms
[chrome Windows 7 55.0]     when caret is in a position with underline applied
[chrome Windows 7 55.0]       -> PASSED : selects the underline button   10 ms
[chrome Windows 7 55.0]     when selection is in a text with strikethrough applied
[chrome Windows 7 55.0]       -> PASSED : selects the strikethrough button   21 ms
[chrome Windows 7 55.0]     when caret is in a position with strikethrough applied
[chrome Windows 7 55.0]       -> PASSED : selects the strikethrough button   10 ms
[chrome Windows 7 55.0]     when user applies a style and the selection does not change
[chrome Windows 7 55.0]       -> PASSED : selects the style button   2 ms
[chrome Windows 7 55.0]     when user presses CMD + I
[chrome Windows 7 55.0]       -> PASSED : selects the italic button   10 ms
[chrome Windows 7 55.0]       and user presses CMD + I again
[chrome Windows 7 55.0]         -> PASSED : deselects the italic button   14 ms
[chrome Windows 7 55.0]     when user presses CMD + B
[chrome Windows 7 55.0]       -> PASSED : selects the bold button   10 ms
[chrome Windows 7 55.0]       and user presses CMD + B again
[chrome Windows 7 55.0]         -> PASSED : deselects the bold button   10 ms
[chrome Windows 7 55.0]     when user presses CMD + U
[chrome Windows 7 55.0]       -> PASSED : selects the underline button   10 ms
[chrome Windows 7 55.0]       and user presses CMD + U again
[chrome Windows 7 55.0]         -> PASSED : deselects the underline button   11 ms
[chrome Windows 7 55.0]     when user presses CMD + 5
[chrome Windows 7 55.0]       -> PASSED : selects the strikethrough button   10 ms
[chrome Windows 7 55.0]       and user presses CMD + 5 again
[chrome Windows 7 55.0]         -> PASSED : deselects the strikethrough button   10 ms
[chrome Windows 7 55.0] 
[chrome Windows 7 55.0] strikethrough.js
[chrome Windows 7 55.0]   strikethrough button
[chrome Windows 7 55.0]     -> PASSED : makes text strikethrough   12 ms
[chrome Windows 7 55.0] 
[chrome Windows 7 55.0] timeslider.js
[chrome Windows 7 55.0]   timeslider button takes you to the timeslider of a pad
[chrome Windows 7 55.0]     -> PENDING: timeslider contained in URL
[chrome Windows 7 55.0] 
[chrome Windows 7 55.0] timeslider_follow.js
[chrome Windows 7 55.0]   timeslider
[chrome Windows 7 55.0]     -> FAILED : follow content as it's added to timeslider Error: Uncaught TypeError: ecb.sc
[chrome Windows 7 55.0]     rollTop is not a function (http://localhost:9001/javascripts/lib/ep_[secure]/static/js/timeslid
[chrome Windows 7 55.0]     er.js?callback=require.define&v=03ca5f3a:6346)
[chrome Windows 7 55.0] 
[chrome Windows 7 55.0] timeslider_labels.js
[chrome Windows 7 55.0]   timeslider
[chrome Windows 7 55.0]     -> PASSED : Shows a date and time in the timeslider and make sure it doesn't include N
[chrome Windows 7 55.0]     aN   4414 ms
[chrome Windows 7 55.0] 
[chrome Windows 7 55.0] timeslider_numeric_padID.js
[chrome Windows 7 55.0]   timeslider
[chrome Windows 7 55.0]     -> PASSED : Makes sure the export URIs are as expected when the padID is numeric   441
[chrome Windows 7 55.0]     3 ms
[chrome Windows 7 55.0] 
[chrome Windows 7 55.0] timeslider_revisions.js
[chrome Windows 7 55.0]   timeslider
[chrome Windows 7 55.0]     -> FAILED : loads adds a hundred revisions Error: Uncaught Error: expected 'aaaaaaaaaaaa
[chrome Windows 7 55.0]     aaaaaaaaaaaaaaaaaaaaaaaaaaaaaaaaaaaaaaaaaaaaaaaaaaaaaaaaaaaaaaaaaaaaaaaaaaaaaaaaaaaaaaaWelcome to Et
[chrome Windows 7 55.0]     herpad!This pad text is synchronized as you type, so that everyone viewing this page sees the same 
[chrome Windows 7 55.0]     text. This allows you to collaborate seamlessly on documents!Get involved with Etherpad at https://
[chrome Windows 7 55.0]     etherpad.orgWarning: DirtyDB is used. This is fine for testing but not recommended for production. 
[chrome Windows 7 55.0]     -- To suppress these warning messages change suppressErrorsInPadText to true in your settings.json'
[chrome Windows 7 55.0]      to sort of not equal 'aaaaaaaaaaaaaaaaaaaaaaaaaaaaaaaaaaaaaaaaaaaaaaaaaaaaaaaaaaaaaaaaaaaaaaaaaaaaa
[chrome Windows 7 55.0]     aaaaaaaaaaaaaaaaaaaaaaWelcome to Etherpad!This pad text is synchronized as you type, so that everyo
[chrome Windows 7 55.0]     ne viewing this page sees the same text. This allows you to collaborate seamlessly on documents!Get
[chrome Windows 7 55.0]      involved with Etherpad at https://etherpad.orgWarning: DirtyDB is used. This is fine for testing b
[chrome Windows 7 55.0]     ut not recommended for production. -- To suppress these warning messages change suppressErrorsInPadT
[chrome Windows 7 55.0]     ext to true in your settings.json' (http://localhost:9001/tests/frontend/lib/expect.js:99)
[chrome Windows 7 55.0]     -> PENDING: changes the url when clicking on the timeslider
[chrome Windows 7 55.0]     -> FAILED : jumps to a revision given in the url Error: Uncaught Error: expected 413 to 
[chrome Windows 7 55.0]     sort of equal 412 (http://localhost:9001/tests/frontend/lib/expect.js:99)
[chrome Windows 7 55.0]     -> PASSED : checks the export url   3394 ms
[chrome Windows 7 55.0] 
[chrome Windows 7 55.0] undo.js
[chrome Windows 7 55.0]   undo button
[chrome Windows 7 55.0]     -> PASSED : undo some typing by clicking undo button   41 ms
[chrome Windows 7 55.0]     -> PASSED : undo some typing using a keypress   26 ms
[chrome Windows 7 55.0] 
[chrome Windows 7 55.0] unordered_list.js
[chrome Windows 7 55.0]   assign unordered list
[chrome Windows 7 55.0]     -> PASSED : insert unordered list text then removes by outdent   51 ms
[chrome Windows 7 55.0]   unassign unordered list
[chrome Windows 7 55.0]     -> PASSED : insert unordered list text then remove by clicking list again   43 ms
[chrome Windows 7 55.0]   keep unordered list on enter key
[chrome Windows 7 55.0]     -> PASSED : Keeps the unordered list on enter for the new line   77 ms
[chrome Windows 7 55.0]   Pressing Tab in an UL increases and decreases indentation
[chrome Windows 7 55.0]     -> PASSED : indent and de-indent list item with keypress   43 ms
[chrome Windows 7 55.0]   Pressing indent/outdent button in an UL increases and decreases indentation and bullet / ol formatti
[chrome Windows 7 55.0]   ng
[chrome Windows 7 55.0]     -> PASSED : indent and de-indent list item with indent button   84 ms
[chrome Windows 7 55.0] 
[chrome Windows 7 55.0] urls_become_clickable.js
[chrome Windows 7 55.0]   urls
[chrome Windows 7 55.0]     -> PASSED : when you enter an url, it becomes clickable   27 ms
[chrome Windows 7 55.0]     -> PASSED : when you enter a url containing a !, it becomes clickable and contains the
[chrome Windows 7 55.0]      whole URL   26 ms
[chrome Windows 7 55.0]     -> PASSED : when you enter a url followed by a ], the ] is not included in the URL   2
[chrome Windows 7 55.0]     3 ms
[chrome Windows 7 55.0] 
[chrome Windows 7 55.0] xxauto_reconnect.js
[chrome Windows 7 55.0]   Automatic pad reload on Force Reconnect message
[chrome Windows 7 55.0]     -> PASSED : displays a count down timer to automatically reconnect   4 ms
[chrome Windows 7 55.0]     and user clicks on Cancel
[chrome Windows 7 55.0]       -> PASSED : does not show Cancel button nor timer anymore   3 ms
[chrome Windows 7 55.0]     and user does not click on Cancel until timer expires
[chrome Windows 7 55.0]       -> PASSED : reloads the pad   2665 ms
[chrome Windows 7 55.0] 
[chrome Windows 7 55.0] FINISHED - 103 tests passed, 3 tests failed,  21 tests pending, duration: 4:19
[chrome Windows 7 55.0] 
Remote sauce test '6298c95 - chrome 55.0, Windows 7' finished! https://saucelabs.com/jobs/33b6dd6302ef4eb88ea1cc0199afbfd5
[microsoftedge Windows 10 83.0] alphabet.js
[microsoftedge Windows 10 83.0]   All the alphabet works n stuff
[microsoftedge Windows 10 83.0]     -> PASSED : when you enter any char it appears right   46 ms
[microsoftedge Windows 10 83.0] 
[microsoftedge Windows 10 83.0] authorship_of_editions.js
[microsoftedge Windows 10 83.0]   author of pad edition
[microsoftedge Windows 10 83.0]     -> PASSED : marks only the new content as changes of the second user on a regular line
[microsoftedge Windows 10 83.0]        524 ms
[microsoftedge Windows 10 83.0]     -> PASSED : marks only the new content as changes of the second user on a line with or
[microsoftedge Windows 10 83.0]     dered list   997 ms
[microsoftedge Windows 10 83.0]     -> PASSED : marks only the new content as changes of the second user on a line with un
[microsoftedge Windows 10 83.0]     ordered list   995 ms
[microsoftedge Windows 10 83.0] 
[microsoftedge Windows 10 83.0] bold.js
[microsoftedge Windows 10 83.0]   bold button
[microsoftedge Windows 10 83.0]     -> PASSED : makes text bold on click   9 ms
[microsoftedge Windows 10 83.0]     -> PASSED : makes text bold on keypress   6 ms
[microsoftedge Windows 10 83.0] 
[microsoftedge Windows 10 83.0] change_user_color.js
[microsoftedge Windows 10 83.0]   change user color
[microsoftedge Windows 10 83.0]     -> PASSED : Color picker matches original color and remembers the user color after a r
[microsoftedge Windows 10 83.0]     efresh   2518 ms
[microsoftedge Windows 10 83.0]     -> PASSED : Own user color is shown when you enter a chat   218 ms
[microsoftedge Windows 10 83.0] 
[microsoftedge Windows 10 83.0] change_user_name.js
[microsoftedge Windows 10 83.0]   change username value
[microsoftedge Windows 10 83.0]     -> PASSED : Remembers the user name after a refresh   2588 ms
[microsoftedge Windows 10 83.0]     -> PASSED : Own user name is shown when you enter a chat   306 ms
[microsoftedge Windows 10 83.0] 
[microsoftedge Windows 10 83.0] chat.js
[microsoftedge Windows 10 83.0]   Chat messages and UI
[microsoftedge Windows 10 83.0]     -> PASSED : opens chat, sends a message and makes sure it exists on the page   221 ms
[microsoftedge Windows 10 83.0]     -> PASSED : makes sure that an empty message can't be sent   140 ms
[microsoftedge Windows 10 83.0]     -> PASSED : makes chat stick to right side of the screen   68 ms
[microsoftedge Windows 10 83.0]     -> PASSED : makes chat stick to right side of the screen then makes it one step smalle
[microsoftedge Windows 10 83.0]     r   86 ms
[microsoftedge Windows 10 83.0]     -> PENDING: Checks showChat=false URL Parameter hides chat then when removed it shows
[microsoftedge Windows 10 83.0]      chat
[microsoftedge Windows 10 83.0] 
[microsoftedge Windows 10 83.0] chat_load_messages.js
[microsoftedge Windows 10 83.0]   chat-load-messages
[microsoftedge Windows 10 83.0]     -> PASSED : creates a pad   1575 ms
[microsoftedge Windows 10 83.0]     -> PASSED : adds a lot of messages   2223 ms
[microsoftedge Windows 10 83.0]     -> PASSED : checks initial message count   48 ms
[microsoftedge Windows 10 83.0]     -> PASSED : loads more messages   136 ms
[microsoftedge Windows 10 83.0]     -> PASSED : checks for button vanishing   123 ms
[microsoftedge Windows 10 83.0] 
[microsoftedge Windows 10 83.0] clear_authorship_colors.js
[microsoftedge Windows 10 83.0]   clear authorship colors button
[microsoftedge Windows 10 83.0]     -> PASSED : makes text clear authorship colors   37 ms
[microsoftedge Windows 10 83.0]     -> PASSED : makes text clear authorship colors and checks it can't be undone   32 ms
[microsoftedge Windows 10 83.0] 
[microsoftedge Windows 10 83.0] delete.js
[microsoftedge Windows 10 83.0]   delete keystroke
[microsoftedge Windows 10 83.0]     -> PASSED : makes text delete   2 ms
[microsoftedge Windows 10 83.0] 
[microsoftedge Windows 10 83.0] drag_and_drop.js
[microsoftedge Windows 10 83.0]   drag and drop
[microsoftedge Windows 10 83.0]     when user drags part of one line and drops it far form its original place
[microsoftedge Windows 10 83.0]       and user triggers UNDO
[microsoftedge Windows 10 83.0]         -> PASSED : moves text back to its original place   1 ms
[microsoftedge Windows 10 83.0]     when user drags some lines far form its original place
[microsoftedge Windows 10 83.0]       and user triggers UNDO
[microsoftedge Windows 10 83.0]         -> PASSED : moves text back to its original place   3 ms
[microsoftedge Windows 10 83.0] 
[microsoftedge Windows 10 83.0] embed_value.js
[microsoftedge Windows 10 83.0]   embed links
[microsoftedge Windows 10 83.0]     read and write
[microsoftedge Windows 10 83.0]       the share link
[microsoftedge Windows 10 83.0]         -> PASSED : is the actual pad url   11 ms
[microsoftedge Windows 10 83.0]       the embed as iframe code
[microsoftedge Windows 10 83.0]         -> PASSED : is an iframe with the the correct url parameters and correct size   11 ms
[microsoftedge Windows 10 83.0]     when read only option is set
[microsoftedge Windows 10 83.0]       the share link
[microsoftedge Windows 10 83.0]         -> PASSED : shows a read only url   8 ms
[microsoftedge Windows 10 83.0]       the embed as iframe code
[microsoftedge Windows 10 83.0]         -> PASSED : is an iframe with the the correct url parameters and correct size   14 ms
[microsoftedge Windows 10 83.0] 
[microsoftedge Windows 10 83.0] enter.js
[microsoftedge Windows 10 83.0]   enter keystroke
[microsoftedge Windows 10 83.0]     -> PASSED : creates a new line & puts cursor onto a new line   513 ms
[microsoftedge Windows 10 83.0] 
[microsoftedge Windows 10 83.0] font_type.js
[microsoftedge Windows 10 83.0]   font select
[microsoftedge Windows 10 83.0]     -> PASSED : makes text RobotoMono   8 ms
[microsoftedge Windows 10 83.0] 
[microsoftedge Windows 10 83.0] helper.js
[microsoftedge Windows 10 83.0]   the test helper
[microsoftedge Windows 10 83.0]     the newPad method
[microsoftedge Windows 10 83.0]       -> PENDING: doesn't leak memory if you creates iframes over and over again
[microsoftedge Windows 10 83.0]       -> PASSED : gives me 3 jquery instances of chrome, outer and inner   1526 ms
[microsoftedge Windows 10 83.0]       -> PASSED : clears cookies   3874 ms
[microsoftedge Windows 10 83.0]       -> PASSED : sets pad prefs cookie   1526 ms
[microsoftedge Windows 10 83.0]     the waitFor method
[microsoftedge Windows 10 83.0]       -> PASSED : takes a timeout and waits long enough   1507 ms
[microsoftedge Windows 10 83.0]       -> PASSED : takes an interval and checks on every interval   2009 ms
[microsoftedge Windows 10 83.0]       returns a deferred object
[microsoftedge Windows 10 83.0]         -> PASSED : it calls done after success   10 ms
[microsoftedge Windows 10 83.0]         -> PASSED : calls fail after failure   1906 ms
[microsoftedge Windows 10 83.0]         -> PENDING: throws if you don't listen for fails
[microsoftedge Windows 10 83.0]     the selectLines method
[microsoftedge Windows 10 83.0]       -> PASSED : changes editor selection to be between startOffset of $startLine and endOf
[microsoftedge Windows 10 83.0]       fset of $endLine   3 ms
[microsoftedge Windows 10 83.0]       -> PASSED : ends selection at beginning of $endLine when it is an empty line   1 ms
[microsoftedge Windows 10 83.0]       -> PASSED : ends selection at beginning of $endLine when its offset is zero   1 ms
[microsoftedge Windows 10 83.0]       -> PASSED : selects full line when offset is longer than line content   1 ms
[microsoftedge Windows 10 83.0]       -> PASSED : selects all text between beginning of $startLine and end of $endLine when 
[microsoftedge Windows 10 83.0]       no offset is provided   1 ms
[microsoftedge Windows 10 83.0] 
[microsoftedge Windows 10 83.0] importexport.js
[microsoftedge Windows 10 83.0]   import functionality
[microsoftedge Windows 10 83.0]     -> PENDING: import a pad with newlines from txt
[microsoftedge Windows 10 83.0]     -> PENDING: import a pad with newlines from html
[microsoftedge Windows 10 83.0]     -> PENDING: import a pad with attributes from html
[microsoftedge Windows 10 83.0]     -> PENDING: import a pad with bullets from html
[microsoftedge Windows 10 83.0]     -> PENDING: import a pad with bullets and newlines from html
[microsoftedge Windows 10 83.0]     -> PENDING: import a pad with bullets and newlines and attributes from html
[microsoftedge Windows 10 83.0]     -> PENDING: import a pad with nested bullets from html
[microsoftedge Windows 10 83.0]     -> PENDING: import a pad with 8 levels of bullets and newlines and attributes from ht
[microsoftedge Windows 10 83.0]     ml
[microsoftedge Windows 10 83.0]     -> PENDING: import a pad with ordered lists from html
[microsoftedge Windows 10 83.0]     -> PENDING: import a pad with ordered lists and newlines from html
[microsoftedge Windows 10 83.0]     -> PENDING: import a pad with nested ordered lists and attributes and newlines from h
[microsoftedge Windows 10 83.0]     tml
[microsoftedge Windows 10 83.0] 
[microsoftedge Windows 10 83.0] importindents.js
[microsoftedge Windows 10 83.0]   import indents functionality
[microsoftedge Windows 10 83.0]     -> PENDING: import a pad with indents from html
[microsoftedge Windows 10 83.0]     -> PENDING: import a pad with indented lists and newlines from html
[microsoftedge Windows 10 83.0]     -> PENDING: import a pad with 8 levels of indents and newlines and attributes from ht
[microsoftedge Windows 10 83.0]     ml
[microsoftedge Windows 10 83.0] 
[microsoftedge Windows 10 83.0] indentation.js
[microsoftedge Windows 10 83.0]   indentation button
[microsoftedge Windows 10 83.0]     -> PASSED : indent text with keypress   16 ms
[microsoftedge Windows 10 83.0]     -> PASSED : indent text with button   17 ms
[microsoftedge Windows 10 83.0]     -> PASSED : keeps the indent on enter for the new line   35 ms
[microsoftedge Windows 10 83.0]     -> PASSED : indents text with spaces on enter if previous line ends with ':', '[', '('
[microsoftedge Windows 10 83.0]     , or '{'   71 ms
[microsoftedge Windows 10 83.0]     -> PASSED : appends indentation to the indent of previous line if previous line ends w
[microsoftedge Windows 10 83.0]     ith ':', '[', '(', or '{'   42 ms
[microsoftedge Windows 10 83.0]     -> PASSED : issue #2772 shows '*' when multiple indented lines receive a style and are
[microsoftedge Windows 10 83.0]      outdented   80 ms
[microsoftedge Windows 10 83.0] 
[microsoftedge Windows 10 83.0] italic.js
[microsoftedge Windows 10 83.0]   italic some text
[microsoftedge Windows 10 83.0]     -> PASSED : makes text italic using button   10 ms
[microsoftedge Windows 10 83.0]     -> PASSED : makes text italic using keypress   11 ms
[microsoftedge Windows 10 83.0] 
[microsoftedge Windows 10 83.0] language.js
[microsoftedge Windows 10 83.0]   Language select and change
[microsoftedge Windows 10 83.0]     -> PASSED : makes text german   199 ms
[microsoftedge Windows 10 83.0]     -> PASSED : makes text English   38 ms
[microsoftedge Windows 10 83.0]     -> PASSED : changes direction when picking an rtl lang   231 ms
[microsoftedge Windows 10 83.0]     -> PASSED : changes direction when picking an ltr lang   28 ms
[microsoftedge Windows 10 83.0] 
[microsoftedge Windows 10 83.0] multiple_authors_clear_authorship_colors.js
[microsoftedge Windows 10 83.0]   author of pad edition
[microsoftedge Windows 10 83.0]     -> PASSED : Clears Authorship by second user   12 ms
[microsoftedge Windows 10 83.0] 
[microsoftedge Windows 10 83.0] ordered_list.js
[microsoftedge Windows 10 83.0]   assign ordered list
[microsoftedge Windows 10 83.0]     -> PASSED : inserts ordered list text   17 ms
[microsoftedge Windows 10 83.0]     -> PENDING: issue #1125 keeps the numbered list on enter for the new line - EMULATES 
[microsoftedge Windows 10 83.0]     PASTING INTO A PAD
[microsoftedge Windows 10 83.0]     when user presses Ctrl+Shift+N
[microsoftedge Windows 10 83.0]       and pad shortcut is enabled
[microsoftedge Windows 10 83.0]         -> PASSED : inserts unordered list   11 ms
[microsoftedge Windows 10 83.0]       and pad shortcut is disabled
[microsoftedge Windows 10 83.0]         -> PASSED : does not insert unordered list   1908 ms
[microsoftedge Windows 10 83.0]     when user presses Ctrl+Shift+1
[microsoftedge Windows 10 83.0]       and pad shortcut is enabled
[microsoftedge Windows 10 83.0]         -> PASSED : inserts unordered list   10 ms
[microsoftedge Windows 10 83.0]       and pad shortcut is disabled
[microsoftedge Windows 10 83.0]         -> PASSED : does not insert unordered list   1908 ms
[microsoftedge Windows 10 83.0]   Pressing Tab in an OL increases and decreases indentation
[microsoftedge Windows 10 83.0]     -> PASSED : indent and de-indent list item with keypress   30 ms
[microsoftedge Windows 10 83.0]   Pressing indent/outdent button in an OL increases and decreases indentation and bullet / ol formatti
[microsoftedge Windows 10 83.0]   ng
[microsoftedge Windows 10 83.0]     -> PASSED : indent and de-indent list item with indent button   26 ms
[microsoftedge Windows 10 83.0] 
[microsoftedge Windows 10 83.0] pad_modal.js
[microsoftedge Windows 10 83.0]   Pad modal
[microsoftedge Windows 10 83.0]     when modal is a "force reconnect" message
[microsoftedge Windows 10 83.0]       -> PASSED : disables editor   1 ms
[microsoftedge Windows 10 83.0]       and user clicks on editor
[microsoftedge Windows 10 83.0]         -> PASSED : does not close the modal   1 ms
[microsoftedge Windows 10 83.0]       and user clicks on pad outer
[microsoftedge Windows 10 83.0]         -> PASSED : does not close the modal   1 ms
[microsoftedge Windows 10 83.0]     when modal is not an error message
[microsoftedge Windows 10 83.0]       and user clicks on editor
[microsoftedge Windows 10 83.0]         -> PASSED : closes the modal   1 ms
[microsoftedge Windows 10 83.0]       and user clicks on pad outer
[microsoftedge Windows 10 83.0]         -> PASSED : closes the modal   2 ms
[microsoftedge Windows 10 83.0] 
[microsoftedge Windows 10 83.0] redo.js
[microsoftedge Windows 10 83.0]   undo button then redo button
[microsoftedge Windows 10 83.0]     -> PASSED : redo some typing with button   30 ms
[microsoftedge Windows 10 83.0]     -> PASSED : redo some typing with keypress   25 ms
[microsoftedge Windows 10 83.0] 
[microsoftedge Windows 10 83.0] responsiveness.js
[microsoftedge Windows 10 83.0]   Responsiveness of Editor
[microsoftedge Windows 10 83.0]     -> PENDING: Fast response to keypress in pad with large amount of contents
[microsoftedge Windows 10 83.0] 
[microsoftedge Windows 10 83.0] select_formatting_buttons.js
[microsoftedge Windows 10 83.0]   select formatting buttons when selection has style applied
[microsoftedge Windows 10 83.0]     when selection is in a text with italic applied
[microsoftedge Windows 10 83.0]       -> PASSED : selects the italic button   16 ms
[microsoftedge Windows 10 83.0]     when caret is in a position with italic applied
[microsoftedge Windows 10 83.0]       -> PASSED : selects the italic button   18 ms
[microsoftedge Windows 10 83.0]     when selection is in a text with bold applied
[microsoftedge Windows 10 83.0]       -> PASSED : selects the bold button   10 ms
[microsoftedge Windows 10 83.0]     when caret is in a position with bold applied
[microsoftedge Windows 10 83.0]       -> PASSED : selects the bold button   10 ms
[microsoftedge Windows 10 83.0]     when selection is in a text with underline applied
[microsoftedge Windows 10 83.0]       -> PASSED : selects the underline button   11 ms
[microsoftedge Windows 10 83.0]     when caret is in a position with underline applied
[microsoftedge Windows 10 83.0]       -> PASSED : selects the underline button   11 ms
[microsoftedge Windows 10 83.0]     when selection is in a text with strikethrough applied
[microsoftedge Windows 10 83.0]       -> PASSED : selects the strikethrough button   11 ms
[microsoftedge Windows 10 83.0]     when caret is in a position with strikethrough applied
[microsoftedge Windows 10 83.0]       -> PASSED : selects the strikethrough button   10 ms
[microsoftedge Windows 10 83.0]     when user applies a style and the selection does not change
[microsoftedge Windows 10 83.0]       -> PASSED : selects the style button   0 ms
[microsoftedge Windows 10 83.0]     when user presses CMD + I
[microsoftedge Windows 10 83.0]       -> PASSED : selects the italic button   10 ms
[microsoftedge Windows 10 83.0]       and user presses CMD + I again
[microsoftedge Windows 10 83.0]         -> PASSED : deselects the italic button   11 ms
[microsoftedge Windows 10 83.0]     when user presses CMD + B
[microsoftedge Windows 10 83.0]       -> PASSED : selects the bold button   10 ms
[microsoftedge Windows 10 83.0]       and user presses CMD + B again
[microsoftedge Windows 10 83.0]         -> PASSED : deselects the bold button   10 ms
[microsoftedge Windows 10 83.0]     when user presses CMD + U
[microsoftedge Windows 10 83.0]       -> PASSED : selects the underline button   11 ms
[microsoftedge Windows 10 83.0]       and user presses CMD + U again
[microsoftedge Windows 10 83.0]         -> PASSED : deselects the underline button   11 ms
[microsoftedge Windows 10 83.0]     when user presses CMD + 5
[microsoftedge Windows 10 83.0]       -> PASSED : selects the strikethrough button   10 ms
[microsoftedge Windows 10 83.0]       and user presses CMD + 5 again
[microsoftedge Windows 10 83.0]         -> PASSED : deselects the strikethrough button   10 ms
[microsoftedge Windows 10 83.0] 
[microsoftedge Windows 10 83.0] strikethrough.js
[microsoftedge Windows 10 83.0]   strikethrough button
[microsoftedge Windows 10 83.0]     -> PASSED : makes text strikethrough   6 ms
[microsoftedge Windows 10 83.0] 
[microsoftedge Windows 10 83.0] timeslider.js
[microsoftedge Windows 10 83.0]   timeslider button takes you to the timeslider of a pad
[microsoftedge Windows 10 83.0]     -> PENDING: timeslider contained in URL
[microsoftedge Windows 10 83.0] 
[microsoftedge Windows 10 83.0] timeslider_follow.js
[microsoftedge Windows 10 83.0]   timeslider
[microsoftedge Windows 10 83.0]     -> PASSED : follow content as it's added to timeslider   12024 ms
[microsoftedge Windows 10 83.0] 
[microsoftedge Windows 10 83.0] timeslider_labels.js
[microsoftedge Windows 10 83.0]   timeslider
[microsoftedge Windows 10 83.0]     -> PASSED : Shows a date and time in the timeslider and make sure it doesn't include N
[microsoftedge Windows 10 83.0]     aN   4437 ms
[microsoftedge Windows 10 83.0] 
[microsoftedge Windows 10 83.0] timeslider_numeric_padID.js
[microsoftedge Windows 10 83.0]   timeslider
[microsoftedge Windows 10 83.0]     -> PASSED : Makes sure the export URIs are as expected when the padID is numeric   443
[microsoftedge Windows 10 83.0]     7 ms
[microsoftedge Windows 10 83.0] 
[microsoftedge Windows 10 83.0] timeslider_revisions.js
[microsoftedge Windows 10 83.0]   timeslider
[microsoftedge Windows 10 83.0]     -> PASSED : loads adds a hundred revisions   96173 ms
[microsoftedge Windows 10 83.0]     -> PENDING: changes the url when clicking on the timeslider
[microsoftedge Windows 10 83.0]     -> PASSED : jumps to a revision given in the url   2137 ms
[microsoftedge Windows 10 83.0]     -> PASSED : checks the export url   3512 ms
[microsoftedge Windows 10 83.0] 
[microsoftedge Windows 10 83.0] undo.js
[microsoftedge Windows 10 83.0]   undo button
[microsoftedge Windows 10 83.0]     -> PASSED : undo some typing by clicking undo button   24 ms
[microsoftedge Windows 10 83.0]     -> PASSED : undo some typing using a keypress   18 ms
[microsoftedge Windows 10 83.0] 
[microsoftedge Windows 10 83.0] unordered_list.js
[microsoftedge Windows 10 83.0]   assign unordered list
[microsoftedge Windows 10 83.0]     -> PASSED : insert unordered list text then removes by outdent   36 ms
[microsoftedge Windows 10 83.0]   unassign unordered list
[microsoftedge Windows 10 83.0]     -> PASSED : insert unordered list text then remove by clicking list again   36 ms
[microsoftedge Windows 10 83.0]   keep unordered list on enter key
[microsoftedge Windows 10 83.0]     -> PASSED : Keeps the unordered list on enter for the new line   35 ms
[microsoftedge Windows 10 83.0]   Pressing Tab in an UL increases and decreases indentation
[microsoftedge Windows 10 83.0]     -> PASSED : indent and de-indent list item with keypress   23 ms
[microsoftedge Windows 10 83.0]   Pressing indent/outdent button in an UL increases and decreases indentation and bullet / ol formatti
[microsoftedge Windows 10 83.0]   ng
[microsoftedge Windows 10 83.0]     -> PASSED : indent and de-indent list item with indent button   33 ms
[microsoftedge Windows 10 83.0] 
[microsoftedge Windows 10 83.0] urls_become_clickable.js
[microsoftedge Windows 10 83.0]   urls
[microsoftedge Windows 10 83.0]     -> PASSED : when you enter an url, it becomes clickable   20 ms
[microsoftedge Windows 10 83.0]     -> PASSED : when you enter a url containing a !, it becomes clickable and contains the
[microsoftedge Windows 10 83.0]      whole URL   517 ms
[microsoftedge Windows 10 83.0]     -> PASSED : when you enter a url followed by a ], the ] is not included in the URL   5
[microsoftedge Windows 10 83.0]     16 ms
[microsoftedge Windows 10 83.0] 
[microsoftedge Windows 10 83.0] xxauto_reconnect.js
[microsoftedge Windows 10 83.0]   Automatic pad reload on Force Reconnect message
[microsoftedge Windows 10 83.0]     -> PASSED : displays a count down timer to automatically reconnect   2 ms
[microsoftedge Windows 10 83.0]     and user clicks on Cancel
[microsoftedge Windows 10 83.0]       -> PASSED : does not show Cancel button nor timer anymore   1 ms
[microsoftedge Windows 10 83.0]     and user does not click on Cancel until timer expires
[microsoftedge Windows 10 83.0]       -> PASSED : reloads the pad   2261 ms
[microsoftedge Windows 10 83.0] 
[microsoftedge Windows 10 83.0] FINISHED - 106 tests passed, 0 tests failed,  21 tests pending, duration: 4:32
[microsoftedge Windows 10 83.0] 
Remote sauce test '6298c95 - microsoftedge 83.0, Windows 10' finished! https://saucelabs.com/jobs/08b6a9485c654322a9b5933c5872d61d
[safari OS X 10.15 13.1] alphabet.js
[safari OS X 10.15 13.1]   All the alphabet works n stuff
[safari OS X 10.15 13.1]     -> PASSED : when you enter any char it appears right   64 ms
[safari OS X 10.15 13.1] 
[safari OS X 10.15 13.1] authorship_of_editions.js
[safari OS X 10.15 13.1]   author of pad edition
[safari OS X 10.15 13.1]     -> PASSED : marks only the new content as changes of the second user on a regular line
[safari OS X 10.15 13.1]        1020 ms
[safari OS X 10.15 13.1]     -> PASSED : marks only the new content as changes of the second user on a line with or
[safari OS X 10.15 13.1]     dered list   1003 ms
[safari OS X 10.15 13.1]     -> PASSED : marks only the new content as changes of the second user on a line with un
[safari OS X 10.15 13.1]     ordered list   999 ms
[safari OS X 10.15 13.1] 
[safari OS X 10.15 13.1] bold.js
[safari OS X 10.15 13.1]   bold button
[safari OS X 10.15 13.1]     -> PASSED : makes text bold on click   11 ms
[safari OS X 10.15 13.1]     -> PASSED : makes text bold on keypress   9 ms
[safari OS X 10.15 13.1] 
[safari OS X 10.15 13.1] change_user_color.js
[safari OS X 10.15 13.1]   change user color
[safari OS X 10.15 13.1]     -> PASSED : Color picker matches original color and remembers the user color after a r
[safari OS X 10.15 13.1]     efresh   4737 ms
[safari OS X 10.15 13.1]     -> PASSED : Own user color is shown when you enter a chat   351 ms
[safari OS X 10.15 13.1] 
[safari OS X 10.15 13.1] change_user_name.js
[safari OS X 10.15 13.1]   change username value
[safari OS X 10.15 13.1]     -> PASSED : Remembers the user name after a refresh   4153 ms
[safari OS X 10.15 13.1]     -> PASSED : Own user name is shown when you enter a chat   363 ms
[safari OS X 10.15 13.1] 
[safari OS X 10.15 13.1] chat.js
[safari OS X 10.15 13.1]   Chat messages and UI
[safari OS X 10.15 13.1]     -> PASSED : opens chat, sends a message and makes sure it exists on the page   178 ms
[safari OS X 10.15 13.1]     -> PASSED : makes sure that an empty message can't be sent   173 ms
[safari OS X 10.15 13.1]     -> PASSED : makes chat stick to right side of the screen   152 ms
[safari OS X 10.15 13.1]     -> PASSED : makes chat stick to right side of the screen then makes it one step smalle
[safari OS X 10.15 13.1]     r   41 ms
[safari OS X 10.15 13.1]     -> PENDING: Checks showChat=false URL Parameter hides chat then when removed it shows
[safari OS X 10.15 13.1]      chat
[safari OS X 10.15 13.1] 
[safari OS X 10.15 13.1] chat_load_messages.js
[safari OS X 10.15 13.1]   chat-load-messages
[safari OS X 10.15 13.1]     -> PASSED : creates a pad   3063 ms
[safari OS X 10.15 13.1]     -> PASSED : adds a lot of messages   4445 ms
[safari OS X 10.15 13.1]     -> PASSED : checks initial message count   26 ms
[safari OS X 10.15 13.1]     -> PASSED : loads more messages   200 ms
[safari OS X 10.15 13.1]     -> PASSED : checks for button vanishing   181 ms
[safari OS X 10.15 13.1] 
[safari OS X 10.15 13.1] clear_authorship_colors.js
[safari OS X 10.15 13.1]   clear authorship colors button
[safari OS X 10.15 13.1]     -> PASSED : makes text clear authorship colors   547 ms
[safari OS X 10.15 13.1]     -> PASSED : makes text clear authorship colors and checks it can't be undone   58 ms
[safari OS X 10.15 13.1] 
[safari OS X 10.15 13.1] delete.js
[safari OS X 10.15 13.1]   delete keystroke
[safari OS X 10.15 13.1]     -> PASSED : makes text delete   3 ms
[safari OS X 10.15 13.1] 
[safari OS X 10.15 13.1] drag_and_drop.js
[safari OS X 10.15 13.1]   drag and drop
[safari OS X 10.15 13.1]     when user drags part of one line and drops it far form its original place
[safari OS X 10.15 13.1]       and user triggers UNDO
[safari OS X 10.15 13.1]         -> PASSED : moves text back to its original place   1 ms
[safari OS X 10.15 13.1]     when user drags some lines far form its original place
[safari OS X 10.15 13.1]       and user triggers UNDO
[safari OS X 10.15 13.1]         -> PASSED : moves text back to its original place   2 ms
[safari OS X 10.15 13.1] 
[safari OS X 10.15 13.1] embed_value.js
[safari OS X 10.15 13.1]   embed links
[safari OS X 10.15 13.1]     read and write
[safari OS X 10.15 13.1]       the share link
[safari OS X 10.15 13.1]         -> PASSED : is the actual pad url   6 ms
[safari OS X 10.15 13.1]       the embed as iframe code
[safari OS X 10.15 13.1]         -> PASSED : is an iframe with the the correct url parameters and correct size   8 ms
[safari OS X 10.15 13.1]     when read only option is set
[safari OS X 10.15 13.1]       the share link
[safari OS X 10.15 13.1]         -> PASSED : shows a read only url   6 ms
[safari OS X 10.15 13.1]       the embed as iframe code
[safari OS X 10.15 13.1]         -> PASSED : is an iframe with the the correct url parameters and correct size   13 ms
[safari OS X 10.15 13.1] 
[safari OS X 10.15 13.1] enter.js
[safari OS X 10.15 13.1]   enter keystroke
[safari OS X 10.15 13.1]     -> PASSED : creates a new line & puts cursor onto a new line   529 ms
[safari OS X 10.15 13.1] 
[safari OS X 10.15 13.1] font_type.js
[safari OS X 10.15 13.1]   font select
[safari OS X 10.15 13.1]     -> PASSED : makes text RobotoMono   10 ms
[safari OS X 10.15 13.1] 
[safari OS X 10.15 13.1] helper.js
[safari OS X 10.15 13.1]   the test helper
[safari OS X 10.15 13.1]     the newPad method
[safari OS X 10.15 13.1]       -> PENDING: doesn't leak memory if you creates iframes over and over again
[safari OS X 10.15 13.1]       -> PASSED : gives me 3 jquery instances of chrome, outer and inner   3239 ms
[safari OS X 10.15 13.1]       -> PASSED : clears cookies   7281 ms
[safari OS X 10.15 13.1]       -> PASSED : sets pad prefs cookie   3277 ms
[safari OS X 10.15 13.1]     the waitFor method
[safari OS X 10.15 13.1]       -> PASSED : takes a timeout and waits long enough   1503 ms
[safari OS X 10.15 13.1]       -> PASSED : takes an interval and checks on every interval   2002 ms
[safari OS X 10.15 13.1]       returns a deferred object
[safari OS X 10.15 13.1]         -> PASSED : it calls done after success   12 ms
[safari OS X 10.15 13.1]         -> PASSED : calls fail after failure   1901 ms
[safari OS X 10.15 13.1]         -> PENDING: throws if you don't listen for fails
[safari OS X 10.15 13.1]     the selectLines method
[safari OS X 10.15 13.1]       -> PASSED : changes editor selection to be between startOffset of $startLine and endOf
[safari OS X 10.15 13.1]       fset of $endLine   4 ms
[safari OS X 10.15 13.1]       -> PASSED : ends selection at beginning of $endLine when it is an empty line   2 ms
[safari OS X 10.15 13.1]       -> PASSED : ends selection at beginning of $endLine when its offset is zero   2 ms
[safari OS X 10.15 13.1]       -> PASSED : selects full line when offset is longer than line content   1 ms
[safari OS X 10.15 13.1]       -> PASSED : selects all text between beginning of $startLine and end of $endLine when 
[safari OS X 10.15 13.1]       no offset is provided   1 ms
[safari OS X 10.15 13.1] 
[safari OS X 10.15 13.1] importexport.js
[safari OS X 10.15 13.1]   import functionality
[safari OS X 10.15 13.1]     -> PENDING: import a pad with newlines from txt
[safari OS X 10.15 13.1]     -> PENDING: import a pad with newlines from html
[safari OS X 10.15 13.1]     -> PENDING: import a pad with attributes from html
[safari OS X 10.15 13.1]     -> PENDING: import a pad with bullets from html
[safari OS X 10.15 13.1]     -> PENDING: import a pad with bullets and newlines from html
[safari OS X 10.15 13.1]     -> PENDING: import a pad with bullets and newlines and attributes from html
[safari OS X 10.15 13.1]     -> PENDING: import a pad with nested bullets from html
[safari OS X 10.15 13.1]     -> PENDING: import a pad with 8 levels of bullets and newlines and attributes from ht
[safari OS X 10.15 13.1]     ml
[safari OS X 10.15 13.1]     -> PENDING: import a pad with ordered lists from html
[safari OS X 10.15 13.1]     -> PENDING: import a pad with ordered lists and newlines from html
[safari OS X 10.15 13.1]     -> PENDING: import a pad with nested ordered lists and attributes and newlines from h
[safari OS X 10.15 13.1]     tml
[safari OS X 10.15 13.1] 
[safari OS X 10.15 13.1] importindents.js
[safari OS X 10.15 13.1]   import indents functionality
[safari OS X 10.15 13.1]     -> PENDING: import a pad with indents from html
[safari OS X 10.15 13.1]     -> PENDING: import a pad with indented lists and newlines from html
[safari OS X 10.15 13.1]     -> PENDING: import a pad with 8 levels of indents and newlines and attributes from ht
[safari OS X 10.15 13.1]     ml
[safari OS X 10.15 13.1] 
[safari OS X 10.15 13.1] indentation.js
[safari OS X 10.15 13.1]   indentation button
[safari OS X 10.15 13.1]     -> PASSED : indent text with keypress   27 ms
[safari OS X 10.15 13.1]     -> PASSED : indent text with button   37 ms
[safari OS X 10.15 13.1]     -> PASSED : keeps the indent on enter for the new line   53 ms
[safari OS X 10.15 13.1]     -> PASSED : indents text with spaces on enter if previous line ends with ':', '[', '('
[safari OS X 10.15 13.1]     , or '{'   111 ms
[safari OS X 10.15 13.1]     -> PASSED : appends indentation to the indent of previous line if previous line ends w
[safari OS X 10.15 13.1]     ith ':', '[', '(', or '{'   72 ms
[safari OS X 10.15 13.1]     -> PASSED : issue #2772 shows '*' when multiple indented lines receive a style and are
[safari OS X 10.15 13.1]      outdented   126 ms
[safari OS X 10.15 13.1] 
[safari OS X 10.15 13.1] italic.js
[safari OS X 10.15 13.1]   italic some text
[safari OS X 10.15 13.1]     -> PASSED : makes text italic using button   12 ms
[safari OS X 10.15 13.1]     -> PASSED : makes text italic using keypress   20 ms
[safari OS X 10.15 13.1] 
[safari OS X 10.15 13.1] language.js
[safari OS X 10.15 13.1]   Language select and change
[safari OS X 10.15 13.1]     -> PASSED : makes text german   263 ms
[safari OS X 10.15 13.1]     -> PASSED : makes text English   46 ms
[safari OS X 10.15 13.1]     -> PASSED : changes direction when picking an rtl lang   295 ms
[safari OS X 10.15 13.1]     -> PASSED : changes direction when picking an ltr lang   43 ms
[safari OS X 10.15 13.1] 
[safari OS X 10.15 13.1] multiple_authors_clear_authorship_colors.js
[safari OS X 10.15 13.1]   author of pad edition
[safari OS X 10.15 13.1]     -> PASSED : Clears Authorship by second user   11 ms
[safari OS X 10.15 13.1] 
[safari OS X 10.15 13.1] ordered_list.js
[safari OS X 10.15 13.1]   assign ordered list
[safari OS X 10.15 13.1]     -> PASSED : inserts ordered list text   35 ms
[safari OS X 10.15 13.1]     -> PENDING: issue #1125 keeps the numbered list on enter for the new line - EMULATES 
[safari OS X 10.15 13.1]     PASTING INTO A PAD
[safari OS X 10.15 13.1]     when user presses Ctrl+Shift+N
[safari OS X 10.15 13.1]       and pad shortcut is enabled
[safari OS X 10.15 13.1]         -> PASSED : inserts unordered list   11 ms
[safari OS X 10.15 13.1]       and pad shortcut is disabled
[safari OS X 10.15 13.1]         -> PASSED : does not insert unordered list   1901 ms
[safari OS X 10.15 13.1]     when user presses Ctrl+Shift+1
[safari OS X 10.15 13.1]       and pad shortcut is enabled
[safari OS X 10.15 13.1]         -> PASSED : inserts unordered list   13 ms
[safari OS X 10.15 13.1]       and pad shortcut is disabled
[safari OS X 10.15 13.1]         -> PASSED : does not insert unordered list   1901 ms
[safari OS X 10.15 13.1]   Pressing Tab in an OL increases and decreases indentation
[safari OS X 10.15 13.1]     -> PASSED : indent and de-indent list item with keypress   45 ms
[safari OS X 10.15 13.1]   Pressing indent/outdent button in an OL increases and decreases indentation and bullet / ol formatti
[safari OS X 10.15 13.1]   ng
[safari OS X 10.15 13.1]     -> PASSED : indent and de-indent list item with indent button   56 ms
[safari OS X 10.15 13.1] 
[safari OS X 10.15 13.1] pad_modal.js
[safari OS X 10.15 13.1]   Pad modal
[safari OS X 10.15 13.1]     when modal is a "force reconnect" message
[safari OS X 10.15 13.1]       -> PASSED : disables editor   1 ms
[safari OS X 10.15 13.1]       and user clicks on editor
[safari OS X 10.15 13.1]         -> PASSED : does not close the modal   1 ms
[safari OS X 10.15 13.1]       and user clicks on pad outer
[safari OS X 10.15 13.1]         -> PASSED : does not close the modal   1 ms
[safari OS X 10.15 13.1]     when modal is not an error message
[safari OS X 10.15 13.1]       and user clicks on editor
[safari OS X 10.15 13.1]         -> PASSED : closes the modal   1 ms
[safari OS X 10.15 13.1]       and user clicks on pad outer
[safari OS X 10.15 13.1]         -> PASSED : closes the modal   1 ms
[safari OS X 10.15 13.1] 
[safari OS X 10.15 13.1] redo.js
[safari OS X 10.15 13.1]   undo button then redo button
[safari OS X 10.15 13.1]     -> PASSED : redo some typing with button   48 ms
[safari OS X 10.15 13.1]     -> PASSED : redo some typing with keypress   36 ms
[safari OS X 10.15 13.1] 
[safari OS X 10.15 13.1] responsiveness.js
[safari OS X 10.15 13.1]   Responsiveness of Editor
[safari OS X 10.15 13.1]     -> PENDING: Fast response to keypress in pad with large amount of contents
[safari OS X 10.15 13.1] 
[safari OS X 10.15 13.1] select_formatting_buttons.js
[safari OS X 10.15 13.1]   select formatting buttons when selection has style applied
[safari OS X 10.15 13.1]     when selection is in a text with italic applied
[safari OS X 10.15 13.1]       -> PASSED : selects the italic button   38 ms
[safari OS X 10.15 13.1]     when caret is in a position with italic applied
[safari OS X 10.15 13.1]       -> PASSED : selects the italic button   19 ms
[safari OS X 10.15 13.1]     when selection is in a text with bold applied
[safari OS X 10.15 13.1]       -> PASSED : selects the bold button   18 ms
[safari OS X 10.15 13.1]     when caret is in a position with bold applied
[safari OS X 10.15 13.1]       -> PASSED : selects the bold button   21 ms
[safari OS X 10.15 13.1]     when selection is in a text with underline applied
[safari OS X 10.15 13.1]       -> PASSED : selects the underline button   28 ms
[safari OS X 10.15 13.1]     when caret is in a position with underline applied
[safari OS X 10.15 13.1]       -> PASSED : selects the underline button   21 ms
[safari OS X 10.15 13.1]     when selection is in a text with strikethrough applied
[safari OS X 10.15 13.1]       -> PASSED : selects the strikethrough button   27 ms
[safari OS X 10.15 13.1]     when caret is in a position with strikethrough applied
[safari OS X 10.15 13.1]       -> PASSED : selects the strikethrough button   24 ms
[safari OS X 10.15 13.1]     when user applies a style and the selection does not change
[safari OS X 10.15 13.1]       -> PASSED : selects the style button   1 ms
[safari OS X 10.15 13.1]     when user presses CMD + I
[safari OS X 10.15 13.1]       -> PASSED : selects the italic button   18 ms
[safari OS X 10.15 13.1]       and user presses CMD + I again
[safari OS X 10.15 13.1]         -> PASSED : deselects the italic button   29 ms
[safari OS X 10.15 13.1]     when user presses CMD + B
[safari OS X 10.15 13.1]       -> PASSED : selects the bold button   40 ms
[safari OS X 10.15 13.1]       and user presses CMD + B again
[safari OS X 10.15 13.1]         -> PASSED : deselects the bold button   31 ms
[safari OS X 10.15 13.1]     when user presses CMD + U
[safari OS X 10.15 13.1]       -> PASSED : selects the underline button   51 ms
[safari OS X 10.15 13.1]       and user presses CMD + U again
[safari OS X 10.15 13.1]         -> PASSED : deselects the underline button   35 ms
[safari OS X 10.15 13.1]     when user presses CMD + 5
[safari OS X 10.15 13.1]       -> PASSED : selects the strikethrough button   18 ms
[safari OS X 10.15 13.1]       and user presses CMD + 5 again
[safari OS X 10.15 13.1]         -> PASSED : deselects the strikethrough button   35 ms
[safari OS X 10.15 13.1] 
[safari OS X 10.15 13.1] strikethrough.js
[safari OS X 10.15 13.1]   strikethrough button
[safari OS X 10.15 13.1]     -> PASSED : makes text strikethrough   10 ms
[safari OS X 10.15 13.1] 
[safari OS X 10.15 13.1] timeslider.js
[safari OS X 10.15 13.1]   timeslider button takes you to the timeslider of a pad
[safari OS X 10.15 13.1]     -> PENDING: timeslider contained in URL
[safari OS X 10.15 13.1] 
[safari OS X 10.15 13.1] timeslider_follow.js
[safari OS X 10.15 13.1]   timeslider
[safari OS X 10.15 13.1]     -> PASSED : follow content as it's added to timeslider   12162 ms
[safari OS X 10.15 13.1] 
[safari OS X 10.15 13.1] timeslider_labels.js
[safari OS X 10.15 13.1]   timeslider
[safari OS X 10.15 13.1]     -> PASSED : Shows a date and time in the timeslider and make sure it doesn't include N
[safari OS X 10.15 13.1]     aN   4448 ms
[safari OS X 10.15 13.1] 
[safari OS X 10.15 13.1] timeslider_numeric_padID.js
[safari OS X 10.15 13.1]   timeslider
[safari OS X 10.15 13.1]     -> PASSED : Makes sure the export URIs are as expected when the padID is numeric   511
[safari OS X 10.15 13.1]     0 ms
[safari OS X 10.15 13.1] 
[safari OS X 10.15 13.1] timeslider_revisions.js
[safari OS X 10.15 13.1]   timeslider
[safari OS X 10.15 13.1]     -> PASSED : loads adds a hundred revisions   96141 ms
[safari OS X 10.15 13.1]     -> PENDING: changes the url when clicking on the timeslider
[safari OS X 10.15 13.1]     -> PASSED : jumps to a revision given in the url   3113 ms
[safari OS X 10.15 13.1]     -> PASSED : checks the export url   4501 ms
[safari OS X 10.15 13.1] 
[safari OS X 10.15 13.1] undo.js
[safari OS X 10.15 13.1]   undo button
[safari OS X 10.15 13.1]     -> PASSED : undo some typing by clicking undo button   28 ms
[safari OS X 10.15 13.1]     -> PASSED : undo some typing using a keypress   30 ms
[safari OS X 10.15 13.1] 
[safari OS X 10.15 13.1] unordered_list.js
[safari OS X 10.15 13.1]   assign unordered list
[safari OS X 10.15 13.1]     -> PASSED : insert unordered list text then removes by outdent   68 ms
[safari OS X 10.15 13.1]   unassign unordered list
[safari OS X 10.15 13.1]     -> PASSED : insert unordered list text then remove by clicking list again   53 ms
[safari OS X 10.15 13.1]   keep unordered list on enter key
[safari OS X 10.15 13.1]     -> PASSED : Keeps the unordered list on enter for the new line   547 ms
[safari OS X 10.15 13.1]   Pressing Tab in an UL increases and decreases indentation
[safari OS X 10.15 13.1]     -> PASSED : indent and de-indent list item with keypress   60 ms
[safari OS X 10.15 13.1]   Pressing indent/outdent button in an UL increases and decreases indentation and bullet / ol formatti
[safari OS X 10.15 13.1]   ng
[safari OS X 10.15 13.1]     -> PASSED : indent and de-indent list item with indent button   48 ms
[safari OS X 10.15 13.1] 
[safari OS X 10.15 13.1] urls_become_clickable.js
[safari OS X 10.15 13.1]   urls
[safari OS X 10.15 13.1]     -> PASSED : when you enter an url, it becomes clickable   33 ms
[safari OS X 10.15 13.1]     -> PASSED : when you enter a url containing a !, it becomes clickable and contains the
[safari OS X 10.15 13.1]      whole URL   33 ms
[safari OS X 10.15 13.1]     -> PASSED : when you enter a url followed by a ], the ] is not included in the URL   4
[safari OS X 10.15 13.1]     9 ms
[safari OS X 10.15 13.1] 
[safari OS X 10.15 13.1] xxauto_reconnect.js
[safari OS X 10.15 13.1]   Automatic pad reload on Force Reconnect message
[safari OS X 10.15 13.1]     -> PASSED : displays a count down timer to automatically reconnect   2 ms
[safari OS X 10.15 13.1]     and user clicks on Cancel
[safari OS X 10.15 13.1]       -> PASSED : does not show Cancel button nor timer anymore   3 ms
[safari OS X 10.15 13.1]     and user does not click on Cancel until timer expires
[safari OS X 10.15 13.1]       -> PASSED : reloads the pad   2474 ms
[safari OS X 10.15 13.1] 
[safari OS X 10.15 13.1] FINISHED - 106 tests passed, 0 tests failed,  21 tests pending, duration: 7:0
[safari OS X 10.15 13.1] 
Remote sauce test '6298c95 - safari 13.1, OS X 10.15' finished! https://saucelabs.com/jobs/7ed4a2aa4d2c46eda6686a59b11b6d87


No output has been received in the last 10m0s, this potentially indicates a stalled build or something wrong with the build itself.
Check the details on how to adjust your build configuration on: https://docs.travis-ci.com/user/common-build-problems/#build-times-out-because-no-output-was-received

The build has been terminated

