travis_fold:start:worker_infoWorker information
hostname: 3a235d92-312d-4e54-ad9a-2fcaf8f4dcc4@1.worker-org-8b5957499-6p6tv.gce-production-3
version: v6.2.17 https://github.com/travis-ci/worker/tree/bc420764f334fe0d096a417c80426f672f1b7d18
instance: travis-job-3465c081-c79b-4786-aefe-8fa09ac48102 travis-ci-sardonyx-xenial-1593004276-4d46c6b3 (via amqp)
startup: 6.385340065s
travis_fold:end:worker_infoe:start:00e9b800e:end:00e9b800:start=1602446424880611218,finish=1602446425042692665,duration=162081447,event=no_world_writable_dirse:start:0eb57b00e:end:0eb57b00:start=1602446425045632047,finish=1602446425052236989,duration=6604942,event=setup_filtere:start:04f4a1fae:end:04f4a1fa:start=1602446425056001421,finish=1602446425074971509,duration=18970088,event=agente:start:2a285a56e:end:2a285a56:start=1602446425079523408,finish=1602446425082657797,duration=3134389,event=check_unsupportede:start:056c083a_infoBuild system information
Build language: node_js
Build dist: xenial
Build id: 734810517
Job id: 734810522
Runtime kernel version: 4.15.0-1077-gcp
travis-build version: 65e55fb9
Build image provisioning date and time
Wed Jun 24 13:36:52 UTC 2020
Operating System Details
Distributor ID:Ubuntu
Description:Ubuntu 16.04.6 LTS
Release:16.04
Codename:xenial
Systemd Version
systemd 229
Cookbooks Version
3f92a99 https://github.com/travis-ci/travis-cookbooks/tree/3f92a99
git version
git version 2.27.0
bash version
GNU bash, version 4.3.48(1)-release (x86_64-pc-linux-gnu)
gcc version
gcc (Ubuntu 5.4.0-6ubuntu1~16.04.12) 5.4.0 20160609
docker version
Client:
 Version:           18.06.0-ce
 API version:       1.38
 Go version:        go1.10.3
 Git commit:        0ffa825
 Built:             Wed Jul 18 19:11:02 2018
 OS/Arch:           linux/amd64
 Experimental:      false

Server:
 Engine:
  Version:          18.06.0-ce
  API version:      1.38 (minimum version 1.12)
  Go version:       go1.10.3
  Git commit:       0ffa825
  Built:            Wed Jul 18 19:09:05 2018
  OS/Arch:          linux/amd64
  Experimental:     false
clang version
clang version 7.0.0 (tags/RELEASE_700/final)
jq version
jq-1.5
bats version
Bats 0.4.0
shellcheck version
0.7.0
shfmt version
v2.6.3
ccache version
3.2.4
cmake version
cmake version 3.12.4
heroku version
heroku/7.42.1 linux-x64 node-v12.16.2
imagemagick version
Version: ImageMagick 6.8.9-9 Q16 x86_64 2019-11-12 http://www.imagemagick.org
md5deep version
4.4
mercurial version
version 4.8
mysql version
mysql  Ver 14.14 Distrib 5.7.30, for Linux (x86_64) using  EditLine wrapper
openssl version
OpenSSL 1.0.2g  1 Mar 2016
packer version
1.3.3
postgresql client version
psql (PostgreSQL) 10.13 (Ubuntu 10.13-1.pgdg16.04+1)
ragel version
Ragel State Machine Compiler version 6.8 Feb 2013
sudo version
1.8.16
gzip version
gzip 1.6
zip version
Zip 3.0
vim version
VIM - Vi IMproved 7.4 (2013 Aug 10, compiled Mar 18 2020 14:06:17)
iptables version
iptables v1.6.0
curl version
curl 7.47.0 (x86_64-pc-linux-gnu) libcurl/7.47.0 GnuTLS/3.4.10 zlib/1.2.8 libidn/1.32 librtmp/2.3
wget version
GNU Wget 1.17.1 built on linux-gnu.
rsync version
rsync  version 3.1.1  protocol version 31
gimme version
v1.5.4
nvm version
0.35.3
perlbrew version
/home/travis/perl5/perlbrew/bin/perlbrew  - App::perlbrew/0.88
phpenv version
rbenv 1.1.2-30-gc879cb0
rvm version
rvm 1.29.10 (latest) by Michal Papis, Piotr Kuczynski, Wayne E. Seguin [https://rvm.io]
default ruby version
ruby 2.5.3p105 (2018-10-18 revision 65156) [x86_64-linux]
CouchDB version
couchdb 1.6.1
ElasticSearch version
5.5.0
Installed Firefox version
firefox 63.0.1
MongoDB version
MongoDB 4.0.19
PhantomJS version
2.1.1
Pre-installed PostgreSQL versions
9.4.26
9.5.22
9.6.18
Redis version
redis-server 6.0.5
Pre-installed Go versions
1.11.1
ant version
Apache Ant(TM) version 1.9.6 compiled on July 20 2018
mvn version
Apache Maven 3.6.3 (cecedd343002696d0abb50b32b541b8a6ba2883f)
gradle version
Gradle 5.1.1!
lein version
Leiningen 2.9.3 on Java 11.0.2 OpenJDK 64-Bit Server VM
Pre-installed Node.js versions
v10.21.0
v11.0.0
v12.18.1
v4.9.1
v6.17.1
v8.12.0
v8.17.0
v8.9
phpenv versions
  system
  5.6
  5.6.40
  7.1
  7.1.27
  7.2
* 7.2.15 (set by /home/travis/.phpenv/version)
  hhvm
  hhvm-stable
composer --version
Composer version 1.8.4 2019-02-11 10:52:10
Pre-installed Ruby versions
ruby-2.3.8
ruby-2.4.5
ruby-2.5.3
travis_fold:end:system_infoe:end:056c083a:start=1602446425089904227,finish=1602446425105207395,duration=15303168,event=show_system_infoe:start:198efadee:end:198efade:start=1602446425115002858,finish=1602446425129801288,duration=14798430,event=rm_riak_sourcee:start:027e83f6e:end:027e83f6:start=1602446425133779431,finish=1602446425140190004,duration=6410573,event=fix_rwky_redise:start:00085cbce:end:00085cbc:start=1602446425143566522,finish=1602446425644779293,duration=501212771,event=wait_for_networke:start:075eccf8e:end:075eccf8:start=1602446425649782350,finish=1602446425868915380,duration=219133030,event=update_apt_keyse:start:00f750d2e:end:00f750d2:start=1602446425874167947,finish=1602446425928470881,duration=54302934,event=fix_hhvm_sourcee:start:2996015de:end:2996015d:start=1602446425935573234,finish=1602446425939673685,duration=4100451,event=update_mongo_arche:start:02b8779ae:end:02b8779a:start=1602446425947620775,finish=1602446425991284522,duration=43663747,event=fix_sudo_enabled_trustye:start:00bcbdd8e:end:00bcbdd8:start=1602446425998703683,finish=1602446426002251328,duration=3547645,event=update_glibce:start:19964cb2e:end:19964cb2:start=1602446426008571307,finish=1602446426017121068,duration=8549761,event=clean_up_pathe:start:21ffa62ce:end:21ffa62c:start=1602446426024079354,finish=1602446426032879017,duration=8799663,event=fix_resolv_confe:start:132f52a4e:end:132f52a4:start=1602446426036671244,finish=1602446426046219339,duration=9548095,event=fix_etc_hostse:start:29d4abb0e:end:29d4abb0:start=1602446426051063282,finish=1602446426061371915,duration=10308633,event=fix_mvn_settings_xmle:start:02177830e:end:02177830:start=1602446426069056417,finish=1602446426079719653,duration=10663236,event=no_ipv6_localhoste:start:11ce4052e:end:11ce4052:start=1602446426085426482,finish=1602446426089968848,duration=4542366,event=fix_etc_mavenrce:start:0a8eaee6e:end:0a8eaee6:start=1602446426096515965,finish=1602446426100834838,duration=4318873,event=fix_wwdr_certificatee:start:1a1b8e8de:end:1a1b8e8d:start=1602446426108815695,finish=1602446426135395867,duration=26580172,event=put_localhost_firste:start:01616822e:end:01616822:start=1602446426141595734,finish=1602446426144932263,duration=3336529,event=home_pathse:start:07ba3718e:end:07ba3718:start=1602446426152186900,finish=1602446426167036711,duration=14849811,event=disable_initramfse:start:18c56f75e:end:18c56f75:start=1602446426173267767,finish=1602446426511012494,duration=337744727,event=disable_ssh_roaminge:start:08582381e:end:08582381:start=1602446426515878184,finish=1602446426518500830,duration=2622646,event=debug_toolse:start:2c3b7279e:end:2c3b7279:start=1602446426525928769,finish=1602446426530534350,duration=4605581,event=uninstall_oclinte:start:111962f2e:end:111962f2:start=1602446426537169124,finish=1602446426541101623,duration=3932499,event=rvm_usee:start:07876e20e:end:07876e20:start=1602446426546237371,finish=1602446426554800618,duration=8563247,event=rm_etc_boto_cfge:start:23ccdd92e:end:23ccdd92:start=1602446426562445748,finish=1602446426566489193,duration=4043445,event=rm_oraclejdk8_symlinke:start:055180d8e:end:055180d8:start=1602446426572934110,finish=1602446426674241842,duration=101307732,event=enable_i386e:start:16d7e25ee:end:16d7e25e:start=1602446426679121441,finish=1602446426684986593,duration=5865152,event=update_rubygemse:start:048db6a6e:end:048db6a6:start=1602446426691947055,finish=1602446427525120187,duration=833173132,event=ensure_path_componentse:start:03ecdec6e:end:03ecdec6:start=1602446427529528034,finish=1602446427532799928,duration=3271894,event=redefine_curle:start:0e730d1ae:end:0e730d1a:start=1602446427538666291,finish=1602446427634600539,duration=95934248,event=nonblock_pipee:start:12d024f8e:end:12d024f8:start=1602446427638706940,finish=1602446444582905713,duration=16944198773,event=apt_get_updatee:start:01fe4bc0e:end:01fe4bc0:start=1602446444587103668,finish=1602446444592581175,duration=5477507,event=deprecate_xcode_64e:start:2e4200f2e:end:2e4200f2:start=1602446444600956610,finish=1602446447344076504,duration=2743119894,event=update_herokue:start:1f99a0f1e:end:1f99a0f1:start=1602446447348508242,finish=1602446447351234994,duration=2726752,event=shell_session_updatee:start:1f8e3587tutue:end:1f8e3587:start=1602446447355592833,finish=1602446451144293577,duration=3788700744,event=set_docker_mtue:start:22b07422e:end:22b07422:start=1602446451148564410,finish=1602446451215894818,duration=67330408,event=resolvconfe:start:0a62c141e:end:0a62c141:start=1602446451222927639,finish=1602446451372959307,duration=150031668,event=maven_central_mirrore:start:1fd5d7d8e:end:1fd5d7d8:start=1602446451379949115,finish=1602446451470777377,duration=90828262,event=maven_httpse:start:1726e38ae:start:0f2a1ad9ctl start docker
travis_time:end:0f2a1ad9:start=1602446451479133541,finish=1602446451491517368,duration=12383827,event=preparee:end:0f2a1ad9:start=1602446451479133541,finish=1602446454497544601,duration=3018411060,event=servicese:start:2a61184ae:end:2a61184a:start=1602446454502875519,finish=1602446454506826016,duration=3950497,event=fix_ps4e:start:3305f180e:start:0f9779afments-to-tests https://github.com/ether/[secure].git ether/[secure]
Cloning into 'ether/[secure]'...
travis_time:end:0f9779af:start=1602446454515832460,finish=1602446455385545204,duration=869712744,event=checkoute:end:0f9779af:start=1602446454515832460,finish=1602446455455503266,duration=939670806,event=checkoute:start:0c5ae044Setting environment variables from repository settings
$ export SAUCE_USERNAME=[secure]
$ export SAUCE_ACCESS_KEY=[secure]

Setting environment variables from .travis.yml
$ export SAUCE_USERNAME=[secure]
$ export SAUCE_ACCESS_KEY=[secure]

travis_time:end:0c5ae044:start=1602446455462892720,finish=1602446455482928583,duration=20035863,event=env.installe:start:1c537d0e install lts/*
Downloading and installing node v12.19.0...
Downloading https://nodejs.org/dist/v12.19.0/node-v12.19.0-linux-x64.tar.xz...
Computing checksum with sha256sum
Checksums matched!
Now using node v12.19.0 (npm v6.14.8)
travis_time:end:1c537d0e:start=1602446456003924948,finish=1602446458768244955,duration=2764320007,event=setup.install --version
6.14.8
$ nvm --version
0.36.0

travis_fold:start:before_install.1e:start:0510c953p/tmpjjc27pl3/secring.gpg' created
gpg: keyring `/tmp/tmpjjc27pl3/pubring.gpg' created
gpg: requesting key 1378B444 from hkp server keyserver.ubuntu.com
gpg: /tmp/tmpjjc27pl3/trustdb.gpg: trustdb created
gpg: key 1378B444: public key "Launchpad PPA for LibreOffice Packaging" imported
gpg: no ultimately trusted keys found
gpg: Total number processed: 1
gpg:               imported: 1  (RSA: 1)
OK
travis_time:end:0510c953:start=1602446459294814077,finish=1602446460933817418,duration=1639003341,event=before_installe:start:0d524e76/ubuntu xenial InRelease
Get:2 http://ppa.launchpad.net/libreoffice/ppa/ubuntu xenial InRelease [23.8 kB]
Hit:3 http://security.ubuntu.com/ubuntu xenial-security InRelease
Hit:4 http://archive.ubuntu.com/ubuntu xenial-updates InRelease
Hit:5 http://apt.postgresql.org/pub/repos/apt xenial-pgdg InRelease
Hit:6 http://archive.ubuntu.com/ubuntu xenial-backports InRelease
Get:7 http://ppa.launchpad.net/libreoffice/ppa/ubuntu xenial/main amd64 Packages [34.4 kB]
Get:8 http://ppa.launchpad.net/libreoffice/ppa/ubuntu xenial/main i386 Packages [34.4 kB]
Get:9 http://ppa.launchpad.net/libreoffice/ppa/ubuntu xenial/main Translation-en [13.8 kB]
Fetched 106 kB in 1s (84.4 kB/s)
Reading package lists...
travis_time:end:0d524e76:start=1602446460939079403,finish=1602446467108640662,duration=6169561259,event=before_installe:start:05f1f0eaation...
The following additional packages will be installed:
  fonts-opensymbol libboost-date-time1.58.0 libboost-locale1.58.0
  libboost-thread1.58.0 libclucene-contribs1v5 libclucene-core1v5
  libcolamd2.9.1 libexttextcat-2.0-0 libexttextcat-data
  libgstreamer-plugins-base1.0-0 libgstreamer1.0-0 libharfbuzz-icu0
  libhunspell-1.3-0 libhyphen0 liblangtag-common liblangtag1 libmythes-1.2-0
  libneon27-gnutls liborc-0.4-0 libpoppler58 libraptor2-0 librasqal3 librdf0
  libreoffice-avmedia-backend-gstreamer libreoffice-base libreoffice-base-core
  libreoffice-base-drivers libreoffice-calc libreoffice-common
  libreoffice-core libreoffice-draw libreoffice-impress libreoffice-math
  libreoffice-report-builder-bin libreoffice-style-colibre
  libreoffice-style-tango libreoffice-writer libsuitesparseconfig4.4.6
  libyajl2 lp-solve python3-uno uno-libs3 ure
Suggested packages:
  libvisual-0.4-plugins gstreamer1.0-tools poppler-data raptor2-utils
  rasqal-utils librdf-storage-postgresql librdf-storage-mysql
  librdf-storage-sqlite librdf-storage-virtuoso redland-utils cups-bsd
  firefox-esr | thunderbird | firefox ghostscript gpa hunspell-dictionary
  hyphen-hyphenation-patterns libreoffice-grammarcheck libreoffice-help
  libreoffice-l10n myspell-dictionary mythes-thesaurus
  openclipart2-libreoffice | openclipart-libreoffice pstoedit unixodbc
  gstreamer1.0-plugins-base gstreamer1.0-plugins-good
  gstreamer1.0-plugins-ugly gstreamer1.0-plugins-bad gstreamer1.0-libav
  libsane libreoffice-officebean libreoffice-report-builder libjtds-java
  libreoffice-sdbc-hsqldb libreoffice-sdbc-mysql | libmyodbc | libmariadb-java
  libreoffice-sdbc-postgresql | odbc-postgresql | libpg-java libsqliteodbc
  | tdsodbc | mdbtools ocl-icd-libopencl1 | mesa-opencl-icd
  | beignet-opencl-icd bluez tango-icon-theme fonts-crosextra-caladea
  fonts-crosextra-carlito libreoffice-java-common
Recommended packages:
  gstreamer1.0-plugins-base hunspell-en-us | hunspell-dictionary
  | myspell-dictionary fonts-crosextra-caladea fonts-crosextra-carlito
  fonts-dejavu fonts-liberation2 fonts-linuxlibertine fonts-noto-core
  fonts-noto-mono fonts-noto-ui-core fonts-sil-gentium-basic libreoffice-gnome
  | libreoffice-kde4 libreoffice-librelogo libreoffice-nlpsolver
  libreoffice-report-builder libreoffice-script-provider-bsh
  libreoffice-script-provider-js libreoffice-script-provider-python
  libreoffice-sdbc-mysql libreoffice-sdbc-postgresql
  libreoffice-wiki-publisher libreoffice-java-common fonts-liberation2
  | ttf-mscorefonts-installer libpaper-utils
The following NEW packages will be installed:
  fonts-opensymbol libboost-date-time1.58.0 libboost-locale1.58.0
  libboost-thread1.58.0 libclucene-contribs1v5 libclucene-core1v5
  libcolamd2.9.1 libexttextcat-2.0-0 libexttextcat-data
  libgstreamer-plugins-base1.0-0 libgstreamer1.0-0 libharfbuzz-icu0
  libhunspell-1.3-0 libhyphen0 liblangtag-common liblangtag1 libmythes-1.2-0
  libneon27-gnutls liborc-0.4-0 libpoppler58 libraptor2-0 librasqal3 librdf0
  libreoffice libreoffice-avmedia-backend-gstreamer libreoffice-base
  libreoffice-base-core libreoffice-base-drivers libreoffice-calc
  libreoffice-common libreoffice-core libreoffice-draw libreoffice-impress
  libreoffice-math libreoffice-report-builder-bin libreoffice-style-colibre
  libreoffice-style-tango libreoffice-writer libsuitesparseconfig4.4.6
  libyajl2 lp-solve python3-uno uno-libs3 ure
0 upgraded, 44 newly installed, 0 to remove and 145 not upgraded.
Need to get 105 MB of archives.
After this operation, 369 MB of additional disk space will be used.
Get:1 http://archive.ubuntu.com/ubuntu xenial/main amd64 libyajl2 amd64 2.1.0-2 [19.6 kB]
Get:2 http://ppa.launchpad.net/libreoffice/ppa/ubuntu xenial/main amd64 fonts-opensymbol all 2:102.10+LibO6.2.8~rc2-0ubuntu0.16.04.1 [293 kB]
Get:3 http://archive.ubuntu.com/ubuntu xenial/main amd64 libraptor2-0 amd64 2.0.14-1 [154 kB]
Get:4 http://archive.ubuntu.com/ubuntu xenial/main amd64 librasqal3 amd64 0.9.32-1 [163 kB]
Get:5 http://archive.ubuntu.com/ubuntu xenial-updates/main amd64 libboost-date-time1.58.0 amd64 1.58.0+dfsg-5ubuntu3.1 [20.7 kB]
Get:6 http://ppa.launchpad.net/libreoffice/ppa/ubuntu xenial/main amd64 libreoffice-style-colibre all 1:6.2.8~rc2-0ubuntu0.16.04.1 [1,013 kB]
Get:7 http://archive.ubuntu.com/ubuntu xenial-updates/main amd64 libboost-thread1.58.0 amd64 1.58.0+dfsg-5ubuntu3.1 [47.0 kB]
Get:8 http://archive.ubuntu.com/ubuntu xenial-updates/universe amd64 libboost-locale1.58.0 amd64 1.58.0+dfsg-5ubuntu3.1 [242 kB]
Get:9 http://archive.ubuntu.com/ubuntu xenial/main amd64 libclucene-core1v5 amd64 2.3.3.4-4.1 [461 kB]
Get:10 http://archive.ubuntu.com/ubuntu xenial/main amd64 libclucene-contribs1v5 amd64 2.3.3.4-4.1 [79.3 kB]
Get:11 http://archive.ubuntu.com/ubuntu xenial/main amd64 libsuitesparseconfig4.4.6 amd64 1:4.4.6-1 [9,322 B]
Get:12 http://archive.ubuntu.com/ubuntu xenial/main amd64 libcolamd2.9.1 amd64 1:4.4.6-1 [15.7 kB]
Get:13 http://archive.ubuntu.com/ubuntu xenial/main amd64 libexttextcat-data all 3.4.4-1ubuntu3 [164 kB]
Get:14 http://ppa.launchpad.net/libreoffice/ppa/ubuntu xenial/main amd64 libreoffice-style-tango all 1:6.2.8~rc2-0ubuntu0.16.04.1 [1,208 kB]
Get:15 http://archive.ubuntu.com/ubuntu xenial/main amd64 libexttextcat-2.0-0 amd64 3.4.4-1ubuntu3 [13.1 kB]
Get:16 http://archive.ubuntu.com/ubuntu xenial-updates/main amd64 libgstreamer1.0-0 amd64 1.8.3-1~ubuntu0.1 [769 kB]
Get:17 http://archive.ubuntu.com/ubuntu xenial/main amd64 liborc-0.4-0 amd64 1:0.4.25-1 [138 kB]
Get:18 http://archive.ubuntu.com/ubuntu xenial-updates/main amd64 libgstreamer-plugins-base1.0-0 amd64 1.8.3-1ubuntu0.3 [593 kB]
Get:19 http://archive.ubuntu.com/ubuntu xenial-updates/main amd64 libharfbuzz-icu0 amd64 1.0.1-1ubuntu0.1 [5,198 B]
Get:20 http://archive.ubuntu.com/ubuntu xenial/main amd64 libhunspell-1.3-0 amd64 1.3.3-4ubuntu1 [108 kB]
Get:21 http://archive.ubuntu.com/ubuntu xenial/main amd64 libhyphen0 amd64 2.8.8-2ubuntu1 [18.4 kB]
Get:22 http://archive.ubuntu.com/ubuntu xenial/main amd64 liblangtag-common all 0.5.7-2ubuntu1 [112 kB]
Get:23 http://ppa.launchpad.net/libreoffice/ppa/ubuntu xenial/main amd64 uno-libs3 amd64 6.2.8~rc2-0ubuntu0.16.04.1 [902 kB]
Get:24 http://archive.ubuntu.com/ubuntu xenial/main amd64 liblangtag1 amd64 0.5.7-2ubuntu1 [45.5 kB]
Get:25 http://archive.ubuntu.com/ubuntu xenial/main amd64 libmythes-1.2-0 amd64 2:1.2.4-1ubuntu3 [8,366 B]
Get:26 http://archive.ubuntu.com/ubuntu xenial/main amd64 libneon27-gnutls amd64 0.30.1-3build1 [65.7 kB]
Get:27 http://archive.ubuntu.com/ubuntu xenial-updates/main amd64 libpoppler58 amd64 0.41.0-0ubuntu1.14 [757 kB]
Get:28 http://archive.ubuntu.com/ubuntu xenial/main amd64 librdf0 amd64 1.0.17-1build1 [95.6 kB]
Get:29 http://archive.ubuntu.com/ubuntu xenial/main amd64 lp-solve amd64 5.5.0.13-7build2 [277 kB]
Get:30 http://ppa.launchpad.net/libreoffice/ppa/ubuntu xenial/main amd64 ure amd64 6.2.8~rc2-0ubuntu0.16.04.1 [1,738 kB]
Get:31 http://ppa.launchpad.net/libreoffice/ppa/ubuntu xenial/main amd64 libreoffice-common all 1:6.2.8~rc2-0ubuntu0.16.04.1 [33.4 MB]
Get:32 http://ppa.launchpad.net/libreoffice/ppa/ubuntu xenial/main amd64 libreoffice-core amd64 1:6.2.8~rc2-0ubuntu0.16.04.1 [37.7 MB]
Get:33 http://ppa.launchpad.net/libreoffice/ppa/ubuntu xenial/main amd64 libreoffice-base-core amd64 1:6.2.8~rc2-0ubuntu0.16.04.1 [765 kB]
Get:34 http://ppa.launchpad.net/libreoffice/ppa/ubuntu xenial/main amd64 libreoffice-base-drivers amd64 1:6.2.8~rc2-0ubuntu0.16.04.1 [497 kB]
Get:35 http://ppa.launchpad.net/libreoffice/ppa/ubuntu xenial/main amd64 libreoffice-base amd64 1:6.2.8~rc2-0ubuntu0.16.04.1 [1,719 kB]
Get:36 http://ppa.launchpad.net/libreoffice/ppa/ubuntu xenial/main amd64 libreoffice-calc amd64 1:6.2.8~rc2-0ubuntu0.16.04.1 [7,220 kB]
Get:37 http://ppa.launchpad.net/libreoffice/ppa/ubuntu xenial/main amd64 libreoffice-draw amd64 1:6.2.8~rc2-0ubuntu0.16.04.1 [3,392 kB]
Get:38 http://ppa.launchpad.net/libreoffice/ppa/ubuntu xenial/main amd64 libreoffice-impress amd64 1:6.2.8~rc2-0ubuntu0.16.04.1 [971 kB]
Get:39 http://ppa.launchpad.net/libreoffice/ppa/ubuntu xenial/main amd64 libreoffice-math amd64 1:6.2.8~rc2-0ubuntu0.16.04.1 [377 kB]
Get:40 http://ppa.launchpad.net/libreoffice/ppa/ubuntu xenial/main amd64 libreoffice-report-builder-bin amd64 1:6.2.8~rc2-0ubuntu0.16.04.1 [811 kB]
Get:41 http://ppa.launchpad.net/libreoffice/ppa/ubuntu xenial/main amd64 libreoffice-writer amd64 1:6.2.8~rc2-0ubuntu0.16.04.1 [8,749 kB]
Get:42 http://ppa.launchpad.net/libreoffice/ppa/ubuntu xenial/main amd64 libreoffice-avmedia-backend-gstreamer amd64 1:6.2.8~rc2-0ubuntu0.16.04.1 [25.2 kB]
Get:43 http://ppa.launchpad.net/libreoffice/ppa/ubuntu xenial/main amd64 python3-uno amd64 1:6.2.8~rc2-0ubuntu0.16.04.1 [214 kB]
Get:44 http://ppa.launchpad.net/libreoffice/ppa/ubuntu xenial/main amd64 libreoffice amd64 1:6.2.8~rc2-0ubuntu0.16.04.1 [98.0 kB]
Extracting templates from packages: 68%Extracting templates from packages: 100%
Fetched 105 MB in 16s (6,411 kB/s)
Selecting previously unselected package libyajl2:amd64.
(Reading database ... (Reading database ... 5%(Reading database ... 10%(Reading database ... 15%(Reading database ... 20%(Reading database ... 25%(Reading database ... 30%(Reading database ... 35%(Reading database ... 40%(Reading database ... 45%(Reading database ... 50%(Reading database ... 55%(Reading database ... 60%(Reading database ... 65%(Reading database ... 70%(Reading database ... 75%(Reading database ... 80%(Reading database ... 85%(Reading database ... 90%(Reading database ... 95%(Reading database ... 100%(Reading database ... 124376 files and directories currently installed.)
Preparing to unpack .../libyajl2_2.1.0-2_amd64.deb ...
Unpacking libyajl2:amd64 (2.1.0-2) ...
Selecting previously unselected package libraptor2-0:amd64.
Preparing to unpack .../libraptor2-0_2.0.14-1_amd64.deb ...
Unpacking libraptor2-0:amd64 (2.0.14-1) ...
Selecting previously unselected package librasqal3:amd64.
Preparing to unpack .../librasqal3_0.9.32-1_amd64.deb ...
Unpacking librasqal3:amd64 (0.9.32-1) ...
Selecting previously unselected package fonts-opensymbol.
Preparing to unpack .../fonts-opensymbol_2%3a102.10+LibO6.2.8~rc2-0ubuntu0.16.04.1_all.deb ...
Unpacking fonts-opensymbol (2:102.10+LibO6.2.8~rc2-0ubuntu0.16.04.1) ...
Selecting previously unselected package libboost-date-time1.58.0:amd64.
Preparing to unpack .../libboost-date-time1.58.0_1.58.0+dfsg-5ubuntu3.1_amd64.deb ...
Unpacking libboost-date-time1.58.0:amd64 (1.58.0+dfsg-5ubuntu3.1) ...
Selecting previously unselected package libboost-thread1.58.0:amd64.
Preparing to unpack .../libboost-thread1.58.0_1.58.0+dfsg-5ubuntu3.1_amd64.deb ...
Unpacking libboost-thread1.58.0:amd64 (1.58.0+dfsg-5ubuntu3.1) ...
Selecting previously unselected package libboost-locale1.58.0:amd64.
Preparing to unpack .../libboost-locale1.58.0_1.58.0+dfsg-5ubuntu3.1_amd64.deb ...
Unpacking libboost-locale1.58.0:amd64 (1.58.0+dfsg-5ubuntu3.1) ...
Selecting previously unselected package libclucene-core1v5:amd64.
Preparing to unpack .../libclucene-core1v5_2.3.3.4-4.1_amd64.deb ...
Unpacking libclucene-core1v5:amd64 (2.3.3.4-4.1) ...
Selecting previously unselected package libclucene-contribs1v5:amd64.
Preparing to unpack .../libclucene-contribs1v5_2.3.3.4-4.1_amd64.deb ...
Unpacking libclucene-contribs1v5:amd64 (2.3.3.4-4.1) ...
Selecting previously unselected package libsuitesparseconfig4.4.6:amd64.
Preparing to unpack .../libsuitesparseconfig4.4.6_1%3a4.4.6-1_amd64.deb ...
Unpacking libsuitesparseconfig4.4.6:amd64 (1:4.4.6-1) ...
Selecting previously unselected package libcolamd2.9.1:amd64.
Preparing to unpack .../libcolamd2.9.1_1%3a4.4.6-1_amd64.deb ...
Unpacking libcolamd2.9.1:amd64 (1:4.4.6-1) ...
Selecting previously unselected package libexttextcat-data.
Preparing to unpack .../libexttextcat-data_3.4.4-1ubuntu3_all.deb ...
Unpacking libexttextcat-data (3.4.4-1ubuntu3) ...
Selecting previously unselected package libexttextcat-2.0-0:amd64.
Preparing to unpack .../libexttextcat-2.0-0_3.4.4-1ubuntu3_amd64.deb ...
Unpacking libexttextcat-2.0-0:amd64 (3.4.4-1ubuntu3) ...
Selecting previously unselected package libgstreamer1.0-0:amd64.
Preparing to unpack .../libgstreamer1.0-0_1.8.3-1~ubuntu0.1_amd64.deb ...
Unpacking libgstreamer1.0-0:amd64 (1.8.3-1~ubuntu0.1) ...
Selecting previously unselected package liborc-0.4-0:amd64.
Preparing to unpack .../liborc-0.4-0_1%3a0.4.25-1_amd64.deb ...
Unpacking liborc-0.4-0:amd64 (1:0.4.25-1) ...
Selecting previously unselected package libgstreamer-plugins-base1.0-0:amd64.
Preparing to unpack .../libgstreamer-plugins-base1.0-0_1.8.3-1ubuntu0.3_amd64.deb ...
Unpacking libgstreamer-plugins-base1.0-0:amd64 (1.8.3-1ubuntu0.3) ...
Selecting previously unselected package libharfbuzz-icu0:amd64.
Preparing to unpack .../libharfbuzz-icu0_1.0.1-1ubuntu0.1_amd64.deb ...
Unpacking libharfbuzz-icu0:amd64 (1.0.1-1ubuntu0.1) ...
Selecting previously unselected package libhunspell-1.3-0:amd64.
Preparing to unpack .../libhunspell-1.3-0_1.3.3-4ubuntu1_amd64.deb ...
Unpacking libhunspell-1.3-0:amd64 (1.3.3-4ubuntu1) ...
Selecting previously unselected package libhyphen0:amd64.
Preparing to unpack .../libhyphen0_2.8.8-2ubuntu1_amd64.deb ...
Unpacking libhyphen0:amd64 (2.8.8-2ubuntu1) ...
Selecting previously unselected package liblangtag-common.
Preparing to unpack .../liblangtag-common_0.5.7-2ubuntu1_all.deb ...
Unpacking liblangtag-common (0.5.7-2ubuntu1) ...
Selecting previously unselected package liblangtag1:amd64.
Preparing to unpack .../liblangtag1_0.5.7-2ubuntu1_amd64.deb ...
Unpacking liblangtag1:amd64 (0.5.7-2ubuntu1) ...
Selecting previously unselected package libmythes-1.2-0:amd64.
Preparing to unpack .../libmythes-1.2-0_2%3a1.2.4-1ubuntu3_amd64.deb ...
Unpacking libmythes-1.2-0:amd64 (2:1.2.4-1ubuntu3) ...
Selecting previously unselected package libneon27-gnutls:amd64.
Preparing to unpack .../libneon27-gnutls_0.30.1-3build1_amd64.deb ...
Unpacking libneon27-gnutls:amd64 (0.30.1-3build1) ...
Selecting previously unselected package libpoppler58:amd64.
Preparing to unpack .../libpoppler58_0.41.0-0ubuntu1.14_amd64.deb ...
Unpacking libpoppler58:amd64 (0.41.0-0ubuntu1.14) ...
Selecting previously unselected package librdf0:amd64.
Preparing to unpack .../librdf0_1.0.17-1build1_amd64.deb ...
Unpacking librdf0:amd64 (1.0.17-1build1) ...
Selecting previously unselected package libreoffice-style-colibre.
Preparing to unpack .../libreoffice-style-colibre_1%3a6.2.8~rc2-0ubuntu0.16.04.1_all.deb ...
Unpacking libreoffice-style-colibre (1:6.2.8~rc2-0ubuntu0.16.04.1) ...
Selecting previously unselected package libreoffice-style-tango.
Preparing to unpack .../libreoffice-style-tango_1%3a6.2.8~rc2-0ubuntu0.16.04.1_all.deb ...
Unpacking libreoffice-style-tango (1:6.2.8~rc2-0ubuntu0.16.04.1) ...
Selecting previously unselected package uno-libs3.
Preparing to unpack .../uno-libs3_6.2.8~rc2-0ubuntu0.16.04.1_amd64.deb ...
Unpacking uno-libs3 (6.2.8~rc2-0ubuntu0.16.04.1) ...
Selecting previously unselected package ure.
Preparing to unpack .../ure_6.2.8~rc2-0ubuntu0.16.04.1_amd64.deb ...
Unpacking ure (6.2.8~rc2-0ubuntu0.16.04.1) ...
Selecting previously unselected package libreoffice-common.
Preparing to unpack .../libreoffice-common_1%3a6.2.8~rc2-0ubuntu0.16.04.1_all.deb ...
Unpacking libreoffice-common (1:6.2.8~rc2-0ubuntu0.16.04.1) ...
Selecting previously unselected package libreoffice-core.
Preparing to unpack .../libreoffice-core_1%3a6.2.8~rc2-0ubuntu0.16.04.1_amd64.deb ...
Unpacking libreoffice-core (1:6.2.8~rc2-0ubuntu0.16.04.1) ...
Selecting previously unselected package libreoffice-base-core.
Preparing to unpack .../libreoffice-base-core_1%3a6.2.8~rc2-0ubuntu0.16.04.1_amd64.deb ...
Unpacking libreoffice-base-core (1:6.2.8~rc2-0ubuntu0.16.04.1) ...
Selecting previously unselected package libreoffice-base-drivers.
Preparing to unpack .../libreoffice-base-drivers_1%3a6.2.8~rc2-0ubuntu0.16.04.1_amd64.deb ...
Unpacking libreoffice-base-drivers (1:6.2.8~rc2-0ubuntu0.16.04.1) ...
Selecting previously unselected package libreoffice-base.
Preparing to unpack .../libreoffice-base_1%3a6.2.8~rc2-0ubuntu0.16.04.1_amd64.deb ...
Adding 'diversion of /usr/lib/libreoffice/share/basic/dialog.xlc to /usr/lib/libreoffice/share/basic/dialog.xlc.noaccess by libreoffice-base'
Adding 'diversion of /usr/lib/libreoffice/share/basic/script.xlc to /usr/lib/libreoffice/share/basic/script.xlc.noaccess by libreoffice-base'
Unpacking libreoffice-base (1:6.2.8~rc2-0ubuntu0.16.04.1) ...
Selecting previously unselected package lp-solve.
Preparing to unpack .../lp-solve_5.5.0.13-7build2_amd64.deb ...
Unpacking lp-solve (5.5.0.13-7build2) ...
Selecting previously unselected package libreoffice-calc.
Preparing to unpack .../libreoffice-calc_1%3a6.2.8~rc2-0ubuntu0.16.04.1_amd64.deb ...
Unpacking libreoffice-calc (1:6.2.8~rc2-0ubuntu0.16.04.1) ...
Selecting previously unselected package libreoffice-draw.
Preparing to unpack .../libreoffice-draw_1%3a6.2.8~rc2-0ubuntu0.16.04.1_amd64.deb ...
Unpacking libreoffice-draw (1:6.2.8~rc2-0ubuntu0.16.04.1) ...
Selecting previously unselected package libreoffice-impress.
Preparing to unpack .../libreoffice-impress_1%3a6.2.8~rc2-0ubuntu0.16.04.1_amd64.deb ...
Unpacking libreoffice-impress (1:6.2.8~rc2-0ubuntu0.16.04.1) ...
Selecting previously unselected package libreoffice-math.
Preparing to unpack .../libreoffice-math_1%3a6.2.8~rc2-0ubuntu0.16.04.1_amd64.deb ...
Unpacking libreoffice-math (1:6.2.8~rc2-0ubuntu0.16.04.1) ...
Selecting previously unselected package libreoffice-report-builder-bin.
Preparing to unpack .../libreoffice-report-builder-bin_1%3a6.2.8~rc2-0ubuntu0.16.04.1_amd64.deb ...
Unpacking libreoffice-report-builder-bin (1:6.2.8~rc2-0ubuntu0.16.04.1) ...
Selecting previously unselected package libreoffice-writer.
Preparing to unpack .../libreoffice-writer_1%3a6.2.8~rc2-0ubuntu0.16.04.1_amd64.deb ...
Unpacking libreoffice-writer (1:6.2.8~rc2-0ubuntu0.16.04.1) ...
Selecting previously unselected package libreoffice-avmedia-backend-gstreamer.
Preparing to unpack .../libreoffice-avmedia-backend-gstreamer_1%3a6.2.8~rc2-0ubuntu0.16.04.1_amd64.deb ...
Unpacking libreoffice-avmedia-backend-gstreamer (1:6.2.8~rc2-0ubuntu0.16.04.1) ...
Selecting previously unselected package python3-uno.
Preparing to unpack .../python3-uno_1%3a6.2.8~rc2-0ubuntu0.16.04.1_amd64.deb ...
Unpacking python3-uno (1:6.2.8~rc2-0ubuntu0.16.04.1) ...
Selecting previously unselected package libreoffice.
Preparing to unpack .../libreoffice_1%3a6.2.8~rc2-0ubuntu0.16.04.1_amd64.deb ...
Unpacking libreoffice (1:6.2.8~rc2-0ubuntu0.16.04.1) ...
Processing triggers for fontconfig (2.11.94-0ubuntu1.1) ...
Processing triggers for libc-bin (2.23-0ubuntu11) ...
Processing triggers for man-db (2.7.5-1) ...
Processing triggers for mime-support (3.59ubuntu1) ...
Processing triggers for shared-mime-info (1.5-2ubuntu0.2) ...
Processing triggers for hicolor-icon-theme (0.15-0ubuntu1.1) ...
Setting up libyajl2:amd64 (2.1.0-2) ...
Setting up libraptor2-0:amd64 (2.0.14-1) ...
Setting up librasqal3:amd64 (0.9.32-1) ...
Setting up fonts-opensymbol (2:102.10+LibO6.2.8~rc2-0ubuntu0.16.04.1) ...
Setting up libboost-date-time1.58.0:amd64 (1.58.0+dfsg-5ubuntu3.1) ...
Setting up libboost-thread1.58.0:amd64 (1.58.0+dfsg-5ubuntu3.1) ...
Setting up libboost-locale1.58.0:amd64 (1.58.0+dfsg-5ubuntu3.1) ...
Setting up libclucene-core1v5:amd64 (2.3.3.4-4.1) ...
Setting up libclucene-contribs1v5:amd64 (2.3.3.4-4.1) ...
Setting up libsuitesparseconfig4.4.6:amd64 (1:4.4.6-1) ...
Setting up libcolamd2.9.1:amd64 (1:4.4.6-1) ...
Setting up libexttextcat-data (3.4.4-1ubuntu3) ...
Setting up libexttextcat-2.0-0:amd64 (3.4.4-1ubuntu3) ...
Setting up libgstreamer1.0-0:amd64 (1.8.3-1~ubuntu0.1) ...
Setcap worked! gst-ptp-helper is not suid!
Setting up liborc-0.4-0:amd64 (1:0.4.25-1) ...
Setting up libgstreamer-plugins-base1.0-0:amd64 (1.8.3-1ubuntu0.3) ...
Setting up libharfbuzz-icu0:amd64 (1.0.1-1ubuntu0.1) ...
Setting up libhunspell-1.3-0:amd64 (1.3.3-4ubuntu1) ...
Setting up libhyphen0:amd64 (2.8.8-2ubuntu1) ...
Setting up liblangtag-common (0.5.7-2ubuntu1) ...
Setting up liblangtag1:amd64 (0.5.7-2ubuntu1) ...
Setting up libmythes-1.2-0:amd64 (2:1.2.4-1ubuntu3) ...
Setting up libneon27-gnutls:amd64 (0.30.1-3build1) ...
Setting up libpoppler58:amd64 (0.41.0-0ubuntu1.14) ...
Setting up librdf0:amd64 (1.0.17-1build1) ...
Setting up uno-libs3 (6.2.8~rc2-0ubuntu0.16.04.1) ...
Setting up ure (6.2.8~rc2-0ubuntu0.16.04.1) ...
Setting up lp-solve (5.5.0.13-7build2) ...
Setting up libreoffice-style-colibre (1:6.2.8~rc2-0ubuntu0.16.04.1) ...
Setting up libreoffice-style-tango (1:6.2.8~rc2-0ubuntu0.16.04.1) ...
Setting up libreoffice-common (1:6.2.8~rc2-0ubuntu0.16.04.1) ...
Setting up libreoffice-core (1:6.2.8~rc2-0ubuntu0.16.04.1) ...
Setting up libreoffice-base-core (1:6.2.8~rc2-0ubuntu0.16.04.1) ...
Setting up libreoffice-base-drivers (1:6.2.8~rc2-0ubuntu0.16.04.1) ...
Setting up libreoffice-base (1:6.2.8~rc2-0ubuntu0.16.04.1) ...
Setting up libreoffice-calc (1:6.2.8~rc2-0ubuntu0.16.04.1) ...
Setting up libreoffice-draw (1:6.2.8~rc2-0ubuntu0.16.04.1) ...
Setting up libreoffice-impress (1:6.2.8~rc2-0ubuntu0.16.04.1) ...
Setting up libreoffice-math (1:6.2.8~rc2-0ubuntu0.16.04.1) ...
Setting up libreoffice-report-builder-bin (1:6.2.8~rc2-0ubuntu0.16.04.1) ...
Setting up libreoffice-writer (1:6.2.8~rc2-0ubuntu0.16.04.1) ...
Setting up libreoffice-avmedia-backend-gstreamer (1:6.2.8~rc2-0ubuntu0.16.04.1) ...
Setting up python3-uno (1:6.2.8~rc2-0ubuntu0.16.04.1) ...
Setting up libreoffice (1:6.2.8~rc2-0ubuntu0.16.04.1) ...
Processing triggers for libc-bin (2.23-0ubuntu11) ...
travis_time:end:05f1f0ea:start=1602446467113466821,finish=1602446504152949204,duration=37039482383,event=before_installe:start:0dd71118port
Reading package lists...
Building dependency tree...
Reading state information...
The following NEW packages will be installed:
  libreoffice-pdfimport
0 upgraded, 1 newly installed, 0 to remove and 145 not upgraded.
Need to get 2,824 B of archives.
After this operation, 12.3 kB of additional disk space will be used.
Get:1 http://ppa.launchpad.net/libreoffice/ppa/ubuntu xenial/main amd64 libreoffice-pdfimport all 1:6.2.8~rc2-0ubuntu0.16.04.1 [2,824 B]
Fetched 2,824 B in 0s (15.4 kB/s)
Selecting previously unselected package libreoffice-pdfimport.
(Reading database ... (Reading database ... 5%(Reading database ... 10%(Reading database ... 15%(Reading database ... 20%(Reading database ... 25%(Reading database ... 30%(Reading database ... 35%(Reading database ... 40%(Reading database ... 45%(Reading database ... 50%(Reading database ... 55%(Reading database ... 60%(Reading database ... 65%(Reading database ... 70%(Reading database ... 75%(Reading database ... 80%(Reading database ... 85%(Reading database ... 90%(Reading database ... 95%(Reading database ... 100%(Reading database ... 129801 files and directories currently installed.)
Preparing to unpack .../libreoffice-pdfimport_1%3a6.2.8~rc2-0ubuntu0.16.04.1_all.deb ...
Unpacking libreoffice-pdfimport (1:6.2.8~rc2-0ubuntu0.16.04.1) ...
Setting up libreoffice-pdfimport (1:6.2.8~rc2-0ubuntu0.16.04.1) ...
travis_time:end:0dd71118:start=1602446504159709387,finish=1602446506807020763,duration=2647311376,event=before_installe:start:070092c6plate > settings.json
travis_time:end:070092c6:start=1602446506813077160,finish=1602446506819357910,duration=6280750,event=installe:start:040c797ce    Time     Time  Current
                                 Dload  Upload   Total   Spent    Left  Speed
  0     0    0     0    0     0      0      0 --:--:-- --:--:-- --:--:--     0  0     0    0     0    0     0      0      0 --:--:-- --:--:-- --:--:--     0 45  9.8M   45 4574k    0     0  3713k      0  0:00:02  0:00:01  0:00:01 3712k100  9.8M  100  9.8M    0     0  7335k      0  0:00:01  0:00:01 --:--:-- 7334k
travis_time:end:040c797c:start=1602446506826902994,finish=1602446536483198510,duration=29656295516,event=installe:start:198d14e0e you have run Etherpad please be patient.

> wd@1.12.1 install /home/travis/build/ether/[secure]/src/node_modules/wd
> node scripts/build-browser-scripts

added 701 packages in 6.947s
Clearing minified cache...
travis_time:end:198d14e0:start=1602446536488813855,finish=1602446543975143657,duration=7486329802,event=installe:start:3a19c794 tests/frontend/specs/*
travis_time:end:3a19c794:start=1602446543985783824,finish=1602446543991656351,duration=5872527,event=installe:start:00589800 install ep_hash_auth ep_cursortrace ep_subscript_and_superscript ep_headings2 ep_author_hover ep_align ep_webrtc ep_table_of_contents ep_font_size ep_markdown ep_spellcheck ep_comments_page
npm WARN deprecated minimatch@0.2.14: Please update to minimatch 3.0.2 or higher to avoid a RegExp DoS issue
npm WARN deprecated coffee-script@1.3.3: CoffeeScript on NPM has moved to "coffeescript" (no hyphen)
npm WARN deprecated minimatch@0.3.0: Please update to minimatch 3.0.2 or higher to avoid a RegExp DoS issue
npm WARN deprecated graceful-fs@1.2.3: please upgrade to graceful-fs 4 for compatibility with current and future versions of Node.js
npm WARN saveError ENOENT: no such file or directory, open '/home/travis/build/ether/[secure]/package.json'
npm notice created a lockfile as package-lock.json. You should commit this file.
npm WARN enoent ENOENT: no such file or directory, open '/home/travis/build/ether/[secure]/package.json'
npm WARN [secure] No description
npm WARN [secure] No repository field.
npm WARN [secure] No README data
npm WARN [secure] No license field.

+ ep_headings2@0.1.5
+ ep_author_hover@0.3.1
+ ep_subscript_and_superscript@0.2.1
+ ep_font_size@0.4.0
+ ep_table_of_contents@0.2.3
+ ep_spellcheck@0.0.7
+ ep_cursortrace@3.0.7
+ ep_align@0.2.6
+ ep_webrtc@0.1.3
+ ep_hash_auth@3.0.2
+ ep_comments_page@0.1.7
+ ep_markdown@0.1.10
added 127 packages from 148 contributors and audited 1081 packages in 9.6s

64 packages are looking for funding
  run `npm fund` for details

found 33 vulnerabilities (12 low, 7 moderate, 14 high)
  run `npm audit fix` to fix them, or `npm audit` for details
travis_time:end:00589800:start=1602446544003068512,finish=1602446554442956766,duration=10439888254,event=installe:start:12ad0b9ee:end:12ad0b9e:start=1602446554452644405,finish=1602446554461024243,duration=8379838,event=installe:start:13c79ef0ing bin/installDeps.sh has already been run
Now I will try for 15 seconds to connect to Etherpad on http://localhost:9001
bash: connect: Connection refused
bash: /dev/tcp/localhost/9001: Connection refused
[2020-10-11 20:02:34.518] [DEBUG] console - Running on Node v12.19.0 (minimum required Node version: 10.13.0)
[2020-10-11 20:02:34.639] [INFO] console - All relative paths will be interpreted relative to the identified Etherpad base dir: /home/travis/build/ether/[secure]
[2020-10-11 20:02:34.639] [INFO] console - Random string used for versioning assets: 8583cc7d
[2020-10-11 20:02:34.648] [DEBUG] AbsolutePaths - Relative path "settings.json" can be rewritten to "/home/travis/build/ether/[secure]/settings.json"
[2020-10-11 20:02:34.648] [DEBUG] AbsolutePaths - Relative path "credentials.json" can be rewritten to "/home/travis/build/ether/[secure]/credentials.json"
[2020-10-11 20:02:34.666] [INFO] console - settings loaded from: /home/travis/build/ether/[secure]/settings.json
[2020-10-11 20:02:34.667] [INFO] console - No credentials file found in /home/travis/build/ether/[secure]/credentials.json. Ignoring.
[2020-10-11 20:02:34.670] [WARN] console - DirtyDB is used. This is fine for testing but not recommended for production. File location: /home/travis/build/ether/[secure]/var/dirty.db
bash: connect: Connection refused
bash: /dev/tcp/localhost/9001: Connection refused
bash: connect: Connection refused
bash: /dev/tcp/localhost/9001: Connection refused
bash: connect: Connection refused
bash: /dev/tcp/localhost/9001: Connection refused
[2020-10-11 20:02:36.025] [WARN] console - Can't get git version for server header
ENOENT: no such file or directory, open '/home/travis/build/ether/[secure]/.git/73a43d889928cd6ae71d9167ce33be9e8e5'
[2020-10-11 20:02:36.025] [WARN] console - Can't get git version for server header
ENOENT: no such file or directory, open '/home/travis/build/ether/[secure]/.git/73a43d889928cd6ae71d9167ce33be9e8e5'
bash: connect: Connection refused
bash: /dev/tcp/localhost/9001: Connection refused
bash: connect: Connection refused
bash: /dev/tcp/localhost/9001: Connection refused
[2020-10-11 20:02:37.416] [WARN] console - Admin username and password not set in settings.json.  To access admin please uncomment and edit 'users' in settings.json
[2020-10-11 20:02:37.418] [WARN] console - Etherpad is running in Development mode.  This mode is slower for users and less secure than production mode.  You should set the NODE_ENV environment variable to production by using: export NODE_ENV=production
Successfully connected to Etherpad on http://localhost:9001
Now starting the remote runner
Remote sauce test '8208b73 - safari 12.0, OS X 10.14' started! https://saucelabs.com/jobs/f3b931f561334fc8b93d825bea7fa530
Remote sauce test '8208b73 - chrome 55.0, Windows 7' started! https://saucelabs.com/jobs/30892d9275f9448c83771283e80ceaad
Remote sauce test '8208b73 - firefox 52.0, Windows 7' started! https://saucelabs.com/jobs/d75234fc332d4556957041256f318b3a
[2020-10-11 20:03:01.212] [WARN] message - Dropped message, unknown COLLABROOM Data  Type cursor
[2020-10-11 20:03:01.458] [WARN] message - Dropped message, unknown COLLABROOM Data  Type cursor
[2020-10-11 20:03:02.439] [WARN] message - Dropped message, unknown COLLABROOM Data  Type cursor
[2020-10-11 20:03:03.509] [WARN] message - Dropped message, unknown COLLABROOM Data  Type cursor
[2020-10-11 20:03:04.700] [WARN] message - Dropped message, unknown COLLABROOM Data  Type cursor
[2020-10-11 20:03:05.306] [WARN] message - Dropped message, unknown COLLABROOM Data  Type cursor
[2020-10-11 20:03:05.619] [WARN] message - Dropped message, unknown COLLABROOM Data  Type cursor
[2020-10-11 20:03:06.632] [WARN] message - Dropped message, unknown COLLABROOM Data  Type cursor
[2020-10-11 20:03:07.146] [WARN] message - Dropped message, unknown COLLABROOM Data  Type cursor
[2020-10-11 20:03:08.834] [WARN] message - Dropped message, unknown COLLABROOM Data  Type cursor
[2020-10-11 20:03:08.991] [WARN] message - Dropped message, unknown COLLABROOM Data  Type cursor
[2020-10-11 20:03:10.010] [WARN] message - Dropped message, unknown COLLABROOM Data  Type cursor
[2020-10-11 20:03:10.752] [WARN] message - Dropped message, unknown COLLABROOM Data  Type cursor
[2020-10-11 20:03:12.235] [WARN] message - Dropped message, unknown COLLABROOM Data  Type cursor
[2020-10-11 20:03:12.359] [WARN] message - Dropped message, unknown COLLABROOM Data  Type cursor
[2020-10-11 20:03:13.430] [WARN] message - Dropped message, unknown COLLABROOM Data  Type cursor
[2020-10-11 20:03:13.691] [WARN] message - Dropped message, unknown COLLABROOM Data  Type cursor
[2020-10-11 20:03:14.403] [WARN] message - Dropped message, unknown COLLABROOM Data  Type cursor
[2020-10-11 20:03:15.338] [WARN] message - Dropped message, unknown COLLABROOM Data  Type cursor
[2020-10-11 20:03:16.834] [WARN] message - Dropped message, unknown COLLABROOM Data  Type cursor
[2020-10-11 20:03:17.152] [WARN] message - Dropped message, unknown COLLABROOM Data  Type cursor
[2020-10-11 20:03:18.422] [WARN] message - Dropped message, unknown COLLABROOM Data  Type cursor
[2020-10-11 20:03:19.368] [WARN] message - Dropped message, unknown COLLABROOM Data  Type cursor
[2020-10-11 20:03:21.534] [WARN] message - Dropped message, unknown COLLABROOM Data  Type cursor
[2020-10-11 20:03:21.852] [WARN] message - Dropped message, unknown COLLABROOM Data  Type cursor
[2020-10-11 20:03:23.034] [WARN] message - Dropped message, unknown COLLABROOM Data  Type cursor
[2020-10-11 20:03:23.719] [WARN] message - Dropped message, unknown COLLABROOM Data  Type cursor
[2020-10-11 20:03:25.149] [WARN] message - Dropped message, unknown COLLABROOM Data  Type cursor
[2020-10-11 20:03:26.694] [WARN] message - Dropped message, unknown COLLABROOM Data  Type cursor
[2020-10-11 20:03:27.234] [WARN] message - Dropped message, unknown COLLABROOM Data  Type cursor
[2020-10-11 20:03:29.591] [WARN] message - Dropped message, unknown COLLABROOM Data  Type cursor
[2020-10-11 20:03:29.900] [WARN] message - Dropped message, unknown COLLABROOM Data  Type cursor
[2020-10-11 20:03:29.970] [WARN] message - Dropped message, unknown COLLABROOM Data  Type cursor
[2020-10-11 20:03:31.029] [WARN] message - Dropped message, unknown COLLABROOM Data  Type cursor
[2020-10-11 20:03:32.530] [WARN] message - Dropped message, unknown COLLABROOM Data  Type cursor
[2020-10-11 20:03:32.747] [WARN] message - Dropped message, unknown COLLABROOM Data  Type cursor
[2020-10-11 20:03:34.678] [WARN] message - Dropped message, unknown COLLABROOM Data  Type cursor
[2020-10-11 20:03:36.530] [WARN] message - Dropped message, unknown COLLABROOM Data  Type cursor
[2020-10-11 20:03:38.736] [WARN] message - Dropped message, unknown COLLABROOM Data  Type cursor
[2020-10-11 20:03:39.553] [WARN] message - Dropped message, unknown COLLABROOM Data  Type cursor
[2020-10-11 20:03:40.544] [WARN] message - Dropped message, unknown COLLABROOM Data  Type cursor
[2020-10-11 20:03:40.600] [WARN] message - Dropped message, unknown COLLABROOM Data  Type cursor
[2020-10-11 20:03:43.873] [WARN] message - Dropped message, unknown COLLABROOM Data  Type cursor
[2020-10-11 20:03:45.716] [WARN] message - Dropped message, unknown COLLABROOM Data  Type cursor
[2020-10-11 20:03:47.943] [WARN] console - handleClientReady(): client submitted no author name. Using "Anonymous". See: issue #3612
[2020-10-11 20:03:48.674] [WARN] message - Dropped message, unknown COLLABROOM Data  Type cursor
[2020-10-11 20:03:49.410] [WARN] message - Dropped message, unknown COLLABROOM Data  Type RTC_MESSAGE
[2020-10-11 20:03:49.410] [WARN] message - Dropped message, unknown COLLABROOM Data  Type RTC_MESSAGE
[2020-10-11 20:03:49.410] [WARN] message - Dropped message, unknown COLLABROOM Data  Type cursor
[2020-10-11 20:03:49.410] [WARN] message - Dropped message, unknown COLLABROOM Data  Type RTC_MESSAGE
[2020-10-11 20:03:49.549] [WARN] message - Dropped message, unknown COLLABROOM Data  Type RTC_MESSAGE
[2020-10-11 20:03:49.549] [WARN] message - Dropped message, unknown COLLABROOM Data  Type RTC_MESSAGE
[2020-10-11 20:03:51.210] [WARN] message - Dropped message, unknown COLLABROOM Data  Type cursor
[2020-10-11 20:03:52.457] [WARN] message - Dropped message, unknown COLLABROOM Data  Type cursor
[2020-10-11 20:03:52.718] [WARN] message - Dropped message, unknown COLLABROOM Data  Type cursor
[2020-10-11 20:03:54.274] [WARN] message - Dropped message, unknown COLLABROOM Data  Type cursor
[2020-10-11 20:03:56.660] [WARN] message - Dropped message, unknown COLLABROOM Data  Type cursor
[2020-10-11 20:03:56.986] [WARN] message - Dropped message, unknown COLLABROOM Data  Type cursor
[2020-10-11 20:03:57.401] [WARN] message - Dropped message, unknown COLLABROOM Data  Type cursor
[2020-10-11 20:03:58.462] [WARN] message - Dropped message, unknown COLLABROOM Data  Type cursor
[2020-10-11 20:03:58.729] [WARN] message - Dropped message, unknown COLLABROOM Data  Type cursor
[2020-10-11 20:04:00.552] [WARN] message - Dropped message, unknown COLLABROOM Data  Type cursor
[2020-10-11 20:04:00.673] [WARN] message - Dropped message, unknown COLLABROOM Data  Type cursor
[2020-10-11 20:04:02.381] [WARN] message - Dropped message, unknown COLLABROOM Data  Type cursor
[2020-10-11 20:04:02.931] [WARN] message - Dropped message, unknown COLLABROOM Data  Type cursor
[2020-10-11 20:04:03.374] [WARN] message - Dropped message, unknown COLLABROOM Data  Type cursor
[2020-10-11 20:04:04.985] [WARN] message - Dropped message, unknown COLLABROOM Data  Type cursor
[2020-10-11 20:04:05.480] [WARN] message - Dropped message, unknown COLLABROOM Data  Type cursor
[2020-10-11 20:04:06.409] [WARN] message - Dropped message, unknown COLLABROOM Data  Type cursor
[2020-10-11 20:04:07.313] [WARN] message - Dropped message, unknown COLLABROOM Data  Type cursor
[2020-10-11 20:04:08.413] [WARN] message - Dropped message, unknown COLLABROOM Data  Type cursor
[2020-10-11 20:04:09.801] [WARN] message - Dropped message, unknown COLLABROOM Data  Type cursor
[2020-10-11 20:04:10.198] [WARN] message - Dropped message, unknown COLLABROOM Data  Type cursor
[2020-10-11 20:04:10.474] [WARN] message - Dropped message, unknown COLLABROOM Data  Type cursor
[2020-10-11 20:04:10.829] [WARN] message - Dropped message, unknown COLLABROOM Data  Type cursor
[2020-10-11 20:04:10.923] [WARN] message - Dropped message, unknown COLLABROOM Data  Type cursor
[2020-10-11 20:04:10.981] [WARN] message - Dropped message, unknown COLLABROOM Data  Type cursor
Remote sauce test '8208b73 - microsoftedge 83.0, Windows 10' started! https://saucelabs.com/jobs/5bb5777b41f04a66ba2e586f1fae00f8
[2020-10-11 20:04:12.999] [WARN] message - Dropped message, unknown COLLABROOM Data  Type cursor
[2020-10-11 20:04:14.055] [WARN] message - Dropped message, unknown COLLABROOM Data  Type cursor
[2020-10-11 20:04:15.801] [WARN] message - Dropped message, unknown COLLABROOM Data  Type cursor
[2020-10-11 20:04:16.547] [WARN] message - Dropped message, unknown COLLABROOM Data  Type cursor
[2020-10-11 20:04:18.711] [WARN] message - Dropped message, unknown COLLABROOM Data  Type cursor
[2020-10-11 20:04:19.022] [WARN] message - Dropped message, unknown COLLABROOM Data  Type cursor
[chrome Windows 7 55.0] Alignment of Text
[chrome Windows 7 55.0]   -> PASSED : Center Aligns the Text   38 ms
[chrome Windows 7 55.0]   -> PASSED : Left Aligns the Text   44 ms
[chrome Windows 7 55.0]   -> PASSED : Right Aligns the Text   20 ms
[chrome Windows 7 55.0]   -> PASSED : Justify Aligns the Text   23 ms
[chrome Windows 7 55.0] 
[chrome Windows 7 55.0] ep_comments_page - Comment Delete
[chrome Windows 7 55.0]   when user presses the delete button on a comment
[chrome Windows 7 55.0]     -> PASSED : should delete comment   17 ms
[chrome Windows 7 55.0] 
[chrome Windows 7 55.0] ep_comments_page - Comment Edit
[chrome Windows 7 55.0]   when user presses the button edit on a comment
[chrome Windows 7 55.0]     -> PASSED : should add a comment form   2 ms
[chrome Windows 7 55.0]     -> PASSED : should hide the author and the comment text   0 ms
[chrome Windows 7 55.0]     -> PASSED : should show the original comment text on the edit form   1 ms
[chrome Windows 7 55.0]     and presses edit button again
[chrome Windows 7 55.0]       -> PASSED : should not add a new form   0 ms
[chrome Windows 7 55.0]     and presses cancel
[chrome Windows 7 55.0]       -> PASSED : should remove the edit form   1 ms
[chrome Windows 7 55.0]     and writes a new comment text
[chrome Windows 7 55.0]       and presses save
[chrome Windows 7 55.0]         -> PASSED : should update the comment text   130 ms
[chrome Windows 7 55.0]         and reloads the page
[chrome Windows 7 55.0]           -> PASSED : shows the comment text updated   287 ms
[chrome Windows 7 55.0] 
[chrome Windows 7 55.0] ep_comments_page - Comment icons
[chrome Windows 7 55.0]   -> PASSED : adds a comment icon on the same height of commented text   1 ms
[chrome Windows 7 55.0]   -> PENDING: does not show comment icon when commented text is removed
[chrome Windows 7 55.0]   -> PENDING: does not show comment icon when comment is deleted
[chrome Windows 7 55.0]   -> PASSED : updates comment icon height when commented text is moved to another line  
[chrome Windows 7 55.0]    0 ms
[chrome Windows 7 55.0]   -> PASSED : shows comment when user clicks on comment icon   0 ms
[chrome Windows 7 55.0]   -> PASSED : hides comment when user clicks on comment icon twice   0 ms
[chrome Windows 7 55.0]   -> PASSED : hides comment when user clicks outside of comment box   0 ms
[chrome Windows 7 55.0]   -> PASSED : hides first comment and shows second comment when user clicks on one icon 
[chrome Windows 7 55.0]   then on another icon   0 ms
[chrome Windows 7 55.0] 
[chrome Windows 7 55.0] ep_comments_page - Comment Reply
[chrome Windows 7 55.0]   -> PENDING: Ensures a comment can be replied
[chrome Windows 7 55.0]   -> PENDING: Ensures a comment reply can have suggestion
[chrome Windows 7 55.0]   -> PENDING: Clears the comment reply form after submitting a reply with suggestion
[chrome Windows 7 55.0]   -> PENDING: Replaces the original text with reply suggestion
[chrome Windows 7 55.0]   -> PENDING: Replaces the original text with reply suggestion after replacing original
[chrome Windows 7 55.0]    text with comment suggestion
[chrome Windows 7 55.0] 
[chrome Windows 7 55.0] ep_comments_page - Comment Suggestion
[chrome Windows 7 55.0]   -> PASSED : Fills suggestion Change From field when adding a comment with suggestion  
[chrome Windows 7 55.0]    47 ms
[chrome Windows 7 55.0]   -> PASSED : Fills suggestion Change From field when canceling and trying again to add 
[chrome Windows 7 55.0]   comment with suggestion   76 ms
[chrome Windows 7 55.0] 
[chrome Windows 7 55.0] ep_comments_page - Comment Localization
[chrome Windows 7 55.0]   -> PASSED : uses default values when language was not localized yet   200 ms
[chrome Windows 7 55.0]   -> PASSED : localizes comment when Etherpad language is changed   272 ms
[chrome Windows 7 55.0]   -> PASSED : localizes 'new comment' form when Etherpad language is changed   282 ms
[chrome Windows 7 55.0] 
[chrome Windows 7 55.0] ep_comments_page - Comment settings
[chrome Windows 7 55.0]   when user unchecks 'Show Comments'
[chrome Windows 7 55.0]     -> PENDING: sidebar comments should not be visible when opening a new pad
[chrome Windows 7 55.0]     -> PENDING: sidebar comments should not be visible when adding a new comment to a new
[chrome Windows 7 55.0]      pad
[chrome Windows 7 55.0] 
[chrome Windows 7 55.0] ep_comments_page - Pre-comment text mark
[chrome Windows 7 55.0]   -> PASSED : marks selected text when New Comment form is opened   0 ms
[chrome Windows 7 55.0]   when user reloads pad
[chrome Windows 7 55.0]     -> PASSED : does not have any marked text after pad is fully loaded   1 ms
[chrome Windows 7 55.0]   when user performs UNDO operation
[chrome Windows 7 55.0]     -> PASSED : keeps marked text   0 ms
[chrome Windows 7 55.0]   when user changes selected text
[chrome Windows 7 55.0]     -> PASSED : keeps marked text   0 ms
[chrome Windows 7 55.0]   when user closes the New Comment form
[chrome Windows 7 55.0]     -> PASSED : unmarks text   0 ms
[chrome Windows 7 55.0]   when user submits the comment
[chrome Windows 7 55.0]     -> PASSED : unmarks text   0 ms
[chrome Windows 7 55.0]   when user selects another text range and opens New Comment form for it
[chrome Windows 7 55.0]     -> PASSED : changes the marked text   1 ms
[chrome Windows 7 55.0] 
[chrome Windows 7 55.0] ep_comments_page - Time Formatting
[chrome Windows 7 55.0]   in English
[chrome Windows 7 55.0]     -> PASSED : returns '12 seconds ago' when time is 12 seconds in the past   3 ms
[chrome Windows 7 55.0]     -> PASSED : returns '12 seconds from now' when time is 12 seconds in the future   1 ms
[chrome Windows 7 55.0]     -> PASSED : returns '1 minute ago' when time is 75 seconds in the past   1 ms
[chrome Windows 7 55.0]     -> PASSED : returns '1 minute from now' when time is 75 seconds in the future   0 ms
[chrome Windows 7 55.0]     -> PASSED : returns '17 minutes ago' when time is some seconds before 17 minutes in th
[chrome Windows 7 55.0]     e past   1 ms
[chrome Windows 7 55.0]     -> PASSED : returns '17 minutes from now' when time is some seconds after 17 minutes i
[chrome Windows 7 55.0]     n the future   0 ms
[chrome Windows 7 55.0]     -> PASSED : returns '1 hour ago' when time is some seconds before 1 hour in the past  
[chrome Windows 7 55.0]      1 ms
[chrome Windows 7 55.0]     -> PASSED : returns '1 hour from now' when time is some seconds after 1 hour in the fu
[chrome Windows 7 55.0]     ture   0 ms
[chrome Windows 7 55.0]     -> PASSED : returns '2 hours ago' when time is some seconds before 2 hours in the past
[chrome Windows 7 55.0]        0 ms
[chrome Windows 7 55.0]     -> PASSED : returns '2 hours from now' when time is some seconds after 2 hours in the 
[chrome Windows 7 55.0]     future   1 ms
[chrome Windows 7 55.0]     -> PASSED : returns 'yesterday' when time is some seconds before 24 hours in the past 
[chrome Windows 7 55.0]       0 ms
[chrome Windows 7 55.0]     -> PASSED : returns 'tomorrow' when time is some seconds after 24 hours in the future 
[chrome Windows 7 55.0]       0 ms
[chrome Windows 7 55.0]     -> PASSED : returns '6 days ago' when time is some seconds before 6 days in the past  
[chrome Windows 7 55.0]      0 ms
[chrome Windows 7 55.0]     -> PASSED : returns '6 days from now' when time is some seconds after 6 days in the fu
[chrome Windows 7 55.0]     ture   0 ms
[chrome Windows 7 55.0]     -> PASSED : returns 'last week' when time is some seconds before 7 days in the past   
[chrome Windows 7 55.0]     0 ms
[chrome Windows 7 55.0]     -> PASSED : returns 'next week' when time is some seconds after 7 days in the future  
[chrome Windows 7 55.0]      0 ms
[chrome Windows 7 55.0]     -> PASSED : returns '2 weeks ago' when time is some seconds before 2 weeks in the past
[chrome Windows 7 55.0]        0 ms
[chrome Windows 7 55.0]     -> PASSED : returns '2 weeks from now' when time is some seconds after 2 weeks in the 
[chrome Windows 7 55.0]     future   0 ms
[chrome Windows 7 55.0]     -> PASSED : returns 'last month' when time is some seconds before 4 weeks in the past 
[chrome Windows 7 55.0]       0 ms
[chrome Windows 7 55.0]     -> PASSED : returns 'next month' when time is some seconds after 4 weeks in the future
[chrome Windows 7 55.0]        1 ms
[chrome Windows 7 55.0]     -> PASSED : returns '9 months ago' when time is some seconds before 9 months in the pa
[chrome Windows 7 55.0]     st   0 ms
[chrome Windows 7 55.0]     -> PASSED : returns '9 months from now' when time is some seconds after 9 months in th
[chrome Windows 7 55.0]     e future   0 ms
[chrome Windows 7 55.0]     -> PASSED : returns 'last year' when time is some seconds before 12 months in the past
[chrome Windows 7 55.0]        0 ms
[chrome Windows 7 55.0]     -> PASSED : returns 'next year' when time is some seconds after 12 months in the futur
[chrome Windows 7 55.0]     e   0 ms
[chrome Windows 7 55.0]     -> PASSED : returns '15 years ago' when time is some seconds before 15 years in the pa
[chrome Windows 7 55.0]     st   0 ms
[chrome Windows 7 55.0]     -> PASSED : returns '15 years from now' when time is some seconds after 15 years in th
[chrome Windows 7 55.0]     e future   0 ms
[chrome Windows 7 55.0]     -> PASSED : returns 'last century' when time is some seconds before 100 years in the p
[chrome Windows 7 55.0]     ast   0 ms
[chrome Windows 7 55.0]     -> PASSED : returns 'next century' when time is some seconds after 100 years in the fu
[chrome Windows 7 55.0]     ture   1 ms
[chrome Windows 7 55.0]     -> PASSED : returns '2 centuries ago' when time is some seconds before 2 centuries in 
[chrome Windows 7 55.0]     the past   0 ms
[chrome Windows 7 55.0]     -> PASSED : returns '2 centuries from now' when time is some seconds after 2 centuries
[chrome Windows 7 55.0]      in the future   1 ms
[chrome Windows 7 55.0]   in a language not localized yet
[chrome Windows 7 55.0]     -> PASSED : returns '12 seconds ago' when time is 12 seconds in the past   1 ms
[chrome Windows 7 55.0]     -> PASSED : returns '12 seconds from now' when time is 12 seconds in the future   0 ms
[chrome Windows 7 55.0]     -> PASSED : returns '1 minute ago' when time is 75 seconds in the past   0 ms
[chrome Windows 7 55.0]     -> PASSED : returns '1 minute from now' when time is 75 seconds in the future   0 ms
[chrome Windows 7 55.0]     -> PASSED : returns '17 minutes ago' when time is some seconds before 17 minutes in th
[chrome Windows 7 55.0]     e past   0 ms
[chrome Windows 7 55.0]     -> PASSED : returns '17 minutes from now' when time is some seconds after 17 minutes i
[chrome Windows 7 55.0]     n the future   0 ms
[chrome Windows 7 55.0]     -> PASSED : returns '1 hour ago' when time is some seconds before 1 hour in the past  
[chrome Windows 7 55.0]      1 ms
[chrome Windows 7 55.0]     -> PASSED : returns '1 hour from now' when time is some seconds after 1 hour in the fu
[chrome Windows 7 55.0]     ture   1 ms
[chrome Windows 7 55.0]     -> PASSED : returns '2 hours ago' when time is some seconds before 2 hours in the past
[chrome Windows 7 55.0]        0 ms
[chrome Windows 7 55.0]     -> PASSED : returns '2 hours from now' when time is some seconds after 2 hours in the 
[chrome Windows 7 55.0]     future   1 ms
[chrome Windows 7 55.0]     -> PASSED : returns 'yesterday' when time is some seconds before 24 hours in the past 
[chrome Windows 7 55.0]       0 ms
[chrome Windows 7 55.0]     -> PASSED : returns 'tomorrow' when time is some seconds after 24 hours in the future 
[chrome Windows 7 55.0]       0 ms
[chrome Windows 7 55.0]     -> PASSED : returns '6 days ago' when time is some seconds before 6 days in the past  
[chrome Windows 7 55.0]      0 ms
[chrome Windows 7 55.0]     -> PASSED : returns '6 days from now' when time is some seconds after 6 days in the fu
[chrome Windows 7 55.0]     ture   1 ms
[chrome Windows 7 55.0]     -> PASSED : returns 'last week' when time is some seconds before 7 days in the past   
[chrome Windows 7 55.0]     1 ms
[chrome Windows 7 55.0]     -> PASSED : returns 'next week' when time is some seconds after 7 days in the future  
[chrome Windows 7 55.0]      0 ms
[chrome Windows 7 55.0]     -> PASSED : returns '2 weeks ago' when time is some seconds before 2 weeks in the past
[chrome Windows 7 55.0]        0 ms
[chrome Windows 7 55.0]     -> PASSED : returns '2 weeks from now' when time is some seconds after 2 weeks in the 
[chrome Windows 7 55.0]     future   0 ms
[chrome Windows 7 55.0]     -> PASSED : returns 'last month' when time is some seconds before 4 weeks in the past 
[chrome Windows 7 55.0]       0 ms
[chrome Windows 7 55.0]     -> PASSED : returns 'next month' when time is some seconds after 4 weeks in the future
[chrome Windows 7 55.0]        0 ms
[chrome Windows 7 55.0]     -> PASSED : returns '9 months ago' when time is some seconds before 9 months in the pa
[chrome Windows 7 55.0]     st   1 ms
[chrome Windows 7 55.0]     -> PASSED : returns '9 months from now' when time is some seconds after 9 months in th
[chrome Windows 7 55.0]     e future   0 ms
[chrome Windows 7 55.0]     -> PASSED : returns 'last year' when time is some seconds before 12 months in the past
[chrome Windows 7 55.0]        0 ms
[chrome Windows 7 55.0]     -> PASSED : returns 'next year' when time is some seconds after 12 months in the futur
[chrome Windows 7 55.0]     e   0 ms
[chrome Windows 7 55.0]     -> PASSED : returns '15 years ago' when time is some seconds before 15 years in the pa
[chrome Windows 7 55.0]     st   0 ms
[chrome Windows 7 55.0]     -> PASSED : returns '15 years from now' when time is some seconds after 15 years in th
[chrome Windows 7 55.0]     e future   0 ms
[chrome Windows 7 55.0]     -> PASSED : returns 'last century' when time is some seconds before 100 years in the p
[chrome Windows 7 55.0]     ast   1 ms
[chrome Windows 7 55.0]     -> PASSED : returns 'next century' when time is some seconds after 100 years in the fu
[chrome Windows 7 55.0]     ture   0 ms
[chrome Windows 7 55.0]     -> PASSED : returns '2 centuries ago' when time is some seconds before 2 centuries in 
[chrome Windows 7 55.0]     the past   0 ms
[chrome Windows 7 55.0]     -> PASSED : returns '2 centuries from now' when time is some seconds after 2 centuries
[chrome Windows 7 55.0]      in the future   0 ms
[chrome Windows 7 55.0]   in Portuguese
[chrome Windows 7 55.0]     -> PASSED : returns '12 segundos atrs' when time is 12 seconds in the past   1 ms
[chrome Windows 7 55.0]     -> PASSED : returns 'daqui a 12 segundos' when time is 12 seconds in the future   1 ms
[chrome Windows 7 55.0]     -> PASSED : returns '1 minuto atrs' when time is 75 seconds in the past   1 ms
[chrome Windows 7 55.0]     -> PASSED : returns 'daqui a 1 minuto' when time is 75 seconds in the future   0 ms
[chrome Windows 7 55.0]     -> PASSED : returns '17 minutos atrs' when time is some seconds before 17 minutes in 
[chrome Windows 7 55.0]     the past   0 ms
[chrome Windows 7 55.0]     -> PASSED : returns 'daqui a 17 minutos' when time is some seconds after 17 minutes in
[chrome Windows 7 55.0]      the future   1 ms
[chrome Windows 7 55.0]     -> PASSED : returns '1 hora atrs' when time is some seconds before 1 hour in the past
[chrome Windows 7 55.0]        0 ms
[chrome Windows 7 55.0]     -> PASSED : returns 'daqui a 1 hora' when time is some seconds after 1 hour in the fut
[chrome Windows 7 55.0]     ure   1 ms
[chrome Windows 7 55.0]     -> PASSED : returns '2 horas atrs' when time is some seconds before 2 hours in the pa
[chrome Windows 7 55.0]     st   0 ms
[chrome Windows 7 55.0]     -> PASSED : returns 'daqui a 2 horas' when time is some seconds after 2 hours in the f
[chrome Windows 7 55.0]     uture   0 ms
[chrome Windows 7 55.0]     -> PASSED : returns 'ontem' when time is some seconds before 24 hours in the past   1 
[chrome Windows 7 55.0]     ms
[chrome Windows 7 55.0]     -> PASSED : returns 'amanh' when time is some seconds after 24 hours in the future   
[chrome Windows 7 55.0]     0 ms
[chrome Windows 7 55.0]     -> PASSED : returns '6 dias atrs' when time is some seconds before 6 days in the past
[chrome Windows 7 55.0]        1 ms
[chrome Windows 7 55.0]     -> PASSED : returns 'daqui a 6 dias' when time is some seconds after 6 days in the fut
[chrome Windows 7 55.0]     ure   0 ms
[chrome Windows 7 55.0]     -> PASSED : returns 'semana passada' when time is some seconds before 7 days in the pa
[chrome Windows 7 55.0]     st   1 ms
[chrome Windows 7 55.0]     -> PASSED : returns 'prxima semana' when time is some seconds after 7 days in the fut
[chrome Windows 7 55.0]     ure   0 ms
[chrome Windows 7 55.0]     -> PASSED : returns '2 semanas atrs' when time is some seconds before 2 weeks in the 
[chrome Windows 7 55.0]     past   0 ms
[chrome Windows 7 55.0]     -> PASSED : returns 'daqui a 2 semanas' when time is some seconds after 2 weeks in the
[chrome Windows 7 55.0]      future   1 ms
[chrome Windows 7 55.0]     -> PASSED : returns 'ms passado' when time is some seconds before 4 weeks in the past
[chrome Windows 7 55.0]        0 ms
[chrome Windows 7 55.0]     -> PASSED : returns 'prximo ms' when time is some seconds after 4 weeks in the futur
[chrome Windows 7 55.0]     e   1 ms
[chrome Windows 7 55.0]     -> PASSED : returns '9 meses atrs' when time is some seconds before 9 months in the p
[chrome Windows 7 55.0]     ast   0 ms
[chrome Windows 7 55.0]     -> PASSED : returns 'daqui a 9 meses' when time is some seconds after 9 months in the 
[chrome Windows 7 55.0]     future   1 ms
[chrome Windows 7 55.0]     -> PASSED : returns 'ano passado' when time is some seconds before 12 months in the pa
[chrome Windows 7 55.0]     st   0 ms
[chrome Windows 7 55.0]     -> PASSED : returns 'prximo ano' when time is some seconds after 12 months in the fut
[chrome Windows 7 55.0]     ure   0 ms
[chrome Windows 7 55.0]     -> PASSED : returns '15 anos atrs' when time is some seconds before 15 years in the p
[chrome Windows 7 55.0]     ast   1 ms
[chrome Windows 7 55.0]     -> PASSED : returns 'daqui a 15 anos' when time is some seconds after 15 years in the 
[chrome Windows 7 55.0]     future   0 ms
[chrome Windows 7 55.0]     -> PASSED : returns 'sculo passado' when time is some seconds before 100 years in the
[chrome Windows 7 55.0]      past   0 ms
[chrome Windows 7 55.0]     -> PASSED : returns 'prximo sculo' when time is some seconds after 100 years in the 
[chrome Windows 7 55.0]     future   1 ms
[chrome Windows 7 55.0]     -> PASSED : returns '2 sculos atrs' when time is some seconds before 2 centuries in 
[chrome Windows 7 55.0]     the past   0 ms
[chrome Windows 7 55.0]     -> PASSED : returns 'daqui a 2 sculos' when time is some seconds after 2 centuries in
[chrome Windows 7 55.0]      the future   1 ms
[chrome Windows 7 55.0] 
[chrome Windows 7 55.0] ep_comments_page - Comment copy and paste
[chrome Windows 7 55.0]   when user copies a text with a comment
[chrome Windows 7 55.0]     -> FAILED : "before all" hook for "keeps the text copied on the buffer" Error: Uncaught 
[chrome Windows 7 55.0]     TypeError: e.preventDefault is not a function (:5319)
[chrome Windows 7 55.0]   when user pastes a text with comment
[chrome Windows 7 55.0]     -> FAILED : "before all" hook for "generates a different comment id for the comment past
[chrome Windows 7 55.0]     ed" Error: Uncaught TypeError: e.preventDefault is not a function (:5319)
[chrome Windows 7 55.0] 
[chrome Windows 7 55.0] Set Font size and ensure its removed properly
[chrome Windows 7 55.0]   -> PASSED : Changes from Size 12 to 18 and back to 12   212 ms
[chrome Windows 7 55.0] 
[chrome Windows 7 55.0] Set Heading and ensure its removed properly
[chrome Windows 7 55.0]   -> PASSED : Option select is changed when heading is changed   1093 ms
[chrome Windows 7 55.0] 
[chrome Windows 7 55.0] Set formatting attributes and ensure ep_markdown displays properly
[chrome Windows 7 55.0]   -> PASSED : Creates bold section and ensures it is shown as **foo** when clicking Show
[chrome Windows 7 55.0]    Markdown   40 ms
[chrome Windows 7 55.0] 
[chrome Windows 7 55.0] Set Superscript and subscript and ensure its removed properly
[chrome Windows 7 55.0]   -> PASSED : When Superscript is changed   54 ms
[chrome Windows 7 55.0]   -> PASSED : When Subscript is changed   62 ms
[chrome Windows 7 55.0] 
[chrome Windows 7 55.0] FINISHED - but not all tests returned 125 tests passed, 2 tests failed, 9 tests pending, duration: 1
[chrome Windows 7 55.0] :27
[chrome Windows 7 55.0] 145 tests, but only 134 returned. Check for failed before/beforeEach-hooks (no `test end` is called 
[chrome Windows 7 55.0] for them and subsequent tests of the same suite are skipped), see https://github.com/mochajs/mocha/p
[chrome Windows 7 55.0] ull/1043
[chrome Windows 7 55.0] 
Remote sauce test '8208b73 - chrome 55.0, Windows 7' finished! https://saucelabs.com/jobs/30892d9275f9448c83771283e80ceaad
[2020-10-11 20:04:19.527] [WARN] message - Dropped message, unknown COLLABROOM Data  Type cursor
[2020-10-11 20:04:19.617] [WARN] message - Dropped message, unknown COLLABROOM Data  Type cursor
Remote sauce test '8208b73 - firefox 78.0, Windows 7' started! https://saucelabs.com/jobs/ae5292a76ca645d7ac35f0c3ff876918
[2020-10-11 20:04:21.649] [WARN] message - Dropped message, unknown COLLABROOM Data  Type cursor
[2020-10-11 20:04:24.183] [WARN] message - Dropped message, unknown COLLABROOM Data  Type cursor
[2020-10-11 20:04:24.254] [WARN] message - Dropped message, unknown COLLABROOM Data  Type cursor
[2020-10-11 20:04:25.249] [WARN] message - Dropped message, unknown COLLABROOM Data  Type cursor
[2020-10-11 20:04:26.159] [WARN] message - Dropped message, unknown COLLABROOM Data  Type cursor
[2020-10-11 20:04:27.665] [WARN] message - Dropped message, unknown COLLABROOM Data  Type cursor
[2020-10-11 20:04:28.141] [WARN] message - Dropped message, unknown COLLABROOM Data  Type cursor
[2020-10-11 20:04:28.583] [WARN] message - Dropped message, unknown COLLABROOM Data  Type cursor
[firefox Windows 7 52.0] Alignment of Text
[firefox Windows 7 52.0]   -> PASSED : Center Aligns the Text   40 ms
[firefox Windows 7 52.0]   -> PASSED : Left Aligns the Text   42 ms
[firefox Windows 7 52.0]   -> PASSED : Right Aligns the Text   37 ms
[firefox Windows 7 52.0]   -> PASSED : Justify Aligns the Text   36 ms
[firefox Windows 7 52.0] 
[firefox Windows 7 52.0] ep_comments_page - Comment Delete
[firefox Windows 7 52.0]   when user presses the delete button on a comment
[firefox Windows 7 52.0]     -> PASSED : should delete comment   25 ms
[firefox Windows 7 52.0] 
[firefox Windows 7 52.0] ep_comments_page - Comment Edit
[firefox Windows 7 52.0]   when user presses the button edit on a comment
[firefox Windows 7 52.0]     -> PASSED : should add a comment form   2 ms
[firefox Windows 7 52.0]     -> PASSED : should hide the author and the comment text   0 ms
[firefox Windows 7 52.0]     -> PASSED : should show the original comment text on the edit form   3 ms
[firefox Windows 7 52.0]     and presses edit button again
[firefox Windows 7 52.0]       -> PASSED : should not add a new form   1 ms
[firefox Windows 7 52.0]     and presses cancel
[firefox Windows 7 52.0]       -> PASSED : should remove the edit form   7 ms
[firefox Windows 7 52.0]     and writes a new comment text
[firefox Windows 7 52.0]       and presses save
[firefox Windows 7 52.0]         -> PASSED : should update the comment text   182 ms
[firefox Windows 7 52.0]         and reloads the page
[firefox Windows 7 52.0]           -> PASSED : shows the comment text updated   260 ms
[firefox Windows 7 52.0] 
[firefox Windows 7 52.0] ep_comments_page - Comment icons
[firefox Windows 7 52.0]   -> PASSED : adds a comment icon on the same height of commented text   0 ms
[firefox Windows 7 52.0]   -> PENDING: does not show comment icon when commented text is removed
[firefox Windows 7 52.0]   -> PENDING: does not show comment icon when comment is deleted
[firefox Windows 7 52.0]   -> FAILED : "before each" hook for "updates comment icon height when commented text is m
[firefox Windows 7 52.0]   oved to another line" Error: Error: wait for condition never became true function (){
[firefox Windows 7 52.0]         var inner$ = helper.padInner$;
[firefox Windows 7 52.0]         if(inner$) return true;
[firefox Windows 7 52.0]       } (http://localhost:9001/tests/frontend/helper.js:189)
[firefox Windows 7 52.0] 
[firefox Windows 7 52.0] ep_comments_page - Comment Reply
[firefox Windows 7 52.0]   -> PENDING: Ensures a comment can be replied
[firefox Windows 7 52.0]   -> PENDING: Ensures a comment reply can have suggestion
[firefox Windows 7 52.0]   -> PENDING: Clears the comment reply form after submitting a reply with suggestion
[firefox Windows 7 52.0]   -> PENDING: Replaces the original text with reply suggestion
[firefox Windows 7 52.0]   -> PENDING: Replaces the original text with reply suggestion after replacing original
[firefox Windows 7 52.0]    text with comment suggestion
[firefox Windows 7 52.0] 
[firefox Windows 7 52.0] ep_comments_page - Comment Suggestion
[firefox Windows 7 52.0]   -> FAILED : "before each" hook for "Fills suggestion Change From field when adding a com
[firefox Windows 7 52.0]   ment with suggestion" Error: TypeError: this._win is null (http://localhost:9001/tests/frontend/help
[firefox Windows 7 52.0]   er.js line 45 > eval:234)
[firefox Windows 7 52.0] 
[firefox Windows 7 52.0] ep_comments_page - Comment Localization
[firefox Windows 7 52.0]   -> PASSED : uses default values when language was not localized yet   221 ms
[firefox Windows 7 52.0]   -> PASSED : localizes comment when Etherpad language is changed   284 ms
[firefox Windows 7 52.0]   -> PASSED : localizes 'new comment' form when Etherpad language is changed   330 ms
[firefox Windows 7 52.0] 
[firefox Windows 7 52.0] ep_comments_page - Comment settings
[firefox Windows 7 52.0]   when user unchecks 'Show Comments'
[firefox Windows 7 52.0]     -> PENDING: sidebar comments should not be visible when opening a new pad
[firefox Windows 7 52.0]     -> PENDING: sidebar comments should not be visible when adding a new comment to a new
[firefox Windows 7 52.0]      pad
[firefox Windows 7 52.0] 
[firefox Windows 7 52.0] ep_comments_page - Pre-comment text mark
[firefox Windows 7 52.0]   -> PASSED : marks selected text when New Comment form is opened   0 ms
[firefox Windows 7 52.0]   when user reloads pad
[firefox Windows 7 52.0]     -> PASSED : does not have any marked text after pad is fully loaded   0 ms
[firefox Windows 7 52.0]   when user performs UNDO operation
[firefox Windows 7 52.0]     -> PASSED : keeps marked text   0 ms
[firefox Windows 7 52.0]   when user changes selected text
[firefox Windows 7 52.0]     -> PASSED : keeps marked text   0 ms
[firefox Windows 7 52.0]   when user closes the New Comment form
[firefox Windows 7 52.0]     -> PASSED : unmarks text   0 ms
[firefox Windows 7 52.0]   when user submits the comment
[firefox Windows 7 52.0]     -> PASSED : unmarks text   0 ms
[firefox Windows 7 52.0]   when user selects another text range and opens New Comment form for it
[firefox Windows 7 52.0]     -> PASSED : changes the marked text   0 ms
[firefox Windows 7 52.0] 
[firefox Windows 7 52.0] ep_comments_page - Time Formatting
[firefox Windows 7 52.0]   in English
[firefox Windows 7 52.0]     -> PASSED : returns '12 seconds ago' when time is 12 seconds in the past   2 ms
[firefox Windows 7 52.0]     -> PASSED : returns '12 seconds from now' when time is 12 seconds in the future   2 ms
[firefox Windows 7 52.0]     -> PASSED : returns '1 minute ago' when time is 75 seconds in the past   3 ms
[firefox Windows 7 52.0]     -> PASSED : returns '1 minute from now' when time is 75 seconds in the future   1 ms
[firefox Windows 7 52.0]     -> PASSED : returns '17 minutes ago' when time is some seconds before 17 minutes in th
[firefox Windows 7 52.0]     e past   1 ms
[firefox Windows 7 52.0]     -> PASSED : returns '17 minutes from now' when time is some seconds after 17 minutes i
[firefox Windows 7 52.0]     n the future   0 ms
[firefox Windows 7 52.0]     -> PASSED : returns '1 hour ago' when time is some seconds before 1 hour in the past  
[firefox Windows 7 52.0]      1 ms
[firefox Windows 7 52.0]     -> PASSED : returns '1 hour from now' when time is some seconds after 1 hour in the fu
[firefox Windows 7 52.0]     ture   1 ms
[firefox Windows 7 52.0]     -> PASSED : returns '2 hours ago' when time is some seconds before 2 hours in the past
[firefox Windows 7 52.0]        0 ms
[firefox Windows 7 52.0]     -> PASSED : returns '2 hours from now' when time is some seconds after 2 hours in the 
[firefox Windows 7 52.0]     future   1 ms
[firefox Windows 7 52.0]     -> PASSED : returns 'yesterday' when time is some seconds before 24 hours in the past 
[firefox Windows 7 52.0]       0 ms
[firefox Windows 7 52.0]     -> PASSED : returns 'tomorrow' when time is some seconds after 24 hours in the future 
[firefox Windows 7 52.0]       1 ms
[firefox Windows 7 52.0]     -> PASSED : returns '6 days ago' when time is some seconds before 6 days in the past  
[firefox Windows 7 52.0]      0 ms
[firefox Windows 7 52.0]     -> PASSED : returns '6 days from now' when time is some seconds after 6 days in the fu
[firefox Windows 7 52.0]     ture   1 ms
[firefox Windows 7 52.0]     -> PASSED : returns 'last week' when time is some seconds before 7 days in the past   
[firefox Windows 7 52.0]     1 ms
[firefox Windows 7 52.0]     -> PASSED : returns 'next week' when time is some seconds after 7 days in the future  
[firefox Windows 7 52.0]      0 ms
[firefox Windows 7 52.0]     -> PASSED : returns '2 weeks ago' when time is some seconds before 2 weeks in the past
[firefox Windows 7 52.0]        2 ms
[firefox Windows 7 52.0]     -> PASSED : returns '2 weeks from now' when time is some seconds after 2 weeks in the 
[firefox Windows 7 52.0]     future   1 ms
[firefox Windows 7 52.0]     -> PASSED : returns 'last month' when time is some seconds before 4 weeks in the past 
[firefox Windows 7 52.0]       0 ms
[firefox Windows 7 52.0]     -> PASSED : returns 'next month' when time is some seconds after 4 weeks in the future
[firefox Windows 7 52.0]        0 ms
[firefox Windows 7 52.0]     -> PASSED : returns '9 months ago' when time is some seconds before 9 months in the pa
[firefox Windows 7 52.0]     st   1 ms
[firefox Windows 7 52.0]     -> PASSED : returns '9 months from now' when time is some seconds after 9 months in th
[firefox Windows 7 52.0]     e future   0 ms
[firefox Windows 7 52.0]     -> PASSED : returns 'last year' when time is some seconds before 12 months in the past
[firefox Windows 7 52.0]        1 ms
[firefox Windows 7 52.0]     -> PASSED : returns 'next year' when time is some seconds after 12 months in the futur
[firefox Windows 7 52.0]     e   0 ms
[firefox Windows 7 52.0]     -> PASSED : returns '15 years ago' when time is some seconds before 15 years in the pa
[firefox Windows 7 52.0]     st   1 ms
[firefox Windows 7 52.0]     -> PASSED : returns '15 years from now' when time is some seconds after 15 years in th
[firefox Windows 7 52.0]     e future   1 ms
[firefox Windows 7 52.0]     -> PASSED : returns 'last century' when time is some seconds before 100 years in the p
[firefox Windows 7 52.0]     ast   1 ms
[firefox Windows 7 52.0]     -> PASSED : returns 'next century' when time is some seconds after 100 years in the fu
[firefox Windows 7 52.0]     ture   1 ms
[firefox Windows 7 52.0]     -> PASSED : returns '2 centuries ago' when time is some seconds before 2 centuries in 
[firefox Windows 7 52.0]     the past   1 ms
[firefox Windows 7 52.0]     -> PASSED : returns '2 centuries from now' when time is some seconds after 2 centuries
[firefox Windows 7 52.0]      in the future   1 ms
[firefox Windows 7 52.0]   in a language not localized yet
[firefox Windows 7 52.0]     -> PASSED : returns '12 seconds ago' when time is 12 seconds in the past   1 ms
[firefox Windows 7 52.0]     -> PASSED : returns '12 seconds from now' when time is 12 seconds in the future   0 ms
[firefox Windows 7 52.0]     -> PASSED : returns '1 minute ago' when time is 75 seconds in the past   1 ms
[firefox Windows 7 52.0]     -> PASSED : returns '1 minute from now' when time is 75 seconds in the future   1 ms
[firefox Windows 7 52.0]     -> PASSED : returns '17 minutes ago' when time is some seconds before 17 minutes in th
[firefox Windows 7 52.0]     e past   1 ms
[firefox Windows 7 52.0]     -> PASSED : returns '17 minutes from now' when time is some seconds after 17 minutes i
[firefox Windows 7 52.0]     n the future   0 ms
[firefox Windows 7 52.0]     -> PASSED : returns '1 hour ago' when time is some seconds before 1 hour in the past  
[firefox Windows 7 52.0]      4 ms
[firefox Windows 7 52.0]     -> PASSED : returns '1 hour from now' when time is some seconds after 1 hour in the fu
[firefox Windows 7 52.0]     ture   0 ms
[firefox Windows 7 52.0]     -> PASSED : returns '2 hours ago' when time is some seconds before 2 hours in the past
[firefox Windows 7 52.0]        1 ms
[firefox Windows 7 52.0]     -> PASSED : returns '2 hours from now' when time is some seconds after 2 hours in the 
[firefox Windows 7 52.0]     future   1 ms
[firefox Windows 7 52.0]     -> PASSED : returns 'yesterday' when time is some seconds before 24 hours in the past 
[firefox Windows 7 52.0]       1 ms
[firefox Windows 7 52.0]     -> PASSED : returns 'tomorrow' when time is some seconds after 24 hours in the future 
[firefox Windows 7 52.0]       0 ms
[firefox Windows 7 52.0]     -> PASSED : returns '6 days ago' when time is some seconds before 6 days in the past  
[firefox Windows 7 52.0]      1 ms
[firefox Windows 7 52.0]     -> PASSED : returns '6 days from now' when time is some seconds after 6 days in the fu
[firefox Windows 7 52.0]     ture   0 ms
[firefox Windows 7 52.0]     -> PASSED : returns 'last week' when time is some seconds before 7 days in the past   
[firefox Windows 7 52.0]     1 ms
[firefox Windows 7 52.0]     -> PASSED : returns 'next week' when time is some seconds after 7 days in the future  
[firefox Windows 7 52.0]      1 ms
[firefox Windows 7 52.0]     -> PASSED : returns '2 weeks ago' when time is some seconds before 2 weeks in the past
[firefox Windows 7 52.0]        0 ms
[firefox Windows 7 52.0]     -> PASSED : returns '2 weeks from now' when time is some seconds after 2 weeks in the 
[firefox Windows 7 52.0]     future   0 ms
[firefox Windows 7 52.0]     -> PASSED : returns 'last month' when time is some seconds before 4 weeks in the past 
[firefox Windows 7 52.0]       0 ms
[firefox Windows 7 52.0]     -> PASSED : returns 'next month' when time is some seconds after 4 weeks in the future
[firefox Windows 7 52.0]        0 ms
[firefox Windows 7 52.0]     -> PASSED : returns '9 months ago' when time is some seconds before 9 months in the pa
[firefox Windows 7 52.0]     st   1 ms
[firefox Windows 7 52.0]     -> PASSED : returns '9 months from now' when time is some seconds after 9 months in th
[firefox Windows 7 52.0]     e future   0 ms
[firefox Windows 7 52.0]     -> PASSED : returns 'last year' when time is some seconds before 12 months in the past
[firefox Windows 7 52.0]        0 ms
[firefox Windows 7 52.0]     -> PASSED : returns 'next year' when time is some seconds after 12 months in the futur
[firefox Windows 7 52.0]     e   0 ms
[firefox Windows 7 52.0]     -> PASSED : returns '15 years ago' when time is some seconds before 15 years in the pa
[firefox Windows 7 52.0]     st   0 ms
[firefox Windows 7 52.0]     -> PASSED : returns '15 years from now' when time is some seconds after 15 years in th
[firefox Windows 7 52.0]     e future   0 ms
[firefox Windows 7 52.0]     -> PASSED : returns 'last century' when time is some seconds before 100 years in the p
[firefox Windows 7 52.0]     ast   1 ms
[firefox Windows 7 52.0]     -> PASSED : returns 'next century' when time is some seconds after 100 years in the fu
[firefox Windows 7 52.0]     ture   0 ms
[firefox Windows 7 52.0]     -> PASSED : returns '2 centuries ago' when time is some seconds before 2 centuries in 
[firefox Windows 7 52.0]     the past   1 ms
[firefox Windows 7 52.0]     -> PASSED : returns '2 centuries from now' when time is some seconds after 2 centuries
[firefox Windows 7 52.0]      in the future   1 ms
[firefox Windows 7 52.0]   in Portuguese
[firefox Windows 7 52.0]     -> PASSED : returns '12 segundos atrs' when time is 12 seconds in the past   0 ms
[firefox Windows 7 52.0]     -> PASSED : returns 'daqui a 12 segundos' when time is 12 seconds in the future   0 ms
[firefox Windows 7 52.0]     -> PASSED : returns '1 minuto atrs' when time is 75 seconds in the past   0 ms
[firefox Windows 7 52.0]     -> PASSED : returns 'daqui a 1 minuto' when time is 75 seconds in the future   0 ms
[firefox Windows 7 52.0]     -> PASSED : returns '17 minutos atrs' when time is some seconds before 17 minutes in 
[firefox Windows 7 52.0]     the past   1 ms
[firefox Windows 7 52.0]     -> PASSED : returns 'daqui a 17 minutos' when time is some seconds after 17 minutes in
[firefox Windows 7 52.0]      the future   1 ms
[firefox Windows 7 52.0]     -> PASSED : returns '1 hora atrs' when time is some seconds before 1 hour in the past
[firefox Windows 7 52.0]        4 ms
[firefox Windows 7 52.0]     -> PASSED : returns 'daqui a 1 hora' when time is some seconds after 1 hour in the fut
[firefox Windows 7 52.0]     ure   1 ms
[firefox Windows 7 52.0]     -> PASSED : returns '2 horas atrs' when time is some seconds before 2 hours in the pa
[firefox Windows 7 52.0]     st   1 ms
[firefox Windows 7 52.0]     -> PASSED : returns 'daqui a 2 horas' when time is some seconds after 2 hours in the f
[firefox Windows 7 52.0]     uture   1 ms
[firefox Windows 7 52.0]     -> PASSED : returns 'ontem' when time is some seconds before 24 hours in the past   0 
[firefox Windows 7 52.0]     ms
[firefox Windows 7 52.0]     -> PASSED : returns 'amanh' when time is some seconds after 24 hours in the future   
[firefox Windows 7 52.0]     0 ms
[firefox Windows 7 52.0]     -> PASSED : returns '6 dias atrs' when time is some seconds before 6 days in the past
[firefox Windows 7 52.0]        1 ms
[firefox Windows 7 52.0]     -> PASSED : returns 'daqui a 6 dias' when time is some seconds after 6 days in the fut
[firefox Windows 7 52.0]     ure   1 ms
[firefox Windows 7 52.0]     -> PASSED : returns 'semana passada' when time is some seconds before 7 days in the pa
[firefox Windows 7 52.0]     st   0 ms
[firefox Windows 7 52.0]     -> PASSED : returns 'prxima semana' when time is some seconds after 7 days in the fut
[firefox Windows 7 52.0]     ure   0 ms
[firefox Windows 7 52.0]     -> PASSED : returns '2 semanas atrs' when time is some seconds before 2 weeks in the 
[firefox Windows 7 52.0]     past   1 ms
[firefox Windows 7 52.0]     -> PASSED : returns 'daqui a 2 semanas' when time is some seconds after 2 weeks in the
[firefox Windows 7 52.0]      future   1 ms
[firefox Windows 7 52.0]     -> PASSED : returns 'ms passado' when time is some seconds before 4 weeks in the past
[firefox Windows 7 52.0]        1 ms
[firefox Windows 7 52.0]     -> PASSED : returns 'prximo ms' when time is some seconds after 4 weeks in the futur
[firefox Windows 7 52.0]     e   0 ms
[firefox Windows 7 52.0]     -> PASSED : returns '9 meses atrs' when time is some seconds before 9 months in the p
[firefox Windows 7 52.0]     ast   0 ms
[firefox Windows 7 52.0]     -> PASSED : returns 'daqui a 9 meses' when time is some seconds after 9 months in the 
[firefox Windows 7 52.0]     future   0 ms
[firefox Windows 7 52.0]     -> PASSED : returns 'ano passado' when time is some seconds before 12 months in the pa
[firefox Windows 7 52.0]     st   0 ms
[firefox Windows 7 52.0]     -> PASSED : returns 'prximo ano' when time is some seconds after 12 months in the fut
[firefox Windows 7 52.0]     ure   0 ms
[firefox Windows 7 52.0]     -> PASSED : returns '15 anos atrs' when time is some seconds before 15 years in the p
[firefox Windows 7 52.0]     ast   1 ms
[firefox Windows 7 52.0]     -> PASSED : returns 'daqui a 15 anos' when time is some seconds after 15 years in the 
[firefox Windows 7 52.0]     future   0 ms
[firefox Windows 7 52.0]     -> PASSED : returns 'sculo passado' when time is some seconds before 100 years in the
[firefox Windows 7 52.0]      past   1 ms
[firefox Windows 7 52.0]     -> PASSED : returns 'prximo sculo' when time is some seconds after 100 years in the 
[firefox Windows 7 52.0]     future   1 ms
[firefox Windows 7 52.0]     -> PASSED : returns '2 sculos atrs' when time is some seconds before 2 centuries in 
[firefox Windows 7 52.0]     the past   1 ms
[firefox Windows 7 52.0]     -> PASSED : returns 'daqui a 2 sculos' when time is some seconds after 2 centuries in
[firefox Windows 7 52.0]      the future   1 ms
[firefox Windows 7 52.0] 
[firefox Windows 7 52.0] ep_comments_page - Comment copy and paste
[firefox Windows 7 52.0]   when user copies a text with a comment
[firefox Windows 7 52.0]     -> FAILED : "before all" hook for "keeps the text copied on the buffer" Error: TypeError
[firefox Windows 7 52.0]     : e.preventDefault is not a function (http://localhost:9001/tests/frontend/:5319)
[firefox Windows 7 52.0]   when user pastes a text with comment
[firefox Windows 7 52.0]     -> FAILED : "before all" hook for "generates a different comment id for the comment past
[firefox Windows 7 52.0]     ed" Error: TypeError: e.preventDefault is not a function (http://localhost:9001/tests/frontend/:5319
[firefox Windows 7 52.0]     )
[firefox Windows 7 52.0] 
[firefox Windows 7 52.0] Set Font size and ensure its removed properly
[firefox Windows 7 52.0]   -> PASSED : Changes from Size 12 to 18 and back to 12   475 ms
[firefox Windows 7 52.0] 
[firefox Windows 7 52.0] Set Heading and ensure its removed properly
[firefox Windows 7 52.0]   -> PASSED : Option select is changed when heading is changed   1296 ms
[firefox Windows 7 52.0] 
[firefox Windows 7 52.0] Set formatting attributes and ensure ep_markdown displays properly
[firefox Windows 7 52.0]   -> PASSED : Creates bold section and ensures it is shown as **foo** when clicking Show
[firefox Windows 7 52.0]    Markdown   66 ms
[firefox Windows 7 52.0] 
[firefox Windows 7 52.0] Set Superscript and subscript and ensure its removed properly
[firefox Windows 7 52.0]   -> PASSED : When Superscript is changed   139 ms
[firefox Windows 7 52.0]   -> PASSED : When Subscript is changed   327 ms
[firefox Windows 7 52.0] 
[firefox Windows 7 52.0] FINISHED - but not all tests returned 118 tests passed, 4 tests failed, 9 tests pending, duration: 1
[firefox Windows 7 52.0] :31
[firefox Windows 7 52.0] 145 tests, but only 127 returned. Check for failed before/beforeEach-hooks (no `test end` is called 
[firefox Windows 7 52.0] for them and subsequent tests of the same suite are skipped), see https://github.com/mochajs/mocha/p
[firefox Windows 7 52.0] ull/1043
[firefox Windows 7 52.0] 
Remote sauce test '8208b73 - firefox 52.0, Windows 7' finished! https://saucelabs.com/jobs/d75234fc332d4556957041256f318b3a
[2020-10-11 20:04:29.572] [WARN] message - Dropped message, unknown COLLABROOM Data  Type cursor
[2020-10-11 20:04:31.290] [WARN] console - handleClientReady(): client submitted no author name. Using "Anonymous". See: issue #3612
[2020-10-11 20:04:32.007] [WARN] message - Dropped message, unknown COLLABROOM Data  Type cursor
[2020-10-11 20:04:33.742] [WARN] message - Dropped message, unknown COLLABROOM Data  Type cursor
[2020-10-11 20:04:35.264] [WARN] message - Dropped message, unknown COLLABROOM Data  Type cursor
[2020-10-11 20:04:36.966] [WARN] message - Dropped message, unknown COLLABROOM Data  Type cursor
[2020-10-11 20:04:40.267] [WARN] message - Dropped message, unknown COLLABROOM Data  Type cursor
[2020-10-11 20:04:40.386] [WARN] message - Dropped message, unknown COLLABROOM Data  Type cursor
[2020-10-11 20:04:40.882] [WARN] message - Dropped message, unknown COLLABROOM Data  Type cursor
[2020-10-11 20:04:41.930] [WARN] message - Dropped message, unknown COLLABROOM Data  Type cursor
[2020-10-11 20:04:44.522] [WARN] message - Dropped message, unknown COLLABROOM Data  Type cursor
[2020-10-11 20:04:44.953] [WARN] message - Dropped message, unknown COLLABROOM Data  Type cursor
[2020-10-11 20:04:45.948] [WARN] message - Dropped message, unknown COLLABROOM Data  Type cursor
[2020-10-11 20:04:47.209] [WARN] message - Dropped message, unknown COLLABROOM Data  Type cursor
[2020-10-11 20:04:48.051] [WARN] console - handleClientReady(): client submitted no author name. Using "Anonymous". See: issue #3612
[2020-10-11 20:04:49.206] [WARN] message - Dropped message, unknown COLLABROOM Data  Type cursor
[2020-10-11 20:04:49.252] [WARN] message - Dropped message, unknown COLLABROOM Data  Type cursor
[2020-10-11 20:04:51.501] [WARN] message - Dropped message, unknown COLLABROOM Data  Type cursor
[2020-10-11 20:04:51.763] [WARN] message - Dropped message, unknown COLLABROOM Data  Type cursor
[2020-10-11 20:04:52.353] [WARN] message - Dropped message, unknown COLLABROOM Data  Type cursor
[2020-10-11 20:04:54.109] [WARN] message - Dropped message, unknown COLLABROOM Data  Type cursor
[2020-10-11 20:04:57.237] [WARN] message - Dropped message, unknown COLLABROOM Data  Type cursor
[2020-10-11 20:04:58.503] [WARN] message - Dropped message, unknown COLLABROOM Data  Type cursor
[2020-10-11 20:05:01.470] [WARN] message - Dropped message, unknown COLLABROOM Data  Type cursor
[2020-10-11 20:05:03.102] [WARN] console - handleClientReady(): client submitted no author name. Using "Anonymous". See: issue #3612
[2020-10-11 20:05:03.454] [WARN] console - handleClientReady(): client submitted no author name. Using "Anonymous". See: issue #3612
[2020-10-11 20:05:04.862] [WARN] message - Dropped message, unknown COLLABROOM Data  Type cursor
[2020-10-11 20:05:05.540] [WARN] message - Dropped message, unknown COLLABROOM Data  Type cursor
[2020-10-11 20:05:08.360] [WARN] message - Dropped message, unknown COLLABROOM Data  Type cursor
[2020-10-11 20:05:11.402] [WARN] console - handleClientReady(): client submitted no author name. Using "Anonymous". See: issue #3612
[2020-10-11 20:05:12.251] [WARN] message - Dropped message, unknown COLLABROOM Data  Type cursor
[2020-10-11 20:05:13.470] [WARN] message - Dropped message, unknown COLLABROOM Data  Type cursor
[2020-10-11 20:05:16.685] [WARN] message - Dropped message, unknown COLLABROOM Data  Type cursor
[2020-10-11 20:05:19.722] [WARN] console - handleClientReady(): client submitted no author name. Using "Anonymous". See: issue #3612
[2020-10-11 20:05:20.440] [WARN] message - Dropped message, unknown COLLABROOM Data  Type cursor
[2020-10-11 20:05:22.385] [WARN] message - Dropped message, unknown COLLABROOM Data  Type cursor
[2020-10-11 20:05:23.255] [WARN] message - Dropped message, unknown COLLABROOM Data  Type cursor
[2020-10-11 20:05:23.360] [WARN] console - handleClientReady(): client submitted no author name. Using "Anonymous". See: issue #3612
[2020-10-11 20:05:24.250] [WARN] message - Dropped message, unknown COLLABROOM Data  Type cursor
[2020-10-11 20:05:26.137] [WARN] message - Dropped message, unknown COLLABROOM Data  Type cursor
[2020-10-11 20:05:27.083] [WARN] message - Dropped message, unknown COLLABROOM Data  Type cursor
[2020-10-11 20:05:29.433] [WARN] message - Dropped message, unknown COLLABROOM Data  Type cursor
[2020-10-11 20:05:29.588] [WARN] console - handleClientReady(): client submitted no author name. Using "Anonymous". See: issue #3612
[2020-10-11 20:05:29.876] [WARN] message - Dropped message, unknown COLLABROOM Data  Type cursor
[2020-10-11 20:05:32.124] [WARN] message - Dropped message, unknown COLLABROOM Data  Type cursor
[2020-10-11 20:05:34.059] [WARN] message - Dropped message, unknown COLLABROOM Data  Type cursor
[2020-10-11 20:05:34.171] [WARN] message - Dropped message, unknown COLLABROOM Data  Type cursor
[2020-10-11 20:05:34.338] [WARN] message - Dropped message, unknown COLLABROOM Data  Type cursor
[2020-10-11 20:05:34.887] [WARN] message - Dropped message, unknown COLLABROOM Data  Type cursor
[2020-10-11 20:05:36.683] [WARN] message - Dropped message, unknown COLLABROOM Data  Type cursor
[2020-10-11 20:05:39.135] [WARN] message - Dropped message, unknown COLLABROOM Data  Type cursor
[2020-10-11 20:05:40.258] [WARN] message - Dropped message, unknown COLLABROOM Data  Type cursor
[microsoftedge Windows 10 83.0] Alignment of Text
[microsoftedge Windows 10 83.0]   -> PASSED : Center Aligns the Text   44 ms
[microsoftedge Windows 10 83.0]   -> PASSED : Left Aligns the Text   19 ms
[microsoftedge Windows 10 83.0]   -> PASSED : Right Aligns the Text   13 ms
[microsoftedge Windows 10 83.0]   -> PASSED : Justify Aligns the Text   10 ms
[microsoftedge Windows 10 83.0] 
[microsoftedge Windows 10 83.0] ep_comments_page - Comment Delete
[microsoftedge Windows 10 83.0]   when user presses the delete button on a comment
[microsoftedge Windows 10 83.0]     -> PASSED : should delete comment   10 ms
[microsoftedge Windows 10 83.0] 
[microsoftedge Windows 10 83.0] ep_comments_page - Comment Edit
[microsoftedge Windows 10 83.0]   when user presses the button edit on a comment
[microsoftedge Windows 10 83.0]     -> PASSED : should add a comment form   0 ms
[microsoftedge Windows 10 83.0]     -> PASSED : should hide the author and the comment text   0 ms
[microsoftedge Windows 10 83.0]     -> PASSED : should show the original comment text on the edit form   1 ms
[microsoftedge Windows 10 83.0]     and presses edit button again
[microsoftedge Windows 10 83.0]       -> PASSED : should not add a new form   1 ms
[microsoftedge Windows 10 83.0]     and presses cancel
[microsoftedge Windows 10 83.0]       -> PASSED : should remove the edit form   0 ms
[microsoftedge Windows 10 83.0]     and writes a new comment text
[microsoftedge Windows 10 83.0]       and presses save
[microsoftedge Windows 10 83.0]         -> PASSED : should update the comment text   201 ms
[microsoftedge Windows 10 83.0]         and reloads the page
[microsoftedge Windows 10 83.0]           -> PASSED : shows the comment text updated   354 ms
[microsoftedge Windows 10 83.0] 
[microsoftedge Windows 10 83.0] ep_comments_page - Comment icons
[microsoftedge Windows 10 83.0]   -> PASSED : adds a comment icon on the same height of commented text   1 ms
[microsoftedge Windows 10 83.0]   -> PENDING: does not show comment icon when commented text is removed
[microsoftedge Windows 10 83.0]   -> PENDING: does not show comment icon when comment is deleted
[microsoftedge Windows 10 83.0]   -> PASSED : updates comment icon height when commented text is moved to another line  
[microsoftedge Windows 10 83.0]    0 ms
[microsoftedge Windows 10 83.0]   -> PASSED : shows comment when user clicks on comment icon   0 ms
[microsoftedge Windows 10 83.0]   -> PASSED : hides comment when user clicks on comment icon twice   1 ms
[microsoftedge Windows 10 83.0]   -> PASSED : hides comment when user clicks outside of comment box   1 ms
[microsoftedge Windows 10 83.0]   -> PASSED : hides first comment and shows second comment when user clicks on one icon 
[microsoftedge Windows 10 83.0]   then on another icon   0 ms
[microsoftedge Windows 10 83.0] 
[microsoftedge Windows 10 83.0] ep_comments_page - Comment Reply
[microsoftedge Windows 10 83.0]   -> PENDING: Ensures a comment can be replied
[microsoftedge Windows 10 83.0]   -> PENDING: Ensures a comment reply can have suggestion
[microsoftedge Windows 10 83.0]   -> PENDING: Clears the comment reply form after submitting a reply with suggestion
[microsoftedge Windows 10 83.0]   -> PENDING: Replaces the original text with reply suggestion
[microsoftedge Windows 10 83.0]   -> PENDING: Replaces the original text with reply suggestion after replacing original
[microsoftedge Windows 10 83.0]    text with comment suggestion
[microsoftedge Windows 10 83.0] 
[microsoftedge Windows 10 83.0] ep_comments_page - Comment Suggestion
[microsoftedge Windows 10 83.0]   -> PASSED : Fills suggestion Change From field when adding a comment with suggestion  
[microsoftedge Windows 10 83.0]    29 ms
[microsoftedge Windows 10 83.0]   -> PASSED : Fills suggestion Change From field when canceling and trying again to add 
[microsoftedge Windows 10 83.0]   comment with suggestion   60 ms
[microsoftedge Windows 10 83.0] 
[microsoftedge Windows 10 83.0] ep_comments_page - Comment Localization
[microsoftedge Windows 10 83.0]   -> PASSED : uses default values when language was not localized yet   165 ms
[microsoftedge Windows 10 83.0]   -> PASSED : localizes comment when Etherpad language is changed   311 ms
[microsoftedge Windows 10 83.0]   -> PASSED : localizes 'new comment' form when Etherpad language is changed   314 ms
[microsoftedge Windows 10 83.0] 
[microsoftedge Windows 10 83.0] ep_comments_page - Comment settings
[microsoftedge Windows 10 83.0]   when user unchecks 'Show Comments'
[microsoftedge Windows 10 83.0]     -> PENDING: sidebar comments should not be visible when opening a new pad
[microsoftedge Windows 10 83.0]     -> PENDING: sidebar comments should not be visible when adding a new comment to a new
[microsoftedge Windows 10 83.0]      pad
[microsoftedge Windows 10 83.0] 
[microsoftedge Windows 10 83.0] ep_comments_page - Pre-comment text mark
[microsoftedge Windows 10 83.0]   -> PASSED : marks selected text when New Comment form is opened   0 ms
[microsoftedge Windows 10 83.0]   when user reloads pad
[microsoftedge Windows 10 83.0]     -> PASSED : does not have any marked text after pad is fully loaded   0 ms
[microsoftedge Windows 10 83.0]   when user performs UNDO operation
[microsoftedge Windows 10 83.0]     -> PASSED : keeps marked text   0 ms
[microsoftedge Windows 10 83.0]   when user changes selected text
[microsoftedge Windows 10 83.0]     -> PASSED : keeps marked text   0 ms
[microsoftedge Windows 10 83.0]   when user closes the New Comment form
[microsoftedge Windows 10 83.0]     -> PASSED : unmarks text   0 ms
[microsoftedge Windows 10 83.0]   when user submits the comment
[microsoftedge Windows 10 83.0]     -> PASSED : unmarks text   0 ms
[microsoftedge Windows 10 83.0]   when user selects another text range and opens New Comment form for it
[microsoftedge Windows 10 83.0]     -> PASSED : changes the marked text   0 ms
[microsoftedge Windows 10 83.0] 
[microsoftedge Windows 10 83.0] ep_comments_page - Time Formatting
[microsoftedge Windows 10 83.0]   in English
[microsoftedge Windows 10 83.0]     -> PASSED : returns '12 seconds ago' when time is 12 seconds in the past   1 ms
[microsoftedge Windows 10 83.0]     -> PASSED : returns '12 seconds from now' when time is 12 seconds in the future   1 ms
[microsoftedge Windows 10 83.0]     -> PASSED : returns '1 minute ago' when time is 75 seconds in the past   0 ms
[microsoftedge Windows 10 83.0]     -> PASSED : returns '1 minute from now' when time is 75 seconds in the future   1 ms
[microsoftedge Windows 10 83.0]     -> PASSED : returns '17 minutes ago' when time is some seconds before 17 minutes in th
[microsoftedge Windows 10 83.0]     e past   0 ms
[microsoftedge Windows 10 83.0]     -> PASSED : returns '17 minutes from now' when time is some seconds after 17 minutes i
[microsoftedge Windows 10 83.0]     n the future   0 ms
[microsoftedge Windows 10 83.0]     -> PASSED : returns '1 hour ago' when time is some seconds before 1 hour in the past  
[microsoftedge Windows 10 83.0]      0 ms
[microsoftedge Windows 10 83.0]     -> PASSED : returns '1 hour from now' when time is some seconds after 1 hour in the fu
[microsoftedge Windows 10 83.0]     ture   1 ms
[microsoftedge Windows 10 83.0]     -> PASSED : returns '2 hours ago' when time is some seconds before 2 hours in the past
[microsoftedge Windows 10 83.0]        0 ms
[microsoftedge Windows 10 83.0]     -> PASSED : returns '2 hours from now' when time is some seconds after 2 hours in the 
[microsoftedge Windows 10 83.0]     future   0 ms
[microsoftedge Windows 10 83.0]     -> PASSED : returns 'yesterday' when time is some seconds before 24 hours in the past 
[microsoftedge Windows 10 83.0]       1 ms
[microsoftedge Windows 10 83.0]     -> PASSED : returns 'tomorrow' when time is some seconds after 24 hours in the future 
[microsoftedge Windows 10 83.0]       0 ms
[microsoftedge Windows 10 83.0]     -> PASSED : returns '6 days ago' when time is some seconds before 6 days in the past  
[microsoftedge Windows 10 83.0]      1 ms
[microsoftedge Windows 10 83.0]     -> PASSED : returns '6 days from now' when time is some seconds after 6 days in the fu
[microsoftedge Windows 10 83.0]     ture   0 ms
[microsoftedge Windows 10 83.0]     -> PASSED : returns 'last week' when time is some seconds before 7 days in the past   
[microsoftedge Windows 10 83.0]     0 ms
[microsoftedge Windows 10 83.0]     -> PASSED : returns 'next week' when time is some seconds after 7 days in the future  
[microsoftedge Windows 10 83.0]      1 ms
[microsoftedge Windows 10 83.0]     -> PASSED : returns '2 weeks ago' when time is some seconds before 2 weeks in the past
[microsoftedge Windows 10 83.0]        0 ms
[microsoftedge Windows 10 83.0]     -> PASSED : returns '2 weeks from now' when time is some seconds after 2 weeks in the 
[microsoftedge Windows 10 83.0]     future   0 ms
[microsoftedge Windows 10 83.0]     -> PASSED : returns 'last month' when time is some seconds before 4 weeks in the past 
[microsoftedge Windows 10 83.0]       1 ms
[microsoftedge Windows 10 83.0]     -> PASSED : returns 'next month' when time is some seconds after 4 weeks in the future
[microsoftedge Windows 10 83.0]        1 ms
[microsoftedge Windows 10 83.0]     -> PASSED : returns '9 months ago' when time is some seconds before 9 months in the pa
[microsoftedge Windows 10 83.0]     st   0 ms
[microsoftedge Windows 10 83.0]     -> PASSED : returns '9 months from now' when time is some seconds after 9 months in th
[microsoftedge Windows 10 83.0]     e future   0 ms
[microsoftedge Windows 10 83.0]     -> PASSED : returns 'last year' when time is some seconds before 12 months in the past
[microsoftedge Windows 10 83.0]        1 ms
[microsoftedge Windows 10 83.0]     -> PASSED : returns 'next year' when time is some seconds after 12 months in the futur
[microsoftedge Windows 10 83.0]     e   0 ms
[microsoftedge Windows 10 83.0]     -> PASSED : returns '15 years ago' when time is some seconds before 15 years in the pa
[microsoftedge Windows 10 83.0]     st   0 ms
[microsoftedge Windows 10 83.0]     -> PASSED : returns '15 years from now' when time is some seconds after 15 years in th
[microsoftedge Windows 10 83.0]     e future   1 ms
[microsoftedge Windows 10 83.0]     -> PASSED : returns 'last century' when time is some seconds before 100 years in the p
[microsoftedge Windows 10 83.0]     ast   0 ms
[microsoftedge Windows 10 83.0]     -> PASSED : returns 'next century' when time is some seconds after 100 years in the fu
[microsoftedge Windows 10 83.0]     ture   0 ms
[microsoftedge Windows 10 83.0]     -> PASSED : returns '2 centuries ago' when time is some seconds before 2 centuries in 
[microsoftedge Windows 10 83.0]     the past   0 ms
[microsoftedge Windows 10 83.0]     -> PASSED : returns '2 centuries from now' when time is some seconds after 2 centuries
[microsoftedge Windows 10 83.0]      in the future   1 ms
[microsoftedge Windows 10 83.0]   in a language not localized yet
[microsoftedge Windows 10 83.0]     -> PASSED : returns '12 seconds ago' when time is 12 seconds in the past   1 ms
[microsoftedge Windows 10 83.0]     -> PASSED : returns '12 seconds from now' when time is 12 seconds in the future   0 ms
[microsoftedge Windows 10 83.0]     -> PASSED : returns '1 minute ago' when time is 75 seconds in the past   1 ms
[microsoftedge Windows 10 83.0]     -> PASSED : returns '1 minute from now' when time is 75 seconds in the future   0 ms
[microsoftedge Windows 10 83.0]     -> PASSED : returns '17 minutes ago' when time is some seconds before 17 minutes in th
[microsoftedge Windows 10 83.0]     e past   0 ms
[microsoftedge Windows 10 83.0]     -> PASSED : returns '17 minutes from now' when time is some seconds after 17 minutes i
[microsoftedge Windows 10 83.0]     n the future   0 ms
[microsoftedge Windows 10 83.0]     -> PASSED : returns '1 hour ago' when time is some seconds before 1 hour in the past  
[microsoftedge Windows 10 83.0]      1 ms
[microsoftedge Windows 10 83.0]     -> PASSED : returns '1 hour from now' when time is some seconds after 1 hour in the fu
[microsoftedge Windows 10 83.0]     ture   1 ms
[microsoftedge Windows 10 83.0]     -> PASSED : returns '2 hours ago' when time is some seconds before 2 hours in the past
[microsoftedge Windows 10 83.0]        0 ms
[microsoftedge Windows 10 83.0]     -> PASSED : returns '2 hours from now' when time is some seconds after 2 hours in the 
[microsoftedge Windows 10 83.0]     future   0 ms
[microsoftedge Windows 10 83.0]     -> PASSED : returns 'yesterday' when time is some seconds before 24 hours in the past 
[microsoftedge Windows 10 83.0]       1 ms
[microsoftedge Windows 10 83.0]     -> PASSED : returns 'tomorrow' when time is some seconds after 24 hours in the future 
[microsoftedge Windows 10 83.0]       0 ms
[microsoftedge Windows 10 83.0]     -> PASSED : returns '6 days ago' when time is some seconds before 6 days in the past  
[microsoftedge Windows 10 83.0]      0 ms
[microsoftedge Windows 10 83.0]     -> PASSED : returns '6 days from now' when time is some seconds after 6 days in the fu
[microsoftedge Windows 10 83.0]     ture   0 ms
[microsoftedge Windows 10 83.0]     -> PASSED : returns 'last week' when time is some seconds before 7 days in the past   
[microsoftedge Windows 10 83.0]     0 ms
[microsoftedge Windows 10 83.0]     -> PASSED : returns 'next week' when time is some seconds after 7 days in the future  
[microsoftedge Windows 10 83.0]      0 ms
[microsoftedge Windows 10 83.0]     -> PASSED : returns '2 weeks ago' when time is some seconds before 2 weeks in the past
[microsoftedge Windows 10 83.0]        1 ms
[microsoftedge Windows 10 83.0]     -> PASSED : returns '2 weeks from now' when time is some seconds after 2 weeks in the 
[microsoftedge Windows 10 83.0]     future   0 ms
[microsoftedge Windows 10 83.0]     -> PASSED : returns 'last month' when time is some seconds before 4 weeks in the past 
[microsoftedge Windows 10 83.0]       0 ms
[microsoftedge Windows 10 83.0]     -> PASSED : returns 'next month' when time is some seconds after 4 weeks in the future
[microsoftedge Windows 10 83.0]        1 ms
[microsoftedge Windows 10 83.0]     -> PASSED : returns '9 months ago' when time is some seconds before 9 months in the pa
[microsoftedge Windows 10 83.0]     st   0 ms
[microsoftedge Windows 10 83.0]     -> PASSED : returns '9 months from now' when time is some seconds after 9 months in th
[microsoftedge Windows 10 83.0]     e future   0 ms
[microsoftedge Windows 10 83.0]     -> PASSED : returns 'last year' when time is some seconds before 12 months in the past
[microsoftedge Windows 10 83.0]        0 ms
[microsoftedge Windows 10 83.0]     -> PASSED : returns 'next year' when time is some seconds after 12 months in the futur
[microsoftedge Windows 10 83.0]     e   1 ms
[microsoftedge Windows 10 83.0]     -> PASSED : returns '15 years ago' when time is some seconds before 15 years in the pa
[microsoftedge Windows 10 83.0]     st   0 ms
[microsoftedge Windows 10 83.0]     -> PASSED : returns '15 years from now' when time is some seconds after 15 years in th
[microsoftedge Windows 10 83.0]     e future   0 ms
[microsoftedge Windows 10 83.0]     -> PASSED : returns 'last century' when time is some seconds before 100 years in the p
[microsoftedge Windows 10 83.0]     ast   1 ms
[microsoftedge Windows 10 83.0]     -> PASSED : returns 'next century' when time is some seconds after 100 years in the fu
[microsoftedge Windows 10 83.0]     ture   0 ms
[microsoftedge Windows 10 83.0]     -> PASSED : returns '2 centuries ago' when time is some seconds before 2 centuries in 
[microsoftedge Windows 10 83.0]     the past   0 ms
[microsoftedge Windows 10 83.0]     -> PASSED : returns '2 centuries from now' when time is some seconds after 2 centuries
[microsoftedge Windows 10 83.0]      in the future   1 ms
[microsoftedge Windows 10 83.0]   in Portuguese
[microsoftedge Windows 10 83.0]     -> PASSED : returns '12 segundos atrs' when time is 12 seconds in the past   1 ms
[microsoftedge Windows 10 83.0]     -> PASSED : returns 'daqui a 12 segundos' when time is 12 seconds in the future   1 ms
[microsoftedge Windows 10 83.0]     -> PASSED : returns '1 minuto atrs' when time is 75 seconds in the past   0 ms
[microsoftedge Windows 10 83.0]     -> PASSED : returns 'daqui a 1 minuto' when time is 75 seconds in the future   0 ms
[microsoftedge Windows 10 83.0]     -> PASSED : returns '17 minutos atrs' when time is some seconds before 17 minutes in 
[microsoftedge Windows 10 83.0]     the past   0 ms
[microsoftedge Windows 10 83.0]     -> PASSED : returns 'daqui a 17 minutos' when time is some seconds after 17 minutes in
[microsoftedge Windows 10 83.0]      the future   1 ms
[microsoftedge Windows 10 83.0]     -> PASSED : returns '1 hora atrs' when time is some seconds before 1 hour in the past
[microsoftedge Windows 10 83.0]        1 ms
[microsoftedge Windows 10 83.0]     -> PASSED : returns 'daqui a 1 hora' when time is some seconds after 1 hour in the fut
[microsoftedge Windows 10 83.0]     ure   0 ms
[microsoftedge Windows 10 83.0]     -> PASSED : returns '2 horas atrs' when time is some seconds before 2 hours in the pa
[microsoftedge Windows 10 83.0]     st   0 ms
[microsoftedge Windows 10 83.0]     -> PASSED : returns 'daqui a 2 horas' when time is some seconds after 2 hours in the f
[microsoftedge Windows 10 83.0]     uture   1 ms
[microsoftedge Windows 10 83.0]     -> PASSED : returns 'ontem' when time is some seconds before 24 hours in the past   0 
[microsoftedge Windows 10 83.0]     ms
[microsoftedge Windows 10 83.0]     -> PASSED : returns 'amanh' when time is some seconds after 24 hours in the future   
[microsoftedge Windows 10 83.0]     0 ms
[microsoftedge Windows 10 83.0]     -> PASSED : returns '6 dias atrs' when time is some seconds before 6 days in the past
[microsoftedge Windows 10 83.0]        0 ms
[microsoftedge Windows 10 83.0]     -> PASSED : returns 'daqui a 6 dias' when time is some seconds after 6 days in the fut
[microsoftedge Windows 10 83.0]     ure   0 ms
[microsoftedge Windows 10 83.0]     -> PASSED : returns 'semana passada' when time is some seconds before 7 days in the pa
[microsoftedge Windows 10 83.0]     st   1 ms
[microsoftedge Windows 10 83.0]     -> PASSED : returns 'prxima semana' when time is some seconds after 7 days in the fut
[microsoftedge Windows 10 83.0]     ure   0 ms
[microsoftedge Windows 10 83.0]     -> PASSED : returns '2 semanas atrs' when time is some seconds before 2 weeks in the 
[microsoftedge Windows 10 83.0]     past   0 ms
[microsoftedge Windows 10 83.0]     -> PASSED : returns 'daqui a 2 semanas' when time is some seconds after 2 weeks in the
[microsoftedge Windows 10 83.0]      future   0 ms
[microsoftedge Windows 10 83.0]     -> PASSED : returns 'ms passado' when time is some seconds before 4 weeks in the past
[microsoftedge Windows 10 83.0]        0 ms
[microsoftedge Windows 10 83.0]     -> PASSED : returns 'prximo ms' when time is some seconds after 4 weeks in the futur
[microsoftedge Windows 10 83.0]     e   1 ms
[microsoftedge Windows 10 83.0]     -> PASSED : returns '9 meses atrs' when time is some seconds before 9 months in the p
[microsoftedge Windows 10 83.0]     ast   0 ms
[microsoftedge Windows 10 83.0]     -> PASSED : returns 'daqui a 9 meses' when time is some seconds after 9 months in the 
[microsoftedge Windows 10 83.0]     future   2 ms
[microsoftedge Windows 10 83.0]     -> PASSED : returns 'ano passado' when time is some seconds before 12 months in the pa
[microsoftedge Windows 10 83.0]     st   0 ms
[microsoftedge Windows 10 83.0]     -> PASSED : returns 'prximo ano' when time is some seconds after 12 months in the fut
[microsoftedge Windows 10 83.0]     ure   1 ms
[microsoftedge Windows 10 83.0]     -> PASSED : returns '15 anos atrs' when time is some seconds before 15 years in the p
[microsoftedge Windows 10 83.0]     ast   0 ms
[microsoftedge Windows 10 83.0]     -> PASSED : returns 'daqui a 15 anos' when time is some seconds after 15 years in the 
[microsoftedge Windows 10 83.0]     future   0 ms
[microsoftedge Windows 10 83.0]     -> PASSED : returns 'sculo passado' when time is some seconds before 100 years in the
[microsoftedge Windows 10 83.0]      past   1 ms
[microsoftedge Windows 10 83.0]     -> PASSED : returns 'prximo sculo' when time is some seconds after 100 years in the 
[microsoftedge Windows 10 83.0]     future   0 ms
[microsoftedge Windows 10 83.0]     -> PASSED : returns '2 sculos atrs' when time is some seconds before 2 centuries in 
[microsoftedge Windows 10 83.0]     the past   0 ms
[microsoftedge Windows 10 83.0]     -> PASSED : returns 'daqui a 2 sculos' when time is some seconds after 2 centuries in
[microsoftedge Windows 10 83.0]      the future   0 ms
[microsoftedge Windows 10 83.0] 
[microsoftedge Windows 10 83.0] ep_comments_page - Comment copy and paste
[microsoftedge Windows 10 83.0]   when user copies a text with a comment
[microsoftedge Windows 10 83.0]     -> FAILED : "before all" hook for "keeps the text copied on the buffer" Error: Uncaught 
[microsoftedge Windows 10 83.0]     TypeError: e.preventDefault is not a function (:5319)
[microsoftedge Windows 10 83.0]   when user pastes a text with comment
[microsoftedge Windows 10 83.0]     -> FAILED : "before all" hook for "generates a different comment id for the comment past
[microsoftedge Windows 10 83.0]     ed" Error: Uncaught TypeError: e.preventDefault is not a function (:5319)
[microsoftedge Windows 10 83.0] 
[microsoftedge Windows 10 83.0] Set Font size and ensure its removed properly
[microsoftedge Windows 10 83.0]   -> PASSED : Changes from Size 12 to 18 and back to 12   145 ms
[microsoftedge Windows 10 83.0] 
[microsoftedge Windows 10 83.0] Set Heading and ensure its removed properly
[microsoftedge Windows 10 83.0]   -> PASSED : Option select is changed when heading is changed   1101 ms
[microsoftedge Windows 10 83.0] 
[microsoftedge Windows 10 83.0] Set formatting attributes and ensure ep_markdown displays properly
[microsoftedge Windows 10 83.0]   -> PASSED : Creates bold section and ensures it is shown as **foo** when clicking Show
[microsoftedge Windows 10 83.0]    Markdown   24 ms
[microsoftedge Windows 10 83.0] 
[microsoftedge Windows 10 83.0] Set Superscript and subscript and ensure its removed properly
[microsoftedge Windows 10 83.0]   -> PASSED : When Superscript is changed   39 ms
[microsoftedge Windows 10 83.0]   -> PASSED : When Subscript is changed   36 ms
[microsoftedge Windows 10 83.0] 
[microsoftedge Windows 10 83.0] FINISHED - but not all tests returned 125 tests passed, 2 tests failed, 9 tests pending, duration: 1
[microsoftedge Windows 10 83.0] :28
[microsoftedge Windows 10 83.0] 145 tests, but only 134 returned. Check for failed before/beforeEach-hooks (no `test end` is called 
[microsoftedge Windows 10 83.0] for them and subsequent tests of the same suite are skipped), see https://github.com/mochajs/mocha/p
[microsoftedge Windows 10 83.0] ull/1043
[microsoftedge Windows 10 83.0] 
Remote sauce test '8208b73 - microsoftedge 83.0, Windows 10' finished! https://saucelabs.com/jobs/5bb5777b41f04a66ba2e586f1fae00f8
[2020-10-11 20:05:43.969] [WARN] message - Dropped message, unknown COLLABROOM Data  Type cursor
[2020-10-11 20:05:46.620] [WARN] message - Dropped message, unknown COLLABROOM Data  Type cursor
[2020-10-11 20:05:47.884] [WARN] message - Dropped message, unknown COLLABROOM Data  Type cursor
[2020-10-11 20:05:49.503] [WARN] message - Dropped message, unknown COLLABROOM Data  Type cursor
[2020-10-11 20:05:52.426] [WARN] message - Dropped message, unknown COLLABROOM Data  Type cursor
[2020-10-11 20:05:53.384] [WARN] message - Dropped message, unknown COLLABROOM Data  Type cursor
[2020-10-11 20:05:56.518] [WARN] message - Dropped message, unknown COLLABROOM Data  Type cursor
[2020-10-11 20:05:57.446] [WARN] message - Dropped message, unknown COLLABROOM Data  Type cursor
[2020-10-11 20:06:00.767] [WARN] message - Dropped message, unknown COLLABROOM Data  Type cursor
[2020-10-11 20:06:02.769] [WARN] message - Dropped message, unknown COLLABROOM Data  Type cursor
[2020-10-11 20:06:03.483] [WARN] message - Dropped message, unknown COLLABROOM Data  Type cursor
[2020-10-11 20:06:03.778] [WARN] message - Dropped message, unknown COLLABROOM Data  Type cursor
[2020-10-11 20:06:04.192] [WARN] message - Dropped message, unknown COLLABROOM Data  Type cursor
[2020-10-11 20:06:06.727] [WARN] message - Dropped message, unknown COLLABROOM Data  Type cursor
[2020-10-11 20:06:08.958] [WARN] message - Dropped message, unknown COLLABROOM Data  Type cursor
[2020-10-11 20:06:10.515] [WARN] message - Dropped message, unknown COLLABROOM Data  Type cursor
[2020-10-11 20:06:11.644] [WARN] message - Dropped message, unknown COLLABROOM Data  Type cursor
[firefox Windows 7 78.0] Alignment of Text
[firefox Windows 7 78.0]   -> PASSED : Center Aligns the Text   27 ms
[firefox Windows 7 78.0]   -> PASSED : Left Aligns the Text   29 ms
[firefox Windows 7 78.0]   -> PASSED : Right Aligns the Text   40 ms
[firefox Windows 7 78.0]   -> PASSED : Justify Aligns the Text   37 ms
[firefox Windows 7 78.0] 
[firefox Windows 7 78.0] ep_comments_page - Comment Delete
[firefox Windows 7 78.0]   when user presses the delete button on a comment
[firefox Windows 7 78.0]     -> PASSED : should delete comment   23 ms
[firefox Windows 7 78.0] 
[firefox Windows 7 78.0] ep_comments_page - Comment Edit
[firefox Windows 7 78.0]   when user presses the button edit on a comment
[firefox Windows 7 78.0]     -> PASSED : should add a comment form   1 ms
[firefox Windows 7 78.0]     -> PASSED : should hide the author and the comment text   0 ms
[firefox Windows 7 78.0]     -> PASSED : should show the original comment text on the edit form   2 ms
[firefox Windows 7 78.0]     and presses edit button again
[firefox Windows 7 78.0]       -> PASSED : should not add a new form   3 ms
[firefox Windows 7 78.0]     and presses cancel
[firefox Windows 7 78.0]       -> PASSED : should remove the edit form   1 ms
[firefox Windows 7 78.0]     and writes a new comment text
[firefox Windows 7 78.0]       and presses save
[firefox Windows 7 78.0]         -> PASSED : should update the comment text   174 ms
[firefox Windows 7 78.0]         and reloads the page
[firefox Windows 7 78.0]           -> PASSED : shows the comment text updated   331 ms
[firefox Windows 7 78.0] 
[firefox Windows 7 78.0] ep_comments_page - Comment icons
[firefox Windows 7 78.0]   -> PASSED : adds a comment icon on the same height of commented text   0 ms
[firefox Windows 7 78.0]   -> PENDING: does not show comment icon when commented text is removed
[firefox Windows 7 78.0]   -> PENDING: does not show comment icon when comment is deleted
[firefox Windows 7 78.0]   -> PASSED : updates comment icon height when commented text is moved to another line  
[firefox Windows 7 78.0]    1 ms
[firefox Windows 7 78.0]   -> FAILED : "before each" hook for "shows comment when user clicks on comment icon" Erro
[firefox Windows 7 78.0]   r: Error: wait for condition never became true function(){
[firefox Windows 7 78.0]         var inner$ = helper.padInner$;
[firefox Windows 7 78.0]         if(inner$) return true;
[firefox Windows 7 78.0]       } (http://localhost:9001/tests/frontend/helper.js:189)
[firefox Windows 7 78.0] 
[firefox Windows 7 78.0] ep_comments_page - Comment Reply
[firefox Windows 7 78.0]   -> PENDING: Ensures a comment can be replied
[firefox Windows 7 78.0]   -> PENDING: Ensures a comment reply can have suggestion
[firefox Windows 7 78.0]   -> PENDING: Clears the comment reply form after submitting a reply with suggestion
[firefox Windows 7 78.0]   -> PENDING: Replaces the original text with reply suggestion
[firefox Windows 7 78.0]   -> PENDING: Replaces the original text with reply suggestion after replacing original
[firefox Windows 7 78.0]    text with comment suggestion
[firefox Windows 7 78.0] 
[firefox Windows 7 78.0] ep_comments_page - Comment Suggestion
[firefox Windows 7 78.0]   -> FAILED : "before each" hook for "Fills suggestion Change From field when adding a com
[firefox Windows 7 78.0]   ment with suggestion" Error: TypeError: helper.padChrome$ is not a function (http://localhost:9001/t
[firefox Windows 7 78.0]   ests/frontend/helper.js:140)
[firefox Windows 7 78.0] 
[firefox Windows 7 78.0] ep_comments_page - Comment Localization
[firefox Windows 7 78.0]   -> PASSED : uses default values when language was not localized yet   272 ms
[firefox Windows 7 78.0]   -> PASSED : localizes comment when Etherpad language is changed   346 ms
[firefox Windows 7 78.0]   -> PASSED : localizes 'new comment' form when Etherpad language is changed   408 ms
[firefox Windows 7 78.0] 
[firefox Windows 7 78.0] ep_comments_page - Comment settings
[firefox Windows 7 78.0]   when user unchecks 'Show Comments'
[firefox Windows 7 78.0]     -> PENDING: sidebar comments should not be visible when opening a new pad
[firefox Windows 7 78.0]     -> PENDING: sidebar comments should not be visible when adding a new comment to a new
[firefox Windows 7 78.0]      pad
[firefox Windows 7 78.0] 
[firefox Windows 7 78.0] ep_comments_page - Pre-comment text mark
[firefox Windows 7 78.0]   -> PASSED : marks selected text when New Comment form is opened   0 ms
[firefox Windows 7 78.0]   when user reloads pad
[firefox Windows 7 78.0]     -> PASSED : does not have any marked text after pad is fully loaded   0 ms
[firefox Windows 7 78.0]   when user performs UNDO operation
[firefox Windows 7 78.0]     -> PASSED : keeps marked text   0 ms
[firefox Windows 7 78.0]   when user changes selected text
[firefox Windows 7 78.0]     -> PASSED : keeps marked text   0 ms
[firefox Windows 7 78.0]   when user closes the New Comment form
[firefox Windows 7 78.0]     -> PASSED : unmarks text   0 ms
[firefox Windows 7 78.0]   when user submits the comment
[firefox Windows 7 78.0]     -> PASSED : unmarks text   0 ms
[firefox Windows 7 78.0]   when user selects another text range and opens New Comment form for it
[firefox Windows 7 78.0]     -> PASSED : changes the marked text   0 ms
[firefox Windows 7 78.0] 
[firefox Windows 7 78.0] ep_comments_page - Time Formatting
[firefox Windows 7 78.0]   in English
[firefox Windows 7 78.0]     -> PASSED : returns '12 seconds ago' when time is 12 seconds in the past   2 ms
[firefox Windows 7 78.0]     -> PASSED : returns '12 seconds from now' when time is 12 seconds in the future   1 ms
[firefox Windows 7 78.0]     -> PASSED : returns '1 minute ago' when time is 75 seconds in the past   2 ms
[firefox Windows 7 78.0]     -> PASSED : returns '1 minute from now' when time is 75 seconds in the future   0 ms
[firefox Windows 7 78.0]     -> PASSED : returns '17 minutes ago' when time is some seconds before 17 minutes in th
[firefox Windows 7 78.0]     e past   0 ms
[firefox Windows 7 78.0]     -> PASSED : returns '17 minutes from now' when time is some seconds after 17 minutes i
[firefox Windows 7 78.0]     n the future   1 ms
[firefox Windows 7 78.0]     -> PASSED : returns '1 hour ago' when time is some seconds before 1 hour in the past  
[firefox Windows 7 78.0]      2 ms
[firefox Windows 7 78.0]     -> PASSED : returns '1 hour from now' when time is some seconds after 1 hour in the fu
[firefox Windows 7 78.0]     ture   2 ms
[firefox Windows 7 78.0]     -> PASSED : returns '2 hours ago' when time is some seconds before 2 hours in the past
[firefox Windows 7 78.0]        1 ms
[firefox Windows 7 78.0]     -> PASSED : returns '2 hours from now' when time is some seconds after 2 hours in the 
[firefox Windows 7 78.0]     future   1 ms
[firefox Windows 7 78.0]     -> PASSED : returns 'yesterday' when time is some seconds before 24 hours in the past 
[firefox Windows 7 78.0]       2 ms
[firefox Windows 7 78.0]     -> PASSED : returns 'tomorrow' when time is some seconds after 24 hours in the future 
[firefox Windows 7 78.0]       1 ms
[firefox Windows 7 78.0]     -> PASSED : returns '6 days ago' when time is some seconds before 6 days in the past  
[firefox Windows 7 78.0]      0 ms
[firefox Windows 7 78.0]     -> PASSED : returns '6 days from now' when time is some seconds after 6 days in the fu
[firefox Windows 7 78.0]     ture   1 ms
[firefox Windows 7 78.0]     -> PASSED : returns 'last week' when time is some seconds before 7 days in the past   
[firefox Windows 7 78.0]     0 ms
[firefox Windows 7 78.0]     -> PASSED : returns 'next week' when time is some seconds after 7 days in the future  
[firefox Windows 7 78.0]      0 ms
[firefox Windows 7 78.0]     -> PASSED : returns '2 weeks ago' when time is some seconds before 2 weeks in the past
[firefox Windows 7 78.0]        1 ms
[firefox Windows 7 78.0]     -> PASSED : returns '2 weeks from now' when time is some seconds after 2 weeks in the 
[firefox Windows 7 78.0]     future   0 ms
[firefox Windows 7 78.0]     -> PASSED : returns 'last month' when time is some seconds before 4 weeks in the past 
[firefox Windows 7 78.0]       1 ms
[firefox Windows 7 78.0]     -> PASSED : returns 'next month' when time is some seconds after 4 weeks in the future
[firefox Windows 7 78.0]        0 ms
[firefox Windows 7 78.0]     -> PASSED : returns '9 months ago' when time is some seconds before 9 months in the pa
[firefox Windows 7 78.0]     st   1 ms
[firefox Windows 7 78.0]     -> PASSED : returns '9 months from now' when time is some seconds after 9 months in th
[firefox Windows 7 78.0]     e future   0 ms
[firefox Windows 7 78.0]     -> PASSED : returns 'last year' when time is some seconds before 12 months in the past
[firefox Windows 7 78.0]        1 ms
[firefox Windows 7 78.0]     -> PASSED : returns 'next year' when time is some seconds after 12 months in the futur
[firefox Windows 7 78.0]     e   0 ms
[firefox Windows 7 78.0]     -> PASSED : returns '15 years ago' when time is some seconds before 15 years in the pa
[firefox Windows 7 78.0]     st   13 ms
[firefox Windows 7 78.0]     -> PASSED : returns '15 years from now' when time is some seconds after 15 years in th
[firefox Windows 7 78.0]     e future   0 ms
[firefox Windows 7 78.0]     -> PASSED : returns 'last century' when time is some seconds before 100 years in the p
[firefox Windows 7 78.0]     ast   1 ms
[firefox Windows 7 78.0]     -> PASSED : returns 'next century' when time is some seconds after 100 years in the fu
[firefox Windows 7 78.0]     ture   0 ms
[firefox Windows 7 78.0]     -> PASSED : returns '2 centuries ago' when time is some seconds before 2 centuries in 
[firefox Windows 7 78.0]     the past   1 ms
[firefox Windows 7 78.0]     -> PASSED : returns '2 centuries from now' when time is some seconds after 2 centuries
[firefox Windows 7 78.0]      in the future   1 ms
[firefox Windows 7 78.0]   in a language not localized yet
[firefox Windows 7 78.0]     -> PASSED : returns '12 seconds ago' when time is 12 seconds in the past   2 ms
[firefox Windows 7 78.0]     -> PASSED : returns '12 seconds from now' when time is 12 seconds in the future   1 ms
[firefox Windows 7 78.0]     -> PASSED : returns '1 minute ago' when time is 75 seconds in the past   1 ms
[firefox Windows 7 78.0]     -> PASSED : returns '1 minute from now' when time is 75 seconds in the future   0 ms
[firefox Windows 7 78.0]     -> PASSED : returns '17 minutes ago' when time is some seconds before 17 minutes in th
[firefox Windows 7 78.0]     e past   0 ms
[firefox Windows 7 78.0]     -> PASSED : returns '17 minutes from now' when time is some seconds after 17 minutes i
[firefox Windows 7 78.0]     n the future   1 ms
[firefox Windows 7 78.0]     -> PASSED : returns '1 hour ago' when time is some seconds before 1 hour in the past  
[firefox Windows 7 78.0]      1 ms
[firefox Windows 7 78.0]     -> PASSED : returns '1 hour from now' when time is some seconds after 1 hour in the fu
[firefox Windows 7 78.0]     ture   1 ms
[firefox Windows 7 78.0]     -> PASSED : returns '2 hours ago' when time is some seconds before 2 hours in the past
[firefox Windows 7 78.0]        12 ms
[firefox Windows 7 78.0]     -> PASSED : returns '2 hours from now' when time is some seconds after 2 hours in the 
[firefox Windows 7 78.0]     future   0 ms
[firefox Windows 7 78.0]     -> PASSED : returns 'yesterday' when time is some seconds before 24 hours in the past 
[firefox Windows 7 78.0]       1 ms
[firefox Windows 7 78.0]     -> PASSED : returns 'tomorrow' when time is some seconds after 24 hours in the future 
[firefox Windows 7 78.0]       1 ms
[firefox Windows 7 78.0]     -> PASSED : returns '6 days ago' when time is some seconds before 6 days in the past  
[firefox Windows 7 78.0]      1 ms
[firefox Windows 7 78.0]     -> PASSED : returns '6 days from now' when time is some seconds after 6 days in the fu
[firefox Windows 7 78.0]     ture   0 ms
[firefox Windows 7 78.0]     -> PASSED : returns 'last week' when time is some seconds before 7 days in the past   
[firefox Windows 7 78.0]     1 ms
[firefox Windows 7 78.0]     -> PASSED : returns 'next week' when time is some seconds after 7 days in the future  
[firefox Windows 7 78.0]      1 ms
[firefox Windows 7 78.0]     -> PASSED : returns '2 weeks ago' when time is some seconds before 2 weeks in the past
[firefox Windows 7 78.0]        0 ms
[firefox Windows 7 78.0]     -> PASSED : returns '2 weeks from now' when time is some seconds after 2 weeks in the 
[firefox Windows 7 78.0]     future   1 ms
[firefox Windows 7 78.0]     -> PASSED : returns 'last month' when time is some seconds before 4 weeks in the past 
[firefox Windows 7 78.0]       0 ms
[firefox Windows 7 78.0]     -> PASSED : returns 'next month' when time is some seconds after 4 weeks in the future
[firefox Windows 7 78.0]        1 ms
[firefox Windows 7 78.0]     -> PASSED : returns '9 months ago' when time is some seconds before 9 months in the pa
[firefox Windows 7 78.0]     st   0 ms
[firefox Windows 7 78.0]     -> PASSED : returns '9 months from now' when time is some seconds after 9 months in th
[firefox Windows 7 78.0]     e future   0 ms
[firefox Windows 7 78.0]     -> PASSED : returns 'last year' when time is some seconds before 12 months in the past
[firefox Windows 7 78.0]        0 ms
[firefox Windows 7 78.0]     -> PASSED : returns 'next year' when time is some seconds after 12 months in the futur
[firefox Windows 7 78.0]     e   1 ms
[firefox Windows 7 78.0]     -> PASSED : returns '15 years ago' when time is some seconds before 15 years in the pa
[firefox Windows 7 78.0]     st   0 ms
[firefox Windows 7 78.0]     -> PASSED : returns '15 years from now' when time is some seconds after 15 years in th
[firefox Windows 7 78.0]     e future   0 ms
[firefox Windows 7 78.0]     -> PASSED : returns 'last century' when time is some seconds before 100 years in the p
[firefox Windows 7 78.0]     ast   0 ms
[firefox Windows 7 78.0]     -> PASSED : returns 'next century' when time is some seconds after 100 years in the fu
[firefox Windows 7 78.0]     ture   1 ms
[firefox Windows 7 78.0]     -> PASSED : returns '2 centuries ago' when time is some seconds before 2 centuries in 
[firefox Windows 7 78.0]     the past   1 ms
[firefox Windows 7 78.0]     -> PASSED : returns '2 centuries from now' when time is some seconds after 2 centuries
[firefox Windows 7 78.0]      in the future   1 ms
[firefox Windows 7 78.0]   in Portuguese
[firefox Windows 7 78.0]     -> PASSED : returns '12 segundos atrs' when time is 12 seconds in the past   0 ms
[firefox Windows 7 78.0]     -> PASSED : returns 'daqui a 12 segundos' when time is 12 seconds in the future   1 ms
[firefox Windows 7 78.0]     -> PASSED : returns '1 minuto atrs' when time is 75 seconds in the past   0 ms
[firefox Windows 7 78.0]     -> PASSED : returns 'daqui a 1 minuto' when time is 75 seconds in the future   0 ms
[firefox Windows 7 78.0]     -> PASSED : returns '17 minutos atrs' when time is some seconds before 17 minutes in 
[firefox Windows 7 78.0]     the past   0 ms
[firefox Windows 7 78.0]     -> PASSED : returns 'daqui a 17 minutos' when time is some seconds after 17 minutes in
[firefox Windows 7 78.0]      the future   11 ms
[firefox Windows 7 78.0]     -> PASSED : returns '1 hora atrs' when time is some seconds before 1 hour in the past
[firefox Windows 7 78.0]        0 ms
[firefox Windows 7 78.0]     -> PASSED : returns 'daqui a 1 hora' when time is some seconds after 1 hour in the fut
[firefox Windows 7 78.0]     ure   1 ms
[firefox Windows 7 78.0]     -> PASSED : returns '2 horas atrs' when time is some seconds before 2 hours in the pa
[firefox Windows 7 78.0]     st   0 ms
[firefox Windows 7 78.0]     -> PASSED : returns 'daqui a 2 horas' when time is some seconds after 2 hours in the f
[firefox Windows 7 78.0]     uture   1 ms
[firefox Windows 7 78.0]     -> PASSED : returns 'ontem' when time is some seconds before 24 hours in the past   1 
[firefox Windows 7 78.0]     ms
[firefox Windows 7 78.0]     -> PASSED : returns 'amanh' when time is some seconds after 24 hours in the future   
[firefox Windows 7 78.0]     1 ms
[firefox Windows 7 78.0]     -> PASSED : returns '6 dias atrs' when time is some seconds before 6 days in the past
[firefox Windows 7 78.0]        1 ms
[firefox Windows 7 78.0]     -> PASSED : returns 'daqui a 6 dias' when time is some seconds after 6 days in the fut
[firefox Windows 7 78.0]     ure   0 ms
[firefox Windows 7 78.0]     -> PASSED : returns 'semana passada' when time is some seconds before 7 days in the pa
[firefox Windows 7 78.0]     st   1 ms
[firefox Windows 7 78.0]     -> PASSED : returns 'prxima semana' when time is some seconds after 7 days in the fut
[firefox Windows 7 78.0]     ure   1 ms
[firefox Windows 7 78.0]     -> PASSED : returns '2 semanas atrs' when time is some seconds before 2 weeks in the 
[firefox Windows 7 78.0]     past   1 ms
[firefox Windows 7 78.0]     -> PASSED : returns 'daqui a 2 semanas' when time is some seconds after 2 weeks in the
[firefox Windows 7 78.0]      future   1 ms
[firefox Windows 7 78.0]     -> PASSED : returns 'ms passado' when time is some seconds before 4 weeks in the past
[firefox Windows 7 78.0]        0 ms
[firefox Windows 7 78.0]     -> PASSED : returns 'prximo ms' when time is some seconds after 4 weeks in the futur
[firefox Windows 7 78.0]     e   1 ms
[firefox Windows 7 78.0]     -> PASSED : returns '9 meses atrs' when time is some seconds before 9 months in the p
[firefox Windows 7 78.0]     ast   1 ms
[firefox Windows 7 78.0]     -> PASSED : returns 'daqui a 9 meses' when time is some seconds after 9 months in the 
[firefox Windows 7 78.0]     future   1 ms
[firefox Windows 7 78.0]     -> PASSED : returns 'ano passado' when time is some seconds before 12 months in the pa
[firefox Windows 7 78.0]     st   0 ms
[firefox Windows 7 78.0]     -> PASSED : returns 'prximo ano' when time is some seconds after 12 months in the fut
[firefox Windows 7 78.0]     ure   1 ms
[firefox Windows 7 78.0]     -> PASSED : returns '15 anos atrs' when time is some seconds before 15 years in the p
[firefox Windows 7 78.0]     ast   1 ms
[firefox Windows 7 78.0]     -> PASSED : returns 'daqui a 15 anos' when time is some seconds after 15 years in the 
[firefox Windows 7 78.0]     future   1 ms
[firefox Windows 7 78.0]     -> PASSED : returns 'sculo passado' when time is some seconds before 100 years in the
[firefox Windows 7 78.0]      past   0 ms
[firefox Windows 7 78.0]     -> PASSED : returns 'prximo sculo' when time is some seconds after 100 years in the 
[firefox Windows 7 78.0]     future   0 ms
[firefox Windows 7 78.0]     -> PASSED : returns '2 sculos atrs' when time is some seconds before 2 centuries in 
[firefox Windows 7 78.0]     the past   1 ms
[firefox Windows 7 78.0]     -> PASSED : returns 'daqui a 2 sculos' when time is some seconds after 2 centuries in
[firefox Windows 7 78.0]      the future   0 ms
[firefox Windows 7 78.0] 
[firefox Windows 7 78.0] ep_comments_page - Comment copy and paste
[firefox Windows 7 78.0]   when user copies a text with a comment
[firefox Windows 7 78.0]     -> FAILED : "before all" hook for "keeps the text copied on the buffer" Error: TypeError
[firefox Windows 7 78.0]     : e.preventDefault is not a function (http://localhost:9001/tests/frontend/ line 82 > scriptElement:
[firefox Windows 7 78.0]     5319)
[firefox Windows 7 78.0]   when user pastes a text with comment
[firefox Windows 7 78.0]     -> FAILED : "before all" hook for "generates a different comment id for the comment past
[firefox Windows 7 78.0]     ed" Error: TypeError: e.preventDefault is not a function (http://localhost:9001/tests/frontend/ line
[firefox Windows 7 78.0]      82 > scriptElement:5319)
[firefox Windows 7 78.0] 
[firefox Windows 7 78.0] Set Font size and ensure its removed properly
[firefox Windows 7 78.0]   -> PASSED : Changes from Size 12 to 18 and back to 12   253 ms
[firefox Windows 7 78.0] 
[firefox Windows 7 78.0] Set Heading and ensure its removed properly
[firefox Windows 7 78.0]   -> PASSED : Option select is changed when heading is changed   1102 ms
[firefox Windows 7 78.0] 
[firefox Windows 7 78.0] Set formatting attributes and ensure ep_markdown displays properly
[firefox Windows 7 78.0]   -> PASSED : Creates bold section and ensures it is shown as **foo** when clicking Show
[firefox Windows 7 78.0]    Markdown   45 ms
[firefox Windows 7 78.0] 
[firefox Windows 7 78.0] Set Superscript and subscript and ensure its removed properly
[firefox Windows 7 78.0]   -> PASSED : When Superscript is changed   82 ms
[firefox Windows 7 78.0]   -> PASSED : When Subscript is changed   99 ms
[firefox Windows 7 78.0] 
[firefox Windows 7 78.0] FINISHED - but not all tests returned 119 tests passed, 4 tests failed, 9 tests pending, duration: 1
[firefox Windows 7 78.0] :48
[firefox Windows 7 78.0] 145 tests, but only 128 returned. Check for failed before/beforeEach-hooks (no `test end` is called 
[firefox Windows 7 78.0] for them and subsequent tests of the same suite are skipped), see https://github.com/mochajs/mocha/p
[firefox Windows 7 78.0] ull/1043
[firefox Windows 7 78.0] 
Remote sauce test '8208b73 - firefox 78.0, Windows 7' finished! https://saucelabs.com/jobs/ae5292a76ca645d7ac35f0c3ff876918
[2020-10-11 20:06:18.272] [WARN] message - Dropped message, unknown COLLABROOM Data  Type cursor
[2020-10-11 20:06:25.876] [WARN] message - Dropped message, unknown COLLABROOM Data  Type cursor
[2020-10-11 20:06:26.794] [WARN] message - Dropped message, unknown COLLABROOM Data  Type cursor
[2020-10-11 20:06:27.830] [WARN] message - Dropped message, unknown COLLABROOM Data  Type cursor
[2020-10-11 20:06:35.199] [WARN] message - Dropped message, unknown COLLABROOM Data  Type cursor
[2020-10-11 20:06:36.080] [WARN] message - Dropped message, unknown COLLABROOM Data  Type cursor
[2020-10-11 20:06:37.078] [WARN] message - Dropped message, unknown COLLABROOM Data  Type cursor
[safari OS X 10.14 12.0] Alignment of Text
[safari OS X 10.14 12.0]   -> PASSED : Center Aligns the Text   27 ms
[safari OS X 10.14 12.0]   -> PASSED : Left Aligns the Text   15 ms
[safari OS X 10.14 12.0]   -> PASSED : Right Aligns the Text   15 ms
[safari OS X 10.14 12.0]   -> PASSED : Justify Aligns the Text   13 ms
[safari OS X 10.14 12.0] 
[safari OS X 10.14 12.0] ep_comments_page - Comment Delete
[safari OS X 10.14 12.0]   when user presses the delete button on a comment
[safari OS X 10.14 12.0]     -> PASSED : should delete comment   16 ms
[safari OS X 10.14 12.0] 
[safari OS X 10.14 12.0] ep_comments_page - Comment Edit
[safari OS X 10.14 12.0]   when user presses the button edit on a comment
[safari OS X 10.14 12.0]     -> PASSED : should add a comment form   2 ms
[safari OS X 10.14 12.0]     -> PASSED : should hide the author and the comment text   1 ms
[safari OS X 10.14 12.0]     -> PASSED : should show the original comment text on the edit form   1 ms
[safari OS X 10.14 12.0]     and presses edit button again
[safari OS X 10.14 12.0]       -> PASSED : should not add a new form   0 ms
[safari OS X 10.14 12.0]     and presses cancel
[safari OS X 10.14 12.0]       -> PASSED : should remove the edit form   1 ms
[safari OS X 10.14 12.0]     and writes a new comment text
[safari OS X 10.14 12.0]       and presses save
[safari OS X 10.14 12.0]         -> PASSED : should update the comment text   281 ms
[safari OS X 10.14 12.0]         and reloads the page
[safari OS X 10.14 12.0]           -> PASSED : shows the comment text updated   410 ms
[safari OS X 10.14 12.0] 
[safari OS X 10.14 12.0] ep_comments_page - Comment icons
[safari OS X 10.14 12.0]   -> PASSED : adds a comment icon on the same height of commented text   0 ms
[safari OS X 10.14 12.0]   -> PENDING: does not show comment icon when commented text is removed
[safari OS X 10.14 12.0]   -> PENDING: does not show comment icon when comment is deleted
[safari OS X 10.14 12.0]   -> FAILED : "before each" hook for "updates comment icon height when commented text is m
[safari OS X 10.14 12.0]   oved to another line" Error: Error: wait for condition never became true function (){
[safari OS X 10.14 12.0]         var inner$ = helper.padInner$;
[safari OS X 10.14 12.0]         if(inner$) return true;
[safari OS X 10.14 12.0]       } (http://localhost:9001/tests/frontend/helper.js:193)
[safari OS X 10.14 12.0]   (http://localhost:9001/tests/frontend/lib/mocha.js:64)
[safari OS X 10.14 12.0] 
[safari OS X 10.14 12.0] ep_comments_page - Comment Reply
[safari OS X 10.14 12.0]   -> PENDING: Ensures a comment can be replied
[safari OS X 10.14 12.0]   -> PENDING: Ensures a comment reply can have suggestion
[safari OS X 10.14 12.0]   -> PENDING: Clears the comment reply form after submitting a reply with suggestion
[safari OS X 10.14 12.0]   -> PENDING: Replaces the original text with reply suggestion
[safari OS X 10.14 12.0]   -> PENDING: Replaces the original text with reply suggestion after replacing original
[safari OS X 10.14 12.0]    text with comment suggestion
[safari OS X 10.14 12.0] 
[safari OS X 10.14 12.0] ep_comments_page - Comment Suggestion
[safari OS X 10.14 12.0]   -> FAILED : "before each" hook for "Fills suggestion Change From field when adding a com
[safari OS X 10.14 12.0]   ment with suggestion" Error: TypeError: helper.padChrome$ is not a function. (In 'helper.padChrome$(
[safari OS X 10.14 12.0]   'iframe[name="ace_outer"]')', 'helper.padChrome$' is null) (http://localhost:9001/tests/frontend/hel
[safari OS X 10.14 12.0]   per.js:140)
[safari OS X 10.14 12.0]   (http://localhost:9001/tests/frontend/lib/mocha.js:64)
[safari OS X 10.14 12.0] 
[safari OS X 10.14 12.0] ep_comments_page - Comment Localization
[safari OS X 10.14 12.0]   -> PASSED : uses default values when language was not localized yet   266 ms
[safari OS X 10.14 12.0]   -> PASSED : localizes comment when Etherpad language is changed   467 ms
[safari OS X 10.14 12.0]   -> PASSED : localizes 'new comment' form when Etherpad language is changed   546 ms
[safari OS X 10.14 12.0] 
[safari OS X 10.14 12.0] ep_comments_page - Comment settings
[safari OS X 10.14 12.0]   when user unchecks 'Show Comments'
[safari OS X 10.14 12.0]     -> PENDING: sidebar comments should not be visible when opening a new pad
[safari OS X 10.14 12.0]     -> PENDING: sidebar comments should not be visible when adding a new comment to a new
[safari OS X 10.14 12.0]      pad
[safari OS X 10.14 12.0] 
[safari OS X 10.14 12.0] ep_comments_page - Pre-comment text mark
[safari OS X 10.14 12.0]   -> PASSED : marks selected text when New Comment form is opened   1 ms
[safari OS X 10.14 12.0]   when user reloads pad
[safari OS X 10.14 12.0]     -> PASSED : does not have any marked text after pad is fully loaded   0 ms
[safari OS X 10.14 12.0]   when user performs UNDO operation
[safari OS X 10.14 12.0]     -> PASSED : keeps marked text   0 ms
[safari OS X 10.14 12.0]   when user changes selected text
[safari OS X 10.14 12.0]     -> PASSED : keeps marked text   0 ms
[safari OS X 10.14 12.0]   when user closes the New Comment form
[safari OS X 10.14 12.0]     -> PASSED : unmarks text   1 ms
[safari OS X 10.14 12.0]   when user submits the comment
[safari OS X 10.14 12.0]     -> PASSED : unmarks text   0 ms
[safari OS X 10.14 12.0]   when user selects another text range and opens New Comment form for it
[safari OS X 10.14 12.0]     -> PASSED : changes the marked text   0 ms
[safari OS X 10.14 12.0] 
[safari OS X 10.14 12.0] ep_comments_page - Time Formatting
[safari OS X 10.14 12.0]   in English
[safari OS X 10.14 12.0]     -> PASSED : returns '12 seconds ago' when time is 12 seconds in the past   1 ms
[safari OS X 10.14 12.0]     -> PASSED : returns '12 seconds from now' when time is 12 seconds in the future   1 ms
[safari OS X 10.14 12.0]     -> PASSED : returns '1 minute ago' when time is 75 seconds in the past   1 ms
[safari OS X 10.14 12.0]     -> PASSED : returns '1 minute from now' when time is 75 seconds in the future   0 ms
[safari OS X 10.14 12.0]     -> PASSED : returns '17 minutes ago' when time is some seconds before 17 minutes in th
[safari OS X 10.14 12.0]     e past   0 ms
[safari OS X 10.14 12.0]     -> PASSED : returns '17 minutes from now' when time is some seconds after 17 minutes i
[safari OS X 10.14 12.0]     n the future   0 ms
[safari OS X 10.14 12.0]     -> PASSED : returns '1 hour ago' when time is some seconds before 1 hour in the past  
[safari OS X 10.14 12.0]      1 ms
[safari OS X 10.14 12.0]     -> PASSED : returns '1 hour from now' when time is some seconds after 1 hour in the fu
[safari OS X 10.14 12.0]     ture   1 ms
[safari OS X 10.14 12.0]     -> PASSED : returns '2 hours ago' when time is some seconds before 2 hours in the past
[safari OS X 10.14 12.0]        0 ms
[safari OS X 10.14 12.0]     -> PASSED : returns '2 hours from now' when time is some seconds after 2 hours in the 
[safari OS X 10.14 12.0]     future   1 ms
[safari OS X 10.14 12.0]     -> PASSED : returns 'yesterday' when time is some seconds before 24 hours in the past 
[safari OS X 10.14 12.0]       1 ms
[safari OS X 10.14 12.0]     -> PASSED : returns 'tomorrow' when time is some seconds after 24 hours in the future 
[safari OS X 10.14 12.0]       1 ms
[safari OS X 10.14 12.0]     -> PASSED : returns '6 days ago' when time is some seconds before 6 days in the past  
[safari OS X 10.14 12.0]      0 ms
[safari OS X 10.14 12.0]     -> PASSED : returns '6 days from now' when time is some seconds after 6 days in the fu
[safari OS X 10.14 12.0]     ture   1 ms
[safari OS X 10.14 12.0]     -> PASSED : returns 'last week' when time is some seconds before 7 days in the past   
[safari OS X 10.14 12.0]     1 ms
[safari OS X 10.14 12.0]     -> PASSED : returns 'next week' when time is some seconds after 7 days in the future  
[safari OS X 10.14 12.0]      0 ms
[safari OS X 10.14 12.0]     -> PASSED : returns '2 weeks ago' when time is some seconds before 2 weeks in the past
[safari OS X 10.14 12.0]        0 ms
[safari OS X 10.14 12.0]     -> PASSED : returns '2 weeks from now' when time is some seconds after 2 weeks in the 
[safari OS X 10.14 12.0]     future   1 ms
[safari OS X 10.14 12.0]     -> PASSED : returns 'last month' when time is some seconds before 4 weeks in the past 
[safari OS X 10.14 12.0]       0 ms
[safari OS X 10.14 12.0]     -> PASSED : returns 'next month' when time is some seconds after 4 weeks in the future
[safari OS X 10.14 12.0]        1 ms
[safari OS X 10.14 12.0]     -> PASSED : returns '9 months ago' when time is some seconds before 9 months in the pa
[safari OS X 10.14 12.0]     st   1 ms
[safari OS X 10.14 12.0]     -> PASSED : returns '9 months from now' when time is some seconds after 9 months in th
[safari OS X 10.14 12.0]     e future   1 ms
[safari OS X 10.14 12.0]     -> PASSED : returns 'last year' when time is some seconds before 12 months in the past
[safari OS X 10.14 12.0]        1 ms
[safari OS X 10.14 12.0]     -> PASSED : returns 'next year' when time is some seconds after 12 months in the futur
[safari OS X 10.14 12.0]     e   1 ms
[safari OS X 10.14 12.0]     -> PASSED : returns '15 years ago' when time is some seconds before 15 years in the pa
[safari OS X 10.14 12.0]     st   1 ms
[safari OS X 10.14 12.0]     -> PASSED : returns '15 years from now' when time is some seconds after 15 years in th
[safari OS X 10.14 12.0]     e future   1 ms
[safari OS X 10.14 12.0]     -> PASSED : returns 'last century' when time is some seconds before 100 years in the p
[safari OS X 10.14 12.0]     ast   0 ms
[safari OS X 10.14 12.0]     -> PASSED : returns 'next century' when time is some seconds after 100 years in the fu
[safari OS X 10.14 12.0]     ture   0 ms
[safari OS X 10.14 12.0]     -> PASSED : returns '2 centuries ago' when time is some seconds before 2 centuries in 
[safari OS X 10.14 12.0]     the past   1 ms
[safari OS X 10.14 12.0]     -> PASSED : returns '2 centuries from now' when time is some seconds after 2 centuries
[safari OS X 10.14 12.0]      in the future   0 ms
[safari OS X 10.14 12.0]   in a language not localized yet
[safari OS X 10.14 12.0]     -> PASSED : returns '12 seconds ago' when time is 12 seconds in the past   1 ms
[safari OS X 10.14 12.0]     -> PASSED : returns '12 seconds from now' when time is 12 seconds in the future   0 ms
[safari OS X 10.14 12.0]     -> PASSED : returns '1 minute ago' when time is 75 seconds in the past   0 ms
[safari OS X 10.14 12.0]     -> PASSED : returns '1 minute from now' when time is 75 seconds in the future   0 ms
[safari OS X 10.14 12.0]     -> PASSED : returns '17 minutes ago' when time is some seconds before 17 minutes in th
[safari OS X 10.14 12.0]     e past   0 ms
[safari OS X 10.14 12.0]     -> PASSED : returns '17 minutes from now' when time is some seconds after 17 minutes i
[safari OS X 10.14 12.0]     n the future   0 ms
[safari OS X 10.14 12.0]     -> PASSED : returns '1 hour ago' when time is some seconds before 1 hour in the past  
[safari OS X 10.14 12.0]      0 ms
[safari OS X 10.14 12.0]     -> PASSED : returns '1 hour from now' when time is some seconds after 1 hour in the fu
[safari OS X 10.14 12.0]     ture   0 ms
[safari OS X 10.14 12.0]     -> PASSED : returns '2 hours ago' when time is some seconds before 2 hours in the past
[safari OS X 10.14 12.0]        0 ms
[safari OS X 10.14 12.0]     -> PASSED : returns '2 hours from now' when time is some seconds after 2 hours in the 
[safari OS X 10.14 12.0]     future   0 ms
[safari OS X 10.14 12.0]     -> PASSED : returns 'yesterday' when time is some seconds before 24 hours in the past 
[safari OS X 10.14 12.0]       0 ms
[safari OS X 10.14 12.0]     -> PASSED : returns 'tomorrow' when time is some seconds after 24 hours in the future 
[safari OS X 10.14 12.0]       0 ms
[safari OS X 10.14 12.0]     -> PASSED : returns '6 days ago' when time is some seconds before 6 days in the past  
[safari OS X 10.14 12.0]      0 ms
[safari OS X 10.14 12.0]     -> PASSED : returns '6 days from now' when time is some seconds after 6 days in the fu
[safari OS X 10.14 12.0]     ture   0 ms
[safari OS X 10.14 12.0]     -> PASSED : returns 'last week' when time is some seconds before 7 days in the past   
[safari OS X 10.14 12.0]     1 ms
[safari OS X 10.14 12.0]     -> PASSED : returns 'next week' when time is some seconds after 7 days in the future  
[safari OS X 10.14 12.0]      0 ms
[safari OS X 10.14 12.0]     -> PASSED : returns '2 weeks ago' when time is some seconds before 2 weeks in the past
[safari OS X 10.14 12.0]        0 ms
[safari OS X 10.14 12.0]     -> PASSED : returns '2 weeks from now' when time is some seconds after 2 weeks in the 
[safari OS X 10.14 12.0]     future   0 ms
[safari OS X 10.14 12.0]     -> PASSED : returns 'last month' when time is some seconds before 4 weeks in the past 
[safari OS X 10.14 12.0]       1 ms
[safari OS X 10.14 12.0]     -> PASSED : returns 'next month' when time is some seconds after 4 weeks in the future
[safari OS X 10.14 12.0]        0 ms
[safari OS X 10.14 12.0]     -> PASSED : returns '9 months ago' when time is some seconds before 9 months in the pa
[safari OS X 10.14 12.0]     st   0 ms
[safari OS X 10.14 12.0]     -> PASSED : returns '9 months from now' when time is some seconds after 9 months in th
[safari OS X 10.14 12.0]     e future   0 ms
[safari OS X 10.14 12.0]     -> PASSED : returns 'last year' when time is some seconds before 12 months in the past
[safari OS X 10.14 12.0]        0 ms
[safari OS X 10.14 12.0]     -> PASSED : returns 'next year' when time is some seconds after 12 months in the futur
[safari OS X 10.14 12.0]     e   0 ms
[safari OS X 10.14 12.0]     -> PASSED : returns '15 years ago' when time is some seconds before 15 years in the pa
[safari OS X 10.14 12.0]     st   0 ms
[safari OS X 10.14 12.0]     -> PASSED : returns '15 years from now' when time is some seconds after 15 years in th
[safari OS X 10.14 12.0]     e future   0 ms
[safari OS X 10.14 12.0]     -> PASSED : returns 'last century' when time is some seconds before 100 years in the p
[safari OS X 10.14 12.0]     ast   0 ms
[safari OS X 10.14 12.0]     -> PASSED : returns 'next century' when time is some seconds after 100 years in the fu
[safari OS X 10.14 12.0]     ture   0 ms
[safari OS X 10.14 12.0]     -> PASSED : returns '2 centuries ago' when time is some seconds before 2 centuries in 
[safari OS X 10.14 12.0]     the past   0 ms
[safari OS X 10.14 12.0]     -> PASSED : returns '2 centuries from now' when time is some seconds after 2 centuries
[safari OS X 10.14 12.0]      in the future   1 ms
[safari OS X 10.14 12.0]   in Portuguese
[safari OS X 10.14 12.0]     -> PASSED : returns '12 segundos atrs' when time is 12 seconds in the past   1 ms
[safari OS X 10.14 12.0]     -> PASSED : returns 'daqui a 12 segundos' when time is 12 seconds in the future   1 ms
[safari OS X 10.14 12.0]     -> PASSED : returns '1 minuto atrs' when time is 75 seconds in the past   1 ms
[safari OS X 10.14 12.0]     -> PASSED : returns 'daqui a 1 minuto' when time is 75 seconds in the future   1 ms
[safari OS X 10.14 12.0]     -> PASSED : returns '17 minutos atrs' when time is some seconds before 17 minutes in 
[safari OS X 10.14 12.0]     the past   0 ms
[safari OS X 10.14 12.0]     -> PASSED : returns 'daqui a 17 minutos' when time is some seconds after 17 minutes in
[safari OS X 10.14 12.0]      the future   0 ms
[safari OS X 10.14 12.0]     -> PASSED : returns '1 hora atrs' when time is some seconds before 1 hour in the past
[safari OS X 10.14 12.0]        0 ms
[safari OS X 10.14 12.0]     -> PASSED : returns 'daqui a 1 hora' when time is some seconds after 1 hour in the fut
[safari OS X 10.14 12.0]     ure   0 ms
[safari OS X 10.14 12.0]     -> PASSED : returns '2 horas atrs' when time is some seconds before 2 hours in the pa
[safari OS X 10.14 12.0]     st   0 ms
[safari OS X 10.14 12.0]     -> PASSED : returns 'daqui a 2 horas' when time is some seconds after 2 hours in the f
[safari OS X 10.14 12.0]     uture   1 ms
[safari OS X 10.14 12.0]     -> PASSED : returns 'ontem' when time is some seconds before 24 hours in the past   1 
[safari OS X 10.14 12.0]     ms
[safari OS X 10.14 12.0]     -> PASSED : returns 'amanh' when time is some seconds after 24 hours in the future   
[safari OS X 10.14 12.0]     0 ms
[safari OS X 10.14 12.0]     -> PASSED : returns '6 dias atrs' when time is some seconds before 6 days in the past
[safari OS X 10.14 12.0]        0 ms
[safari OS X 10.14 12.0]     -> PASSED : returns 'daqui a 6 dias' when time is some seconds after 6 days in the fut
[safari OS X 10.14 12.0]     ure   1 ms
[safari OS X 10.14 12.0]     -> PASSED : returns 'semana passada' when time is some seconds before 7 days in the pa
[safari OS X 10.14 12.0]     st   0 ms
[safari OS X 10.14 12.0]     -> PASSED : returns 'prxima semana' when time is some seconds after 7 days in the fut
[safari OS X 10.14 12.0]     ure   0 ms
[safari OS X 10.14 12.0]     -> PASSED : returns '2 semanas atrs' when time is some seconds before 2 weeks in the 
[safari OS X 10.14 12.0]     past   1 ms
[safari OS X 10.14 12.0]     -> PASSED : returns 'daqui a 2 semanas' when time is some seconds after 2 weeks in the
[safari OS X 10.14 12.0]      future   0 ms
[safari OS X 10.14 12.0]     -> PASSED : returns 'ms passado' when time is some seconds before 4 weeks in the past
[safari OS X 10.14 12.0]        0 ms
[safari OS X 10.14 12.0]     -> PASSED : returns 'prximo ms' when time is some seconds after 4 weeks in the futur
[safari OS X 10.14 12.0]     e   1 ms
[safari OS X 10.14 12.0]     -> PASSED : returns '9 meses atrs' when time is some seconds before 9 months in the p
[safari OS X 10.14 12.0]     ast   1 ms
[safari OS X 10.14 12.0]     -> PASSED : returns 'daqui a 9 meses' when time is some seconds after 9 months in the 
[safari OS X 10.14 12.0]     future   1 ms
[safari OS X 10.14 12.0]     -> PASSED : returns 'ano passado' when time is some seconds before 12 months in the pa
[safari OS X 10.14 12.0]     st   1 ms
[safari OS X 10.14 12.0]     -> PASSED : returns 'prximo ano' when time is some seconds after 12 months in the fut
[safari OS X 10.14 12.0]     ure   0 ms
[safari OS X 10.14 12.0]     -> PASSED : returns '15 anos atrs' when time is some seconds before 15 years in the p
[safari OS X 10.14 12.0]     ast   0 ms
[safari OS X 10.14 12.0]     -> PASSED : returns 'daqui a 15 anos' when time is some seconds after 15 years in the 
[safari OS X 10.14 12.0]     future   1 ms
[safari OS X 10.14 12.0]     -> PASSED : returns 'sculo passado' when time is some seconds before 100 years in the
[safari OS X 10.14 12.0]      past   1 ms
[safari OS X 10.14 12.0]     -> PASSED : returns 'prximo sculo' when time is some seconds after 100 years in the 
[safari OS X 10.14 12.0]     future   0 ms
[safari OS X 10.14 12.0]     -> PASSED : returns '2 sculos atrs' when time is some seconds before 2 centuries in 
[safari OS X 10.14 12.0]     the past   1 ms
[safari OS X 10.14 12.0]     -> PASSED : returns 'daqui a 2 sculos' when time is some seconds after 2 centuries in
[safari 